#
# There is insufficient memory for the Java Runtime Environment to continue.
# Native memory allocation (malloc) failed to allocate 32744 bytes for Chunk::new
# Possible reasons:
#   The system is out of physical RAM or swap space
#   The process is running with CompressedOops enabled, and the Java Heap may be blocking the growth of the native heap
# Possible solutions:
#   Reduce memory load on the system
#   Increase physical memory or swap space
#   Check if swap backing store is full
#   Decrease Java heap size (-Xmx/-Xms)
#   Decrease number of Java threads
#   Decrease Java thread stack sizes (-Xss)
#   Set larger code cache with -XX:ReservedCodeCacheSize=
#   JVM is running with Unscaled Compressed Oops mode in which the Java heap is
#     placed in the first 4GB address space. The Java Heap base address is the
#     maximum limit for the native heap growth. Please use -XX:HeapBaseMinAddress
#     to set the Java Heap base and to place the Java Heap above 4GB virtual address.
# This output file may be truncated or incomplete.
#
#  Out of Memory Error (arena.cpp:168), pid=3436, tid=19744
#
# JRE version: Java(TM) SE Runtime Environment (21.0.10+8) (build 21.0.10+8-LTS-217)
# Java VM: Java HotSpot(TM) 64-Bit Server VM (21.0.10+8-LTS-217, mixed mode, sharing, tiered, compressed oops, compressed class ptrs, g1 gc, windows-amd64)
# No core dump will be written. Minidumps are not enabled by default on client versions of Windows
#

---------------  S U M M A R Y ------------

Command Line: -Xmx64m -Xms64m -Dorg.gradle.appname=gradlew C:\MyMods\SableFloaters\\gradle\wrapper\gradle-wrapper.jar runClient

Host: AMD Ryzen 5 7430U with Radeon Graphics         , 12 cores, 15G,  Windows 10 , 64 bit Build 19041 (10.0.19041.5915)
Time: Fri Jun 19 03:07:12 2026 elapsed time: 75.375108 seconds (0d 0h 1m 15s)

---------------  T H R E A D  ---------------

Current thread (0x00000207de53f8e0):  JavaThread "C2 CompilerThread0" daemon [_thread_in_native, id=19744, stack(0x00000049fb100000,0x00000049fb200000) (1024K)]


Current CompileTask:
C2:  75375 2186       4       java.io.OutputStreamWriter::append (6 bytes)

Stack: [0x00000049fb100000,0x00000049fb200000]
Native frames: (J=compiled Java code, j=interpreted, Vv=VM code, C=native code)
V  [jvm.dll+0x6d0b59]
V  [jvm.dll+0x85fd56]
V  [jvm.dll+0x86224e]
V  [jvm.dll+0x862923]
V  [jvm.dll+0x282a16]
V  [jvm.dll+0xc662d]
V  [jvm.dll+0xc6b71]
V  [jvm.dll+0x691eef]
V  [jvm.dll+0x691920]
V  [jvm.dll+0x1f7bfd]
V  [jvm.dll+0x39cf18]
V  [jvm.dll+0x3a384e]
V  [jvm.dll+0x6e6226]
V  [jvm.dll+0x6e7a6b]
V  [jvm.dll+0x6eb2e4]
V  [jvm.dll+0x6e3389]
V  [jvm.dll+0x6e2a89]
V  [jvm.dll+0x6e0b1e]
V  [jvm.dll+0x1cdd4c]
V  [jvm.dll+0x2f723c]
V  [jvm.dll+0x6eb30b]
V  [jvm.dll+0x6e3389]
V  [jvm.dll+0x6e2a89]
V  [jvm.dll+0x6e0b1e]
V  [jvm.dll+0x1cdd4c]
V  [jvm.dll+0x2f723c]
V  [jvm.dll+0x6eb30b]
V  [jvm.dll+0x6e3389]
V  [jvm.dll+0x6e2a89]
V  [jvm.dll+0x6e0b1e]
V  [jvm.dll+0x1cdd4c]
V  [jvm.dll+0x1ce902]
V  [jvm.dll+0x2f723c]
V  [jvm.dll+0x6eb30b]
V  [jvm.dll+0x6e3389]
V  [jvm.dll+0x6e2a89]
V  [jvm.dll+0x6e0b1e]
V  [jvm.dll+0x1cdd4c]
V  [jvm.dll+0x1ce902]
V  [jvm.dll+0x2f723c]
V  [jvm.dll+0x6eb30b]
V  [jvm.dll+0x6e3389]
V  [jvm.dll+0x6e2a89]
V  [jvm.dll+0x6e0b1e]
V  [jvm.dll+0x1cdd4c]
V  [jvm.dll+0x1ce902]
V  [jvm.dll+0x2f723c]
V  [jvm.dll+0x6eb30b]
V  [jvm.dll+0x6e3389]
V  [jvm.dll+0x6e2a89]
V  [jvm.dll+0x6e0b1e]
V  [jvm.dll+0x1cdd4c]
V  [jvm.dll+0x1ce902]
V  [jvm.dll+0x2f723c]
V  [jvm.dll+0x6eb30b]
V  [jvm.dll+0x6e3389]
V  [jvm.dll+0x6e2a89]
V  [jvm.dll+0x6e0b1e]
V  [jvm.dll+0x1cdd4c]
V  [jvm.dll+0x24a4ef]
V  [jvm.dll+0x1cacfe]
V  [jvm.dll+0x25a629]
V  [jvm.dll+0x258bb5]
V  [jvm.dll+0x3f4da1]
V  [jvm.dll+0x80a83d]
V  [jvm.dll+0x6cf3fd]
C  [ucrtbase.dll+0x21bb2]
C  [KERNEL32.DLL+0x17374]
C  [ntdll.dll+0x4cc91]


---------------  P R O C E S S  ---------------

Threads class SMR info:
_java_thread_list=0x00000207e3628d00, length=12, elements={
0x00000207c1d0af80, 0x00000207c3f19290, 0x00000207c3f19fb0, 0x00000207c3f1cb90,
0x00000207c3f1d950, 0x00000207c3f1dfc0, 0x00000207c3f1e630, 0x00000207de53f8e0,
0x00000207de5405a0, 0x00000207de7912c0, 0x00000207de795b10, 0x00000207de906550
}

Java Threads: ( => current thread )
  0x00000207c1d0af80 JavaThread "main"                              [_thread_in_native, id=9060, stack(0x00000049fa300000,0x00000049fa400000) (1024K)]
  0x00000207c3f19290 JavaThread "Reference Handler"          daemon [_thread_blocked, id=10528, stack(0x00000049fab00000,0x00000049fac00000) (1024K)]
  0x00000207c3f19fb0 JavaThread "Finalizer"                  daemon [_thread_blocked, id=20316, stack(0x00000049fac00000,0x00000049fad00000) (1024K)]
  0x00000207c3f1cb90 JavaThread "Signal Dispatcher"          daemon [_thread_blocked, id=18116, stack(0x00000049fad00000,0x00000049fae00000) (1024K)]
  0x00000207c3f1d950 JavaThread "Attach Listener"            daemon [_thread_blocked, id=16316, stack(0x00000049fae00000,0x00000049faf00000) (1024K)]
  0x00000207c3f1dfc0 JavaThread "Service Thread"             daemon [_thread_blocked, id=18928, stack(0x00000049faf00000,0x00000049fb000000) (1024K)]
  0x00000207c3f1e630 JavaThread "Monitor Deflation Thread"   daemon [_thread_blocked, id=9136, stack(0x00000049fb000000,0x00000049fb100000) (1024K)]
=>0x00000207de53f8e0 JavaThread "C2 CompilerThread0"         daemon [_thread_in_native, id=19744, stack(0x00000049fb100000,0x00000049fb200000) (1024K)]
  0x00000207de5405a0 JavaThread "C1 CompilerThread0"         daemon [_thread_blocked, id=19156, stack(0x00000049fb200000,0x00000049fb300000) (1024K)]
  0x00000207de7912c0 JavaThread "Notification Thread"        daemon [_thread_blocked, id=14736, stack(0x00000049fb300000,0x00000049fb400000) (1024K)]
  0x00000207de795b10 JavaThread "Common-Cleaner"             daemon [_thread_blocked, id=19440, stack(0x00000049fb400000,0x00000049fb500000) (1024K)]
  0x00000207de906550 JavaThread "pool-1-thread-1"                   [_thread_blocked, id=12392, stack(0x00000049fb600000,0x00000049fb700000) (1024K)]
Total: 12

Other Threads:
  0x00000207c3f031c0 VMThread "VM Thread"                           [id=21440, stack(0x00000049faa00000,0x00000049fab00000) (1024K)]
  0x00000207de52ab40 WatcherThread "VM Periodic Task Thread"        [id=5268, stack(0x00000049fa900000,0x00000049faa00000) (1024K)]
  0x00000207c3e68250 WorkerThread "GC Thread#0"                     [id=11084, stack(0x00000049fa400000,0x00000049fa500000) (1024K)]
  0x00000207e30481a0 WorkerThread "GC Thread#1"                     [id=18020, stack(0x00000049fb700000,0x00000049fb800000) (1024K)]
  0x00000207e314ca50 WorkerThread "GC Thread#2"                     [id=16996, stack(0x00000049fb800000,0x00000049fb900000) (1024K)]
  0x00000207e314ce00 WorkerThread "GC Thread#3"                     [id=19536, stack(0x00000049fb900000,0x00000049fba00000) (1024K)]
  0x00000207e35de9b0 WorkerThread "GC Thread#4"                     [id=17100, stack(0x00000049fba00000,0x00000049fbb00000) (1024K)]
  0x00000207e33889e0 WorkerThread "GC Thread#5"                     [id=20248, stack(0x00000049fbb00000,0x00000049fbc00000) (1024K)]
  0x00000207e3ccbbf0 WorkerThread "GC Thread#6"                     [id=2664, stack(0x00000049fbc00000,0x00000049fbd00000) (1024K)]
  0x00000207e3a497b0 WorkerThread "GC Thread#7"                     [id=7464, stack(0x00000049fbd00000,0x00000049fbe00000) (1024K)]
  0x00000207c3e69850 ConcurrentGCThread "G1 Main Marker"            [id=18868, stack(0x00000049fa500000,0x00000049fa600000) (1024K)]
  0x00000207c3e6a320 WorkerThread "G1 Conc#0"                       [id=3080, stack(0x00000049fa600000,0x00000049fa700000) (1024K)]
  0x00000207c3ee29d0 ConcurrentGCThread "G1 Refine#0"               [id=19800, stack(0x00000049fa700000,0x00000049fa800000) (1024K)]
  0x00000207c3ee3360 ConcurrentGCThread "G1 Service"                [id=2032, stack(0x00000049fa800000,0x00000049fa900000) (1024K)]
Total: 14

Threads with active compile tasks:
C2 CompilerThread0    75421 2186       4       java.io.OutputStreamWriter::append (6 bytes)
Total: 1

VM state: not at safepoint (normal execution)

VM Mutex/Monitor currently owned by a thread: None

Heap address: 0x00000000fc000000, size: 64 MB, Compressed Oops mode: 32-bit

CDS archive(s) mapped at: [0x0000020780000000-0x0000020780c90000-0x0000020780c90000), size 13172736, SharedBaseAddress: 0x0000020780000000, ArchiveRelocationMode: 1.
Compressed class space mapped at: 0x0000020781000000-0x00000207c1000000, reserved size: 1073741824
Narrow klass base: 0x0000020780000000, Narrow klass shift: 0, Narrow klass range: 0x100000000

GC Precious Log:
 CardTable entry size: 512
 Card Set container configuration: InlinePtr #cards 5 size 8 Array Of Cards #cards 12 size 40 Howl #buckets 4 coarsen threshold 1843 Howl Bitmap #cards 512 size 80 coarsen threshold 460 Card regions per heap region 1 cards per card region 2048
 CPUs: 12 total, 12 available
 Memory: 15751M
 Large Page Support: Disabled
 NUMA Support: Disabled
 Compressed Oops: Enabled (32-bit)
 Heap Region Size: 1M
 Heap Min Capacity: 64M
 Heap Initial Capacity: 64M
 Heap Max Capacity: 64M
 Pre-touch: Disabled
 Parallel Workers: 10
 Concurrent Workers: 3
 Concurrent Refinement Workers: 10
 Periodic GC: Disabled

Heap:
 garbage-first heap   total 65536K, used 24393K [0x00000000fc000000, 0x0000000100000000)
  region size 1024K, 18 young (18432K), 5 survivors (5120K)
 Metaspace       used 10288K, committed 10624K, reserved 1114112K
  class space    used 1303K, committed 1472K, reserved 1048576K

Heap Regions: E=young(eden), S=young(survivor), O=old, HS=humongous(starts), HC=humongous(continues), CS=collection set, F=free, TAMS=top-at-mark-start, PB=parsable bottom
|   0|0x00000000fc000000, 0x00000000fc100000, 0x00000000fc100000|100%|HS|  |TAMS 0x00000000fc000000| PB 0x00000000fc000000| Complete 
|   1|0x00000000fc100000, 0x00000000fc200000, 0x00000000fc200000|100%|HC|  |TAMS 0x00000000fc100000| PB 0x00000000fc100000| Complete 
|   2|0x00000000fc200000, 0x00000000fc300000, 0x00000000fc300000|100%|HC|  |TAMS 0x00000000fc200000| PB 0x00000000fc200000| Complete 
|   3|0x00000000fc300000, 0x00000000fc400000, 0x00000000fc400000|100%|HC|  |TAMS 0x00000000fc300000| PB 0x00000000fc300000| Complete 
|   4|0x00000000fc400000, 0x00000000fc500000, 0x00000000fc500000|100%| O|  |TAMS 0x00000000fc400000| PB 0x00000000fc400000| Untracked 
|   5|0x00000000fc500000, 0x00000000fc600000, 0x00000000fc600000|100%| O|  |TAMS 0x00000000fc500000| PB 0x00000000fc500000| Untracked 
|   6|0x00000000fc600000, 0x00000000fc6d25e8, 0x00000000fc700000| 82%| O|  |TAMS 0x00000000fc600000| PB 0x00000000fc600000| Untracked 
|   7|0x00000000fc700000, 0x00000000fc700000, 0x00000000fc800000|  0%| F|  |TAMS 0x00000000fc700000| PB 0x00000000fc700000| Untracked 
|   8|0x00000000fc800000, 0x00000000fc800000, 0x00000000fc900000|  0%| F|  |TAMS 0x00000000fc800000| PB 0x00000000fc800000| Untracked 
|   9|0x00000000fc900000, 0x00000000fc900000, 0x00000000fca00000|  0%| F|  |TAMS 0x00000000fc900000| PB 0x00000000fc900000| Untracked 
|  10|0x00000000fca00000, 0x00000000fca00000, 0x00000000fcb00000|  0%| F|  |TAMS 0x00000000fca00000| PB 0x00000000fca00000| Untracked 
|  11|0x00000000fcb00000, 0x00000000fcb00000, 0x00000000fcc00000|  0%| F|  |TAMS 0x00000000fcb00000| PB 0x00000000fcb00000| Untracked 
|  12|0x00000000fcc00000, 0x00000000fcc00000, 0x00000000fcd00000|  0%| F|  |TAMS 0x00000000fcc00000| PB 0x00000000fcc00000| Untracked 
|  13|0x00000000fcd00000, 0x00000000fcd00000, 0x00000000fce00000|  0%| F|  |TAMS 0x00000000fcd00000| PB 0x00000000fcd00000| Untracked 
|  14|0x00000000fce00000, 0x00000000fce00000, 0x00000000fcf00000|  0%| F|  |TAMS 0x00000000fce00000| PB 0x00000000fce00000| Untracked 
|  15|0x00000000fcf00000, 0x00000000fcf00000, 0x00000000fd000000|  0%| F|  |TAMS 0x00000000fcf00000| PB 0x00000000fcf00000| Untracked 
|  16|0x00000000fd000000, 0x00000000fd000000, 0x00000000fd100000|  0%| F|  |TAMS 0x00000000fd000000| PB 0x00000000fd000000| Untracked 
|  17|0x00000000fd100000, 0x00000000fd100000, 0x00000000fd200000|  0%| F|  |TAMS 0x00000000fd100000| PB 0x00000000fd100000| Untracked 
|  18|0x00000000fd200000, 0x00000000fd200000, 0x00000000fd300000|  0%| F|  |TAMS 0x00000000fd200000| PB 0x00000000fd200000| Untracked 
|  19|0x00000000fd300000, 0x00000000fd300000, 0x00000000fd400000|  0%| F|  |TAMS 0x00000000fd300000| PB 0x00000000fd300000| Untracked 
|  20|0x00000000fd400000, 0x00000000fd400000, 0x00000000fd500000|  0%| F|  |TAMS 0x00000000fd400000| PB 0x00000000fd400000| Untracked 
|  21|0x00000000fd500000, 0x00000000fd500000, 0x00000000fd600000|  0%| F|  |TAMS 0x00000000fd500000| PB 0x00000000fd500000| Untracked 
|  22|0x00000000fd600000, 0x00000000fd600000, 0x00000000fd700000|  0%| F|  |TAMS 0x00000000fd600000| PB 0x00000000fd600000| Untracked 
|  23|0x00000000fd700000, 0x00000000fd700000, 0x00000000fd800000|  0%| F|  |TAMS 0x00000000fd700000| PB 0x00000000fd700000| Untracked 
|  24|0x00000000fd800000, 0x00000000fd900000, 0x00000000fd900000|100%| S|CS|TAMS 0x00000000fd800000| PB 0x00000000fd800000| Complete 
|  25|0x00000000fd900000, 0x00000000fda00000, 0x00000000fda00000|100%| S|CS|TAMS 0x00000000fd900000| PB 0x00000000fd900000| Complete 
|  26|0x00000000fda00000, 0x00000000fdb00000, 0x00000000fdb00000|100%| S|CS|TAMS 0x00000000fda00000| PB 0x00000000fda00000| Complete 
|  27|0x00000000fdb00000, 0x00000000fdc00000, 0x00000000fdc00000|100%| S|CS|TAMS 0x00000000fdb00000| PB 0x00000000fdb00000| Complete 
|  28|0x00000000fdc00000, 0x00000000fdd00000, 0x00000000fdd00000|100%| S|CS|TAMS 0x00000000fdc00000| PB 0x00000000fdc00000| Complete 
|  29|0x00000000fdd00000, 0x00000000fdd00000, 0x00000000fde00000|  0%| F|  |TAMS 0x00000000fdd00000| PB 0x00000000fdd00000| Untracked 
|  30|0x00000000fde00000, 0x00000000fde00000, 0x00000000fdf00000|  0%| F|  |TAMS 0x00000000fde00000| PB 0x00000000fde00000| Untracked 
|  31|0x00000000fdf00000, 0x00000000fdf00000, 0x00000000fe000000|  0%| F|  |TAMS 0x00000000fdf00000| PB 0x00000000fdf00000| Untracked 
|  32|0x00000000fe000000, 0x00000000fe000000, 0x00000000fe100000|  0%| F|  |TAMS 0x00000000fe000000| PB 0x00000000fe000000| Untracked 
|  33|0x00000000fe100000, 0x00000000fe100000, 0x00000000fe200000|  0%| F|  |TAMS 0x00000000fe100000| PB 0x00000000fe100000| Untracked 
|  34|0x00000000fe200000, 0x00000000fe200000, 0x00000000fe300000|  0%| F|  |TAMS 0x00000000fe200000| PB 0x00000000fe200000| Untracked 
|  35|0x00000000fe300000, 0x00000000fe300000, 0x00000000fe400000|  0%| F|  |TAMS 0x00000000fe300000| PB 0x00000000fe300000| Untracked 
|  36|0x00000000fe400000, 0x00000000fe400000, 0x00000000fe500000|  0%| F|  |TAMS 0x00000000fe400000| PB 0x00000000fe400000| Untracked 
|  37|0x00000000fe500000, 0x00000000fe500000, 0x00000000fe600000|  0%| F|  |TAMS 0x00000000fe500000| PB 0x00000000fe500000| Untracked 
|  38|0x00000000fe600000, 0x00000000fe600000, 0x00000000fe700000|  0%| F|  |TAMS 0x00000000fe600000| PB 0x00000000fe600000| Untracked 
|  39|0x00000000fe700000, 0x00000000fe700000, 0x00000000fe800000|  0%| F|  |TAMS 0x00000000fe700000| PB 0x00000000fe700000| Untracked 
|  40|0x00000000fe800000, 0x00000000fe800000, 0x00000000fe900000|  0%| F|  |TAMS 0x00000000fe800000| PB 0x00000000fe800000| Untracked 
|  41|0x00000000fe900000, 0x00000000fe900000, 0x00000000fea00000|  0%| F|  |TAMS 0x00000000fe900000| PB 0x00000000fe900000| Untracked 
|  42|0x00000000fea00000, 0x00000000fea00000, 0x00000000feb00000|  0%| F|  |TAMS 0x00000000fea00000| PB 0x00000000fea00000| Untracked 
|  43|0x00000000feb00000, 0x00000000feb00000, 0x00000000fec00000|  0%| F|  |TAMS 0x00000000feb00000| PB 0x00000000feb00000| Untracked 
|  44|0x00000000fec00000, 0x00000000fec00000, 0x00000000fed00000|  0%| F|  |TAMS 0x00000000fec00000| PB 0x00000000fec00000| Untracked 
|  45|0x00000000fed00000, 0x00000000fed00000, 0x00000000fee00000|  0%| F|  |TAMS 0x00000000fed00000| PB 0x00000000fed00000| Untracked 
|  46|0x00000000fee00000, 0x00000000fee00000, 0x00000000fef00000|  0%| F|  |TAMS 0x00000000fee00000| PB 0x00000000fee00000| Untracked 
|  47|0x00000000fef00000, 0x00000000fef00000, 0x00000000ff000000|  0%| F|  |TAMS 0x00000000fef00000| PB 0x00000000fef00000| Untracked 
|  48|0x00000000ff000000, 0x00000000ff000000, 0x00000000ff100000|  0%| F|  |TAMS 0x00000000ff000000| PB 0x00000000ff000000| Untracked 
|  49|0x00000000ff100000, 0x00000000ff100000, 0x00000000ff200000|  0%| F|  |TAMS 0x00000000ff100000| PB 0x00000000ff100000| Untracked 
|  50|0x00000000ff200000, 0x00000000ff200000, 0x00000000ff300000|  0%| F|  |TAMS 0x00000000ff200000| PB 0x00000000ff200000| Untracked 
|  51|0x00000000ff300000, 0x00000000ff34ffc8, 0x00000000ff400000| 31%| E|  |TAMS 0x00000000ff300000| PB 0x00000000ff300000| Complete 
|  52|0x00000000ff400000, 0x00000000ff500000, 0x00000000ff500000|100%| E|CS|TAMS 0x00000000ff400000| PB 0x00000000ff400000| Complete 
|  53|0x00000000ff500000, 0x00000000ff600000, 0x00000000ff600000|100%| E|CS|TAMS 0x00000000ff500000| PB 0x00000000ff500000| Complete 
|  54|0x00000000ff600000, 0x00000000ff700000, 0x00000000ff700000|100%| E|CS|TAMS 0x00000000ff600000| PB 0x00000000ff600000| Complete 
|  55|0x00000000ff700000, 0x00000000ff800000, 0x00000000ff800000|100%| E|CS|TAMS 0x00000000ff700000| PB 0x00000000ff700000| Complete 
|  56|0x00000000ff800000, 0x00000000ff900000, 0x00000000ff900000|100%| E|CS|TAMS 0x00000000ff800000| PB 0x00000000ff800000| Complete 
|  57|0x00000000ff900000, 0x00000000ffa00000, 0x00000000ffa00000|100%| E|CS|TAMS 0x00000000ff900000| PB 0x00000000ff900000| Complete 
|  58|0x00000000ffa00000, 0x00000000ffb00000, 0x00000000ffb00000|100%| E|CS|TAMS 0x00000000ffa00000| PB 0x00000000ffa00000| Complete 
|  59|0x00000000ffb00000, 0x00000000ffc00000, 0x00000000ffc00000|100%| E|CS|TAMS 0x00000000ffb00000| PB 0x00000000ffb00000| Complete 
|  60|0x00000000ffc00000, 0x00000000ffd00000, 0x00000000ffd00000|100%| E|CS|TAMS 0x00000000ffc00000| PB 0x00000000ffc00000| Complete 
|  61|0x00000000ffd00000, 0x00000000ffe00000, 0x00000000ffe00000|100%| E|CS|TAMS 0x00000000ffd00000| PB 0x00000000ffd00000| Complete 
|  62|0x00000000ffe00000, 0x00000000fff00000, 0x00000000fff00000|100%| E|CS|TAMS 0x00000000ffe00000| PB 0x00000000ffe00000| Complete 
|  63|0x00000000fff00000, 0x0000000100000000, 0x0000000100000000|100%| E|CS|TAMS 0x00000000fff00000| PB 0x00000000fff00000| Complete 

Card table byte_map: [0x00000207c3d50000,0x00000207c3d70000] _byte_map_base: 0x00000207c3570000

Marking Bits: (CMBitMap*) 0x00000207c3e68770
 Bits: [0x00000207db850000, 0x00000207db950000)

Polling page: 0x00000207c1e10000

Metaspace:

Usage:
  Non-class:      8.77 MB used.
      Class:      1.27 MB used.
       Both:     10.05 MB used.

Virtual space:
  Non-class space:       64.00 MB reserved,       8.94 MB ( 14%) committed,  1 nodes.
      Class space:        1.00 GB reserved,       1.44 MB ( <1%) committed,  1 nodes.
             Both:        1.06 GB reserved,      10.38 MB ( <1%) committed. 

Chunk freelists:
   Non-Class:  7.11 MB
       Class:  14.47 MB
        Both:  21.58 MB

MaxMetaspaceSize: unlimited
CompressedClassSpaceSize: 1.00 GB
Initial GC threshold: 21.00 MB
Current GC threshold: 21.00 MB
CDS: on
 - commit_granule_bytes: 65536.
 - commit_granule_words: 8192.
 - virtual_space_node_default_size: 8388608.
 - enlarge_chunks_in_place: 1.
 - use_allocation_guard: 0.


Internal statistics:

num_allocs_failed_limit: 0.
num_arena_births: 230.
num_arena_deaths: 0.
num_vsnodes_births: 2.
num_vsnodes_deaths: 0.
num_space_committed: 166.
num_space_uncommitted: 0.
num_chunks_returned_to_freelist: 0.
num_chunks_taken_from_freelist: 548.
num_chunk_merges: 0.
num_chunk_splits: 353.
num_chunks_enlarged: 252.
num_inconsistent_stats: 0.

CodeHeap 'non-profiled nmethods': size=120000Kb used=931Kb max_used=931Kb free=119068Kb
 bounds [0x00000207d3dd0000, 0x00000207d4040000, 0x00000207db300000]
CodeHeap 'profiled nmethods': size=120000Kb used=4128Kb max_used=4128Kb free=115871Kb
 bounds [0x00000207cc300000, 0x00000207cc710000, 0x00000207d3830000]
CodeHeap 'non-nmethods': size=5760Kb used=1394Kb max_used=1434Kb free=4365Kb
 bounds [0x00000207d3830000, 0x00000207d3aa0000, 0x00000207d3dd0000]
 total_blobs=2678 nmethods=2185 adapters=398
 compilation: enabled
              stopped_count=0, restarted_count=0
 full_count=0

Compilation events (20 events):
Event: 65.070 Thread 0x00000207de5405a0 nmethod 2176 0x00000207cc702510 code [0x00000207cc702820, 0x00000207cc703990]
Event: 65.070 Thread 0x00000207de5405a0 2177   !   3       java.io.PrintStream::implFlush (21 bytes)
Event: 65.070 Thread 0x00000207de5405a0 nmethod 2177 0x00000207cc704110 code [0x00000207cc704300, 0x00000207cc7046d8]
Event: 65.070 Thread 0x00000207de5405a0 2178       3       java.util.concurrent.ScheduledThreadPoolExecutor$ScheduledFutureTask::setNextRunTime (38 bytes)
Event: 65.070 Thread 0x00000207de5405a0 nmethod 2178 0x00000207cc704890 code [0x00000207cc704a40, 0x00000207cc704c70]
Event: 65.070 Thread 0x00000207de5405a0 2179       3       java.util.concurrent.ScheduledThreadPoolExecutor::reExecutePeriodic (49 bytes)
Event: 65.071 Thread 0x00000207de5405a0 nmethod 2179 0x00000207cc704d90 code [0x00000207cc704fc0, 0x00000207cc705648]
Event: 65.071 Thread 0x00000207de5405a0 2180       3       java.util.concurrent.locks.AbstractQueuedSynchronizer$Node::setStatusRelaxed (12 bytes)
Event: 65.071 Thread 0x00000207de5405a0 nmethod 2180 0x00000207cc705890 code [0x00000207cc705a20, 0x00000207cc705b38]
Event: 69.573 Thread 0x00000207de5405a0 2181       3       java.util.ArrayList$ListItr::<init> (16 bytes)
Event: 69.573 Thread 0x00000207de5405a0 nmethod 2181 0x00000207cc705c10 code [0x00000207cc705dc0, 0x00000207cc706058]
Event: 73.560 Thread 0x00000207de5405a0 2182       3       org.gradle.internal.logging.console.DefaultColorMap$CompositeColor::on (40 bytes)
Event: 73.560 Thread 0x00000207de5405a0 nmethod 2182 0x00000207cc706190 code [0x00000207cc7063a0, 0x00000207cc706988]
Event: 73.560 Thread 0x00000207de5405a0 2184       3       org.gradle.internal.logging.console.DefaultColorMap$CompositeColor::off (43 bytes)
Event: 73.560 Thread 0x00000207de5405a0 nmethod 2184 0x00000207cc706b10 code [0x00000207cc706d20, 0x00000207cc707338]
Event: 73.560 Thread 0x00000207de5405a0 2183       3       org.gradle.internal.logging.console.DefaultColorMap$ForegroundColor::on (10 bytes)
Event: 73.561 Thread 0x00000207de5405a0 nmethod 2183 0x00000207cc707510 code [0x00000207cc707720, 0x00000207cc707d60]
Event: 75.371 Thread 0x00000207de53f8e0 2185       4       java.nio.ByteBuffer::position (6 bytes)
Event: 75.371 Thread 0x00000207de53f8e0 nmethod 2185 0x00000207d3eb8b90 code [0x00000207d3eb8d20, 0x00000207d3eb8e40]
Event: 75.371 Thread 0x00000207de53f8e0 2186       4       java.io.OutputStreamWriter::append (6 bytes)

GC Heap History (4 events):
Event: 0.561 GC heap before
{Heap before GC invocations=0 (full 0):
 garbage-first heap   total 65536K, used 22528K [0x00000000fc000000, 0x0000000100000000)
  region size 1024K, 23 young (23552K), 0 survivors (0K)
 Metaspace       used 1589K, committed 1792K, reserved 1114112K
  class space    used 147K, committed 256K, reserved 1048576K
}
Event: 0.566 GC heap after
{Heap after GC invocations=1 (full 0):
 garbage-first heap   total 65536K, used 1824K [0x00000000fc000000, 0x0000000100000000)
  region size 1024K, 2 young (2048K), 2 survivors (2048K)
 Metaspace       used 1589K, committed 1792K, reserved 1114112K
  class space    used 147K, committed 256K, reserved 1048576K
}
Event: 1.396 GC heap before
{Heap before GC invocations=1 (full 0):
 garbage-first heap   total 65536K, used 38688K [0x00000000fc000000, 0x0000000100000000)
  region size 1024K, 35 young (35840K), 2 survivors (2048K)
 Metaspace       used 8508K, committed 8704K, reserved 1114112K
  class space    used 1127K, committed 1216K, reserved 1048576K
}
Event: 1.403 GC heap after
{Heap after GC invocations=2 (full 0):
 garbage-first heap   total 65536K, used 12105K [0x00000000fc000000, 0x0000000100000000)
  region size 1024K, 5 young (5120K), 5 survivors (5120K)
 Metaspace       used 8508K, committed 8704K, reserved 1114112K
  class space    used 1127K, committed 1216K, reserved 1048576K
}

Dll operation events (13 events):
Event: 0.009 Loaded shared library C:\Program Files\Java\jdk-21.0.10\bin\java.dll
Event: 0.047 Loaded shared library C:\Program Files\Java\jdk-21.0.10\bin\jsvml.dll
Event: 0.072 Loaded shared library C:\Program Files\Java\jdk-21.0.10\bin\net.dll
Event: 0.075 Loaded shared library C:\Program Files\Java\jdk-21.0.10\bin\nio.dll
Event: 0.081 Loaded shared library C:\Program Files\Java\jdk-21.0.10\bin\zip.dll
Event: 0.086 Loaded shared library C:\Program Files\Java\jdk-21.0.10\bin\verify.dll
Event: 0.569 Loaded shared library C:\Program Files\Java\jdk-21.0.10\bin\jimage.dll
Event: 0.950 Loaded shared library C:\Program Files\Java\jdk-21.0.10\bin\management.dll
Event: 0.953 Loaded shared library C:\Program Files\Java\jdk-21.0.10\bin\management_ext.dll
Event: 1.000 Loaded shared library C:\Users\none\.gradle\native\660c5614fbf4a5f2a75b1949f50a0caf5cd603558e7d8a26e50b933a0cfb79d1\windows-amd64\native-platform.dll
Event: 1.032 Loaded shared library C:\Users\none\.gradle\native\jansi\1.18\windows64\jansi.dll
Event: 1.217 Loaded shared library C:\Program Files\Java\jdk-21.0.10\bin\extnet.dll
Event: 1.459 Loaded shared library C:\Program Files\Java\jdk-21.0.10\bin\sunmscapi.dll

Deoptimization events (20 events):
Event: 44.422 Thread 0x00000207c1d0af80 DEOPT PACKING pc=0x00000207cc6e5e5d sp=0x00000049fa3fd950
Event: 44.422 Thread 0x00000207c1d0af80 DEOPT UNPACKING pc=0x00000207d3884e42 sp=0x00000049fa3fcde8 mode 0
Event: 44.469 Thread 0x00000207de906550 DEOPT PACKING pc=0x00000207cc6e648a sp=0x00000049fb6fe320
Event: 44.469 Thread 0x00000207de906550 DEOPT UNPACKING pc=0x00000207d3884e42 sp=0x00000049fb6fd790 mode 0
Event: 45.068 Thread 0x00000207de906550 DEOPT PACKING pc=0x00000207cc6e648a sp=0x00000049fb6fe320
Event: 45.068 Thread 0x00000207de906550 DEOPT UNPACKING pc=0x00000207d3884e42 sp=0x00000049fb6fd790 mode 0
Event: 45.318 Thread 0x00000207c1d0af80 DEOPT PACKING pc=0x00000207cc6e5e5d sp=0x00000049fa3fd950
Event: 45.318 Thread 0x00000207c1d0af80 DEOPT UNPACKING pc=0x00000207d3884e42 sp=0x00000049fa3fcde8 mode 0
Event: 60.001 Thread 0x00000207c1d0af80 DEOPT PACKING pc=0x00000207cc6e5e5d sp=0x00000049fa3fd950
Event: 60.001 Thread 0x00000207c1d0af80 DEOPT UNPACKING pc=0x00000207d3884e42 sp=0x00000049fa3fcde8 mode 0
Event: 60.063 Thread 0x00000207de906550 DEOPT PACKING pc=0x00000207cc6e648a sp=0x00000049fb6fe260
Event: 60.063 Thread 0x00000207de906550 DEOPT UNPACKING pc=0x00000207d3884e42 sp=0x00000049fb6fd6d0 mode 0
Event: 60.581 Thread 0x00000207c1d0af80 DEOPT PACKING pc=0x00000207cc6e5e5d sp=0x00000049fa3fd950
Event: 60.581 Thread 0x00000207c1d0af80 DEOPT UNPACKING pc=0x00000207d3884e42 sp=0x00000049fa3fcde8 mode 0
Event: 60.659 Thread 0x00000207de906550 DEOPT PACKING pc=0x00000207cc6e648a sp=0x00000049fb6fe260
Event: 60.659 Thread 0x00000207de906550 DEOPT UNPACKING pc=0x00000207d3884e42 sp=0x00000049fb6fd6d0 mode 0
Event: 60.794 Thread 0x00000207de906550 DEOPT PACKING pc=0x00000207cc6e648a sp=0x00000049fb6fe260
Event: 60.794 Thread 0x00000207de906550 DEOPT UNPACKING pc=0x00000207d3884e42 sp=0x00000049fb6fd6d0 mode 0
Event: 62.208 Thread 0x00000207c1d0af80 DEOPT PACKING pc=0x00000207cc6e5e5d sp=0x00000049fa3fd950
Event: 62.208 Thread 0x00000207c1d0af80 DEOPT UNPACKING pc=0x00000207d3884e42 sp=0x00000049fa3fcde8 mode 0

Classes loaded (20 events):
Event: 1.716 Loading class jdk/internal/logger/LazyLoggers$1
Event: 1.716 Loading class jdk/internal/logger/LazyLoggers$1 done
Event: 1.716 Loading class jdk/internal/logger/LazyLoggers$LazyLoggerFactories
Event: 1.716 Loading class jdk/internal/logger/LazyLoggers$LazyLoggerFactories done
Event: 1.717 Loading class jdk/internal/logger/LoggerFinderLoader
Event: 1.717 Loading class jdk/internal/logger/LoggerFinderLoader done
Event: 1.717 Loading class jdk/internal/logger/LoggerFinderLoader$TemporaryLoggerFinder
Event: 1.717 Loading class jdk/internal/logger/LoggerFinderLoader$TemporaryLoggerFinder done
Event: 1.717 Loading class sun/util/logging/internal/LoggingProviderImpl$JULWrapper
Event: 1.717 Loading class sun/util/logging/PlatformLogger$ConfigurableBridge$LoggerConfiguration
Event: 1.718 Loading class sun/util/logging/PlatformLogger$ConfigurableBridge$LoggerConfiguration done
Event: 1.718 Loading class sun/util/logging/internal/LoggingProviderImpl$JULWrapper done
Event: 1.718 Loading class java/io/ObjectInputFilter$Config$BuiltinFilterFactory
Event: 1.718 Loading class java/io/ObjectInputFilter$Config$BuiltinFilterFactory done
Event: 1.718 Loading class jdk/internal/access/JavaObjectInputFilterAccess
Event: 1.718 Loading class jdk/internal/access/JavaObjectInputFilterAccess done
Event: 1.718 Loading class java/lang/System$Logger$Level
Event: 1.719 Loading class java/lang/System$Logger$Level done
Event: 10.477 Loading class java/lang/invoke/MethodHandle$1
Event: 10.477 Loading class java/lang/invoke/MethodHandle$1 done

Classes unloaded (0 events):
No events

Classes redefined (0 events):
No events

Internal exceptions (20 events):
Event: 0.773 Thread 0x00000207c1d0af80 Exception <a 'java/lang/NoSuchMethodError'{0x00000000ff58b498}: 'java.lang.Object java.lang.invoke.DirectMethodHandle$Holder.invokeInterface(java.lang.Object, java.lang.Object)'> (0x00000000ff58b498) 
thrown [s\open\src\hotspot\share\interpreter\linkResolver.cpp, line 773]
Event: 0.775 Thread 0x00000207c1d0af80 Exception <a 'java/lang/NoSuchMethodError'{0x00000000ff595820}: 'java.lang.Object java.lang.invoke.DirectMethodHandle$Holder.invokeVirtual(java.lang.Object, java.lang.Object, java.lang.Object)'> (0x00000000ff595820) 
thrown [s\open\src\hotspot\share\interpreter\linkResolver.cpp, line 773]
Event: 0.960 Thread 0x00000207c1d0af80 Exception <a 'java/lang/NoSuchMethodError'{0x00000000fef3a538}: 'int java.lang.invoke.DirectMethodHandle$Holder.invokeSpecial(java.lang.Object, java.lang.Object, java.lang.Object)'> (0x00000000fef3a538) 
thrown [s\open\src\hotspot\share\interpreter\linkResolver.cpp, line 773]
Event: 0.969 Thread 0x00000207c1d0af80 Implicit null exception at 0x00000207d3e40dbc to 0x00000207d3e41400
Event: 1.008 Thread 0x00000207c1d0af80 Exception <a 'java/lang/NoSuchMethodError'{0x00000000fed4a580}: 'java.lang.Object java.lang.invoke.DirectMethodHandle$Holder.invokeStatic(java.lang.Object, java.lang.Object, int)'> (0x00000000fed4a580) 
thrown [s\open\src\hotspot\share\interpreter\linkResolver.cpp, line 773]
Event: 1.009 Thread 0x00000207c1d0af80 Exception <a 'java/lang/NoSuchMethodError'{0x00000000fed55a00}: 'void java.lang.invoke.DelegatingMethodHandle$Holder.delegate(java.lang.Object, java.lang.Object, int, java.lang.Object)'> (0x00000000fed55a00) 
thrown [s\open\src\hotspot\share\interpreter\linkResolver.cpp, line 773]
Event: 1.106 Thread 0x00000207c1d0af80 Exception <a 'java/lang/NoSuchMethodError'{0x00000000fe997b10}: 'java.lang.Object java.lang.invoke.DirectMethodHandle$Holder.newInvokeSpecial(java.lang.Object, java.lang.Object, java.lang.Object, java.lang.Object, java.lang.Object)'> (0x00000000fe997b10) 
thrown [s\open\src\hotspot\share\interpreter\linkResolver.cpp, line 773]
Event: 1.114 Thread 0x00000207c1d0af80 Exception <a 'java/lang/NoSuchMethodError'{0x00000000fe9fb830}: 'java.lang.Object java.lang.invoke.Invokers$Holder.invokeExact_MT(java.lang.Object, java.lang.Object, java.lang.Object, java.lang.Object, java.lang.Object)'> (0x00000000fe9fb830) 
thrown [s\open\src\hotspot\share\interpreter\linkResolver.cpp, line 773]
Event: 1.118 Thread 0x00000207c1d0af80 Exception <a 'java/lang/NoSuchMethodError'{0x00000000fe62eae8}: 'java.lang.Object java.lang.invoke.DirectMethodHandle$Holder.invokeVirtual(java.lang.Object, java.lang.Object, java.lang.Object, java.lang.Object, java.lang.Object, java.lang.Object, java.lang.Object)'> (0x00000000fe62eae8) 
thrown [s\open\src\hotspot\share\interpreter\linkResolver.cpp, line 773]
Event: 1.126 Thread 0x00000207c1d0af80 Exception <a 'java/lang/NoSuchMethodError'{0x00000000fe6734b0}: 'java.lang.Object java.lang.invoke.DirectMethodHandle$Holder.invokeVirtual(java.lang.Object, java.lang.Object, java.lang.Object, java.lang.Object)'> (0x00000000fe6734b0) 
thrown [s\open\src\hotspot\share\interpreter\linkResolver.cpp, line 773]
Event: 1.220 Thread 0x00000207c1d0af80 Exception <a 'java/lang/NoSuchMethodError'{0x00000000fe3c9d88}: 'void java.lang.invoke.DirectMethodHandle$Holder.invokeStatic(java.lang.Object, java.lang.Object, java.lang.Object)'> (0x00000000fe3c9d88) 
thrown [s\open\src\hotspot\share\interpreter\linkResolver.cpp, line 773]
Event: 1.236 Thread 0x00000207c1d0af80 Exception <a 'java/lang/NoSuchMethodError'{0x00000000fe2950d8}: 'java.lang.Object java.lang.invoke.DirectMethodHandle$Holder.invokeVirtual(java.lang.Object, java.lang.Object, java.lang.Object, java.lang.Object, java.lang.Object)'> (0x00000000fe2950d8) 
thrown [s\open\src\hotspot\share\interpreter\linkResolver.cpp, line 773]
Event: 1.238 Thread 0x00000207c1d0af80 Exception <a 'java/lang/NoSuchMethodError'{0x00000000fe2a7d18}: 'java.lang.Object java.lang.invoke.Invokers$Holder.invokeExact_MT(java.lang.Object, java.lang.Object, java.lang.Object, java.lang.Object, java.lang.Object, java.lang.Object)'> (0x00000000fe2a7d18) 
thrown [s\open\src\hotspot\share\interpreter\linkResolver.cpp, line 773]
Event: 1.287 Thread 0x00000207c1d0af80 Exception <a 'java/lang/NoSuchMethodError'{0x00000000fe0c6fd0}: 'java.lang.Object java.lang.invoke.DirectMethodHandle$Holder.invokeVirtual(java.lang.Object, java.lang.Object, java.lang.Object, java.lang.Object, java.lang.Object, java.lang.Object, java.lang.Object, java.lang.Object, java.lang.Object)'> (0x00000000fe0c6fd0) 
thrown [s\open\src\hotspot\share\interpreter\linkResolver.cpp, line 773]
Event: 1.346 Thread 0x00000207c1d0af80 Exception <a 'java/lang/NoSuchMethodError'{0x00000000fdd0f2b0}: 'java.lang.Object java.lang.invoke.DirectMethodHandle$Holder.invokeVirtual(java.lang.Object, java.lang.Object, java.lang.Object, java.lang.Object, java.lang.Object, java.lang.Object, java.lang.Object, java.lang.Object)'> (0x00000000fdd0f2b0) 
thrown [s\open\src\hotspot\share\interpreter\linkResolver.cpp, line 773]
Event: 1.362 Thread 0x00000207c1d0af80 Exception <a 'java/lang/NoSuchMethodError'{0x00000000fdd9cc80}: 'java.lang.Object java.lang.invoke.DirectMethodHandle$Holder.invokeStaticInit(java.lang.Object, int, int, int, int)'> (0x00000000fdd9cc80) 
thrown [s\open\src\hotspot\share\interpreter\linkResolver.cpp, line 773]
Event: 1.381 Thread 0x00000207c1d0af80 Exception <a 'java/lang/NoSuchMethodError'{0x00000000fddbfae8}: 'java.lang.Object java.lang.invoke.DirectMethodHandle$Holder.invokeStaticInit(java.lang.Object, java.lang.Object, int, int, int, int)'> (0x00000000fddbfae8) 
thrown [s\open\src\hotspot\share\interpreter\linkResolver.cpp, line 773]
Event: 1.418 Thread 0x00000207c1d0af80 Implicit null exception at 0x00000207d3e21124 to 0x00000207d3e21774
Event: 1.420 Thread 0x00000207c1d0af80 Implicit null exception at 0x00000207d3e295a0 to 0x00000207d3e29bec
Event: 1.424 Thread 0x00000207c1d0af80 Exception <a 'java/lang/NoSuchMethodError'{0x00000000fffc18f0}: 'void java.lang.invoke.DirectMethodHandle$Holder.invokeInterface(java.lang.Object, java.lang.Object, java.lang.Object)'> (0x00000000fffc18f0) 
thrown [s\open\src\hotspot\share\interpreter\linkResolver.cpp, line 773]

ZGC Phase Switch (0 events):
No events

VM Operations (20 events):
Event: 37.758 Executing VM operation: Cleanup
Event: 37.758 Executing VM operation: Cleanup done
Event: 38.763 Executing VM operation: Cleanup
Event: 38.763 Executing VM operation: Cleanup done
Event: 42.783 Executing VM operation: Cleanup
Event: 42.783 Executing VM operation: Cleanup done
Event: 50.833 Executing VM operation: Cleanup
Event: 50.833 Executing VM operation: Cleanup done
Event: 52.850 Executing VM operation: Cleanup
Event: 52.850 Executing VM operation: Cleanup done
Event: 53.865 Executing VM operation: Cleanup
Event: 53.865 Executing VM operation: Cleanup done
Event: 60.236 Executing VM operation: HandshakeAllThreads (HandshakeForDeflation)
Event: 60.236 Executing VM operation: HandshakeAllThreads (HandshakeForDeflation) done
Event: 60.236 Executing VM operation: RendezvousGCThreads
Event: 60.236 Executing VM operation: RendezvousGCThreads done
Event: 65.299 Executing VM operation: Cleanup
Event: 65.299 Executing VM operation: Cleanup done
Event: 75.370 Executing VM operation: Cleanup
Event: 75.370 Executing VM operation: Cleanup done

Events (16 events):
Event: 0.027 Thread 0x00000207c1d0af80 Thread added: 0x00000207c1d0af80
Event: 0.045 Thread 0x00000207c3f19290 Thread added: 0x00000207c3f19290
Event: 0.045 Thread 0x00000207c3f19fb0 Thread added: 0x00000207c3f19fb0
Event: 0.045 Thread 0x00000207c3f1cb90 Thread added: 0x00000207c3f1cb90
Event: 0.045 Thread 0x00000207c3f1d950 Thread added: 0x00000207c3f1d950
Event: 0.045 Thread 0x00000207c3f1dfc0 Thread added: 0x00000207c3f1dfc0
Event: 0.045 Thread 0x00000207c3f1e630 Thread added: 0x00000207c3f1e630
Event: 0.045 Thread 0x00000207de53f8e0 Thread added: 0x00000207de53f8e0
Event: 0.046 Thread 0x00000207de5405a0 Thread added: 0x00000207de5405a0
Event: 0.066 Thread 0x00000207de7912c0 Thread added: 0x00000207de7912c0
Event: 0.068 Thread 0x00000207de795b10 Thread added: 0x00000207de795b10
Event: 0.372 Thread 0x00000207deaf7d10 Thread added: 0x00000207deaf7d10
Event: 0.558 Thread 0x00000207de906550 Thread added: 0x00000207de906550
Event: 1.038 Thread 0x00000207de906550 Thread exited: 0x00000207de906550
Event: 1.057 Thread 0x00000207de906550 Thread added: 0x00000207de906550
Event: 1.712 Thread 0x00000207deaf7d10 Thread exited: 0x00000207deaf7d10


Dynamic libraries:
0x00007ff6c5480000 - 0x00007ff6c5490000 	C:\Program Files\Java\jdk-21.0.10\bin\java.exe
0x00007ffb842b0000 - 0x00007ffb844a8000 	C:\Windows\SYSTEM32\ntdll.dll
0x00007ffb836b0000 - 0x00007ffb83772000 	C:\Windows\System32\KERNEL32.DLL
0x00007ffb81c60000 - 0x00007ffb81f56000 	C:\Windows\System32\KERNELBASE.dll
0x00007ffb82040000 - 0x00007ffb82140000 	C:\Windows\System32\ucrtbase.dll
0x00007ffb574f0000 - 0x00007ffb57509000 	C:\Program Files\Java\jdk-21.0.10\bin\jli.dll
0x00007ffb54c60000 - 0x00007ffb54c7e000 	C:\Program Files\Java\jdk-21.0.10\bin\VCRUNTIME140.dll
0x00007ffb835f0000 - 0x00007ffb836a1000 	C:\Windows\System32\ADVAPI32.dll
0x00007ffb83780000 - 0x00007ffb8381e000 	C:\Windows\System32\msvcrt.dll
0x00007ffb82f50000 - 0x00007ffb82fef000 	C:\Windows\System32\sechost.dll
0x00007ffb823b0000 - 0x00007ffb824d0000 	C:\Windows\System32\RPCRT4.dll
0x00007ffb82010000 - 0x00007ffb82037000 	C:\Windows\System32\bcrypt.dll
0x00007ffb839c0000 - 0x00007ffb83b61000 	C:\Windows\System32\USER32.dll
0x00007ffb82140000 - 0x00007ffb82162000 	C:\Windows\System32\win32u.dll
0x00007ffb67120000 - 0x00007ffb673bb000 	C:\Windows\WinSxS\amd64_microsoft.windows.common-controls_6595b64144ccf1df_6.0.19041.6456_none_60b8a6cb71f64256\COMCTL32.dll
0x00007ffb84040000 - 0x00007ffb8406b000 	C:\Windows\System32\GDI32.dll
0x00007ffb81ac0000 - 0x00007ffb81bd9000 	C:\Windows\System32\gdi32full.dll
0x00007ffb81a20000 - 0x00007ffb81abd000 	C:\Windows\System32\msvcp_win.dll
0x00007ffb780d0000 - 0x00007ffb780da000 	C:\Windows\SYSTEM32\VERSION.dll
0x00007ffb830a0000 - 0x00007ffb830cf000 	C:\Windows\System32\IMM32.DLL
0x00007ffb7ca90000 - 0x00007ffb7ca9c000 	C:\Program Files\Java\jdk-21.0.10\bin\vcruntime140_1.dll
0x00007ffb49390000 - 0x00007ffb4941d000 	C:\Program Files\Java\jdk-21.0.10\bin\msvcp140.dll
0x00007ffb44470000 - 0x00007ffb45197000 	C:\Program Files\Java\jdk-21.0.10\bin\server\jvm.dll
0x00007ffb84200000 - 0x00007ffb8426b000 	C:\Windows\System32\WS2_32.dll
0x00007ffb81680000 - 0x00007ffb816cb000 	C:\Windows\SYSTEM32\POWRPROF.dll
0x00007ffb76cb0000 - 0x00007ffb76cd7000 	C:\Windows\SYSTEM32\WINMM.dll
0x00007ffb81660000 - 0x00007ffb81672000 	C:\Windows\SYSTEM32\UMPDC.dll
0x00007ffb7f790000 - 0x00007ffb7f7a2000 	C:\Windows\SYSTEM32\kernel.appcore.dll
0x00007ffb7b070000 - 0x00007ffb7b07a000 	C:\Program Files\Java\jdk-21.0.10\bin\jimage.dll
0x00007ffb78da0000 - 0x00007ffb78fa1000 	C:\Windows\SYSTEM32\DBGHELP.DLL
0x00007ffb620b0000 - 0x00007ffb620e4000 	C:\Windows\SYSTEM32\dbgcore.DLL
0x00007ffb81990000 - 0x00007ffb81a12000 	C:\Windows\System32\bcryptPrimitives.dll
0x00007ffb52640000 - 0x00007ffb52661000 	C:\Program Files\Java\jdk-21.0.10\bin\java.dll
0x00007ffb82550000 - 0x00007ffb82cc0000 	C:\Windows\System32\SHELL32.dll
0x00007ffb7f9b0000 - 0x00007ffb80155000 	C:\Windows\SYSTEM32\windows.storage.dll
0x00007ffb830e0000 - 0x00007ffb83434000 	C:\Windows\System32\combase.dll
0x00007ffb81290000 - 0x00007ffb812bb000 	C:\Windows\SYSTEM32\Wldp.dll
0x00007ffb822d0000 - 0x00007ffb8239d000 	C:\Windows\System32\OLEAUT32.dll
0x00007ffb82ff0000 - 0x00007ffb8309d000 	C:\Windows\System32\SHCORE.dll
0x00007ffb83fe0000 - 0x00007ffb8403b000 	C:\Windows\System32\shlwapi.dll
0x00007ffb81870000 - 0x00007ffb81894000 	C:\Windows\SYSTEM32\profapi.dll
0x00007ffb47650000 - 0x00007ffb47727000 	C:\Program Files\Java\jdk-21.0.10\bin\jsvml.dll
0x00007ffb52db0000 - 0x00007ffb52dc1000 	C:\Program Files\Java\jdk-21.0.10\bin\net.dll
0x00007ffb7e140000 - 0x00007ffb7e24a000 	C:\Windows\SYSTEM32\WINHTTP.dll
0x00007ffb80ff0000 - 0x00007ffb8105a000 	C:\Windows\system32\mswsock.dll
0x00007ffb52c70000 - 0x00007ffb52c86000 	C:\Program Files\Java\jdk-21.0.10\bin\nio.dll
0x00007ffb52e20000 - 0x00007ffb52e38000 	C:\Program Files\Java\jdk-21.0.10\bin\zip.dll
0x00007ffb77a10000 - 0x00007ffb77a20000 	C:\Program Files\Java\jdk-21.0.10\bin\verify.dll
0x00007ffb65e10000 - 0x00007ffb65e1a000 	C:\Program Files\Java\jdk-21.0.10\bin\management.dll
0x00007ffb52630000 - 0x00007ffb5263c000 	C:\Program Files\Java\jdk-21.0.10\bin\management_ext.dll
0x00007ffb838a0000 - 0x00007ffb838a8000 	C:\Windows\System32\PSAPI.DLL
0x00007ffb4dce0000 - 0x00007ffb4dd07000 	C:\Users\none\.gradle\native\660c5614fbf4a5f2a75b1949f50a0caf5cd603558e7d8a26e50b933a0cfb79d1\windows-amd64\native-platform.dll
0x00007ffb76c30000 - 0x00007ffb76c3a000 	C:\Users\none\.gradle\native\jansi\1.18\windows64\jansi.dll
0x00007ffb80cd0000 - 0x00007ffb80d0b000 	C:\Windows\SYSTEM32\IPHLPAPI.DLL
0x00007ffb823a0000 - 0x00007ffb823a8000 	C:\Windows\System32\NSI.dll
0x00007ffb52620000 - 0x00007ffb52629000 	C:\Program Files\Java\jdk-21.0.10\bin\extnet.dll
0x00007ffb811f0000 - 0x00007ffb81208000 	C:\Windows\SYSTEM32\CRYPTSP.dll
0x00007ffb80910000 - 0x00007ffb80948000 	C:\Windows\system32\rsaenh.dll
0x00007ffb817f0000 - 0x00007ffb8181e000 	C:\Windows\SYSTEM32\USERENV.dll
0x00007ffb811e0000 - 0x00007ffb811ec000 	C:\Windows\SYSTEM32\CRYPTBASE.dll
0x00007ffb52570000 - 0x00007ffb5257e000 	C:\Program Files\Java\jdk-21.0.10\bin\sunmscapi.dll
0x00007ffb82170000 - 0x00007ffb822cd000 	C:\Windows\System32\CRYPT32.dll
0x00007ffb81300000 - 0x00007ffb81327000 	C:\Windows\SYSTEM32\ncrypt.dll
0x00007ffb812c0000 - 0x00007ffb812fb000 	C:\Windows\SYSTEM32\NTASN1.dll
0x00007ffb53820000 - 0x00007ffb53827000 	C:\Windows\system32\wshunix.dll

dbghelp: loaded successfully - version: 4.0.5 - missing functions: none
symbol engine: initialized successfully - sym options: 0x614 - pdb path: .;C:\Program Files\Java\jdk-21.0.10\bin;C:\Windows\SYSTEM32;C:\Windows\WinSxS\amd64_microsoft.windows.common-controls_6595b64144ccf1df_6.0.19041.6456_none_60b8a6cb71f64256;C:\Program Files\Java\jdk-21.0.10\bin\server;C:\Users\none\.gradle\native\660c5614fbf4a5f2a75b1949f50a0caf5cd603558e7d8a26e50b933a0cfb79d1\windows-amd64;C:\Users\none\.gradle\native\jansi\1.18\windows64

VM Arguments:
jvm_args: -Xmx64m -Xms64m -Dorg.gradle.appname=gradlew 
java_command: C:\MyMods\SableFloaters\\gradle\wrapper\gradle-wrapper.jar runClient
java_class_path (initial): C:\MyMods\SableFloaters\\gradle\wrapper\gradle-wrapper.jar
Launcher Type: SUN_STANDARD

[Global flags]
     intx CICompilerCount                          = 4                                         {product} {ergonomic}
     uint ConcGCThreads                            = 3                                         {product} {ergonomic}
     uint G1ConcRefinementThreads                  = 10                                        {product} {ergonomic}
   size_t G1HeapRegionSize                         = 1048576                                   {product} {ergonomic}
    uintx GCDrainStackTargetSize                   = 64                                        {product} {ergonomic}
   size_t InitialHeapSize                          = 67108864                                  {product} {command line}
   size_t MarkStackSize                            = 4194304                                   {product} {ergonomic}
   size_t MaxHeapSize                              = 67108864                                  {product} {command line}
   size_t MaxNewSize                               = 39845888                                  {product} {ergonomic}
   size_t MinHeapDeltaBytes                        = 1048576                                   {product} {ergonomic}
   size_t MinHeapSize                              = 67108864                                  {product} {command line}
    uintx NonNMethodCodeHeapSize                   = 5839372                                {pd product} {ergonomic}
    uintx NonProfiledCodeHeapSize                  = 122909434                              {pd product} {ergonomic}
    uintx ProfiledCodeHeapSize                     = 122909434                              {pd product} {ergonomic}
    uintx ReservedCodeCacheSize                    = 251658240                              {pd product} {ergonomic}
     bool SegmentedCodeCache                       = true                                      {product} {ergonomic}
   size_t SoftMaxHeapSize                          = 67108864                               {manageable} {ergonomic}
     bool UseCompressedOops                        = true                           {product lp64_product} {ergonomic}
     bool UseG1GC                                  = true                                      {product} {ergonomic}
     bool UseLargePagesIndividualAllocation        = false                                  {pd product} {ergonomic}

Logging:
Log output configuration:
 #0: stdout all=warning uptime,level,tags foldmultilines=false
 #1: stderr all=off uptime,level,tags foldmultilines=false

Environment Variables:
JAVA_HOME=C:\Program Files\Java\jdk-21.0.10
PATH=C:\Program Files\Common Files\Oracle\Java\javapath;C:\Program Files (x86)\Common Files\Oracle\Java\java8path;C:\Program Files (x86)\Common Files\Oracle\Java\javapath;C:\Windows\system32;C:\Windows;C:\Windows\System32\Wbem;C:\Windows\System32\WindowsPowerShell\v1.0\;C:\Windows\System32\OpenSSH\;C:\Program Files\dotnet\;C:\Program Files (x86)\ZeroTier\One\;C:\Program Files\Cloudflare\Cloudflare WARP\;C:\Program Files\Git\cmd;C:\Users\none\AppData\Local\Microsoft\WindowsApps;C:\Users\none\.dotnet\tools;C:\Users\none\AppData\Local\Programs\Microsoft VS Code\bin;C:\Users\none\AppData\Local\GitHubDesktop\bin;c:\Users\none\.vscode\extensions\vscjava.vscode-java-debug-0.59.0\bundled\scripts\noConfigScripts
USERNAME=none
LANG=en_US.UTF-8
OS=Windows_NT
PROCESSOR_IDENTIFIER=AMD64 Family 25 Model 80 Stepping 0, AuthenticAMD
TMP=C:\Users\none\AppData\Local\Temp
TEMP=C:\Users\none\AppData\Local\Temp




Periodic native trim disabled

---------------  S Y S T E M  ---------------

OS:
 Windows 10 , 64 bit Build 19041 (10.0.19041.5915)
OS uptime: 0 days 2:33 hours

CPU: total 12 (initial active 12) (12 cores per cpu, 2 threads per core) family 25 model 80 stepping 0 microcode 0x0, cx8, cmov, fxsr, ht, mmx, 3dnowpref, sse, sse2, sse3, ssse3, sse4a, sse4.1, sse4.2, popcnt, lzcnt, tsc, tscinvbit, avx, avx2, aes, erms, clmul, bmi1, bmi2, adx, sha, fma, vzeroupper, clflush, clflushopt, rdtscp, rdpid, fsrm, f16c, pku, cet_ss
Processor Information for all 12 processors :
  Max Mhz: 2301, Current Mhz: 2301, Mhz Limit: 2301

Memory: 4k page, system-wide physical 15751M (629M free)
TotalPageFile size 27935M (AvailPageFile size 126M)
current process WorkingSet (physical memory assigned to process): 88M, peak: 126M
current process commit charge ("private bytes"): 170M, peak: 191M

vm_info: Java HotSpot(TM) 64-Bit Server VM (21.0.10+8-LTS-217) for windows-amd64 JRE (21.0.10+8-LTS-217), built on 2025-12-18T14:59:28Z by "mach5run" with MS VC++ 17.13 (VS2022)

END.
