#
# There is insufficient memory for the Java Runtime Environment to continue.
# Native memory allocation (malloc) failed to allocate 32784 bytes for Chunk::new
# Possible reasons:
#   The system is out of physical RAM or swap space
#   The process is running with CompressedOops enabled, and the Java Heap may be blocking the growth of the native heap
# Possible solutions:
#   Reduce memory load on the system
#   Increase physical memory or swap space
#   Check if swap backing store is full
#   Decrease Java heap size (-Xmx/-Xms)
#   Decrease number of Java threads
#   Decrease Java thread stack sizes (-Xss)
#   Set larger code cache with -XX:ReservedCodeCacheSize=
#   JVM is running with Unscaled Compressed Oops mode in which the Java heap is
#     placed in the first 4GB address space. The Java Heap base address is the
#     maximum limit for the native heap growth. Please use -XX:HeapBaseMinAddress
#     to set the Java Heap base and to place the Java Heap above 4GB virtual address.
# This output file may be truncated or incomplete.
#
#  Out of Memory Error (arena.cpp:168), pid=19964, tid=20336
#
# JRE version: Java(TM) SE Runtime Environment (21.0.10+8) (build 21.0.10+8-LTS-217)
# Java VM: Java HotSpot(TM) 64-Bit Server VM (21.0.10+8-LTS-217, mixed mode, sharing, tiered, compressed oops, compressed class ptrs, g1 gc, windows-amd64)
# No core dump will be written. Minidumps are not enabled by default on client versions of Windows
#

---------------  S U M M A R Y ------------

Command Line: --add-opens=java.base/java.lang=ALL-UNNAMED --add-opens=java.base/java.lang.invoke=ALL-UNNAMED --add-opens=java.base/java.util=ALL-UNNAMED --add-opens=java.prefs/java.util.prefs=ALL-UNNAMED --add-exports=jdk.compiler/com.sun.tools.javac.api=ALL-UNNAMED --add-exports=jdk.compiler/com.sun.tools.javac.util=ALL-UNNAMED --add-opens=java.base/java.util=ALL-UNNAMED --add-opens=java.prefs/java.util.prefs=ALL-UNNAMED --add-opens=java.base/java.nio.charset=ALL-UNNAMED --add-opens=java.base/java.net=ALL-UNNAMED --add-opens=java.base/java.util.concurrent=ALL-UNNAMED --add-opens=java.base/java.util.concurrent.atomic=ALL-UNNAMED --add-opens=java.xml/javax.xml.namespace=ALL-UNNAMED --add-opens=java.base/java.time=ALL-UNNAMED -Xmx1G -Dfile.encoding=UTF-8 -Duser.country=RU -Duser.language=ru -Duser.variant -javaagent:C:\Users\none\.gradle\wrapper\dists\gradle-9.2.1-bin\2t0n5ozlw9xmuyvbp7dnzaxug\gradle-9.2.1\lib\agents\gradle-instrumentation-agent-9.2.1.jar org.gradle.launcher.daemon.bootstrap.GradleDaemon 9.2.1

Host: AMD Ryzen 5 7430U with Radeon Graphics         , 12 cores, 15G,  Windows 10 , 64 bit Build 19041 (10.0.19041.5915)
Time: Fri Jun 19 04:14:19 2026 elapsed time: 101.485175 seconds (0d 0h 1m 41s)

---------------  T H R E A D  ---------------

Current thread (0x000001c1d59e81b0):  JavaThread "C2 CompilerThread0" daemon [_thread_in_native, id=20336, stack(0x0000000562700000,0x0000000562800000) (1024K)]


Current CompileTask:
C2: 101485 8141       4       javax.management.ObjectName::construct (1135 bytes)

Stack: [0x0000000562700000,0x0000000562800000]
Native frames: (J=compiled Java code, j=interpreted, Vv=VM code, C=native code)
V  [jvm.dll+0x6d0b59]
V  [jvm.dll+0x85fd56]
V  [jvm.dll+0x86224e]
V  [jvm.dll+0x862923]
V  [jvm.dll+0x282a16]
V  [jvm.dll+0xc662d]
V  [jvm.dll+0xc6b71]
V  [jvm.dll+0xc6755]
V  [jvm.dll+0x6f6aa6]
V  [jvm.dll+0x24c69a]
V  [jvm.dll+0x24a84e]
V  [jvm.dll+0x1cacfe]
V  [jvm.dll+0x25a629]
V  [jvm.dll+0x258bb5]
V  [jvm.dll+0x3f4da1]
V  [jvm.dll+0x80a83d]
V  [jvm.dll+0x6cf3fd]
C  [ucrtbase.dll+0x21bb2]
C  [KERNEL32.DLL+0x17374]
C  [ntdll.dll+0x4cc91]


---------------  P R O C E S S  ---------------

Threads class SMR info:
_java_thread_list=0x000001c21e910750, length=51, elements={
0x000001c1b9e34310, 0x000001c1d58c6e10, 0x000001c1d58c7ee0, 0x000001c1d58cd6b0,
0x000001c1d58ce110, 0x000001c1d58cbd20, 0x000001c1d59e4090, 0x000001c1d59e81b0,
0x000001c1d59eb210, 0x000001c1d5bbb1a0, 0x000001c1d5c3f610, 0x000001c21c7a4db0,
0x000001c21c7ed7a0, 0x000001c21c94ba10, 0x000001c21c9cae60, 0x000001c21c9d8840,
0x000001c21c783f40, 0x000001c21c7855b0, 0x000001c21cb08af0, 0x000001c21cb09180,
0x000001c21cb07740, 0x000001c21cb07dd0, 0x000001c21cb06390, 0x000001c21cb05d00,
0x000001c21cb08460, 0x000001c220adcdc0, 0x000001c220adba10, 0x000001c220ad92b0,
0x000001c220ade800, 0x000001c220ad9940, 0x000001c220addae0, 0x000001c220adc0a0,
0x000001c220ad9fd0, 0x000001c220adacf0, 0x000001c220adc730, 0x000001c220adee90,
0x000001c220ad7f00, 0x000001c220adb380, 0x000001c220add450, 0x000001c220ada660,
0x000001c220adf520, 0x000001c220ad8c20, 0x000001c220b73130, 0x000001c220b737c0,
0x000001c220b73e50, 0x000001c220b71d80, 0x000001c220b72410, 0x000001c220b71060,
0x000001c220b72aa0, 0x000001c220b716f0, 0x000001c220ad8590
}

Java Threads: ( => current thread )
  0x000001c1b9e34310 JavaThread "main"                              [_thread_blocked, id=20132, stack(0x0000000561900000,0x0000000561a00000) (1024K)]
  0x000001c1d58c6e10 JavaThread "Reference Handler"          daemon [_thread_blocked, id=20276, stack(0x0000000562100000,0x0000000562200000) (1024K)]
  0x000001c1d58c7ee0 JavaThread "Finalizer"                  daemon [_thread_blocked, id=2212, stack(0x0000000562200000,0x0000000562300000) (1024K)]
  0x000001c1d58cd6b0 JavaThread "Signal Dispatcher"          daemon [_thread_blocked, id=19568, stack(0x0000000562300000,0x0000000562400000) (1024K)]
  0x000001c1d58ce110 JavaThread "Attach Listener"            daemon [_thread_blocked, id=20380, stack(0x0000000562400000,0x0000000562500000) (1024K)]
  0x000001c1d58cbd20 JavaThread "Service Thread"             daemon [_thread_blocked, id=20184, stack(0x0000000562500000,0x0000000562600000) (1024K)]
  0x000001c1d59e4090 JavaThread "Monitor Deflation Thread"   daemon [_thread_blocked, id=20308, stack(0x0000000562600000,0x0000000562700000) (1024K)]
=>0x000001c1d59e81b0 JavaThread "C2 CompilerThread0"         daemon [_thread_in_native, id=20336, stack(0x0000000562700000,0x0000000562800000) (1024K)]
  0x000001c1d59eb210 JavaThread "C1 CompilerThread0"         daemon [_thread_blocked, id=20140, stack(0x0000000562800000,0x0000000562900000) (1024K)]
  0x000001c1d5bbb1a0 JavaThread "Common-Cleaner"             daemon [_thread_blocked, id=19868, stack(0x0000000562900000,0x0000000562a00000) (1024K)]
  0x000001c1d5c3f610 JavaThread "Notification Thread"        daemon [_thread_blocked, id=17792, stack(0x0000000562a00000,0x0000000562b00000) (1024K)]
  0x000001c21c7a4db0 JavaThread "Daemon health stats"               [_thread_blocked, id=19300, stack(0x0000000563000000,0x0000000563100000) (1024K)]
  0x000001c21c7ed7a0 JavaThread "Incoming local TCP Connector on port 62665"        [_thread_in_native, id=19316, stack(0x0000000563100000,0x0000000563200000) (1024K)]
  0x000001c21c94ba10 JavaThread "Daemon periodic checks"            [_thread_blocked, id=19320, stack(0x0000000563200000,0x0000000563300000) (1024K)]
  0x000001c21c9cae60 JavaThread "Daemon"                            [_thread_blocked, id=19356, stack(0x0000000563300000,0x0000000563400000) (1024K)]
  0x000001c21c9d8840 JavaThread "Handler for socket connection from /127.0.0.1:62665 to /127.0.0.1:62666"        [_thread_in_native, id=19368, stack(0x0000000563400000,0x0000000563500000) (1024K)]
  0x000001c21c783f40 JavaThread "Cancel handler"                    [_thread_blocked, id=19372, stack(0x0000000563500000,0x0000000563600000) (1024K)]
  0x000001c21c7855b0 JavaThread "Daemon worker"                     [_thread_blocked, id=19384, stack(0x0000000563600000,0x0000000563700000) (1024K)]
  0x000001c21cb08af0 JavaThread "Asynchronous log dispatcher for DefaultDaemonConnection: socket connection from /127.0.0.1:62665 to /127.0.0.1:62666"        [_thread_blocked, id=19388, stack(0x0000000563700000,0x0000000563800000) (1024K)]
  0x000001c21cb09180 JavaThread "Stdin handler"                     [_thread_blocked, id=19412, stack(0x0000000563800000,0x0000000563900000) (1024K)]
  0x000001c21cb07740 JavaThread "Daemon client event forwarder"        [_thread_blocked, id=19428, stack(0x0000000563900000,0x0000000563a00000) (1024K)]
  0x000001c21cb07dd0 JavaThread "Cache worker for journal cache (C:\Users\none\.gradle\caches\journal-1)"        [_thread_blocked, id=3048, stack(0x0000000563a00000,0x0000000563b00000) (1024K)]
  0x000001c21cb06390 JavaThread "File lock request listener"        [_thread_in_native, id=13316, stack(0x0000000563b00000,0x0000000563c00000) (1024K)]
  0x000001c21cb05d00 JavaThread "Cache worker for file hash cache (C:\Users\none\.gradle\caches\9.2.1\fileHashes)"        [_thread_blocked, id=11236, stack(0x0000000564100000,0x0000000564200000) (1024K)]
  0x000001c21cb08460 JavaThread "Cache worker for file hash cache (C:\MyMods\SableFloaters\.gradle\9.2.1\fileHashes)"        [_thread_blocked, id=7460, stack(0x0000000564500000,0x0000000564600000) (1024K)]
  0x000001c220adcdc0 JavaThread "Cache worker for checksums cache (C:\MyMods\SableFloaters\.gradle\9.2.1\checksums)"        [_thread_blocked, id=9852, stack(0x0000000564600000,0x0000000564700000) (1024K)]
  0x000001c220adba10 JavaThread "Cache worker for Build Output Cleanup Cache (C:\MyMods\SableFloaters\.gradle\buildOutputCleanup)"        [_thread_blocked, id=11840, stack(0x0000000564700000,0x0000000564800000) (1024K)]
  0x000001c220ad92b0 JavaThread "Cache worker for file content cache (C:\Users\none\.gradle\caches\9.2.1\fileContent)"        [_thread_blocked, id=12144, stack(0x0000000564800000,0x0000000564900000) (1024K)]
  0x000001c220ade800 JavaThread "File watcher server"        daemon [_thread_in_native, id=15068, stack(0x0000000564200000,0x0000000564300000) (1024K)]
  0x000001c220ad9940 JavaThread "File watcher consumer"      daemon [_thread_blocked, id=14824, stack(0x0000000564900000,0x0000000564a00000) (1024K)]
  0x000001c220addae0 JavaThread "Cache worker for cache directory md-supplier (C:\Users\none\.gradle\caches\9.2.1\md-supplier)"        [_thread_blocked, id=13744, stack(0x0000000564a00000,0x0000000564b00000) (1024K)]
  0x000001c220adc0a0 JavaThread "Cache worker for cache directory md-rule (C:\Users\none\.gradle\caches\9.2.1\md-rule)"        [_thread_blocked, id=15072, stack(0x0000000564b00000,0x0000000564c00000) (1024K)]
  0x000001c220ad9fd0 JavaThread "Build operations"                  [_thread_blocked, id=10132, stack(0x0000000564c00000,0x0000000564d00000) (1024K)]
  0x000001c220adacf0 JavaThread "Memory manager"                    [_thread_blocked, id=20768, stack(0x0000000564d00000,0x0000000564e00000) (1024K)]
  0x000001c220adc730 JavaThread "included builds"                   [_thread_blocked, id=20904, stack(0x0000000564f00000,0x0000000565000000) (1024K)]
  0x000001c220adee90 JavaThread "Execution worker"                  [_thread_blocked, id=20908, stack(0x0000000565000000,0x0000000565100000) (1024K)]
  0x000001c220ad7f00 JavaThread "Execution worker Thread 2"         [_thread_blocked, id=20912, stack(0x0000000565100000,0x0000000565200000) (1024K)]
  0x000001c220adb380 JavaThread "Execution worker Thread 3"         [_thread_blocked, id=20916, stack(0x0000000565200000,0x0000000565300000) (1024K)]
  0x000001c220add450 JavaThread "Execution worker Thread 4"         [_thread_blocked, id=20920, stack(0x0000000565300000,0x0000000565400000) (1024K)]
  0x000001c220ada660 JavaThread "Execution worker Thread 5"         [_thread_blocked, id=20924, stack(0x0000000565400000,0x0000000565500000) (1024K)]
  0x000001c220adf520 JavaThread "Execution worker Thread 6"         [_thread_blocked, id=20928, stack(0x0000000565500000,0x0000000565600000) (1024K)]
  0x000001c220ad8c20 JavaThread "Execution worker Thread 7"         [_thread_blocked, id=20932, stack(0x0000000565600000,0x0000000565700000) (1024K)]
  0x000001c220b73130 JavaThread "Execution worker Thread 8"         [_thread_blocked, id=20936, stack(0x0000000565700000,0x0000000565800000) (1024K)]
  0x000001c220b737c0 JavaThread "Execution worker Thread 9"         [_thread_blocked, id=20940, stack(0x0000000565800000,0x0000000565900000) (1024K)]
  0x000001c220b73e50 JavaThread "Execution worker Thread 10"        [_thread_blocked, id=20944, stack(0x0000000565900000,0x0000000565a00000) (1024K)]
  0x000001c220b71d80 JavaThread "Execution worker Thread 11"        [_thread_blocked, id=20948, stack(0x0000000565a00000,0x0000000565b00000) (1024K)]
  0x000001c220b72410 JavaThread "Cache worker for execution history cache (C:\MyMods\SableFloaters\.gradle\9.2.1\executionHistory)"        [_thread_blocked, id=20952, stack(0x0000000565b00000,0x0000000565c00000) (1024K)]
  0x000001c220b71060 JavaThread "Exec process"                      [_thread_in_native, id=21088, stack(0x0000000565c00000,0x0000000565d00000) (1024K)]
  0x000001c220b72aa0 JavaThread "Exec process Thread 2"             [_thread_in_native, id=21108, stack(0x0000000565d00000,0x0000000565e00000) (1024K)]
  0x000001c220b716f0 JavaThread "Exec process Thread 3"             [_thread_in_native, id=21112, stack(0x0000000565e00000,0x0000000565f00000) (1024K)]
  0x000001c220ad8590 JavaThread "File lock release action executor"        [_thread_blocked, id=13044, stack(0x0000000561600000,0x0000000561700000) (1024K)]
Total: 51

Other Threads:
  0x000001c1d58b0180 VMThread "VM Thread"                           [id=20092, stack(0x0000000562000000,0x0000000562100000) (1024K)]
  0x000001c1d5899480 WatcherThread "VM Periodic Task Thread"        [id=19884, stack(0x0000000561f00000,0x0000000562000000) (1024K)]
  0x000001c1b9e6d930 WorkerThread "GC Thread#0"                     [id=20356, stack(0x0000000561a00000,0x0000000561b00000) (1024K)]
  0x000001c1d5d42770 WorkerThread "GC Thread#1"                     [id=12028, stack(0x0000000562c00000,0x0000000562d00000) (1024K)]
  0x000001c1d5d42b20 WorkerThread "GC Thread#2"                     [id=9120, stack(0x0000000562d00000,0x0000000562e00000) (1024K)]
  0x000001c21b047690 WorkerThread "GC Thread#3"                     [id=9092, stack(0x0000000562e00000,0x0000000562f00000) (1024K)]
  0x000001c21b047e50 WorkerThread "GC Thread#4"                     [id=9076, stack(0x0000000562f00000,0x0000000563000000) (1024K)]
  0x000001c21cb897d0 WorkerThread "GC Thread#5"                     [id=7316, stack(0x0000000563c00000,0x0000000563d00000) (1024K)]
  0x000001c21ca6e740 WorkerThread "GC Thread#6"                     [id=19796, stack(0x0000000563d00000,0x0000000563e00000) (1024K)]
  0x000001c21cccf540 WorkerThread "GC Thread#7"                     [id=18496, stack(0x0000000563e00000,0x0000000563f00000) (1024K)]
  0x000001c21cccf8f0 WorkerThread "GC Thread#8"                     [id=13088, stack(0x0000000563f00000,0x0000000564000000) (1024K)]
  0x000001c21cba3080 WorkerThread "GC Thread#9"                     [id=19968, stack(0x0000000564000000,0x0000000564100000) (1024K)]
  0x000001c1b7dbdff0 ConcurrentGCThread "G1 Main Marker"            [id=20284, stack(0x0000000561b00000,0x0000000561c00000) (1024K)]
  0x000001c1b7dbea10 WorkerThread "G1 Conc#0"                       [id=20344, stack(0x0000000561c00000,0x0000000561d00000) (1024K)]
  0x000001c21cba1e10 WorkerThread "G1 Conc#1"                       [id=9184, stack(0x0000000564300000,0x0000000564400000) (1024K)]
  0x000001c21cba21c0 WorkerThread "G1 Conc#2"                       [id=11892, stack(0x0000000564400000,0x0000000564500000) (1024K)]
  0x000001c1b9efe890 ConcurrentGCThread "G1 Refine#0"               [id=19924, stack(0x0000000561d00000,0x0000000561e00000) (1024K)]
  0x000001c1d576c630 ConcurrentGCThread "G1 Service"                [id=20192, stack(0x0000000561e00000,0x0000000561f00000) (1024K)]
Total: 18

Threads with active compile tasks:
C2 CompilerThread0   101614 8141       4       javax.management.ObjectName::construct (1135 bytes)
Total: 1

VM state: not at safepoint (normal execution)

VM Mutex/Monitor currently owned by a thread: None

Heap address: 0x00000000c0000000, size: 1024 MB, Compressed Oops mode: 32-bit

CDS archive(s) mapped at: [0x000001c1d6000000-0x000001c1d6c90000-0x000001c1d6c90000), size 13172736, SharedBaseAddress: 0x000001c1d6000000, ArchiveRelocationMode: 1.
Compressed class space mapped at: 0x000001c1d7000000-0x000001c217000000, reserved size: 1073741824
Narrow klass base: 0x000001c1d6000000, Narrow klass shift: 0, Narrow klass range: 0x100000000

GC Precious Log:
 CardTable entry size: 512
 Card Set container configuration: InlinePtr #cards 5 size 8 Array Of Cards #cards 12 size 40 Howl #buckets 4 coarsen threshold 1843 Howl Bitmap #cards 512 size 80 coarsen threshold 460 Card regions per heap region 1 cards per card region 2048
 CPUs: 12 total, 12 available
 Memory: 15751M
 Large Page Support: Disabled
 NUMA Support: Disabled
 Compressed Oops: Enabled (32-bit)
 Heap Region Size: 1M
 Heap Min Capacity: 8M
 Heap Initial Capacity: 248M
 Heap Max Capacity: 1G
 Pre-touch: Disabled
 Parallel Workers: 10
 Concurrent Workers: 3
 Concurrent Refinement Workers: 10
 Periodic GC: Disabled

Heap:
 garbage-first heap   total 126976K, used 110330K [0x00000000c0000000, 0x0000000100000000)
  region size 1024K, 46 young (47104K), 4 survivors (4096K)
 Metaspace       used 57572K, committed 59648K, reserved 1114112K
  class space    used 8148K, committed 9216K, reserved 1048576K

Heap Regions: E=young(eden), S=young(survivor), O=old, HS=humongous(starts), HC=humongous(continues), CS=collection set, F=free, TAMS=top-at-mark-start, PB=parsable bottom
|   0|0x00000000c0000000, 0x00000000c0100000, 0x00000000c0100000|100%|HS|  |TAMS 0x00000000c0000000| PB 0x00000000c0000000| Complete 
|   1|0x00000000c0100000, 0x00000000c0200000, 0x00000000c0200000|100%|HC|  |TAMS 0x00000000c0100000| PB 0x00000000c0100000| Complete 
|   2|0x00000000c0200000, 0x00000000c0300000, 0x00000000c0300000|100%|HC|  |TAMS 0x00000000c0200000| PB 0x00000000c0200000| Complete 
|   3|0x00000000c0300000, 0x00000000c0400000, 0x00000000c0400000|100%|HC|  |TAMS 0x00000000c0300000| PB 0x00000000c0300000| Complete 
|   4|0x00000000c0400000, 0x00000000c0500000, 0x00000000c0500000|100%| O|  |TAMS 0x00000000c0400000| PB 0x00000000c0400000| Untracked 
|   5|0x00000000c0500000, 0x00000000c0600000, 0x00000000c0600000|100%| O|  |TAMS 0x00000000c0500000| PB 0x00000000c0500000| Untracked 
|   6|0x00000000c0600000, 0x00000000c0700000, 0x00000000c0700000|100%| O|  |TAMS 0x00000000c0600000| PB 0x00000000c0600000| Untracked 
|   7|0x00000000c0700000, 0x00000000c0800000, 0x00000000c0800000|100%|HS|  |TAMS 0x00000000c0700000| PB 0x00000000c0700000| Complete 
|   8|0x00000000c0800000, 0x00000000c0900000, 0x00000000c0900000|100%| O|  |TAMS 0x00000000c0800000| PB 0x00000000c0800000| Untracked 
|   9|0x00000000c0900000, 0x00000000c0a00000, 0x00000000c0a00000|100%| O|  |TAMS 0x00000000c0900000| PB 0x00000000c0900000| Untracked 
|  10|0x00000000c0a00000, 0x00000000c0b00000, 0x00000000c0b00000|100%| O|  |TAMS 0x00000000c0a00000| PB 0x00000000c0a00000| Untracked 
|  11|0x00000000c0b00000, 0x00000000c0c00000, 0x00000000c0c00000|100%| O|  |TAMS 0x00000000c0b00000| PB 0x00000000c0b00000| Untracked 
|  12|0x00000000c0c00000, 0x00000000c0d00000, 0x00000000c0d00000|100%| O|  |TAMS 0x00000000c0c00000| PB 0x00000000c0c00000| Untracked 
|  13|0x00000000c0d00000, 0x00000000c0e00000, 0x00000000c0e00000|100%| O|  |TAMS 0x00000000c0d00000| PB 0x00000000c0d00000| Untracked 
|  14|0x00000000c0e00000, 0x00000000c0f00000, 0x00000000c0f00000|100%| O|  |TAMS 0x00000000c0e00000| PB 0x00000000c0e00000| Untracked 
|  15|0x00000000c0f00000, 0x00000000c1000000, 0x00000000c1000000|100%| O|  |TAMS 0x00000000c0f00000| PB 0x00000000c0f00000| Untracked 
|  16|0x00000000c1000000, 0x00000000c1100000, 0x00000000c1100000|100%| O|  |TAMS 0x00000000c1000000| PB 0x00000000c1000000| Untracked 
|  17|0x00000000c1100000, 0x00000000c1200000, 0x00000000c1200000|100%| O|  |TAMS 0x00000000c1100000| PB 0x00000000c1100000| Untracked 
|  18|0x00000000c1200000, 0x00000000c1300000, 0x00000000c1300000|100%| O|  |TAMS 0x00000000c1200000| PB 0x00000000c1200000| Untracked 
|  19|0x00000000c1300000, 0x00000000c1400000, 0x00000000c1400000|100%| O|  |TAMS 0x00000000c1300000| PB 0x00000000c1300000| Untracked 
|  20|0x00000000c1400000, 0x00000000c1500000, 0x00000000c1500000|100%| O|  |TAMS 0x00000000c1400000| PB 0x00000000c1400000| Untracked 
|  21|0x00000000c1500000, 0x00000000c1600000, 0x00000000c1600000|100%| O|  |TAMS 0x00000000c1500000| PB 0x00000000c1500000| Untracked 
|  22|0x00000000c1600000, 0x00000000c1700000, 0x00000000c1700000|100%| O|  |TAMS 0x00000000c1600000| PB 0x00000000c1600000| Untracked 
|  23|0x00000000c1700000, 0x00000000c1800000, 0x00000000c1800000|100%| O|  |TAMS 0x00000000c1700000| PB 0x00000000c1700000| Untracked 
|  24|0x00000000c1800000, 0x00000000c1900000, 0x00000000c1900000|100%| O|  |TAMS 0x00000000c1800000| PB 0x00000000c1800000| Untracked 
|  25|0x00000000c1900000, 0x00000000c1a00000, 0x00000000c1a00000|100%| O|  |TAMS 0x00000000c1900000| PB 0x00000000c1900000| Untracked 
|  26|0x00000000c1a00000, 0x00000000c1b00000, 0x00000000c1b00000|100%| O|  |TAMS 0x00000000c1a00000| PB 0x00000000c1a00000| Untracked 
|  27|0x00000000c1b00000, 0x00000000c1c00000, 0x00000000c1c00000|100%| O|  |TAMS 0x00000000c1b00000| PB 0x00000000c1b00000| Untracked 
|  28|0x00000000c1c00000, 0x00000000c1d00000, 0x00000000c1d00000|100%| O|  |TAMS 0x00000000c1c00000| PB 0x00000000c1c00000| Untracked 
|  29|0x00000000c1d00000, 0x00000000c1e00000, 0x00000000c1e00000|100%| O|  |TAMS 0x00000000c1d00000| PB 0x00000000c1d00000| Untracked 
|  30|0x00000000c1e00000, 0x00000000c1f00000, 0x00000000c1f00000|100%| O|  |TAMS 0x00000000c1e00000| PB 0x00000000c1e00000| Untracked 
|  31|0x00000000c1f00000, 0x00000000c2000000, 0x00000000c2000000|100%| O|  |TAMS 0x00000000c1f00000| PB 0x00000000c1f00000| Untracked 
|  32|0x00000000c2000000, 0x00000000c2100000, 0x00000000c2100000|100%|HS|  |TAMS 0x00000000c2000000| PB 0x00000000c2000000| Complete 
|  33|0x00000000c2100000, 0x00000000c2200000, 0x00000000c2200000|100%|HC|  |TAMS 0x00000000c2100000| PB 0x00000000c2100000| Complete 
|  34|0x00000000c2200000, 0x00000000c2300000, 0x00000000c2300000|100%| O|  |TAMS 0x00000000c2200000| PB 0x00000000c2200000| Untracked 
|  35|0x00000000c2300000, 0x00000000c2400000, 0x00000000c2400000|100%| O|  |TAMS 0x00000000c2300000| PB 0x00000000c2300000| Untracked 
|  36|0x00000000c2400000, 0x00000000c2500000, 0x00000000c2500000|100%| O|  |TAMS 0x00000000c2400000| PB 0x00000000c2400000| Untracked 
|  37|0x00000000c2500000, 0x00000000c2600000, 0x00000000c2600000|100%| O|  |TAMS 0x00000000c2500000| PB 0x00000000c2500000| Untracked 
|  38|0x00000000c2600000, 0x00000000c2700000, 0x00000000c2700000|100%| O|  |TAMS 0x00000000c2600000| PB 0x00000000c2600000| Untracked 
|  39|0x00000000c2700000, 0x00000000c2800000, 0x00000000c2800000|100%| O|  |TAMS 0x00000000c2700000| PB 0x00000000c2700000| Untracked 
|  40|0x00000000c2800000, 0x00000000c2900000, 0x00000000c2900000|100%| O|  |TAMS 0x00000000c2800000| PB 0x00000000c2800000| Untracked 
|  41|0x00000000c2900000, 0x00000000c2a00000, 0x00000000c2a00000|100%| O|  |TAMS 0x00000000c2900000| PB 0x00000000c2900000| Untracked 
|  42|0x00000000c2a00000, 0x00000000c2b00000, 0x00000000c2b00000|100%| O|  |TAMS 0x00000000c2a00000| PB 0x00000000c2a00000| Untracked 
|  43|0x00000000c2b00000, 0x00000000c2c00000, 0x00000000c2c00000|100%| O|  |TAMS 0x00000000c2b00000| PB 0x00000000c2b00000| Untracked 
|  44|0x00000000c2c00000, 0x00000000c2d00000, 0x00000000c2d00000|100%| O|  |TAMS 0x00000000c2c00000| PB 0x00000000c2c00000| Untracked 
|  45|0x00000000c2d00000, 0x00000000c2e00000, 0x00000000c2e00000|100%| O|  |TAMS 0x00000000c2d00000| PB 0x00000000c2d00000| Untracked 
|  46|0x00000000c2e00000, 0x00000000c2f00000, 0x00000000c2f00000|100%| O|  |TAMS 0x00000000c2e00000| PB 0x00000000c2e00000| Untracked 
|  47|0x00000000c2f00000, 0x00000000c3000000, 0x00000000c3000000|100%| O|  |TAMS 0x00000000c2f00000| PB 0x00000000c2f00000| Untracked 
|  48|0x00000000c3000000, 0x00000000c3100000, 0x00000000c3100000|100%| O|  |TAMS 0x00000000c3000000| PB 0x00000000c3000000| Untracked 
|  49|0x00000000c3100000, 0x00000000c3200000, 0x00000000c3200000|100%| O|  |TAMS 0x00000000c3100000| PB 0x00000000c3100000| Untracked 
|  50|0x00000000c3200000, 0x00000000c3300000, 0x00000000c3300000|100%| O|  |TAMS 0x00000000c3200000| PB 0x00000000c3200000| Untracked 
|  51|0x00000000c3300000, 0x00000000c3400000, 0x00000000c3400000|100%| O|  |TAMS 0x00000000c3300000| PB 0x00000000c3300000| Untracked 
|  52|0x00000000c3400000, 0x00000000c3500000, 0x00000000c3500000|100%| O|Cm|TAMS 0x00000000c3400000| PB 0x00000000c3400000| Complete 
|  53|0x00000000c3500000, 0x00000000c3600000, 0x00000000c3600000|100%| O|  |TAMS 0x00000000c3500000| PB 0x00000000c3500000| Untracked 
|  54|0x00000000c3600000, 0x00000000c3700000, 0x00000000c3700000|100%| O|  |TAMS 0x00000000c3600000| PB 0x00000000c3600000| Untracked 
|  55|0x00000000c3700000, 0x00000000c3800000, 0x00000000c3800000|100%| O|  |TAMS 0x00000000c3700000| PB 0x00000000c3700000| Untracked 
|  56|0x00000000c3800000, 0x00000000c3900000, 0x00000000c3900000|100%| O|  |TAMS 0x00000000c3800000| PB 0x00000000c3800000| Untracked 
|  57|0x00000000c3900000, 0x00000000c3984d20, 0x00000000c3a00000| 51%| O|  |TAMS 0x00000000c3900000| PB 0x00000000c3900000| Untracked 
|  58|0x00000000c3a00000, 0x00000000c3a00000, 0x00000000c3b00000|  0%| F|  |TAMS 0x00000000c3a00000| PB 0x00000000c3a00000| Untracked 
|  59|0x00000000c3b00000, 0x00000000c3b00000, 0x00000000c3c00000|  0%| F|  |TAMS 0x00000000c3b00000| PB 0x00000000c3b00000| Untracked 
|  60|0x00000000c3c00000, 0x00000000c3c00000, 0x00000000c3d00000|  0%| F|  |TAMS 0x00000000c3c00000| PB 0x00000000c3c00000| Untracked 
|  61|0x00000000c3d00000, 0x00000000c3d00000, 0x00000000c3e00000|  0%| F|  |TAMS 0x00000000c3d00000| PB 0x00000000c3d00000| Untracked 
|  62|0x00000000c3e00000, 0x00000000c3e00000, 0x00000000c3f00000|  0%| F|  |TAMS 0x00000000c3e00000| PB 0x00000000c3e00000| Untracked 
|  63|0x00000000c3f00000, 0x00000000c3f00000, 0x00000000c4000000|  0%| F|  |TAMS 0x00000000c3f00000| PB 0x00000000c3f00000| Untracked 
|  64|0x00000000c4000000, 0x00000000c4000000, 0x00000000c4100000|  0%| F|  |TAMS 0x00000000c4000000| PB 0x00000000c4000000| Untracked 
|  65|0x00000000c4100000, 0x00000000c4100000, 0x00000000c4200000|  0%| F|  |TAMS 0x00000000c4100000| PB 0x00000000c4100000| Untracked 
|  66|0x00000000c4200000, 0x00000000c4200000, 0x00000000c4300000|  0%| F|  |TAMS 0x00000000c4200000| PB 0x00000000c4200000| Untracked 
|  67|0x00000000c4300000, 0x00000000c4300000, 0x00000000c4400000|  0%| F|  |TAMS 0x00000000c4300000| PB 0x00000000c4300000| Untracked 
|  68|0x00000000c4400000, 0x00000000c4400000, 0x00000000c4500000|  0%| F|  |TAMS 0x00000000c4400000| PB 0x00000000c4400000| Untracked 
|  69|0x00000000c4500000, 0x00000000c4500000, 0x00000000c4600000|  0%| F|  |TAMS 0x00000000c4500000| PB 0x00000000c4500000| Untracked 
|  70|0x00000000c4600000, 0x00000000c4600000, 0x00000000c4700000|  0%| F|  |TAMS 0x00000000c4600000| PB 0x00000000c4600000| Untracked 
|  71|0x00000000c4700000, 0x00000000c4700000, 0x00000000c4800000|  0%| F|  |TAMS 0x00000000c4700000| PB 0x00000000c4700000| Untracked 
|  72|0x00000000c4800000, 0x00000000c482eef8, 0x00000000c4900000| 18%| E|  |TAMS 0x00000000c4800000| PB 0x00000000c4800000| Complete 
|  73|0x00000000c4900000, 0x00000000c4a00000, 0x00000000c4a00000|100%| E|CS|TAMS 0x00000000c4900000| PB 0x00000000c4900000| Complete 
|  74|0x00000000c4a00000, 0x00000000c4b00000, 0x00000000c4b00000|100%| E|CS|TAMS 0x00000000c4a00000| PB 0x00000000c4a00000| Complete 
|  75|0x00000000c4b00000, 0x00000000c4c00000, 0x00000000c4c00000|100%| E|CS|TAMS 0x00000000c4b00000| PB 0x00000000c4b00000| Complete 
|  76|0x00000000c4c00000, 0x00000000c4d00000, 0x00000000c4d00000|100%| E|CS|TAMS 0x00000000c4c00000| PB 0x00000000c4c00000| Complete 
|  77|0x00000000c4d00000, 0x00000000c4e00000, 0x00000000c4e00000|100%| E|CS|TAMS 0x00000000c4d00000| PB 0x00000000c4d00000| Complete 
|  78|0x00000000c4e00000, 0x00000000c4f00000, 0x00000000c4f00000|100%| E|CS|TAMS 0x00000000c4e00000| PB 0x00000000c4e00000| Complete 
|  79|0x00000000c4f00000, 0x00000000c5000000, 0x00000000c5000000|100%| E|CS|TAMS 0x00000000c4f00000| PB 0x00000000c4f00000| Complete 
|  80|0x00000000c5000000, 0x00000000c5100000, 0x00000000c5100000|100%| E|CS|TAMS 0x00000000c5000000| PB 0x00000000c5000000| Complete 
|  81|0x00000000c5100000, 0x00000000c5139ec0, 0x00000000c5200000| 22%| S|CS|TAMS 0x00000000c5100000| PB 0x00000000c5100000| Complete 
|  82|0x00000000c5200000, 0x00000000c5300000, 0x00000000c5300000|100%| S|CS|TAMS 0x00000000c5200000| PB 0x00000000c5200000| Complete 
|  83|0x00000000c5300000, 0x00000000c5400000, 0x00000000c5400000|100%| S|CS|TAMS 0x00000000c5300000| PB 0x00000000c5300000| Complete 
|  84|0x00000000c5400000, 0x00000000c5500000, 0x00000000c5500000|100%| S|CS|TAMS 0x00000000c5400000| PB 0x00000000c5400000| Complete 
|  85|0x00000000c5500000, 0x00000000c5600000, 0x00000000c5600000|100%| E|CS|TAMS 0x00000000c5500000| PB 0x00000000c5500000| Complete 
|  86|0x00000000c5600000, 0x00000000c5700000, 0x00000000c5700000|100%| E|CS|TAMS 0x00000000c5600000| PB 0x00000000c5600000| Complete 
|  87|0x00000000c5700000, 0x00000000c5800000, 0x00000000c5800000|100%| E|CS|TAMS 0x00000000c5700000| PB 0x00000000c5700000| Complete 
|  88|0x00000000c5800000, 0x00000000c5900000, 0x00000000c5900000|100%| E|CS|TAMS 0x00000000c5800000| PB 0x00000000c5800000| Complete 
|  89|0x00000000c5900000, 0x00000000c5a00000, 0x00000000c5a00000|100%| E|CS|TAMS 0x00000000c5900000| PB 0x00000000c5900000| Complete 
|  90|0x00000000c5a00000, 0x00000000c5b00000, 0x00000000c5b00000|100%| E|CS|TAMS 0x00000000c5a00000| PB 0x00000000c5a00000| Complete 
|  91|0x00000000c5b00000, 0x00000000c5c00000, 0x00000000c5c00000|100%| E|CS|TAMS 0x00000000c5b00000| PB 0x00000000c5b00000| Complete 
|  92|0x00000000c5c00000, 0x00000000c5d00000, 0x00000000c5d00000|100%| E|CS|TAMS 0x00000000c5c00000| PB 0x00000000c5c00000| Complete 
|  93|0x00000000c5d00000, 0x00000000c5e00000, 0x00000000c5e00000|100%| E|CS|TAMS 0x00000000c5d00000| PB 0x00000000c5d00000| Complete 
|  94|0x00000000c5e00000, 0x00000000c5f00000, 0x00000000c5f00000|100%| E|CS|TAMS 0x00000000c5e00000| PB 0x00000000c5e00000| Complete 
|  95|0x00000000c5f00000, 0x00000000c6000000, 0x00000000c6000000|100%| E|CS|TAMS 0x00000000c5f00000| PB 0x00000000c5f00000| Complete 
|  96|0x00000000c6000000, 0x00000000c6100000, 0x00000000c6100000|100%| E|CS|TAMS 0x00000000c6000000| PB 0x00000000c6000000| Complete 
|  97|0x00000000c6100000, 0x00000000c6200000, 0x00000000c6200000|100%| E|CS|TAMS 0x00000000c6100000| PB 0x00000000c6100000| Complete 
|  98|0x00000000c6200000, 0x00000000c6300000, 0x00000000c6300000|100%| E|CS|TAMS 0x00000000c6200000| PB 0x00000000c6200000| Complete 
|  99|0x00000000c6300000, 0x00000000c6400000, 0x00000000c6400000|100%| E|CS|TAMS 0x00000000c6300000| PB 0x00000000c6300000| Complete 
| 100|0x00000000c6400000, 0x00000000c6500000, 0x00000000c6500000|100%| E|CS|TAMS 0x00000000c6400000| PB 0x00000000c6400000| Complete 
| 101|0x00000000c6500000, 0x00000000c6600000, 0x00000000c6600000|100%| E|CS|TAMS 0x00000000c6500000| PB 0x00000000c6500000| Complete 
| 102|0x00000000c6600000, 0x00000000c6700000, 0x00000000c6700000|100%| E|CS|TAMS 0x00000000c6600000| PB 0x00000000c6600000| Complete 
| 103|0x00000000c6700000, 0x00000000c6800000, 0x00000000c6800000|100%| E|CS|TAMS 0x00000000c6700000| PB 0x00000000c6700000| Complete 
| 104|0x00000000c6800000, 0x00000000c6900000, 0x00000000c6900000|100%| E|CS|TAMS 0x00000000c6800000| PB 0x00000000c6800000| Complete 
| 105|0x00000000c6900000, 0x00000000c6a00000, 0x00000000c6a00000|100%| E|CS|TAMS 0x00000000c6900000| PB 0x00000000c6900000| Complete 
| 106|0x00000000c6a00000, 0x00000000c6b00000, 0x00000000c6b00000|100%| E|CS|TAMS 0x00000000c6a00000| PB 0x00000000c6a00000| Complete 
| 202|0x00000000cca00000, 0x00000000ccb00000, 0x00000000ccb00000|100%| E|CS|TAMS 0x00000000cca00000| PB 0x00000000cca00000| Complete 
| 203|0x00000000ccb00000, 0x00000000ccc00000, 0x00000000ccc00000|100%| E|CS|TAMS 0x00000000ccb00000| PB 0x00000000ccb00000| Complete 
| 204|0x00000000ccc00000, 0x00000000ccd00000, 0x00000000ccd00000|100%| E|CS|TAMS 0x00000000ccc00000| PB 0x00000000ccc00000| Complete 
| 205|0x00000000ccd00000, 0x00000000cce00000, 0x00000000cce00000|100%| E|CS|TAMS 0x00000000ccd00000| PB 0x00000000ccd00000| Complete 
| 206|0x00000000cce00000, 0x00000000ccf00000, 0x00000000ccf00000|100%| E|CS|TAMS 0x00000000cce00000| PB 0x00000000cce00000| Complete 
| 207|0x00000000ccf00000, 0x00000000cd000000, 0x00000000cd000000|100%| E|CS|TAMS 0x00000000ccf00000| PB 0x00000000ccf00000| Complete 
| 208|0x00000000cd000000, 0x00000000cd100000, 0x00000000cd100000|100%| E|CS|TAMS 0x00000000cd000000| PB 0x00000000cd000000| Complete 
| 209|0x00000000cd100000, 0x00000000cd200000, 0x00000000cd200000|100%| E|CS|TAMS 0x00000000cd100000| PB 0x00000000cd100000| Complete 
| 210|0x00000000cd200000, 0x00000000cd300000, 0x00000000cd300000|100%| E|CS|TAMS 0x00000000cd200000| PB 0x00000000cd200000| Complete 
| 211|0x00000000cd300000, 0x00000000cd400000, 0x00000000cd400000|100%| E|CS|TAMS 0x00000000cd300000| PB 0x00000000cd300000| Complete 
| 247|0x00000000cf700000, 0x00000000cf800000, 0x00000000cf800000|100%| E|CS|TAMS 0x00000000cf700000| PB 0x00000000cf700000| Complete 
|1018|0x00000000ffa00000, 0x00000000ffb00000, 0x00000000ffb00000|100%| O|Cm|TAMS 0x00000000ffa00000| PB 0x00000000ffa00000| Complete 
|1019|0x00000000ffb00000, 0x00000000ffc00000, 0x00000000ffc00000|100%| O|  |TAMS 0x00000000ffb00000| PB 0x00000000ffb00000| Untracked 
|1020|0x00000000ffc00000, 0x00000000ffd00000, 0x00000000ffd00000|100%| O|  |TAMS 0x00000000ffc00000| PB 0x00000000ffc00000| Untracked 
|1021|0x00000000ffd00000, 0x00000000ffe00000, 0x00000000ffe00000|100%| O|  |TAMS 0x00000000ffd00000| PB 0x00000000ffd00000| Untracked 
|1022|0x00000000ffe00000, 0x00000000fff00000, 0x00000000fff00000|100%| O|  |TAMS 0x00000000ffe00000| PB 0x00000000ffe00000| Untracked 
|1023|0x00000000fff00000, 0x0000000100000000, 0x0000000100000000|100%| O|  |TAMS 0x00000000fff00000| PB 0x00000000fff00000| Untracked 

Card table byte_map: [0x000001c1d1a30000,0x000001c1d1c30000] _byte_map_base: 0x000001c1d1430000

Marking Bits: (CMBitMap*) 0x000001c1b9e6e760
 Bits: [0x000001c1d1c30000, 0x000001c1d2c30000)

Polling page: 0x000001c1b9600000

Metaspace:

Usage:
  Non-class:     48.27 MB used.
      Class:      7.96 MB used.
       Both:     56.22 MB used.

Virtual space:
  Non-class space:       64.00 MB reserved,      49.25 MB ( 77%) committed,  1 nodes.
      Class space:        1.00 GB reserved,       9.00 MB ( <1%) committed,  1 nodes.
             Both:        1.06 GB reserved,      58.25 MB (  5%) committed. 

Chunk freelists:
   Non-Class:  14.26 MB
       Class:  6.95 MB
        Both:  21.21 MB

MaxMetaspaceSize: unlimited
CompressedClassSpaceSize: 1.00 GB
Initial GC threshold: 21.00 MB
Current GC threshold: 95.75 MB
CDS: on
 - commit_granule_bytes: 65536.
 - commit_granule_words: 8192.
 - virtual_space_node_default_size: 8388608.
 - enlarge_chunks_in_place: 1.
 - use_allocation_guard: 0.


Internal statistics:

num_allocs_failed_limit: 6.
num_arena_births: 3892.
num_arena_deaths: 38.
num_vsnodes_births: 2.
num_vsnodes_deaths: 0.
num_space_committed: 932.
num_space_uncommitted: 0.
num_chunks_returned_to_freelist: 63.
num_chunks_taken_from_freelist: 7009.
num_chunk_merges: 7.
num_chunk_splits: 4323.
num_chunks_enlarged: 2416.
num_inconsistent_stats: 0.

CodeHeap 'non-profiled nmethods': size=120000Kb used=4416Kb max_used=4416Kb free=115584Kb
 bounds [0x000001c1c9db0000, 0x000001c1ca200000, 0x000001c1d12e0000]
CodeHeap 'profiled nmethods': size=120000Kb used=12703Kb max_used=12992Kb free=107296Kb
 bounds [0x000001c1c22e0000, 0x000001c1c2fa0000, 0x000001c1c9810000]
CodeHeap 'non-nmethods': size=5760Kb used=1990Kb max_used=2043Kb free=3769Kb
 bounds [0x000001c1c9810000, 0x000001c1c9a80000, 0x000001c1c9db0000]
 total_blobs=7572 nmethods=6828 adapters=647
 compilation: enabled
              stopped_count=0, restarted_count=0
 full_count=0

Compilation events (20 events):
Event: 74.032 Thread 0x000001c1d59eb210 nmethod 8131 0x000001c1c2930990 code [0x000001c1c2930b40, 0x000001c1c2931388]
Event: 74.032 Thread 0x000001c1d59eb210 8132       3       java.lang.AbstractStringBuilder::append (54 bytes)
Event: 74.032 Thread 0x000001c1d59eb210 nmethod 8132 0x000001c1c292fc90 code [0x000001c1c292fec0, 0x000001c1c2930818]
Event: 74.201 Thread 0x000001c1d59eb210 8133       3       org.gradle.internal.serialize.InputStreamBackedDecoder::readBytes (11 bytes)
Event: 74.201 Thread 0x000001c1d59eb210 nmethod 8133 0x000001c1c28cbd90 code [0x000001c1c28cbf40, 0x000001c1c28cc080]
Event: 79.601 Thread 0x000001c1d59eb210 8134       3       java.util.HashMap$Values::spliterator (16 bytes)
Event: 79.601 Thread 0x000001c1d59eb210 nmethod 8134 0x000001c1c2411090 code [0x000001c1c2411240, 0x000001c1c2411408]
Event: 79.601 Thread 0x000001c1d59eb210 8135       3       java.util.HashMap$ValueSpliterator::<init> (12 bytes)
Event: 79.601 Thread 0x000001c1d59eb210 nmethod 8135 0x000001c1c28e2190 code [0x000001c1c28e2340, 0x000001c1c28e2570]
Event: 79.601 Thread 0x000001c1d59eb210 8136       3       java.util.HashMap$HashMapSpliterator::estimateSize (11 bytes)
Event: 79.602 Thread 0x000001c1d59eb210 nmethod 8136 0x000001c1c292f910 code [0x000001c1c292fac0, 0x000001c1c292fc10]
Event: 93.585 Thread 0x000001c1d59e81b0 8137       4       java.util.stream.ReferencePipeline$2$1::accept (27 bytes)
Event: 93.608 Thread 0x000001c1d59e81b0 nmethod 8137 0x000001c1ca1ff990 code [0x000001c1ca1ffb20, 0x000001c1ca1ffc20]
Event: 93.931 Thread 0x000001c1d59eb210 8138       3       java.lang.String::startsWith (7 bytes)
Event: 93.931 Thread 0x000001c1d59eb210 nmethod 8138 0x000001c1c292f590 code [0x000001c1c292f740, 0x000001c1c292f880]
Event: 93.932 Thread 0x000001c1d59eb210 8139       3       java.lang.String::<init> (98 bytes)
Event: 93.959 Thread 0x000001c1d59eb210 nmethod 8139 0x000001c1c23e1590 code [0x000001c1c23e1980, 0x000001c1c23e34c8]
Event: 93.959 Thread 0x000001c1d59eb210 8140       3       java.lang.StringBuilder::toString (9 bytes)
Event: 93.959 Thread 0x000001c1d59eb210 nmethod 8140 0x000001c1c23e0f90 code [0x000001c1c23e1140, 0x000001c1c23e1350]
Event: 100.914 Thread 0x000001c1d59e81b0 8141       4       javax.management.ObjectName::construct (1135 bytes)

GC Heap History (20 events):
Event: 9.673 GC heap before
{Heap before GC invocations=11 (full 0):
 garbage-first heap   total 86016K, used 75841K [0x00000000c0000000, 0x0000000100000000)
  region size 1024K, 42 young (43008K), 6 survivors (6144K)
 Metaspace       used 49254K, committed 51200K, reserved 1114112K
  class space    used 6950K, committed 7936K, reserved 1048576K
}
Event: 9.678 GC heap after
{Heap after GC invocations=12 (full 0):
 garbage-first heap   total 87040K, used 43335K [0x00000000c0000000, 0x0000000100000000)
  region size 1024K, 5 young (5120K), 5 survivors (5120K)
 Metaspace       used 49254K, committed 51200K, reserved 1114112K
  class space    used 6950K, committed 7936K, reserved 1048576K
}
Event: 10.149 GC heap before
{Heap before GC invocations=12 (full 0):
 garbage-first heap   total 87040K, used 76103K [0x00000000c0000000, 0x0000000100000000)
  region size 1024K, 37 young (37888K), 5 survivors (5120K)
 Metaspace       used 52402K, committed 54400K, reserved 1114112K
  class space    used 7356K, committed 8320K, reserved 1048576K
}
Event: 10.153 GC heap after
{Heap after GC invocations=13 (full 0):
 garbage-first heap   total 87040K, used 45974K [0x00000000c0000000, 0x0000000100000000)
  region size 1024K, 4 young (4096K), 4 survivors (4096K)
 Metaspace       used 52402K, committed 54400K, reserved 1114112K
  class space    used 7356K, committed 8320K, reserved 1048576K
}
Event: 10.559 GC heap before
{Heap before GC invocations=13 (full 0):
 garbage-first heap   total 87040K, used 76694K [0x00000000c0000000, 0x0000000100000000)
  region size 1024K, 34 young (34816K), 4 survivors (4096K)
 Metaspace       used 55311K, committed 57408K, reserved 1114112K
  class space    used 7855K, committed 8896K, reserved 1048576K
}
Event: 10.564 GC heap after
{Heap after GC invocations=14 (full 0):
 garbage-first heap   total 87040K, used 48128K [0x00000000c0000000, 0x0000000100000000)
  region size 1024K, 2 young (2048K), 2 survivors (2048K)
 Metaspace       used 55311K, committed 57408K, reserved 1114112K
  class space    used 7855K, committed 8896K, reserved 1048576K
}
Event: 12.134 GC heap before
{Heap before GC invocations=15 (full 0):
 garbage-first heap   total 89088K, used 77824K [0x00000000c0000000, 0x0000000100000000)
  region size 1024K, 32 young (32768K), 2 survivors (2048K)
 Metaspace       used 56658K, committed 58816K, reserved 1114112K
  class space    used 8054K, committed 9152K, reserved 1048576K
}
Event: 12.137 GC heap after
{Heap after GC invocations=16 (full 0):
 garbage-first heap   total 89088K, used 51745K [0x00000000c0000000, 0x0000000100000000)
  region size 1024K, 4 young (4096K), 4 survivors (4096K)
 Metaspace       used 56658K, committed 58816K, reserved 1114112K
  class space    used 8054K, committed 9152K, reserved 1048576K
}
Event: 12.331 GC heap before
{Heap before GC invocations=16 (full 0):
 garbage-first heap   total 89088K, used 78369K [0x00000000c0000000, 0x0000000100000000)
  region size 1024K, 31 young (31744K), 4 survivors (4096K)
 Metaspace       used 56684K, committed 58816K, reserved 1114112K
  class space    used 8055K, committed 9152K, reserved 1048576K
}
Event: 12.336 GC heap after
{Heap after GC invocations=17 (full 0):
 garbage-first heap   total 89088K, used 55384K [0x00000000c0000000, 0x0000000100000000)
  region size 1024K, 4 young (4096K), 4 survivors (4096K)
 Metaspace       used 56684K, committed 58816K, reserved 1114112K
  class space    used 8055K, committed 9152K, reserved 1048576K
}
Event: 12.490 GC heap before
{Heap before GC invocations=17 (full 0):
 garbage-first heap   total 89088K, used 78936K [0x00000000c0000000, 0x0000000100000000)
  region size 1024K, 27 young (27648K), 4 survivors (4096K)
 Metaspace       used 56684K, committed 58816K, reserved 1114112K
  class space    used 8055K, committed 9152K, reserved 1048576K
}
Event: 12.493 GC heap after
{Heap after GC invocations=18 (full 0):
 garbage-first heap   total 89088K, used 56595K [0x00000000c0000000, 0x0000000100000000)
  region size 1024K, 2 young (2048K), 2 survivors (2048K)
 Metaspace       used 56684K, committed 58816K, reserved 1114112K
  class space    used 8055K, committed 9152K, reserved 1048576K
}
Event: 12.665 GC heap before
{Heap before GC invocations=19 (full 0):
 garbage-first heap   total 102400K, used 81171K [0x00000000c0000000, 0x0000000100000000)
  region size 1024K, 26 young (26624K), 2 survivors (2048K)
 Metaspace       used 56625K, committed 58816K, reserved 1114112K
  class space    used 8045K, committed 9152K, reserved 1048576K
}
Event: 12.667 GC heap after
{Heap after GC invocations=20 (full 0):
 garbage-first heap   total 102400K, used 57471K [0x00000000c0000000, 0x0000000100000000)
  region size 1024K, 3 young (3072K), 3 survivors (3072K)
 Metaspace       used 56625K, committed 58816K, reserved 1114112K
  class space    used 8045K, committed 9152K, reserved 1048576K
}
Event: 12.855 GC heap before
{Heap before GC invocations=20 (full 0):
 garbage-first heap   total 102400K, used 100479K [0x00000000c0000000, 0x0000000100000000)
  region size 1024K, 37 young (37888K), 3 survivors (3072K)
 Metaspace       used 56665K, committed 58816K, reserved 1114112K
  class space    used 8045K, committed 9152K, reserved 1048576K
}
Event: 12.863 GC heap after
{Heap after GC invocations=21 (full 0):
 garbage-first heap   total 113664K, used 64432K [0x00000000c0000000, 0x0000000100000000)
  region size 1024K, 5 young (5120K), 5 survivors (5120K)
 Metaspace       used 56665K, committed 58816K, reserved 1114112K
  class space    used 8045K, committed 9152K, reserved 1048576K
}
Event: 13.037 GC heap before
{Heap before GC invocations=21 (full 0):
 garbage-first heap   total 113664K, used 99248K [0x00000000c0000000, 0x0000000100000000)
  region size 1024K, 39 young (39936K), 5 survivors (5120K)
 Metaspace       used 56666K, committed 58816K, reserved 1114112K
  class space    used 8045K, committed 9152K, reserved 1048576K
}
Event: 13.040 GC heap after
{Heap after GC invocations=22 (full 0):
 garbage-first heap   total 113664K, used 66963K [0x00000000c0000000, 0x0000000100000000)
  region size 1024K, 2 young (2048K), 2 survivors (2048K)
 Metaspace       used 56666K, committed 58816K, reserved 1114112K
  class space    used 8045K, committed 9152K, reserved 1048576K
}
Event: 13.215 GC heap before
{Heap before GC invocations=23 (full 0):
 garbage-first heap   total 126976K, used 100755K [0x00000000c0000000, 0x0000000100000000)
  region size 1024K, 35 young (35840K), 2 survivors (2048K)
 Metaspace       used 56666K, committed 58816K, reserved 1114112K
  class space    used 8045K, committed 9152K, reserved 1048576K
}
Event: 13.217 GC heap after
{Heap after GC invocations=24 (full 0):
 garbage-first heap   total 126976K, used 68346K [0x00000000c0000000, 0x0000000100000000)
  region size 1024K, 4 young (4096K), 4 survivors (4096K)
 Metaspace       used 56666K, committed 58816K, reserved 1114112K
  class space    used 8045K, committed 9152K, reserved 1048576K
}

Dll operation events (15 events):
Event: 0.020 Loaded shared library C:\Program Files\Java\jdk-21.0.10\bin\java.dll
Event: 0.077 Loaded shared library C:\Program Files\Java\jdk-21.0.10\bin\jsvml.dll
Event: 0.149 Loaded shared library C:\Program Files\Java\jdk-21.0.10\bin\zip.dll
Event: 0.154 Loaded shared library C:\Program Files\Java\jdk-21.0.10\bin\instrument.dll
Event: 0.161 Loaded shared library C:\Program Files\Java\jdk-21.0.10\bin\net.dll
Event: 0.165 Loaded shared library C:\Program Files\Java\jdk-21.0.10\bin\nio.dll
Event: 0.171 Loaded shared library C:\Program Files\Java\jdk-21.0.10\bin\zip.dll
Event: 0.714 Loaded shared library C:\Program Files\Java\jdk-21.0.10\bin\jimage.dll
Event: 1.116 Loaded shared library C:\Program Files\Java\jdk-21.0.10\bin\verify.dll
Event: 1.168 Loaded shared library C:\Users\none\.gradle\native\660c5614fbf4a5f2a75b1949f50a0caf5cd603558e7d8a26e50b933a0cfb79d1\windows-amd64\native-platform.dll
Event: 1.192 Loaded shared library C:\Users\none\.gradle\native\0.2.8\x86_64-windows-gnu\gradle-fileevents.dll
Event: 3.526 Loaded shared library C:\Program Files\Java\jdk-21.0.10\bin\management.dll
Event: 3.530 Loaded shared library C:\Program Files\Java\jdk-21.0.10\bin\management_ext.dll
Event: 3.688 Loaded shared library C:\Program Files\Java\jdk-21.0.10\bin\extnet.dll
Event: 3.931 Loaded shared library C:\Program Files\Java\jdk-21.0.10\bin\sunmscapi.dll

Deoptimization events (20 events):
Event: 63.981 Thread 0x000001c220ad9940 DEOPT PACKING pc=0x000001c1c9e43de0 sp=0x00000005649ff000
Event: 63.981 Thread 0x000001c220ad9940 DEOPT UNPACKING pc=0x000001c1c98646a2 sp=0x00000005649feeb0 mode 2
Event: 63.990 Thread 0x000001c21cb08af0 Uncommon trap: trap_request=0xffffff45 fr.pc=0x000001c1ca134084 relative=0x0000000000000224
Event: 63.990 Thread 0x000001c21cb08af0 Uncommon trap: reason=unstable_if action=reinterpret pc=0x000001c1ca134084 method=com.esotericsoftware.kryo.io.Output.writeString(Ljava/lang/CharSequence;)V @ 83 c2
Event: 63.990 Thread 0x000001c21cb08af0 DEOPT PACKING pc=0x000001c1ca134084 sp=0x00000005637feb10
Event: 63.990 Thread 0x000001c21cb08af0 DEOPT UNPACKING pc=0x000001c1c98646a2 sp=0x00000005637fea90 mode 2
Event: 64.493 Thread 0x000001c21cb08af0 DEOPT PACKING pc=0x000001c1c2f63691 sp=0x00000005637feaf0
Event: 64.493 Thread 0x000001c21cb08af0 DEOPT UNPACKING pc=0x000001c1c9864e42 sp=0x00000005637fdf90 mode 0
Event: 65.101 Thread 0x000001c21cb08af0 DEOPT PACKING pc=0x000001c1c2f63691 sp=0x00000005637feaf0
Event: 65.101 Thread 0x000001c21cb08af0 DEOPT UNPACKING pc=0x000001c1c9864e42 sp=0x00000005637fdf90 mode 0
Event: 69.475 Thread 0x000001c21cb08af0 DEOPT PACKING pc=0x000001c1c2f63691 sp=0x00000005637feaf0
Event: 69.475 Thread 0x000001c21cb08af0 DEOPT UNPACKING pc=0x000001c1c9864e42 sp=0x00000005637fdf90 mode 0
Event: 70.209 Thread 0x000001c21cb08af0 DEOPT PACKING pc=0x000001c1c2f63691 sp=0x00000005637feaf0
Event: 70.209 Thread 0x000001c21cb08af0 DEOPT UNPACKING pc=0x000001c1c9864e42 sp=0x00000005637fdf90 mode 0
Event: 70.429 Thread 0x000001c21c7855b0 Uncommon trap: trap_request=0xffffff45 fr.pc=0x000001c1ca19c91c relative=0x000000000000143c
Event: 70.429 Thread 0x000001c21c7855b0 Uncommon trap: reason=unstable_if action=reinterpret pc=0x000001c1ca19c91c method=java.util.concurrent.locks.AbstractQueuedSynchronizer.acquire(Ljava/util/concurrent/locks/AbstractQueuedSynchronizer$Node;IZZZJ)I @ 312 c2
Event: 70.429 Thread 0x000001c21c7855b0 DEOPT PACKING pc=0x000001c1ca19c91c sp=0x00000005636fba50
Event: 70.429 Thread 0x000001c21c7855b0 DEOPT UNPACKING pc=0x000001c1c98646a2 sp=0x00000005636fba28 mode 2
Event: 70.463 Thread 0x000001c21cb08af0 DEOPT PACKING pc=0x000001c1c2f63691 sp=0x00000005637fec10
Event: 70.463 Thread 0x000001c21cb08af0 DEOPT UNPACKING pc=0x000001c1c9864e42 sp=0x00000005637fe0b0 mode 0

Classes loaded (20 events):
Event: 13.435 Loading class java/util/stream/ReduceOps$2ReducingSink
Event: 13.435 Loading class java/util/stream/ReduceOps$2ReducingSink done
Event: 13.443 Loading class java/lang/ProcessImpl
Event: 13.443 Loading class java/lang/ProcessImpl done
Event: 13.456 Loading class java/lang/ProcessHandleImpl
Event: 13.457 Loading class java/lang/ProcessHandleImpl done
Event: 13.458 Loading class java/lang/ProcessImpl$2
Event: 13.458 Loading class java/lang/ProcessImpl$2 done
Event: 13.458 Loading class java/lang/Process$PipeInputStream
Event: 13.458 Loading class java/lang/Process$PipeInputStream done
Event: 13.459 Loading class jdk/internal/event/ProcessStartEvent
Event: 13.459 Loading class jdk/internal/event/ProcessStartEvent done
Event: 13.922 Loading class java/util/concurrent/LinkedBlockingDeque$Itr
Event: 13.923 Loading class java/util/concurrent/LinkedBlockingDeque$AbstractItr
Event: 13.923 Loading class java/util/concurrent/LinkedBlockingDeque$AbstractItr done
Event: 13.923 Loading class java/util/concurrent/LinkedBlockingDeque$Itr done
Event: 26.977 Loading class java/lang/foreign/MemorySegment
Event: 26.978 Loading class java/lang/foreign/MemorySegment done
Event: 40.415 Loading class java/time/Instant$1
Event: 40.415 Loading class java/time/Instant$1 done

Classes unloaded (19 events):
Event: 12.526 Thread 0x000001c1d58b0180 Unloading class 0x000001c1d78d8c00 'jdk/internal/reflect/GeneratedSerializationConstructorAccessor177'
Event: 12.526 Thread 0x000001c1d58b0180 Unloading class 0x000001c1d78d8400 'jdk/internal/reflect/GeneratedSerializationConstructorAccessor175'
Event: 12.526 Thread 0x000001c1d58b0180 Unloading class 0x000001c1d78d3c00 'jdk/internal/reflect/GeneratedSerializationConstructorAccessor173'
Event: 12.526 Thread 0x000001c1d58b0180 Unloading class 0x000001c1d78d3400 'jdk/internal/reflect/GeneratedSerializationConstructorAccessor171'
Event: 12.526 Thread 0x000001c1d58b0180 Unloading class 0x000001c1d78d2c00 'jdk/internal/reflect/GeneratedSerializationConstructorAccessor169'
Event: 12.526 Thread 0x000001c1d58b0180 Unloading class 0x000001c1d78d2400 'jdk/internal/reflect/GeneratedSerializationConstructorAccessor167'
Event: 12.526 Thread 0x000001c1d58b0180 Unloading class 0x000001c1d78d1c00 'jdk/internal/reflect/GeneratedSerializationConstructorAccessor165'
Event: 12.526 Thread 0x000001c1d58b0180 Unloading class 0x000001c1d78d1400 'jdk/internal/reflect/GeneratedSerializationConstructorAccessor163'
Event: 12.526 Thread 0x000001c1d58b0180 Unloading class 0x000001c1d78d0c00 'jdk/internal/reflect/GeneratedSerializationConstructorAccessor161'
Event: 12.526 Thread 0x000001c1d58b0180 Unloading class 0x000001c1d78d0400 'jdk/internal/reflect/GeneratedSerializationConstructorAccessor159'
Event: 12.526 Thread 0x000001c1d58b0180 Unloading class 0x000001c1d78cf800 'jdk/internal/reflect/GeneratedSerializationConstructorAccessor156'
Event: 12.526 Thread 0x000001c1d58b0180 Unloading class 0x000001c1d78cec00 'jdk/internal/reflect/GeneratedSerializationConstructorAccessor154'
Event: 12.526 Thread 0x000001c1d58b0180 Unloading class 0x000001c1d78ce400 'jdk/internal/reflect/GeneratedSerializationConstructorAccessor152'
Event: 12.526 Thread 0x000001c1d58b0180 Unloading class 0x000001c1d78cd800 'java/lang/invoke/LambdaForm$MH+0x000001c1d78cd800'
Event: 12.526 Thread 0x000001c1d58b0180 Unloading class 0x000001c1d78cd400 'java/lang/invoke/LambdaForm$DMH+0x000001c1d78cd400'
Event: 12.526 Thread 0x000001c1d58b0180 Unloading class 0x000001c1d78ccc00 'jdk/internal/reflect/GeneratedSerializationConstructorAccessor150'
Event: 12.526 Thread 0x000001c1d58b0180 Unloading class 0x000001c1d78cc400 'jdk/internal/reflect/GeneratedSerializationConstructorAccessor148'
Event: 12.526 Thread 0x000001c1d58b0180 Unloading class 0x000001c1d78c4c00 'jdk/internal/reflect/GeneratedSerializationConstructorAccessor145'
Event: 12.526 Thread 0x000001c1d58b0180 Unloading class 0x000001c1d78c4000 'jdk/internal/reflect/GeneratedSerializationConstructorAccessor144'

Classes redefined (0 events):
No events

Internal exceptions (20 events):
Event: 10.574 Thread 0x000001c220adc730 Exception <a 'java/lang/NoSuchMethodError'{0x00000000cd33e690}: 'long java.lang.invoke.DirectMethodHandle$Holder.invokeSpecial(java.lang.Object, java.lang.Object)'> (0x00000000cd33e690) 
thrown [s\open\src\hotspot\share\interpreter\linkResolver.cpp, line 773]
Event: 10.574 Thread 0x000001c220ad8c20 Exception <a 'java/lang/NoSuchMethodError'{0x00000000cd3579f0}: 'long java.lang.invoke.Invokers$Holder.invokeExact_MT(java.lang.Object, java.lang.Object)'> (0x00000000cd3579f0) 
thrown [s\open\src\hotspot\share\interpreter\linkResolver.cpp, line 773]
Event: 10.574 Thread 0x000001c220adc730 Exception <a 'java/lang/NoSuchMethodError'{0x00000000cd3422b8}: 'long java.lang.invoke.Invokers$Holder.invokeExact_MT(java.lang.Object, java.lang.Object)'> (0x00000000cd3422b8) 
thrown [s\open\src\hotspot\share\interpreter\linkResolver.cpp, line 773]
Event: 10.578 Thread 0x000001c220adc730 Exception <a 'java/lang/NoSuchMethodError'{0x00000000cd2010a8}: static [Lnet/neoforged/gradle/common/util/VersionJson$Rule;.<clinit>()V> (0x00000000cd2010a8) 
thrown [s\open\src\hotspot\share\prims\jni.cpp, line 1111]
Event: 10.579 Thread 0x000001c220adc730 Exception <a 'java/lang/NoSuchMethodError'{0x00000000cd20f318}: static Lnet/neoforged/gradle/common/util/VersionJson$Rule;.<clinit>()V> (0x00000000cd20f318) 
thrown [s\open\src\hotspot\share\prims\jni.cpp, line 1111]
Event: 10.583 Thread 0x000001c220adc730 Exception <a 'java/lang/NoSuchMethodError'{0x00000000cd28a4a0}: static Lnet/neoforged/gradle/common/util/VersionJson$OsCondition;.<clinit>()V> (0x00000000cd28a4a0) 
thrown [s\open\src\hotspot\share\prims\jni.cpp, line 1111]
Event: 10.585 Thread 0x000001c220adc730 Exception <a 'java/lang/NoSuchMethodError'{0x00000000cd2c40c0}: static Lnet/neoforged/gradle/common/util/VersionJson$AssetIndex;.<clinit>()V> (0x00000000cd2c40c0) 
thrown [s\open\src\hotspot\share\prims\jni.cpp, line 1111]
Event: 10.585 Thread 0x000001c220adc730 Exception <a 'java/lang/NoSuchMethodError'{0x00000000cd2ff768}: static Lnet/neoforged/gradle/common/util/VersionJson$Download;.<clinit>()V> (0x00000000cd2ff768) 
thrown [s\open\src\hotspot\share\prims\jni.cpp, line 1111]
Event: 10.590 Thread 0x000001c220ad8c20 Exception <a 'java/lang/NoSuchMethodError'{0x00000000cd1bde70}: static Lnet/neoforged/gradle/common/util/VersionJson$JavaVersion;.<clinit>()V> (0x00000000cd1bde70) 
thrown [s\open\src\hotspot\share\prims\jni.cpp, line 1111]
Event: 10.590 Thread 0x000001c220ad8c20 Exception <a 'java/lang/NoSuchMethodError'{0x00000000cd1bfb38}: static [Lnet/neoforged/gradle/common/util/VersionJson$Library;.<clinit>()V> (0x00000000cd1bfb38) 
thrown [s\open\src\hotspot\share\prims\jni.cpp, line 1111]
Event: 10.591 Thread 0x000001c220ad8c20 Exception <a 'java/lang/NoSuchMethodError'{0x00000000cd1d5108}: static Lnet/neoforged/gradle/common/util/VersionJson$Library;.<clinit>()V> (0x00000000cd1d5108) 
thrown [s\open\src\hotspot\share\prims\jni.cpp, line 1111]
Event: 10.591 Thread 0x000001c220ad8c20 Exception <a 'java/lang/NoSuchMethodError'{0x00000000cd1e2030}: static Lnet/neoforged/gradle/common/util/VersionJson$Downloads;.<clinit>()V> (0x00000000cd1e2030) 
thrown [s\open\src\hotspot\share\prims\jni.cpp, line 1111]
Event: 10.592 Thread 0x000001c220ad8c20 Exception <a 'java/lang/NoSuchMethodError'{0x00000000cd020d38}: static Lnet/neoforged/gradle/common/util/VersionJson$LibraryDownload;.<clinit>()V> (0x00000000cd020d38) 
thrown [s\open\src\hotspot\share\prims\jni.cpp, line 1111]
Event: 10.612 Thread 0x000001c220b73e50 Exception <a 'java/lang/NoSuchMethodError'{0x00000000ccf491e8}: 'int java.lang.invoke.DirectMethodHandle$Holder.invokeStaticInit(java.lang.Object, java.lang.Object, java.lang.Object, java.lang.Object, java.lang.Object)'> (0x00000000ccf491e8) 
thrown [s\open\src\hotspot\share\interpreter\linkResolver.cpp, line 773]
Event: 12.751 Thread 0x000001c220adba10 Implicit null exception at 0x000001c1ca032758 to 0x000001c1ca035908
Event: 12.752 Thread 0x000001c220adb380 Exception <a 'sun/nio/fs/WindowsException'{0x00000000cca8c628}> (0x00000000cca8c628) 
thrown [s\open\src\hotspot\share\prims\jni.cpp, line 520]
Event: 13.456 Thread 0x000001c220b71060 Exception <a 'java/lang/NoSuchMethodError'{0x00000000c557daa0}: 'void java.lang.invoke.DirectMethodHandle$Holder.invokeStatic(java.lang.Object, long)'> (0x00000000c557daa0) 
thrown [s\open\src\hotspot\share\interpreter\linkResolver.cpp, line 773]
Event: 13.456 Thread 0x000001c220b71060 Exception <a 'java/lang/NoSuchMethodError'{0x00000000c5587780}: 'java.lang.Object java.lang.invoke.DirectMethodHandle$Holder.newInvokeSpecial(java.lang.Object, long)'> (0x00000000c5587780) 
thrown [s\open\src\hotspot\share\interpreter\linkResolver.cpp, line 773]
Event: 13.457 Thread 0x000001c220b71060 Exception <a 'java/lang/NoSuchMethodError'{0x00000000c55909c8}: 'java.lang.Object java.lang.invoke.DirectMethodHandle$Holder.invokeStatic(java.lang.Object, long, java.lang.Object)'> (0x00000000c55909c8) 
thrown [s\open\src\hotspot\share\interpreter\linkResolver.cpp, line 773]
Event: 13.457 Thread 0x000001c220b71060 Exception <a 'java/lang/NoSuchMethodError'{0x00000000c5593fc0}: 'java.lang.Object java.lang.invoke.DirectMethodHandle$Holder.invokeStaticInit(java.lang.Object, long, java.lang.Object)'> (0x00000000c5593fc0) 
thrown [s\open\src\hotspot\share\interpreter\linkResolver.cpp, line 773]

ZGC Phase Switch (0 events):
No events

VM Operations (20 events):
Event: 54.214 Executing VM operation: Cleanup
Event: 54.214 Executing VM operation: Cleanup done
Event: 55.221 Executing VM operation: Cleanup
Event: 55.222 Executing VM operation: Cleanup done
Event: 60.276 Executing VM operation: HandshakeAllThreads (HandshakeForDeflation)
Event: 60.276 Executing VM operation: HandshakeAllThreads (HandshakeForDeflation) done
Event: 60.276 Executing VM operation: RendezvousGCThreads
Event: 60.276 Executing VM operation: RendezvousGCThreads done
Event: 63.292 Executing VM operation: Cleanup
Event: 63.292 Executing VM operation: Cleanup done
Event: 65.302 Executing VM operation: Cleanup
Event: 65.302 Executing VM operation: Cleanup done
Event: 66.304 Executing VM operation: Cleanup
Event: 66.304 Executing VM operation: Cleanup done
Event: 74.411 Executing VM operation: Cleanup
Event: 74.411 Executing VM operation: Cleanup done
Event: 84.585 Executing VM operation: Cleanup
Event: 84.586 Executing VM operation: Cleanup done
Event: 94.765 Executing VM operation: Cleanup
Event: 94.767 Executing VM operation: Cleanup done

Events (20 events):
Event: 13.087 Thread 0x000001c1d58b0180 flushing nmethod 0x000001c1c2529010
Event: 13.087 Thread 0x000001c1d58b0180 flushing nmethod 0x000001c1c28fbb90
Event: 13.087 Thread 0x000001c1d58b0180 flushing nmethod 0x000001c1c29ed610
Event: 13.087 Thread 0x000001c1d58b0180 flushing nmethod 0x000001c1c29edf90
Event: 13.087 Thread 0x000001c1d58b0180 flushing nmethod 0x000001c1c29ef610
Event: 13.087 Thread 0x000001c1d58b0180 flushing nmethod 0x000001c1c29f2910
Event: 13.087 Thread 0x000001c1d58b0180 flushing nmethod 0x000001c1c29f3310
Event: 13.087 Thread 0x000001c1d58b0180 flushing nmethod 0x000001c1c29f7190
Event: 13.087 Thread 0x000001c1d58b0180 flushing nmethod 0x000001c1c2b2f010
Event: 13.087 Thread 0x000001c1d58b0180 flushing nmethod 0x000001c1c2e63790
Event: 13.442 Thread 0x000001c220b71060 Thread added: 0x000001c220b71060
Event: 13.461 Thread 0x000001c220b72aa0 Thread added: 0x000001c220b72aa0
Event: 13.461 Thread 0x000001c220b716f0 Thread added: 0x000001c220b716f0
Event: 13.587 Thread 0x000001c21d29b560 Thread exited: 0x000001c21d29b560
Event: 13.587 Thread 0x000001c1d5ab5bf0 Thread exited: 0x000001c1d5ab5bf0
Event: 17.072 Thread 0x000001c21c7b4400 Thread added: 0x000001c21c7b4400
Event: 17.072 Thread 0x000001c21c958480 Thread added: 0x000001c21c958480
Event: 17.579 Thread 0x000001c21c958480 Thread exited: 0x000001c21c958480
Event: 17.579 Thread 0x000001c21c7b4400 Thread exited: 0x000001c21c7b4400
Event: 39.509 Thread 0x000001c220ad8590 Thread added: 0x000001c220ad8590


Dynamic libraries:
0x00007ff6a5990000 - 0x00007ff6a59a0000 	C:\Program Files\Java\jdk-21.0.10\bin\java.exe
0x00007ffcb45b0000 - 0x00007ffcb47a8000 	C:\Windows\SYSTEM32\ntdll.dll
0x00007ffcb26b0000 - 0x00007ffcb2772000 	C:\Windows\System32\KERNEL32.DLL
0x00007ffcb2020000 - 0x00007ffcb2316000 	C:\Windows\System32\KERNELBASE.dll
0x00007ffcb1f20000 - 0x00007ffcb2020000 	C:\Windows\System32\ucrtbase.dll
0x00007ffc5c370000 - 0x00007ffc5c38e000 	C:\Program Files\Java\jdk-21.0.10\bin\VCRUNTIME140.dll
0x00007ffc5c200000 - 0x00007ffc5c219000 	C:\Program Files\Java\jdk-21.0.10\bin\jli.dll
0x00007ffcb4450000 - 0x00007ffcb4501000 	C:\Windows\System32\ADVAPI32.dll
0x00007ffcb32d0000 - 0x00007ffcb336e000 	C:\Windows\System32\msvcrt.dll
0x00007ffcb41f0000 - 0x00007ffcb428f000 	C:\Windows\System32\sechost.dll
0x00007ffcb2930000 - 0x00007ffcb2a50000 	C:\Windows\System32\RPCRT4.dll
0x00007ffcb1ef0000 - 0x00007ffcb1f17000 	C:\Windows\System32\bcrypt.dll
0x00007ffcb3110000 - 0x00007ffcb32b1000 	C:\Windows\System32\USER32.dll
0x00007ffc973f0000 - 0x00007ffc9768b000 	C:\Windows\WinSxS\amd64_microsoft.windows.common-controls_6595b64144ccf1df_6.0.19041.6456_none_60b8a6cb71f64256\COMCTL32.dll
0x00007ffcb1c40000 - 0x00007ffcb1c62000 	C:\Windows\System32\win32u.dll
0x00007ffcb38b0000 - 0x00007ffcb38db000 	C:\Windows\System32\GDI32.dll
0x00007ffcb23b0000 - 0x00007ffcb24c9000 	C:\Windows\System32\gdi32full.dll
0x00007ffcb1c70000 - 0x00007ffcb1d0d000 	C:\Windows\System32\msvcp_win.dll
0x00007ffca7b60000 - 0x00007ffca7b6a000 	C:\Windows\SYSTEM32\VERSION.dll
0x00007ffcb2890000 - 0x00007ffcb28bf000 	C:\Windows\System32\IMM32.DLL
0x00007ffc85fe0000 - 0x00007ffc85fec000 	C:\Program Files\Java\jdk-21.0.10\bin\vcruntime140_1.dll
0x00007ffc1f040000 - 0x00007ffc1f0cd000 	C:\Program Files\Java\jdk-21.0.10\bin\msvcp140.dll
0x00007ffc18800000 - 0x00007ffc19527000 	C:\Program Files\Java\jdk-21.0.10\bin\server\jvm.dll
0x00007ffcb28c0000 - 0x00007ffcb292b000 	C:\Windows\System32\WS2_32.dll
0x00007ffcb1980000 - 0x00007ffcb19cb000 	C:\Windows\SYSTEM32\POWRPROF.dll
0x00007ffca7b30000 - 0x00007ffca7b57000 	C:\Windows\SYSTEM32\WINMM.dll
0x00007ffcb1960000 - 0x00007ffcb1972000 	C:\Windows\SYSTEM32\UMPDC.dll
0x00007ffcafa90000 - 0x00007ffcafaa2000 	C:\Windows\SYSTEM32\kernel.appcore.dll
0x00007ffc84e20000 - 0x00007ffc84e2a000 	C:\Program Files\Java\jdk-21.0.10\bin\jimage.dll
0x00007ffcaa8f0000 - 0x00007ffcaaaf1000 	C:\Windows\SYSTEM32\DBGHELP.DLL
0x00007ffc92870000 - 0x00007ffc928a4000 	C:\Windows\SYSTEM32\dbgcore.DLL
0x00007ffcb2320000 - 0x00007ffcb23a2000 	C:\Windows\System32\bcryptPrimitives.dll
0x00007ffc765e0000 - 0x00007ffc765f0000 	C:\Program Files\Java\jdk-21.0.10\bin\instrument.dll
0x00007ffc20560000 - 0x00007ffc20581000 	C:\Program Files\Java\jdk-21.0.10\bin\java.dll
0x00007ffcb3a80000 - 0x00007ffcb41f0000 	C:\Windows\System32\SHELL32.dll
0x00007ffcafcb0000 - 0x00007ffcb0455000 	C:\Windows\SYSTEM32\windows.storage.dll
0x00007ffcb3480000 - 0x00007ffcb37d4000 	C:\Windows\System32\combase.dll
0x00007ffcb1590000 - 0x00007ffcb15bb000 	C:\Windows\SYSTEM32\Wldp.dll
0x00007ffcb37e0000 - 0x00007ffcb38ad000 	C:\Windows\System32\OLEAUT32.dll
0x00007ffcb2780000 - 0x00007ffcb282d000 	C:\Windows\System32\SHCORE.dll
0x00007ffcb3370000 - 0x00007ffcb33cb000 	C:\Windows\System32\shlwapi.dll
0x00007ffcb1b70000 - 0x00007ffcb1b94000 	C:\Windows\SYSTEM32\profapi.dll
0x00007ffc1e5b0000 - 0x00007ffc1e687000 	C:\Program Files\Java\jdk-21.0.10\bin\jsvml.dll
0x00007ffc423c0000 - 0x00007ffc423d8000 	C:\Program Files\Java\jdk-21.0.10\bin\zip.dll
0x00007ffc20540000 - 0x00007ffc20551000 	C:\Program Files\Java\jdk-21.0.10\bin\net.dll
0x00007ffcae260000 - 0x00007ffcae36a000 	C:\Windows\SYSTEM32\WINHTTP.dll
0x00007ffcb12f0000 - 0x00007ffcb135a000 	C:\Windows\system32\mswsock.dll
0x00007ffc1f020000 - 0x00007ffc1f036000 	C:\Program Files\Java\jdk-21.0.10\bin\nio.dll
0x00007ffc720d0000 - 0x00007ffc720e0000 	C:\Program Files\Java\jdk-21.0.10\bin\verify.dll
0x00007ffc1e480000 - 0x00007ffc1e4a7000 	C:\Users\none\.gradle\native\660c5614fbf4a5f2a75b1949f50a0caf5cd603558e7d8a26e50b933a0cfb79d1\windows-amd64\native-platform.dll
0x00007ffc1e370000 - 0x00007ffc1e3e7000 	C:\Users\none\.gradle\native\0.2.8\x86_64-windows-gnu\gradle-fileevents.dll
0x00007ffc41b50000 - 0x00007ffc41b5a000 	C:\Program Files\Java\jdk-21.0.10\bin\management.dll
0x00007ffc23bd0000 - 0x00007ffc23bdc000 	C:\Program Files\Java\jdk-21.0.10\bin\management_ext.dll
0x00007ffcb38e0000 - 0x00007ffcb38e8000 	C:\Windows\System32\PSAPI.DLL
0x00007ffcb0fd0000 - 0x00007ffcb100b000 	C:\Windows\SYSTEM32\IPHLPAPI.DLL
0x00007ffcb4440000 - 0x00007ffcb4448000 	C:\Windows\System32\NSI.dll
0x00007ffc95600000 - 0x00007ffc95609000 	C:\Program Files\Java\jdk-21.0.10\bin\extnet.dll
0x00007ffcb14e0000 - 0x00007ffcb14f8000 	C:\Windows\SYSTEM32\CRYPTSP.dll
0x00007ffcb0c10000 - 0x00007ffcb0c48000 	C:\Windows\system32\rsaenh.dll
0x00007ffcb1af0000 - 0x00007ffcb1b1e000 	C:\Windows\SYSTEM32\USERENV.dll
0x00007ffcb1500000 - 0x00007ffcb150c000 	C:\Windows\SYSTEM32\CRYPTBASE.dll
0x00007ffc8b720000 - 0x00007ffc8b72e000 	C:\Program Files\Java\jdk-21.0.10\bin\sunmscapi.dll
0x00007ffcb1d90000 - 0x00007ffcb1eed000 	C:\Windows\System32\CRYPT32.dll
0x00007ffcb1600000 - 0x00007ffcb1627000 	C:\Windows\SYSTEM32\ncrypt.dll
0x00007ffcb15c0000 - 0x00007ffcb15fb000 	C:\Windows\SYSTEM32\NTASN1.dll
0x00007ffc8b740000 - 0x00007ffc8b747000 	C:\Windows\system32\wshunix.dll

dbghelp: loaded successfully - version: 4.0.5 - missing functions: none
symbol engine: initialized successfully - sym options: 0x614 - pdb path: .;C:\Program Files\Java\jdk-21.0.10\bin;C:\Windows\SYSTEM32;C:\Windows\WinSxS\amd64_microsoft.windows.common-controls_6595b64144ccf1df_6.0.19041.6456_none_60b8a6cb71f64256;C:\Program Files\Java\jdk-21.0.10\bin\server;C:\Users\none\.gradle\native\660c5614fbf4a5f2a75b1949f50a0caf5cd603558e7d8a26e50b933a0cfb79d1\windows-amd64;C:\Users\none\.gradle\native\0.2.8\x86_64-windows-gnu

VM Arguments:
jvm_args: --add-opens=java.base/java.lang=ALL-UNNAMED --add-opens=java.base/java.lang.invoke=ALL-UNNAMED --add-opens=java.base/java.util=ALL-UNNAMED --add-opens=java.prefs/java.util.prefs=ALL-UNNAMED --add-exports=jdk.compiler/com.sun.tools.javac.api=ALL-UNNAMED --add-exports=jdk.compiler/com.sun.tools.javac.util=ALL-UNNAMED --add-opens=java.base/java.util=ALL-UNNAMED --add-opens=java.prefs/java.util.prefs=ALL-UNNAMED --add-opens=java.base/java.nio.charset=ALL-UNNAMED --add-opens=java.base/java.net=ALL-UNNAMED --add-opens=java.base/java.util.concurrent=ALL-UNNAMED --add-opens=java.base/java.util.concurrent.atomic=ALL-UNNAMED --add-opens=java.xml/javax.xml.namespace=ALL-UNNAMED --add-opens=java.base/java.time=ALL-UNNAMED -Xmx1G -Dfile.encoding=UTF-8 -Duser.country=RU -Duser.language=ru -Duser.variant -javaagent:C:\Users\none\.gradle\wrapper\dists\gradle-9.2.1-bin\2t0n5ozlw9xmuyvbp7dnzaxug\gradle-9.2.1\lib\agents\gradle-instrumentation-agent-9.2.1.jar 
java_command: org.gradle.launcher.daemon.bootstrap.GradleDaemon 9.2.1
java_class_path (initial): C:\Users\none\.gradle\wrapper\dists\gradle-9.2.1-bin\2t0n5ozlw9xmuyvbp7dnzaxug\gradle-9.2.1\lib\gradle-daemon-main-9.2.1.jar
Launcher Type: SUN_STANDARD

[Global flags]
     intx CICompilerCount                          = 4                                         {product} {ergonomic}
     uint ConcGCThreads                            = 3                                         {product} {ergonomic}
     uint G1ConcRefinementThreads                  = 10                                        {product} {ergonomic}
   size_t G1HeapRegionSize                         = 1048576                                   {product} {ergonomic}
    uintx GCDrainStackTargetSize                   = 64                                        {product} {ergonomic}
   size_t InitialHeapSize                          = 260046848                                 {product} {ergonomic}
   size_t MarkStackSize                            = 4194304                                   {product} {ergonomic}
   size_t MaxHeapSize                              = 1073741824                                {product} {command line}
   size_t MaxNewSize                               = 643825664                                 {product} {ergonomic}
   size_t MinHeapDeltaBytes                        = 1048576                                   {product} {ergonomic}
   size_t MinHeapSize                              = 8388608                                   {product} {ergonomic}
    uintx NonNMethodCodeHeapSize                   = 5839372                                {pd product} {ergonomic}
    uintx NonProfiledCodeHeapSize                  = 122909434                              {pd product} {ergonomic}
    uintx ProfiledCodeHeapSize                     = 122909434                              {pd product} {ergonomic}
    uintx ReservedCodeCacheSize                    = 251658240                              {pd product} {ergonomic}
     bool SegmentedCodeCache                       = true                                      {product} {ergonomic}
   size_t SoftMaxHeapSize                          = 1073741824                             {manageable} {ergonomic}
     bool UseCompressedOops                        = true                           {product lp64_product} {ergonomic}
     bool UseG1GC                                  = true                                      {product} {ergonomic}
     bool UseLargePagesIndividualAllocation        = false                                  {pd product} {ergonomic}

Logging:
Log output configuration:
 #0: stdout all=warning uptime,level,tags foldmultilines=false
 #1: stderr all=off uptime,level,tags foldmultilines=false

Environment Variables:
JAVA_HOME=C:\Program Files\Java\jdk-21.0.10
PATH=C:\Program Files\Common Files\Oracle\Java\javapath;C:\Program Files (x86)\Common Files\Oracle\Java\java8path;C:\Program Files (x86)\Common Files\Oracle\Java\javapath;C:\Windows\system32;C:\Windows;C:\Windows\System32\Wbem;C:\Windows\System32\WindowsPowerShell\v1.0\;C:\Windows\System32\OpenSSH\;C:\Program Files\dotnet\;C:\Program Files (x86)\ZeroTier\One\;C:\Program Files\Cloudflare\Cloudflare WARP\;C:\Program Files\Git\cmd;C:\Users\none\AppData\Local\Microsoft\WindowsApps;C:\Users\none\.dotnet\tools;C:\Users\none\AppData\Local\Programs\Microsoft VS Code\bin;C:\Users\none\AppData\Local\GitHubDesktop\bin;c:\Users\none\.vscode\extensions\vscjava.vscode-java-debug-0.59.0\bundled\scripts\noConfigScripts
USERNAME=none
LANG=en_US.UTF-8
OS=Windows_NT
PROCESSOR_IDENTIFIER=AMD64 Family 25 Model 80 Stepping 0, AuthenticAMD
TMP=C:\Users\none\AppData\Local\Temp
TEMP=C:\Users\none\AppData\Local\Temp




Periodic native trim disabled

---------------  S Y S T E M  ---------------

OS:
 Windows 10 , 64 bit Build 19041 (10.0.19041.5915)
OS uptime: 0 days 0:02 hours

CPU: total 12 (initial active 12) (12 cores per cpu, 2 threads per core) family 25 model 80 stepping 0 microcode 0x0, cx8, cmov, fxsr, ht, mmx, 3dnowpref, sse, sse2, sse3, ssse3, sse4a, sse4.1, sse4.2, popcnt, lzcnt, tsc, tscinvbit, avx, avx2, aes, erms, clmul, bmi1, bmi2, adx, sha, fma, vzeroupper, clflush, clflushopt, rdtscp, rdpid, fsrm, f16c, pku, cet_ss
Processor Information for all 12 processors :
  Max Mhz: 2301, Current Mhz: 2301, Mhz Limit: 2301

Memory: 4k page, system-wide physical 15751M (169M free)
TotalPageFile size 27777M (AvailPageFile size 0M)
current process WorkingSet (physical memory assigned to process): 23M, peak: 331M
current process commit charge ("private bytes"): 350M, peak: 437M

vm_info: Java HotSpot(TM) 64-Bit Server VM (21.0.10+8-LTS-217) for windows-amd64 JRE (21.0.10+8-LTS-217), built on 2025-12-18T14:59:28Z by "mach5run" with MS VC++ 17.13 (VS2022)

END.
