#
# There is insufficient memory for the Java Runtime Environment to continue.
# Native memory allocation (malloc) failed to allocate 10216 bytes for Chunk::new
# Possible reasons:
#   The system is out of physical RAM or swap space
#   The process is running with CompressedOops enabled, and the Java Heap may be blocking the growth of the native heap
# Possible solutions:
#   Reduce memory load on the system
#   Increase physical memory or swap space
#   Check if swap backing store is full
#   Decrease Java heap size (-Xmx/-Xms)
#   Decrease number of Java threads
#
#  
]V  [jvm.dll+0xc6447]
V  [jvm.dll+0x659cdb]
V  [jvm.dll+0x24b193]
V  [jvm.dll+0x24a94f]
V  [jvm.dll+0x1cacfe]
V  [jvm.dll+0x25a629]
V  [jvm.dll+0x258bb5]
V  [jvm.dll+0x3f4da1]
V  [jvm.dll+0x80a83d]
V  [jvm.dll+0x6cf3fd]
C  [ucrtbase.dll+0x21bb2]
C  [KERNEL32.DLL+0x17374]
C  [ntdll.dll+0x4cc91]


---------------  P R O C E S S  ---------------

Threads class SMR info:
_java_thread_list=0x00000285fb5e1d60, length=12, elements={
0x00000285e85ceb70, 0x00000285ea938830, 0x00000285ea938ea0, 0x00000285ea93c530,
0x00000285ea93cf00, 0x00000285ea93d970, 0x00000285ea93dfe0, 0x00000285f5f62510,
0x00000285f5f64bd0, 0x00000285f61f1680, 0x00000285f61ce4e0, 0x00000285fb4a96f0
}

Java Threads: ( => current thread )
  0x00000285e85ceb70 JavaThread "main"                              [_thread_in_native, id=12188, stack(0x000000f320100000,0x000000f320200000) (1024K)]
  0x00000285ea938830 JavaThread "Reference Handler"          daemon [_thread_blocked, id=2136, stack(0x000000f320900000,0x000000f320a00000) (1024K)]
  0x00000285ea938ea0 JavaThread "Finalizer"                  daemon [_thread_blocked, id=6152, stack(0x000000f320a00000,0x000000f320b00000) (1024K)]
  0x00000285ea93c530 JavaThread "Signal Dispatcher"          daemon [_thread_blocked, id=28264, stack(0x000000f320b00000,0x000000f320c00000) (1024K)]
  0x00000285ea93cf00 JavaThread "Attach Listener"            daemon [_thread_blocked, id=27728, stack(0x000000f320c00000,0x000000f320d00000) (1024K)]
  0x00000285ea93d970 JavaThread "Service Thread"             daemon [_thread_blocked, id=29524, stack(0x000000f320d00000,0x000000f320e00000) (1024K)]
  0x00000285ea93dfe0 JavaThread "Monitor Deflation Thread"   daemon [_thread_blocked, id=9604, stack(0x000000f320e00000,0x000000f320f00000) (1024K)]
=>0x00000285f5f62510 JavaThread "C2 CompilerThread0"         daemon [_thread_in_native, id=17152, stack(0x000000f320f00000,0x000000f321000000) (1024K)]
  0x00000285f5f64bd0 JavaThread "C1 CompilerThread0"         daemon [_thread_blocked, id=6344, stack(0x000000f321000000,0x000000f321100000) (1024K)]
  0x00000285f61f1680 JavaThread "Notification Thread"        daemon [_thread_blocked, id=5036, stack(0x000000f321100000,0x000000f321200000) (1024K)]
  0x00000285f61ce4e0 JavaThread "Common-Cleaner"             daemon [_thread_blocked, id=17216, stack(0x000000f321200000,0x000000f321300000) (1024K)]
  0x00000285fb4a96f0 JavaThread "pool-1-thread-1"                   [_thread_blocked, id=25688, stack(0x000000f321800000,0x000000f321900000) (1024K)]
Total: 12

Other Threads:
  0x00000285ea9208c0 VMThread "VM Thread"                           [id=19032, stack(0x000000f320800000,0x000000f320900000) (1024K)]
  0x00000285f5f2cb50 WatcherThread "VM Periodic Task Thread"        [id=29196, stack(0x000000f320700000,0x000000f320800000) (1024K)]
  0x00000285ea888a70 WorkerThread "GC Thread#0"                     [id=15296, stack(0x000000f320200000,0x000000f320300000) (1024K)]
  0x00000285f6419230 WorkerThread "GC Thread#1"                     [id=19240, stack(0x000000f321500000,0x000000f321600000) (1024K)]
  0x00000285f650eaa0 WorkerThread "GC Thread#2"                     [id=18148, stack(0x000000f321600000,0x000000f321700000) (1024K)]
  0x00000285f650ee50 WorkerThread "GC Thread#3"                     [id=23500, stack(0x000000f321700000,0x000000f321800000) (1024K)]
  0x00000285fb3b67d0 WorkerThread "GC Thread#4"                     [id=30280, stack(0x000000f321900000,0x000000f321a00000) (1024K)]
  0x00000285fb45c7e0 WorkerThread "GC Thread#5"                     [id=18200, stack(0x000000f321a00000,0x000000f321b00000) (1024K)]
  0x00000285fb4f1e60 WorkerThread "GC Thread#6"                     [id=28880, stack(0x000000f321b00000,0x000000f321c00000) (1024K)]
  0x00000285fb4f2210 WorkerThread "GC Thread#7"                     [id=13676, stack(0x000000f321c00000,0x000000f321d00000) (1024K)]
  0x00000285ea88a160 ConcurrentGCThread "G1 Main Marker"            [id=29244, stack(0x000000f320300000,0x000000f320400000) (1024K)]
  0x00000285ea88ad20 WorkerThread "G1 Conc#0"                       [id=8540, stack(0x000000f320400000,0x000000f320500000) (1024K)]
  0x00000285ea9054c0 ConcurrentGCThread "G1 Refine#0"               [id=23828, stack(0x000000f320500000,0x000000f320600000) (1024K)]
  0x00000285ea907920 ConcurrentGCThread "G1 Service"                [id=22100, stack(0x000000f320600000,0x000000f320700000) (1024K)]
Total: 14

Threads with active compile tasks:
C2 CompilerThread0   456860 2510       4       java.util.ArrayList::clear (43 bytes)
Total: 1

VM state: not at safepoint (normal execution)

VM Mutex/Monitor currently owned by a thread: None

Heap address: 0x00000000fc000000, size: 64 MB, Compressed Oops mode: 32-bit

CDS archive(s) mapped at: [0x000002858f000000-0x000002858fc90000-0x000002858fc90000), size 13172736, SharedBaseAddress: 0x000002858f000000, ArchiveRelocationMode: 1.
Compressed class space mapped at: 0x0000028590000000-0x00000285d0000000, reserved size: 1073741824
Narrow klass base: 0x000002858f000000, Narrow klass shift: 0, Narrow klass range: 0x100000000

GC Precious Log:
 CardTable entry size: 512
 Card Set container configuration: InlinePtr #cards 5 size 8 Array Of Cards #cards 12 size 40 Howl #buckets 4 coarsen threshold 1843 Howl Bitmap #cards 512 size 80 coarsen threshold 460 Card regions per heap region 1 cards per card region 2048
 CPUs: 12 total, 12 available
 Memory: 15751M
 Large Page Support: Disabled
 NUMA Support: Disabled
 Compressed Oops: Enabled (32-bit)
 Heap Region Size: 1M
 Heap Min Capacity: 64M
 Heap Initial Capacity: 64M
 Heap Max Capacity: 64M
 Pre-touch: Disabled
 Parallel Workers: 10
 Concurrent Workers: 3
 Concurrent Refinement Workers: 10
 Periodic GC: Disabled

Heap:
 garbage-first heap   total 65536K, used 36650K [0x00000000fc000000, 0x0000000100000000)
  region size 1024K, 30 young (30720K), 5 survivors (5120K)
 Metaspace       used 11212K, committed 11520K, reserved 1114112K
  class space    used 1391K, committed 1536K, reserved 1048576K

Heap Regions: E=young(eden), S=young(survivor), O=old, HS=humongous(starts), HC=humongous(continues), CS=collection set, F=free, TAMS=top-at-mark-start, PB=parsable bottom
|   0|0x00000000fc000000, 0x00000000fc100000, 0x00000000fc100000|100%|HS|  |TAMS 0x00000000fc000000| PB 0x00000000fc000000| Complete 
|   1|0x00000000fc100000, 0x00000000fc200000, 0x00000000fc200000|100%|HC|  |TAMS 0x00000000fc100000| PB 0x00000000fc100000| Complete 
|   2|0x00000000fc200000, 0x00000000fc300000, 0x00000000fc300000|100%|HC|  |TAMS 0x00000000fc200000| PB 0x00000000fc200000| Complete 
|   3|0x00000000fc300000, 0x00000000fc400000, 0x00000000fc400000|100%|HC|  |TAMS 0x00000000fc300000| PB 0x00000000fc300000| Complete 
|   4|0x00000000fc400000, 0x00000000fc500000, 0x00000000fc500000|100%| O|  |TAMS 0x00000000fc400000| PB 0x00000000fc400000| Untracked 
|   5|0x00000000fc500000, 0x00000000fc600000, 0x00000000fc600000|100%| O|  |TAMS 0x00000000fc500000| PB 0x00000000fc500000| Untracked 
|   6|0x00000000fc600000, 0x00000000fc6ca998, 0x00000000fc700000| 79%| O|  |TAMS 0x00000000fc600000| PB 0x00000000fc600000| Untracked 
|   7|0x00000000fc700000, 0x00000000fc700000, 0x00000000fc800000|  0%| F|  |TAMS 0x00000000fc700000| PB 0x00000000fc700000| Untracked 
|   8|0x00000000fc800000, 0x00000000fc800000, 0x00000000fc900000|  0%| F|  |TAMS 0x00000000fc800000| PB 0x00000000fc800000| Untracked 
|   9|0x00000000fc900000, 0x00000000fc900000, 0x00000000fca00000|  0%| F|  |TAMS 0x00000000fc900000| PB 0x00000000fc900000| Untracked 
|  10|0x00000000fca00000, 0x00000000fca00000, 0x00000000fcb00000|  0%| F|  |TAMS 0x00000000fca00000| PB 0x00000000fca00000| Untracked 
|  11|0x00000000fcb00000, 0x00000000fcb00000, 0x00000000fcc00000|  0%| F|  |TAMS 0x00000000fcb00000| PB 0x00000000fcb00000| Untracked 
|  12|0x00000000fcc00000, 0x00000000fcc00000, 0x00000000fcd00000|  0%| F|  |TAMS 0x00000000fcc00000| PB 0x00000000fcc00000| Untracked 
|  13|0x00000000fcd00000, 0x00000000fcd00000, 0x00000000fce00000|  0%| F|  |TAMS 0x00000000fcd00000| PB 0x00000000fcd00000| Untracked 
|  14|0x00000000fce00000, 0x00000000fce00000, 0x00000000fcf00000|  0%| F|  |TAMS 0x00000000fce00000| PB 0x00000000fce00000| Untracked 
|  15|0x00000000fcf00000, 0x00000000fcf00000, 0x00000000fd000000|  0%| F|  |TAMS 0x00000000fcf00000| PB 0x00000000fcf00000| Untracked 
|  16|0x00000000fd000000, 0x00000000fd000000, 0x00000000fd100000|  0%| F|  |TAMS 0x00000000fd000000| PB 0x00000000fd000000| Untracked 
|  17|0x00000000fd100000, 0x00000000fd100000, 0x00000000fd200000|  0%| F|  |TAMS 0x00000000fd100000| PB 0x00000000fd100000| Untracked 
|  18|0x00000000fd200000, 0x00000000fd200000, 0x00000000fd300000|  0%| F|  |TAMS 0x00000000fd200000| PB 0x00000000fd200000| Untracked 
|  19|0x00000000fd300000, 0x00000000fd300000, 0x00000000fd400000|  0%| F|  |TAMS 0x00000000fd300000| PB 0x00000000fd300000| Untracked 
|  20|0x00000000fd400000, 0x00000000fd400000, 0x00000000fd500000|  0%| F|  |TAMS 0x00000000fd400000| PB 0x00000000fd400000| Untracked 
|  21|0x00000000fd500000, 0x00000000fd500000, 0x00000000fd600000|  0%| F|  |TAMS 0x00000000fd500000| PB 0x00000000fd500000| Untracked 
|  22|0x00000000fd600000, 0x00000000fd600000, 0x00000000fd700000|  0%| F|  |TAMS 0x00000000fd600000| PB 0x00000000fd600000| Untracked 
|  23|0x00000000fd700000, 0x00000000fd700000, 0x00000000fd800000|  0%| F|  |TAMS 0x00000000fd700000| PB 0x00000000fd700000| Untracked 
|  24|0x00000000fd800000, 0x00000000fd900000, 0x00000000fd900000|100%| S|CS|TAMS 0x00000000fd800000| PB 0x00000000fd800000| Complete 
|  25|0x00000000fd900000, 0x00000000fda00000, 0x00000000fda00000|100%| S|CS|TAMS 0x00000000fd900000| PB 0x00000000fd900000| Complete 
|  26|0x00000000fda00000, 0x00000000fdb00000, 0x00000000fdb00000|100%| S|CS|TAMS 0x00000000fda00000| PB 0x00000000fda00000| Complete 
|  27|0x00000000fdb00000, 0x00000000fdc00000, 0x00000000fdc00000|100%| S|CS|TAMS 0x00000000fdb00000| PB 0x00000000fdb00000| Complete 
|  28|0x00000000fdc00000, 0x00000000fdd00000, 0x00000000fdd00000|100%| S|CS|TAMS 0x00000000fdc00000| PB 0x00000000fdc00000| Complete 
|  29|0x00000000fdd00000, 0x00000000fdd00000, 0x00000000fde00000|  0%| F|  |TAMS 0x00000000fdd00000| PB 0x00000000fdd00000| Untracked 
|  30|0x00000000fde00000, 0x00000000fde00000, 0x00000000fdf00000|  0%| F|  |TAMS 0x00000000fde00000| PB 0x00000000fde00000| Untracked 
|  31|0x00000000fdf00000, 0x00000000fdf00000, 0x00000000fe000000|  0%| F|  |TAMS 0x00000000fdf00000| PB 0x00000000fdf00000| Untracked 
|  32|0x00000000fe000000, 0x00000000fe000000, 0x00000000fe100000|  0%| F|  |TAMS 0x00000000fe000000| PB 0x00000000fe000000| Untracked 
|  33|0x00000000fe100000, 0x00000000fe100000, 0x00000000fe200000|  0%| F|  |TAMS 0x00000000fe100000| PB 0x00000000fe100000| Untracked 
|  34|0x00000000fe200000, 0x00000000fe200000, 0x00000000fe300000|  0%| F|  |TAMS 0x00000000fe200000| PB 0x00000000fe200000| Untracked 
|  35|0x00000000fe300000, 0x00000000fe300000, 0x00000000fe400000|  0%| F|  |TAMS 0x00000000fe300000| PB 0x00000000fe300000| Untracked 
|  36|0x00000000fe400000, 0x00000000fe400000, 0x00000000fe500000|  0%| F|  |TAMS 0x00000000fe400000| PB 0x00000000fe400000| Untracked 
|  37|0x00000000fe500000, 0x00000000fe500000, 0x00000000fe600000|  0%| F|  |TAMS 0x00000000fe500000| PB 0x00000000fe500000| Untracked 
|  38|0x00000000fe600000, 0x00000000fe600000, 0x00000000fe700000|  0%| F|  |TAMS 0x00000000fe600000| PB 0x00000000fe600000| Untracked 
|  39|0x00000000fe700000, 0x00000000fe735198, 0x00000000fe800000| 20%| E|  |TAMS 0x00000000fe700000| PB 0x00000000fe700000| Complete 
|  40|0x00000000fe800000, 0x00000000fe900000, 0x00000000fe900000|100%| E|CS|TAMS 0x00000000fe800000| PB 0x00000000fe800000| Complete 
|  41|0x00000000fe900000, 0x00000000fea00000, 0x00000000fea00000|100%| E|CS|TAMS 0x00000000fe900000| PB 0x00000000fe900000| Complete 
|  42|0x00000000fea00000, 0x00000000feb00000, 0x00000000feb00000|100%| E|CS|TAMS 0x00000000fea00000| PB 0x00000000fea00000| Complete 
|  43|0x00000000feb00000, 0x00000000fec00000, 0x00000000fec00000|100%| E|CS|TAMS 0x00000000feb00000| PB 0x00000000feb00000| Complete 
|  44|0x00000000fec00000, 0x00000000fed00000, 0x00000000fed00000|100%| E|CS|TAMS 0x00000000fec00000| PB 0x00000000fec00000| Complete 
|  45|0x00000000fed00000, 0x00000000fee00000, 0x00000000fee00000|100%| E|CS|TAMS 0x00000000fed00000| PB 0x00000000fed00000| Complete 
|  46|0x00000000fee00000, 0x00000000fef00000, 0x00000000fef00000|100%| E|CS|TAMS 0x00000000fee00000| PB 0x00000000fee00000| Complete 
|  47|0x00000000fef00000, 0x00000000ff000000, 0x00000000ff000000|100%| E|CS|TAMS 0x00000000fef00000| PB 0x00000000fef00000| Complete 
|  48|0x00000000ff000000, 0x00000000ff100000, 0x00000000ff100000|100%| E|CS|TAMS 0x00000000ff000000| PB 0x00000000ff000000| Complete 
|  49|0x00000000ff100000, 0x00000000ff200000, 0x00000000ff200000|100%| E|CS|TAMS 0x00000000ff100000| PB 0x00000000ff100000| Complete 
|  50|0x00000000ff200000, 0x00000000ff300000, 0x00000000ff300000|100%| E|CS|TAMS 0x00000000ff200000| PB 0x00000000ff200000| Complete 
|  51|0x00000000ff300000, 0x00000000ff400000, 0x00000000ff400000|100%| E|CS|TAMS 0x00000000ff300000| PB 0x00000000ff300000| Complete 
|  52|0x00000000ff400000, 0x00000000ff500000, 0x00000000ff500000|100%| E|CS|TAMS 0x00000000ff400000| PB 0x00000000ff400000| Complete 
|  53|0x00000000ff500000, 0x00000000ff600000, 0x00000000ff600000|100%| E|CS|TAMS 0x00000000ff500000| PB 0x00000000ff500000| Complete 
|  54|0x00000000ff600000, 0x00000000ff700000, 0x00000000ff700000|100%| E|CS|TAMS 0x00000000ff600000| PB 0x00000000ff600000| Complete 
|  55|0x00000000ff700000, 0x00000000ff800000, 0x00000000ff800000|100%| E|CS|TAMS 0x00000000ff700000| PB 0x00000000ff700000| Complete 
|  56|0x00000000ff800000, 0x00000000ff900000, 0x00000000ff900000|100%| E|CS|TAMS 0x00000000ff800000| PB 0x00000000ff800000| Complete 
|  57|0x00000000ff900000, 0x00000000ffa00000, 0x00000000ffa00000|100%| E|CS|TAMS 0x00000000ff900000| PB 0x00000000ff900000| Complete 
|  58|0x00000000ffa00000, 0x00000000ffb00000, 0x00000000ffb00000|100%| E|CS|TAMS 0x00000000ffa00000| PB 0x00000000ffa00000| Complete 
|  59|0x00000000ffb00000, 0x00000000ffc00000, 0x00000000ffc00000|100%| E|CS|TAMS 0x00000000ffb00000| PB 0x00000000ffb00000| Complete 
|  60|0x00000000ffc00000, 0x00000000ffd00000, 0x00000000ffd00000|100%| E|CS|TAMS 0x00000000ffc00000| PB 0x00000000ffc00000| Complete 
|  61|0x00000000ffd00000, 0x00000000ffe00000, 0x00000000ffe00000|100%| E|CS|TAMS 0x00000000ffd00000| PB 0x00000000ffd00000| Complete 
|  62|0x00000000ffe00000, 0x00000000fff00000, 0x00000000fff00000|100%| E|CS|TAMS 0x00000000ffe00000| PB 0x00000000ffe00000| Complete 
|  63|0x00000000fff00000, 0x0000000100000000, 0x0000000100000000|100%| E|CS|TAMS 0x00000000fff00000| PB 0x00000000fff00000| Complete 

Card table byte_map: [0x00000285e8850000,0x00000285e8870000] _byte_map_base: 0x00000285e8070000

Marking Bits: (CMBitMap*) 0x00000285ea889080
 Bits: [0x00000285f3270000, 0x00000285f3370000)

Polling page: 0x00000285e8800000

Metaspace:

Usage:
  Non-class:      9.59 MB used.
      Class:      1.36 MB used.
       Both:     10.95 MB used.

Virtual space:
  Non-class space:       64.00 MB reserved,       9.75 MB ( 15%) committed,  1 nodes.
      Class space:        1.00 GB reserved,       1.50 MB ( <1%) committed,  1 nodes.
             Both:        1.06 GB reserved,      11.25 MB (  1%) committed. 

Chunk freelists:
   Non-Class:  6.19 MB
       Class:  14.47 MB
        Both:  20.66 MB

MaxMetaspaceSize: unlimited
CompressedClassSpaceSize: 1.00 GB
Initial GC threshold: 21.00 MB
Current GC threshold: 21.00 MB
CDS: on
 - commit_granule_bytes: 65536.
 - commit_granule_words: 8192.
 - virtual_space_node_default_size: 8388608.
 - enlarge_chunks_in_place: 1.
 - use_allocation_guard: 0.


Internal statistics:

num_allocs_failed_limit: 0.
num_arena_births: 244.
num_arena_deaths: 0.
num_vsnodes_births: 2.
num_vsnodes_deaths: 0.
num_space_committed: 180.
num_space_uncommitted: 0.
num_chunks_returned_to_freelist: 0.
num_chunks_taken_from_freelist: 589.
num_chunk_merges: 0.
num_chunk_splits: 380.
num_chunks_enlarged: 268.
num_inconsistent_stats: 0.

CodeHeap 'non-profiled nmethods': size=120000Kb used=1237Kb max_used=1237Kb free=118762Kb
 bounds [0x0000028587ad0000, 0x0000028587d40000, 0x000002858f000000]
CodeHeap 'profiled nmethods': size=120000Kb used=4757Kb max_used=4757Kb free=115242Kb
 bounds [0x0000028580000000, 0x00000285804b0000, 0x0000028587530000]
CodeHeap 'non-nmethods': size=5760Kb used=1422Kb max_used=1463Kb free=4337Kb
 bounds [0x0000028587530000, 0x00000285877a0000, 0x0000028587ad0000]
 total_blobs=3021 nmethods=2509 adapters=416
 compilation: enabled
              stopped_count=0, restarted_count=0
 full_count=0

Compilation events (20 events):
Event: 294.927 Thread 0x00000285f5f64bd0 nmethod 2499 0x00000285804a2a10 code [0x00000285804a2bc0, 0x00000285804a2e10]
Event: 294.927 Thread 0x00000285f5f64bd0 2501       3       com.google.common.collect.ImmutableList::asImmutableList (7 bytes)
Event: 294.927 Thread 0x00000285f5f64bd0 nmethod 2501 0x00000285804a2f90 code [0x00000285804a3140, 0x00000285804a3260]
Event: 320.234 Thread 0x00000285f5f62510 2502       4       java.lang.String::<init> (7 bytes)
Event: 320.240 Thread 0x00000285f5f62510 nmethod 2502 0x0000028587bff810 code [0x0000028587bff9e0, 0x0000028587c001d8]
Event: 341.930 Thread 0x00000285f5f64bd0 2503       3       java.util.ArrayList::listIterator (15 bytes)
Event: 341.931 Thread 0x00000285f5f64bd0 nmethod 2503 0x00000285804a3310 code [0x00000285804a3500, 0x00000285804a3a58]
Event: 341.931 Thread 0x00000285f5f64bd0 2504       3       org.gradle.internal.logging.console.DefaultColorMap$ForegroundColor::off (9 bytes)
Event: 341.931 Thread 0x00000285f5f64bd0 nmethod 2504 0x00000285804a3c90 code [0x00000285804a3ea0, 0x00000285804a44e0]
Event: 381.934 Thread 0x00000285f5f62510 2505       4       java.lang.AbstractStringBuilder::append (55 bytes)
Event: 381.947 Thread 0x00000285f5f62510 nmethod 2505 0x0000028587c00490 code [0x0000028587c00680, 0x0000028587c01100]
Event: 422.921 Thread 0x00000285f5f64bd0 2506       3       com.google.common.collect.ImmutableList::asImmutableList (69 bytes)
Event: 422.922 Thread 0x00000285f5f64bd0 nmethod 2506 0x00000285804a4810 code [0x00000285804a4a60, 0x00000285804a52c0]
Event: 425.934 Thread 0x00000285f5f62510 2507       4       org.gradle.internal.logging.events.StyledTextOutputEvent$Span::equals (63 bytes)
Event: 425.937 Thread 0x00000285f5f62510 nmethod 2507 0x0000028587c01590 code [0x0000028587c01740, 0x0000028587c019e8]
Event: 430.728 Thread 0x00000285f5f62510 2508       4       org.fusesource.jansi.Ansi::appendEscapeSequence (44 bytes)
Event: 430.787 Thread 0x00000285f5f62510 nmethod 2508 0x0000028587c01b90 code [0x0000028587c01ee0, 0x0000028587c04258]
Event: 453.133 Thread 0x00000285f5f62510 2509       4       java.util.concurrent.TimeUnit::toMillis (69 bytes)
Event: 453.134 Thread 0x00000285f5f62510 nmethod 2509 0x0000028587c05290 code [0x0000028587c05420, 0x0000028587c05538]
Event: 456.824 Thread 0x00000285f5f62510 2510       4       java.util.ArrayList::clear (43 bytes)

GC Heap History (4 events):
Event: 0.313 GC heap before
{Heap before GC invocations=0 (full 0):
 garbage-first heap   total 65536K, used 22528K [0x00000000fc000000, 0x0000000100000000)
  region size 1024K, 23 young (23552K), 0 survivors (0K)
 Metaspace       used 1587K, committed 1792K, reserved 1114112K
  class space    used 147K, committed 256K, reserved 1048576K
}
Event: 0.315 GC heap after
{Heap after GC invocations=1 (full 0):
 garbage-first heap   total 65536K, used 1824K [0x00000000fc000000, 0x0000000100000000)
  region size 1024K, 2 young (2048K), 2 survivors (2048K)
 Metaspace       used 1587K, committed 1792K, reserved 1114112K
  class space    used 147K, committed 256K, reserved 1048576K
}
Event: 0.799 GC heap before
{Heap before GC invocations=1 (full 0):
 garbage-first heap   total 65536K, used 38688K [0x00000000fc000000, 0x0000000100000000)
  region size 1024K, 35 young (35840K), 2 survivors (2048K)
 Metaspace       used 8597K, committed 8832K, reserved 1114112K
  class space    used 1142K, committed 1216K, reserved 1048576K
}
Event: 0.803 GC heap after
{Heap after GC invocations=2 (full 0):
 garbage-first heap   total 65536K, used 12074K [0x00000000fc000000, 0x0000000100000000)
  region size 1024K, 5 young (5120K), 5 survivors (5120K)
 Metaspace       used 8597K, committed 8832K, reserved 1114112K
  class space    used 1142K, committed 1216K, reserved 1048576K
}

Dll operation events (13 events):
Event: 0.004 Loaded shared library C:\Program Files\Java\jdk-21.0.10\bin\java.dll
Event: 0.025 Loaded shared library C:\Program Files\Java\jdk-21.0.10\bin\jsvml.dll
Event: 0.039 Loaded shared library C:\Program Files\Java\jdk-21.0.10\bin\net.dll
Event: 0.041 Loaded shared library C:\Program Files\Java\jdk-21.0.10\bin\nio.dll
Event: 0.043 Loaded shared library C:\Program Files\Java\jdk-21.0.10\bin\zip.dll
Event: 0.047 Loaded shared library C:\Program Files\Java\jdk-21.0.10\bin\verify.dll
Event: 0.317 Loaded shared library C:\Program Files\Java\jdk-21.0.10\bin\jimage.dll
Event: 0.556 Loaded shared library C:\Program Files\Java\jdk-21.0.10\bin\management.dll
Event: 0.558 Loaded shared library C:\Program Files\Java\jdk-21.0.10\bin\management_ext.dll
Event: 0.585 Loaded shared library C:\Users\none\.gradle\native\660c5614fbf4a5f2a75b1949f50a0caf5cd603558e7d8a26e50b933a0cfb79d1\windows-amd64\native-platform.dll
Event: 0.606 Loaded shared library C:\Users\none\.gradle\native\jansi\1.18\windows64\jansi.dll
Event: 0.705 Loaded shared library C:\Program Files\Java\jdk-21.0.10\bin\extnet.dll
Event: 2.411 Loaded shared library C:\Program Files\Java\jdk-21.0.10\bin\sunmscapi.dll

Deoptimization events (20 events):
Event: 36.427 Thread 0x00000285fb4a96f0 DEOPT PACKING pc=0x000002858047298a sp=0x000000f3218fdcc0
Event: 36.427 Thread 0x00000285fb4a96f0 DEOPT UNPACKING pc=0x0000028587584e42 sp=0x000000f3218fd130 mode 0
Event: 36.940 Thread 0x00000285e85ceb70 DEOPT PACKING pc=0x000002858047235d sp=0x000000f3201fde60
Event: 36.940 Thread 0x00000285e85ceb70 DEOPT UNPACKING pc=0x0000028587584e42 sp=0x000000f3201fd2f8 mode 0
Event: 37.033 Thread 0x00000285fb4a96f0 DEOPT PACKING pc=0x000002858047298a sp=0x000000f3218fdcc0
Event: 37.033 Thread 0x00000285fb4a96f0 DEOPT UNPACKING pc=0x0000028587584e42 sp=0x000000f3218fd130 mode 0
Event: 43.474 Thread 0x00000285e85ceb70 DEOPT PACKING pc=0x000002858047235d sp=0x000000f3201fde60
Event: 43.474 Thread 0x00000285e85ceb70 DEOPT UNPACKING pc=0x0000028587584e42 sp=0x000000f3201fd2f8 mode 0
Event: 43.522 Thread 0x00000285fb4a96f0 DEOPT PACKING pc=0x000002858047298a sp=0x000000f3218fdc90
Event: 43.522 Thread 0x00000285fb4a96f0 DEOPT UNPACKING pc=0x0000028587584e42 sp=0x000000f3218fd100 mode 0
Event: 43.913 Thread 0x00000285e85ceb70 DEOPT PACKING pc=0x000002858047235d sp=0x000000f3201fde60
Event: 43.913 Thread 0x00000285e85ceb70 DEOPT UNPACKING pc=0x0000028587584e42 sp=0x000000f3201fd2f8 mode 0
Event: 43.929 Thread 0x00000285fb4a96f0 DEOPT PACKING pc=0x000002858047298a sp=0x000000f3218fdc90
Event: 43.929 Thread 0x00000285fb4a96f0 DEOPT UNPACKING pc=0x0000028587584e42 sp=0x000000f3218fd100 mode 0
Event: 44.263 Thread 0x00000285e85ceb70 DEOPT PACKING pc=0x000002858047235d sp=0x000000f3201fde60
Event: 44.263 Thread 0x00000285e85ceb70 DEOPT UNPACKING pc=0x0000028587584e42 sp=0x000000f3201fd2f8 mode 0
Event: 44.323 Thread 0x00000285fb4a96f0 DEOPT PACKING pc=0x000002858047298a sp=0x000000f3218fdc90
Event: 44.323 Thread 0x00000285fb4a96f0 DEOPT UNPACKING pc=0x0000028587584e42 sp=0x000000f3218fd100 mode 0
Event: 46.016 Thread 0x00000285e85ceb70 DEOPT PACKING pc=0x000002858047235d sp=0x000000f3201fde60
Event: 46.016 Thread 0x00000285e85ceb70 DEOPT UNPACKING pc=0x0000028587584e42 sp=0x000000f3201fd2f8 mode 0

Classes loaded (20 events):
Event: 4.527 Loading class java/io/ObjectInputStream$PeekInputStream
Event: 4.527 Loading class java/io/ObjectInputStream$PeekInputStream done
Event: 4.527 Loading class java/io/ObjectInputStream$HandleTable
Event: 4.527 Loading class java/io/ObjectInputStream$HandleTable done
Event: 4.527 Loading class java/io/ObjectInputStream$HandleTable$HandleList
Event: 4.527 Loading class java/io/ObjectInputStream$HandleTable$HandleList done
Event: 4.527 Loading class java/io/ObjectInputStream$ValidationList
Event: 4.527 Loading class java/io/ObjectInputStream$ValidationList done
Event: 4.527 Loading class java/io/ObjectInputFilter$Config
Event: 4.527 Loading class java/io/ObjectInputFilter$Config done
Event: 4.527 Loading class java/io/ObjectInputFilter
Event: 4.527 Loading class java/io/ObjectInputFilter done
Event: 4.527 Loading class java/io/ObjectInputFilter$Config$BuiltinFilterFactory
Event: 4.527 Loading class java/io/ObjectInputFilter$Config$BuiltinFilterFactory done
Event: 4.528 Loading class jdk/internal/access/JavaObjectInputFilterAccess
Event: 4.528 Loading class jdk/internal/access/JavaObjectInputFilterAccess done
Event: 14.747 Loading class java/lang/invoke/MethodHandle$1
Event: 14.747 Loading class java/lang/invoke/MethodHandle$1 done
Event: 49.931 Loading class java/lang/foreign/MemorySegment
Event: 49.932 Loading class java/lang/foreign/MemorySegment done

Classes unloaded (0 events):
No events

Classes redefined (0 events):
No events

Internal exceptions (20 events):
Event: 0.591 Thread 0x00000285e85ceb70 Exception <a 'java/lang/NoSuchMethodError'{0x00000000fed0e7c0}: 'java.lang.Object java.lang.invoke.DirectMethodHandle$Holder.invokeStatic(java.lang.Object, java.lang.Object, int)'> (0x00000000fed0e7c0) 
thrown [s\open\src\hotspot\share\interpreter\linkResolver.cpp, line 773]
Event: 0.592 Thread 0x00000285e85ceb70 Exception <a 'java/lang/NoSuchMethodError'{0x00000000fed19c40}: 'void java.lang.invoke.DelegatingMethodHandle$Holder.delegate(java.lang.Object, java.lang.Object, int, java.lang.Object)'> (0x00000000fed19c40) 
thrown [s\open\src\hotspot\share\interpreter\linkResolver.cpp, line 773]
Event: 0.644 Thread 0x00000285e85ceb70 Exception <a 'java/lang/NoSuchMethodError'{0x00000000fe95a590}: 'java.lang.Object java.lang.invoke.DirectMethodHandle$Holder.newInvokeSpecial(java.lang.Object, java.lang.Object, java.lang.Object, java.lang.Object, java.lang.Object)'> (0x00000000fe95a590) 
thrown [s\open\src\hotspot\share\interpreter\linkResolver.cpp, line 773]
Event: 0.648 Thread 0x00000285e85ceb70 Exception <a 'java/lang/NoSuchMethodError'{0x00000000fe9be300}: 'java.lang.Object java.lang.invoke.Invokers$Holder.invokeExact_MT(java.lang.Object, java.lang.Object, java.lang.Object, java.lang.Object, java.lang.Object)'> (0x00000000fe9be300) 
thrown [s\open\src\hotspot\share\interpreter\linkResolver.cpp, line 773]
Event: 0.651 Thread 0x00000285e85ceb70 Exception <a 'java/lang/NoSuchMethodError'{0x00000000fe9f15b8}: 'java.lang.Object java.lang.invoke.DirectMethodHandle$Holder.invokeVirtual(java.lang.Object, java.lang.Object, java.lang.Object, java.lang.Object, java.lang.Object, java.lang.Object, java.lang.Object)'> (0x00000000fe9f15b8) 
thrown [s\open\src\hotspot\share\interpreter\linkResolver.cpp, line 773]
Event: 0.655 Thread 0x00000285e85ceb70 Exception <a 'java/lang/NoSuchMethodError'{0x00000000fe635f18}: 'java.lang.Object java.lang.invoke.DirectMethodHandle$Holder.invokeVirtual(java.lang.Object, java.lang.Object, java.lang.Object, java.lang.Object)'> (0x00000000fe635f18) 
thrown [s\open\src\hotspot\share\interpreter\linkResolver.cpp, line 773]
Event: 0.706 Thread 0x00000285e85ceb70 Exception <a 'java/lang/NoSuchMethodError'{0x00000000fe30f018}: 'void java.lang.invoke.DirectMethodHandle$Holder.invokeStatic(java.lang.Object, java.lang.Object, java.lang.Object)'> (0x00000000fe30f018) 
thrown [s\open\src\hotspot\share\interpreter\linkResolver.cpp, line 773]
Event: 0.716 Thread 0x00000285e85ceb70 Exception <a 'java/lang/NoSuchMethodError'{0x00000000fe3e1b20}: 'java.lang.Object java.lang.invoke.DirectMethodHandle$Holder.invokeVirtual(java.lang.Object, java.lang.Object, java.lang.Object, java.lang.Object, java.lang.Object)'> (0x00000000fe3e1b20) 
thrown [s\open\src\hotspot\share\interpreter\linkResolver.cpp, line 773]
Event: 0.717 Thread 0x00000285e85ceb70 Exception <a 'java/lang/NoSuchMethodError'{0x00000000fe3f4760}: 'java.lang.Object java.lang.invoke.Invokers$Holder.invokeExact_MT(java.lang.Object, java.lang.Object, java.lang.Object, java.lang.Object, java.lang.Object, java.lang.Object)'> (0x00000000fe3f4760) 
thrown [s\open\src\hotspot\share\interpreter\linkResolver.cpp, line 773]
Event: 0.742 Thread 0x00000285e85ceb70 Exception <a 'java/lang/NoSuchMethodError'{0x00000000fe077cd0}: 'java.lang.Object java.lang.invoke.DirectMethodHandle$Holder.invokeVirtual(java.lang.Object, java.lang.Object, java.lang.Object, java.lang.Object, java.lang.Object, java.lang.Object, java.lang.Object, java.lang.Object, java.lang.Object)'> (0x00000000fe077cd0) 
thrown [s\open\src\hotspot\share\interpreter\linkResolver.cpp, line 773]
Event: 0.772 Thread 0x00000285e85ceb70 Exception <a 'java/lang/NoSuchMethodError'{0x00000000fdebf7f0}: 'java.lang.Object java.lang.invoke.DirectMethodHandle$Holder.invokeVirtual(java.lang.Object, java.lang.Object, java.lang.Object, java.lang.Object, java.lang.Object, java.lang.Object, java.lang.Object, java.lang.Object)'> (0x00000000fdebf7f0) 
thrown [s\open\src\hotspot\share\interpreter\linkResolver.cpp, line 773]
Event: 0.780 Thread 0x00000285e85ceb70 Exception <a 'java/lang/NoSuchMethodError'{0x00000000fdd4c530}: 'java.lang.Object java.lang.invoke.DirectMethodHandle$Holder.invokeStaticInit(java.lang.Object, int, int, int, int)'> (0x00000000fdd4c530) 
thrown [s\open\src\hotspot\share\interpreter\linkResolver.cpp, line 773]
Event: 0.788 Thread 0x00000285e85ceb70 Exception <a 'java/lang/NoSuchMethodError'{0x00000000fdd71420}: 'java.lang.Object java.lang.invoke.DirectMethodHandle$Holder.invokeStaticInit(java.lang.Object, java.lang.Object, int, int, int, int)'> (0x00000000fdd71420) 
thrown [s\open\src\hotspot\share\interpreter\linkResolver.cpp, line 773]
Event: 0.808 Thread 0x00000285e85ceb70 Implicit null exception at 0x0000028587b1f624 to 0x0000028587b1fc78
Event: 0.809 Thread 0x00000285e85ceb70 Implicit null exception at 0x0000028587b2d3a0 to 0x0000028587b2d9ec
Event: 0.840 Thread 0x00000285e85ceb70 Exception <a 'java/lang/NoSuchMethodError'{0x00000000ffd029b0}: 'void java.lang.invoke.DirectMethodHandle$Holder.invokeInterface(java.lang.Object, java.lang.Object, java.lang.Object)'> (0x00000000ffd029b0) 
thrown [s\open\src\hotspot\share\interpreter\linkResolver.cpp, line 773]
Event: 0.925 Thread 0x00000285fb5e4160 Exception <a 'java/lang/NoSuchMethodError'{0x00000000ff88f138}: 'void java.lang.invoke.DirectMethodHandle$Holder.invokeStatic(java.lang.Object, long)'> (0x00000000ff88f138) 
thrown [s\open\src\hotspot\share\interpreter\linkResolver.cpp, line 773]
Event: 0.926 Thread 0x00000285fb5e4160 Exception <a 'java/lang/NoSuchMethodError'{0x00000000ff894350}: 'java.lang.Object java.lang.invoke.DirectMethodHandle$Holder.newInvokeSpecial(java.lang.Object, long)'> (0x00000000ff894350) 
thrown [s\open\src\hotspot\share\interpreter\linkResolver.cpp, line 773]
Event: 0.927 Thread 0x00000285fb5e4160 Exception <a 'java/lang/NoSuchMethodError'{0x00000000ff89b038}: 'java.lang.Object java.lang.invoke.DirectMethodHandle$Holder.invokeStatic(java.lang.Object, long, java.lang.Object)'> (0x00000000ff89b038) 
thrown [s\open\src\hotspot\share\interpreter\linkResolver.cpp, line 773]
Event: 0.927 Thread 0x00000285fb5e4160 Exception <a 'java/lang/NoSuchMethodError'{0x00000000ff89e7d0}: 'java.lang.Object java.lang.invoke.DirectMethodHandle$Holder.invokeStaticInit(java.lang.Object, long, java.lang.Object)'> (0x00000000ff89e7d0) 
thrown [s\open\src\hotspot\share\interpreter\linkResolver.cpp, line 773]

ZGC Phase Switch (0 events):
No events

VM Operations (20 events):
Event: 133.489 Executing VM operation: Cleanup
Event: 133.489 Executing VM operation: Cleanup done
Event: 140.577 Executing VM operation: Cleanup
Event: 140.577 Executing VM operation: Cleanup done
Event: 220.304 Executing VM operation: Cleanup
Event: 220.304 Executing VM operation: Cleanup done
Event: 221.314 Executing VM operation: Cleanup
Event: 221.314 Executing VM operation: Cleanup done
Event: 269.679 Executing VM operation: Cleanup
Event: 269.679 Executing VM operation: Cleanup done
Event: 277.737 Executing VM operation: Cleanup
Event: 277.737 Executing VM operation: Cleanup done
Event: 300.684 Executing VM operation: HandshakeAllThreads (HandshakeForDeflation)
Event: 300.684 Executing VM operation: HandshakeAllThreads (HandshakeForDeflation) done
Event: 300.684 Executing VM operation: RendezvousGCThreads
Event: 300.684 Executing VM operation: RendezvousGCThreads done
Event: 343.036 Executing VM operation: Cleanup
Event: 343.037 Executing VM operation: Cleanup done
Event: 427.703 Executing VM operation: Cleanup
Event: 427.703 Executing VM operation: Cleanup done

Events (20 events):
Event: 0.024 Thread 0x00000285ea938ea0 Thread added: 0x00000285ea938ea0
Event: 0.024 Thread 0x00000285ea93c530 Thread added: 0x00000285ea93c530
Event: 0.024 Thread 0x00000285ea93cf00 Thread added: 0x00000285ea93cf00
Event: 0.024 Thread 0x00000285ea93d970 Thread added: 0x00000285ea93d970
Event: 0.024 Thread 0x00000285ea93dfe0 Thread added: 0x00000285ea93dfe0
Event: 0.024 Thread 0x00000285f5f62510 Thread added: 0x00000285f5f62510
Event: 0.024 Thread 0x00000285f5f64bd0 Thread added: 0x00000285f5f64bd0
Event: 0.036 Thread 0x00000285f61f1680 Thread added: 0x00000285f61f1680
Event: 0.037 Thread 0x00000285f61ce4e0 Thread added: 0x00000285f61ce4e0
Event: 0.224 Thread 0x00000285f63127c0 Thread added: 0x00000285f63127c0
Event: 0.311 Thread 0x00000285f668e8a0 Thread added: 0x00000285f668e8a0
Event: 0.619 Thread 0x00000285fb4a96f0 Thread added: 0x00000285fb4a96f0
Event: 0.920 Thread 0x00000285fb5e4160 Thread added: 0x00000285fb5e4160
Event: 0.931 Thread 0x00000285fb63a270 Thread added: 0x00000285fb63a270
Event: 0.931 Thread 0x00000285fb63a270 Thread exited: 0x00000285fb63a270
Event: 0.932 Thread 0x00000285fb63a270 Thread added: 0x00000285fb63a270
Event: 1.524 Thread 0x00000285f668e8a0 Thread exited: 0x00000285f668e8a0
Event: 1.524 Thread 0x00000285f63127c0 Thread exited: 0x00000285f63127c0
Event: 2.395 Thread 0x00000285fb5e4160 Thread exited: 0x00000285fb5e4160
Event: 2.395 Thread 0x00000285fb63a270 Thread exited: 0x00000285fb63a270


Dynamic libraries:
0x00007ff6ace00000 - 0x00007ff6ace10000 	C:\Program Files\Java\jdk-21.0.10\bin\java.exe
0x00007ff909d70000 - 0x00007ff909f68000 	C:\Windows\SYSTEM32\ntdll.dll
0x00007ff9085d0000 - 0x00007ff908692000 	C:\Windows\System32\KERNEL32.DLL
0x00007ff907930000 - 0x00007ff907c26000 	C:\Windows\System32\KERNELBASE.dll
0x00007ff907580000 - 0x00007ff907680000 	C:\Windows\System32\ucrtbase.dll
0x00007ff8c51d0000 - 0x00007ff8c51e9000 	C:\Program Files\Java\jdk-21.0.10\bin\jli.dll
0x00007ff8bfcb0000 - 0x00007ff8bfcce000 	C:\Program Files\Java\jdk-21.0.10\bin\VCRUNTIME140.dll
0x00007ff909110000 - 0x00007ff9091c1000 	C:\Windows\System32\ADVAPI32.dll
0x00007ff9086a0000 - 0x00007ff90873e000 	C:\Windows\System32\msvcrt.dll
0x00007ff9091d0000 - 0x00007ff90926f000 	C:\Windows\System32\sechost.dll
0x00007ff908eb0000 - 0x00007ff908fd0000 	C:\Windows\System32\RPCRT4.dll
0x00007ff907680000 - 0x00007ff9076a7000 	C:\Windows\System32\bcrypt.dll
0x00007ff9083b0000 - 0x00007ff908551000 	C:\Windows\System32\USER32.dll
0x00007ff907c30000 - 0x00007ff907c52000 	C:\Windows\System32\win32u.dll
0x00007ff906a60000 - 0x00007ff906cfb000 	C:\Windows\WinSxS\amd64_microsoft.windows.common-controls_6595b64144ccf1df_6.0.19041.6456_none_60b8a6cb71f64256\COMCTL32.dll
0x00007ff9097d0000 - 0x00007ff9097fb000 	C:\Windows\System32\GDI32.dll
0x00007ff907810000 - 0x00007ff907929000 	C:\Windows\System32\gdi32full.dll
0x00007ff907400000 - 0x00007ff90749d000 	C:\Windows\System32\msvcp_win.dll
0x00007ff905080000 - 0x00007ff90508a000 	C:\Windows\SYSTEM32\VERSION.dll
0x00007ff9096e0000 - 0x00007ff90970f000 	C:\Windows\System32\IMM32.DLL
0x00007ff8f5180000 - 0x00007ff8f518c000 	C:\Program Files\Java\jdk-21.0.10\bin\vcruntime140_1.dll
0x00007ff8b47b0000 - 0x00007ff8b483d000 	C:\Program Files\Java\jdk-21.0.10\bin\msvcp140.dll
0x00007ff89f590000 - 0x00007ff8a02b7000 	C:\Program Files\Java\jdk-21.0.10\bin\server\jvm.dll
0x00007ff909860000 - 0x00007ff9098cb000 	C:\Windows\System32\WS2_32.dll
0x00007ff9071b0000 - 0x00007ff9071fb000 	C:\Windows\SYSTEM32\POWRPROF.dll
0x00007ff8fd510000 - 0x00007ff8fd537000 	C:\Windows\SYSTEM32\WINMM.dll
0x00007ff907190000 - 0x00007ff9071a2000 	C:\Windows\SYSTEM32\UMPDC.dll
0x00007ff904400000 - 0x00007ff904412000 	C:\Windows\SYSTEM32\kernel.appcore.dll
0x00007ff8f48c0000 - 0x00007ff8f48ca000 	C:\Program Files\Java\jdk-21.0.10\bin\jimage.dll
0x00007ff906d40000 - 0x00007ff906f41000 	C:\Windows\SYSTEM32\DBGHELP.DLL
0x00007ff906d00000 - 0x00007ff906d34000 	C:\Windows\SYSTEM32\dbgcore.DLL
0x00007ff9074f0000 - 0x00007ff907572000 	C:\Windows\System32\bcryptPrimitives.dll
0x00007ff8d41a0000 - 0x00007ff8d41c1000 	C:\Program Files\Java\jdk-21.0.10\bin\java.dll
0x00007ff908740000 - 0x00007ff908eb0000 	C:\Windows\System32\SHELL32.dll
0x00007ff904620000 - 0x00007ff904dc5000 	C:\Windows\SYSTEM32\windows.storage.dll
0x00007ff909370000 - 0x00007ff9096c4000 	C:\Windows\System32\combase.dll
0x00007ff906670000 - 0x00007ff90669b000 	C:\Windows\SYSTEM32\Wldp.dll
0x00007ff909a10000 - 0x00007ff909add000 	C:\Windows\System32\OLEAUT32.dll
0x00007ff909710000 - 0x00007ff9097bd000 	C:\Windows\System32\SHCORE.dll
0x00007ff909800000 - 0x00007ff90985b000 	C:\Windows\System32\shlwapi.dll
0x00007ff907330000 - 0x00007ff907354000 	C:\Windows\SYSTEM32\profapi.dll
0x00007ff8b0150000 - 0x00007ff8b0227000 	C:\Program Files\Java\jdk-21.0.10\bin\jsvml.dll
0x00007ff8ca7f0000 - 0x00007ff8ca801000 	C:\Program Files\Java\jdk-21.0.10\bin\net.dll
0x00007ff902cf0000 - 0x00007ff902dfa000 	C:\Windows\SYSTEM32\WINHTTP.dll
0x00007ff9063f0000 - 0x00007ff90645a000 	C:\Windows\system32\mswsock.dll
0x00007ff8bde90000 - 0x00007ff8bdea6000 	C:\Program Files\Java\jdk-21.0.10\bin\nio.dll
0x00007ff8d4180000 - 0x00007ff8d4198000 	C:\Program Files\Java\jdk-21.0.10\bin\zip.dll
0x00007ff8e70d0000 - 0x00007ff8e70e0000 	C:\Program Files\Java\jdk-21.0.10\bin\verify.dll
0x00007ff901e80000 - 0x00007ff901e8a000 	C:\Program Files\Java\jdk-21.0.10\bin\management.dll
0x00007ff901e70000 - 0x00007ff901e7c000 	C:\Program Files\Java\jdk-21.0.10\bin\management_ext.dll
0x00007ff9097c0000 - 0x00007ff9097c8000 	C:\Windows\System32\PSAPI.DLL
0x00007ff901e90000 - 0x00007ff901eb7000 	C:\Users\none\.gradle\native\660c5614fbf4a5f2a75b1949f50a0caf5cd603558e7d8a26e50b933a0cfb79d1\windows-amd64\native-platform.dll
0x00007ff902f60000 - 0x00007ff902f6a000 	C:\Users\none\.gradle\native\jansi\1.18\windows64\jansi.dll
0x00007ff9060d0000 - 0x00007ff90610b000 	C:\Windows\SYSTEM32\IPHLPAPI.DLL
0x00007ff908560000 - 0x00007ff908568000 	C:\Windows\System32\NSI.dll
0x00007ff8e27e0000 - 0x00007ff8e27e9000 	C:\Program Files\Java\jdk-21.0.10\bin\extnet.dll
0x00007ff907100000 - 0x00007ff907118000 	C:\Windows\SYSTEM32\CRYPTSP.dll
0x00007ff905d70000 - 0x00007ff905da8000 	C:\Windows\system32\rsaenh.dll
0x00007ff9072b0000 - 0x00007ff9072de000 	C:\Windows\SYSTEM32\USERENV.dll
0x00007ff9065e0000 - 0x00007ff9065ec000 	C:\Windows\SYSTEM32\CRYPTBASE.dll
0x00007ff8e2de0000 - 0x00007ff8e2dee000 	C:\Program Files\Java\jdk-21.0.10\bin\sunmscapi.dll
0x00007ff9076b0000 - 0x00007ff90780d000 	C:\Windows\System32\CRYPT32.dll
0x00007ff9066e0000 - 0x00007ff906707000 	C:\Windows\SYSTEM32\ncrypt.dll
0x00007ff9066a0000 - 0x00007ff9066db000 	C:\Windows\SYSTEM32\NTASN1.dll
0x00007ff902930000 - 0x00007ff902937000 	C:\Windows\system32\wshunix.dll

dbghelp: loaded successfully - version: 4.0.5 - missing functions: none
symbol engine: initialized successfully - sym options: 0x614 - pdb path: .;C:\Program Files\Java\jdk-21.0.10\bin;C:\Windows\SYSTEM32;C:\Windows\WinSxS\amd64_microsoft.windows.common-controls_6595b64144ccf1df_6.0.19041.6456_none_60b8a6cb71f64256;C:\Program Files\Java\jdk-21.0.10\bin\server;C:\Users\none\.gradle\native\660c5614fbf4a5f2a75b1949f50a0caf5cd603558e7d8a26e50b933a0cfb79d1\windows-amd64;C:\Users\none\.gradle\native\jansi\1.18\windows64

VM Arguments:
jvm_args: -Xmx64m -Xms64m -Dorg.gradle.appname=gradlew 
java_command: C:\MyMods\SableFloaters\\gradle\wrapper\gradle-wrapper.jar runClient
java_class_path (initial): C:\MyMods\SableFloaters\\gradle\wrapper\gradle-wrapper.jar
Launcher Type: SUN_STANDARD

[Global flags]
     intx CICompilerCount                          = 4                                         {product} {ergonomic}
     uint ConcGCThreads                            = 3                                         {product} {ergonomic}
     uint G1ConcRefinementThreads                  = 10                                        {product} {ergonomic}
   size_t G1HeapRegionSize                         = 1048576                                   {product} {ergonomic}
    uintx GCDrainStackTargetSize                   = 64                                        {product} {ergonomic}
   size_t InitialHeapSize                          = 67108864                                  {product} {command line}
   size_t MarkStackSize                            = 4194304                                   {product} {ergonomic}
   size_t MaxHeapSize                              = 67108864                                  {product} {command line}
   size_t MaxNewSize                               = 39845888                                  {product} {ergonomic}
   size_t MinHeapDeltaBytes                        = 1048576                                   {product} {ergonomic}
   size_t MinHeapSize                              = 67108864                                  {product} {command line}
    uintx NonNMethodCodeHeapSize                   = 5839372                                {pd product} {ergonomic}
    uintx NonProfiledCodeHeapSize                  = 122909434                              {pd product} {ergonomic}
    uintx ProfiledCodeHeapSize                     = 122909434                              {pd product} {ergonomic}
    uintx ReservedCodeCacheSize                    = 251658240                              {pd product} {ergonomic}
     bool SegmentedCodeCache                       = true                                      {product} {ergonomic}
   size_t SoftMaxHeapSize                          = 67108864                               {manageable} {ergonomic}
     bool UseCompressedOops                        = true                           {product lp64_product} {ergonomic}
     bool UseG1GC                                  = true                                      {product} {ergonomic}
     bool UseLargePagesIndividualAllocation        = false                                  {pd product} {ergonomic}

Logging:
Log output configuration:
 #0: stdout all=warning uptime,level,tags foldmultilines=false
 #1: stderr all=off uptime,level,tags foldmultilines=false

Environment Variables:
JAVA_HOME=C:\Program Files\Java\jdk-21.0.10
PATH=C:\Program Files\Common Files\Oracle\Java\javapath;C:\Program Files (x86)\Common Files\Oracle\Java\java8path;C:\Program Files (x86)\Common Files\Oracle\Java\javapath;C:\Windows\system32;C:\Windows;C:\Windows\System32\Wbem;C:\Windows\System32\WindowsPowerShell\v1.0\;C:\Windows\System32\OpenSSH\;C:\Program Files\dotnet\;C:\Program Files (x86)\ZeroTier\One\;C:\Program Files\Cloudflare\Cloudflare WARP\;C:\Program Files\Git\cmd;C:\Users\none\AppData\Local\Microsoft\WindowsApps;C:\Users\none\.dotnet\tools;C:\Users\none\AppData\Local\Programs\Microsoft VS Code\bin;C:\Users\none\AppData\Local\GitHubDesktop\bin;c:\Users\none\.vscode\extensions\vscjava.vscode-java-debug-0.59.0\bundled\scripts\noConfigScripts
USERNAME=none
LANG=en_US.UTF-8
OS=Windows_NT
PROCESSOR_IDENTIFIER=AMD64 Family 25 Model 80 Stepping 0, AuthenticAMD
TMP=C:\Users\none\AppData\Local\Temp
TEMP=C:\Users\none\AppData\Local\Temp




Periodic native trim disabled

---------------  S Y S T E M  ---------------

OS:
 Windows 10 , 64 bit Build 19041 (10.0.19041.5915)
OS uptime: 4 days 22:18 hours

CPU: total 12 (initial active 12) (12 cores per cpu, 2 threads per core) family 25 model 80 stepping 0 microcode 0x0, cx8, cmov, fxsr, ht, mmx, 3dnowpref, sse, sse2, sse3, ssse3, sse4a, sse4.1, sse4.2, popcnt, lzcnt, tsc, tscinvbit, avx, avx2, aes, erms, clmul, bmi1, bmi2, adx, sha, fma, vzeroupper, clflush, clflushopt, rdtscp, rdpid, fsrm, f16c, pku, cet_ss
Processor Information for all 12 processors :
  Max Mhz: 2301, Current Mhz: 2301, Mhz Limit: 2301

Memory: 4k page, system-wide physical 15751M (741M free)
TotalPageFile size 27536M (AvailPageFile size 0M)
current process WorkingSet (physical memory assigned to process): 10M, peak: 135M
current process commit charge ("private bytes"): 174M, peak: 199M

vm_info: Java HotSpot(TM) 64-Bit Server VM (21.0.10+8-LTS-217) for windows-amd64 JRE (21.0.10+8-LTS-217), built on 2025-12-18T14:59:28Z by "mach5run" with MS VC++ 17.13 (VS2022)

END.
