#
# There is insufficient memory for the Java Runtime Environment to continue.
# Native memory allocation (malloc) failed to allocate 32744 bytes for Chunk::new
# Possible reasons:
#   The system is out of physical RAM or swap space
#   The process is running with CompressedOops enabled, and the Java Heap may be blocking the growth of the native heap
# Possible solutions:
#   Reduce memory load on the system
#   Increase physical memory or swap space
#   Check if swap backing store is full
#   Decrease Java heap size (-Xmx/-Xms)
#   Decrease number of Java threads
#
#  
 Windows 10 , 64 bit Build 19041 (10.0.19041.5915)
Time: Fri Jun 19 04:30:31 2026 elapsed time: 69.161193 seconds (0d 0h 1m 9s)

---------------  T H R E A D  ---------------

Current thread (0x0000019a1ce469b0):  JavaThread "C2 CompilerThread0" daemon [_thread_in_native, id=10768, stack(0x00000025b3f00000,0x00000025b4000000) (1024K)]


Current CompileTask:
C2:  69161 2182       4       java.util.ArrayDeque::pollFirst (36 bytes)

Stack: [0x00000025b3f00000,0x00000025b4000000]
Native frames: (J=compiled Java code, j=interpreted, Vv=VM code, C=native code)
V  [jvm.dll+0x6d0b59]
V  [jvm.dll+0x85fd56]
V  [jvm.dll+0x86224e]
V  [jvm.dll+0x862923]
V  [jvm.dll+0x282a16]
V  [jvm.dll+0xc662d]
V  [jvm.dll+0xc6b71]
V  [jvm.dll+0xc6755]
V  [jvm.dll+0x143977]
V  [jvm.dll+0x71da59]
V  [jvm.dll+0x71e05a]
V  [jvm.dll+0x71bf04]
V  [jvm.dll+0x1e3601]
V  [jvm.dll+0x24b4c3]
V  [jvm.dll+0x24a94f]
V  [jvm.dll+0x1cacfe]
V  [jvm.dll+0x25a629]
V  [jvm.dll+0x258bb5]
V  [jvm.dll+0x3f4da1]
V  [jvm.dll+0x80a83d]
V  [jvm.dll+0x6cf3fd]
C  [ucrtbase.dll+0x21bb2]
C  [KERNEL32.DLL+0x17374]
C  [ntdll.dll+0x4cc91]


---------------  P R O C E S S  ---------------

Threads class SMR info:
_java_thread_list=0x0000019a62f22510, length=12, elements={
0x0000019a0058d480, 0x0000019a02846610, 0x0000019a028476e0, 0x0000019a0284d5c0,
0x0000019a0284e380, 0x0000019a1ce40930, 0x0000019a1ce41b30, 0x0000019a1ce469b0,
0x0000019a1ce4b610, 0x0000019a6217a610, 0x0000019a62180280, 0x0000019a62d6fef0
}

Java Threads: ( => current thread )
  0x0000019a0058d480 JavaThread "main"                              [_thread_in_vm, id=19092, stack(0x00000025b3100000,0x00000025b3200000) (1024K)]
  0x0000019a02846610 JavaThread "Reference Handler"          daemon [_thread_blocked, id=14636, stack(0x00000025b3900000,0x00000025b3a00000) (1024K)]
  0x0000019a028476e0 JavaThread "Finalizer"                  daemon [_thread_blocked, id=272, stack(0x00000025b3a00000,0x00000025b3b00000) (1024K)]
  0x0000019a0284d5c0 JavaThread "Signal Dispatcher"          daemon [_thread_blocked, id=8380, stack(0x00000025b3b00000,0x00000025b3c00000) (1024K)]
  0x0000019a0284e380 JavaThread "Attach Listener"            daemon [_thread_blocked, id=20932, stack(0x00000025b3c00000,0x00000025b3d00000) (1024K)]
  0x0000019a1ce40930 JavaThread "Service Thread"             daemon [_thread_blocked, id=7228, stack(0x00000025b3d00000,0x00000025b3e00000) (1024K)]
  0x0000019a1ce41b30 JavaThread "Monitor Deflation Thread"   daemon [_thread_blocked, id=10940, stack(0x00000025b3e00000,0x00000025b3f00000) (1024K)]
=>0x0000019a1ce469b0 JavaThread "C2 CompilerThread0"         daemon [_thread_in_native, id=10768, stack(0x00000025b3f00000,0x00000025b4000000) (1024K)]
  0x0000019a1ce4b610 JavaThread "C1 CompilerThread0"         daemon [_thread_in_vm, id=14920, stack(0x00000025b4000000,0x00000025b4100000) (1024K)]
  0x0000019a6217a610 JavaThread "Notification Thread"        daemon [_thread_blocked, id=2360, stack(0x00000025b4100000,0x00000025b4200000) (1024K)]
  0x0000019a62180280 JavaThread "Common-Cleaner"             daemon [_thread_blocked, id=6940, stack(0x00000025b4200000,0x00000025b4300000) (1024K)]
  0x0000019a62d6fef0 JavaThread "pool-1-thread-1"                   [_thread_blocked, id=10312, stack(0x00000025b4800000,0x00000025b4900000) (1024K)]
Total: 12

Other Threads:
  0x0000019a0282b400 VMThread "VM Thread"                           [id=3948, stack(0x00000025b3800000,0x00000025b3900000) (1024K)]
  0x0000019a1ce3d300 WatcherThread "VM Periodic Task Thread"        [id=2536, stack(0x00000025b3700000,0x00000025b3800000) (1024K)]
  0x0000019a027972e0 WorkerThread "GC Thread#0"                     [id=10956, stack(0x00000025b3200000,0x00000025b3300000) (1024K)]
  0x0000019a62501ba0 WorkerThread "GC Thread#1"                     [id=2560, stack(0x00000025b4500000,0x00000025b4600000) (1024K)]
  0x0000019a622d5c20 WorkerThread "GC Thread#2"                     [id=6012, stack(0x00000025b4600000,0x00000025b4700000) (1024K)]
  0x0000019a622d5fd0 WorkerThread "GC Thread#3"                     [id=1652, stack(0x00000025b4700000,0x00000025b4800000) (1024K)]
  0x0000019a6298c590 WorkerThread "GC Thread#4"                     [id=2448, stack(0x00000025b4900000,0x00000025b4a00000) (1024K)]
  0x0000019a62fee6f0 WorkerThread "GC Thread#5"                     [id=9088, stack(0x00000025b4a00000,0x00000025b4b00000) (1024K)]
  0x0000019a62feeaa0 WorkerThread "GC Thread#6"                     [id=8836, stack(0x00000025b4b00000,0x00000025b4c00000) (1024K)]
  0x0000019a63006730 WorkerThread "GC Thread#7"                     [id=10720, stack(0x00000025b4c00000,0x00000025b4d00000) (1024K)]
  0x0000019a02798c80 ConcurrentGCThread "G1 Main Marker"            [id=20912, stack(0x00000025b3300000,0x00000025b3400000) (1024K)]
  0x0000019a02799f30 WorkerThread "G1 Conc#0"                       [id=1856, stack(0x00000025b3400000,0x00000025b3500000) (1024K)]
  0x0000019a0280e4e0 ConcurrentGCThread "G1 Refine#0"               [id=17700, stack(0x00000025b3500000,0x00000025b3600000) (1024K)]
  0x0000019a0280f060 ConcurrentGCThread "G1 Service"                [id=13036, stack(0x00000025b3600000,0x00000025b3700000) (1024K)]
Total: 14

Threads with active compile tasks:
C2 CompilerThread0    69181 2182       4       java.util.ArrayDeque::pollFirst (36 bytes)
C1 CompilerThread0    69181 2187       3       java.io.BufferedReader::readLine (7 bytes)
Total: 2

VM state: not at safepoint (normal execution)

VM Mutex/Monitor currently owned by a thread:  ([mutex/lock_event])
[0x00007ffc19447f10] Metaspace_lock - owner thread: 0x0000019a1ce4b610

Heap address: 0x00000000fc000000, size: 64 MB, Compressed Oops mode: 32-bit

CDS archive(s) mapped at: [0x0000019a1d000000-0x0000019a1dc90000-0x0000019a1dc90000), size 13172736, SharedBaseAddress: 0x0000019a1d000000, ArchiveRelocationMode: 1.
Compressed class space mapped at: 0x0000019a1e000000-0x0000019a5e000000, reserved size: 1073741824
Narrow klass base: 0x0000019a1d000000, Narrow klass shift: 0, Narrow klass range: 0x100000000

GC Precious Log:
 CardTable entry size: 512
 Card Set container configuration: InlinePtr #cards 5 size 8 Array Of Cards #cards 12 size 40 Howl #buckets 4 coarsen threshold 1843 Howl Bitmap #cards 512 size 80 coarsen threshold 460 Card regions per heap region 1 cards per card region 2048
 CPUs: 12 total, 12 available
 Memory: 15751M
 Large Page Support: Disabled
 NUMA Support: Disabled
 Compressed Oops: Enabled (32-bit)
 Heap Region Size: 1M
 Heap Min Capacity: 64M
 Heap Initial Capacity: 64M
 Heap Max Capacity: 64M
 Pre-touch: Disabled
 Parallel Workers: 10
 Concurrent Workers: 3
 Concurrent Refinement Workers: 10
 Periodic GC: Disabled

Heap:
 garbage-first heap   total 65536K, used 22245K [0x00000000fc000000, 0x0000000100000000)
  region size 1024K, 16 young (16384K), 5 survivors (5120K)
 Metaspace       used 10423K, committed 10688K, reserved 1114112K
  class space    used 1322K, committed 1472K, reserved 1048576K

Heap Regions: E=young(eden), S=young(survivor), O=old, HS=humongous(starts), HC=humongous(continues), CS=collection set, F=free, TAMS=top-at-mark-start, PB=parsable bottom
|   0|0x00000000fc000000, 0x00000000fc100000, 0x00000000fc100000|100%|HS|  |TAMS 0x00000000fc000000| PB 0x00000000fc000000| Complete 
|   1|0x00000000fc100000, 0x00000000fc200000, 0x00000000fc200000|100%|HC|  |TAMS 0x00000000fc100000| PB 0x00000000fc100000| Complete 
|   2|0x00000000fc200000, 0x00000000fc300000, 0x00000000fc300000|100%|HC|  |TAMS 0x00000000fc200000| PB 0x00000000fc200000| Complete 
|   3|0x00000000fc300000, 0x00000000fc400000, 0x00000000fc400000|100%|HC|  |TAMS 0x00000000fc300000| PB 0x00000000fc300000| Complete 
|   4|0x00000000fc400000, 0x00000000fc500000, 0x00000000fc500000|100%| O|  |TAMS 0x00000000fc400000| PB 0x00000000fc400000| Untracked 
|   5|0x00000000fc500000, 0x00000000fc600000, 0x00000000fc600000|100%| O|  |TAMS 0x00000000fc500000| PB 0x00000000fc500000| Untracked 
|   6|0x00000000fc600000, 0x00000000fc6b9700, 0x00000000fc700000| 72%| O|  |TAMS 0x00000000fc600000| PB 0x00000000fc600000| Untracked 
|   7|0x00000000fc700000, 0x00000000fc700000, 0x00000000fc800000|  0%| F|  |TAMS 0x00000000fc700000| PB 0x00000000fc700000| Untracked 
|   8|0x00000000fc800000, 0x00000000fc800000, 0x00000000fc900000|  0%| F|  |TAMS 0x00000000fc800000| PB 0x00000000fc800000| Untracked 
|   9|0x00000000fc900000, 0x00000000fc900000, 0x00000000fca00000|  0%| F|  |TAMS 0x00000000fc900000| PB 0x00000000fc900000| Untracked 
|  10|0x00000000fca00000, 0x00000000fca00000, 0x00000000fcb00000|  0%| F|  |TAMS 0x00000000fca00000| PB 0x00000000fca00000| Untracked 
|  11|0x00000000fcb00000, 0x00000000fcb00000, 0x00000000fcc00000|  0%| F|  |TAMS 0x00000000fcb00000| PB 0x00000000fcb00000| Untracked 
|  12|0x00000000fcc00000, 0x00000000fcc00000, 0x00000000fcd00000|  0%| F|  |TAMS 0x00000000fcc00000| PB 0x00000000fcc00000| Untracked 
|  13|0x00000000fcd00000, 0x00000000fcd00000, 0x00000000fce00000|  0%| F|  |TAMS 0x00000000fcd00000| PB 0x00000000fcd00000| Untracked 
|  14|0x00000000fce00000, 0x00000000fce00000, 0x00000000fcf00000|  0%| F|  |TAMS 0x00000000fce00000| PB 0x00000000fce00000| Untracked 
|  15|0x00000000fcf00000, 0x00000000fcf00000, 0x00000000fd000000|  0%| F|  |TAMS 0x00000000fcf00000| PB 0x00000000fcf00000| Untracked 
|  16|0x00000000fd000000, 0x00000000fd000000, 0x00000000fd100000|  0%| F|  |TAMS 0x00000000fd000000| PB 0x00000000fd000000| Untracked 
|  17|0x00000000fd100000, 0x00000000fd100000, 0x00000000fd200000|  0%| F|  |TAMS 0x00000000fd100000| PB 0x00000000fd100000| Untracked 
|  18|0x00000000fd200000, 0x00000000fd200000, 0x00000000fd300000|  0%| F|  |TAMS 0x00000000fd200000| PB 0x00000000fd200000| Untracked 
|  19|0x00000000fd300000, 0x00000000fd300000, 0x00000000fd400000|  0%| F|  |TAMS 0x00000000fd300000| PB 0x00000000fd300000| Untracked 
|  20|0x00000000fd400000, 0x00000000fd400000, 0x00000000fd500000|  0%| F|  |TAMS 0x00000000fd400000| PB 0x00000000fd400000| Untracked 
|  21|0x00000000fd500000, 0x00000000fd500000, 0x00000000fd600000|  0%| F|  |TAMS 0x00000000fd500000| PB 0x00000000fd500000| Untracked 
|  22|0x00000000fd600000, 0x00000000fd600000, 0x00000000fd700000|  0%| F|  |TAMS 0x00000000fd600000| PB 0x00000000fd600000| Untracked 
|  23|0x00000000fd700000, 0x00000000fd700000, 0x00000000fd800000|  0%| F|  |TAMS 0x00000000fd700000| PB 0x00000000fd700000| Untracked 
|  24|0x00000000fd800000, 0x00000000fd900000, 0x00000000fd900000|100%| S|CS|TAMS 0x00000000fd800000| PB 0x00000000fd800000| Complete 
|  25|0x00000000fd900000, 0x00000000fda00000, 0x00000000fda00000|100%| S|CS|TAMS 0x00000000fd900000| PB 0x00000000fd900000| Complete 
|  26|0x00000000fda00000, 0x00000000fdb00000, 0x00000000fdb00000|100%| S|CS|TAMS 0x00000000fda00000| PB 0x00000000fda00000| Complete 
|  27|0x00000000fdb00000, 0x00000000fdc00000, 0x00000000fdc00000|100%| S|CS|TAMS 0x00000000fdb00000| PB 0x00000000fdb00000| Complete 
|  28|0x00000000fdc00000, 0x00000000fdd00000, 0x00000000fdd00000|100%| S|CS|TAMS 0x00000000fdc00000| PB 0x00000000fdc00000| Complete 
|  29|0x00000000fdd00000, 0x00000000fdd00000, 0x00000000fde00000|  0%| F|  |TAMS 0x00000000fdd00000| PB 0x00000000fdd00000| Untracked 
|  30|0x00000000fde00000, 0x00000000fde00000, 0x00000000fdf00000|  0%| F|  |TAMS 0x00000000fde00000| PB 0x00000000fde00000| Untracked 
|  31|0x00000000fdf00000, 0x00000000fdf00000, 0x00000000fe000000|  0%| F|  |TAMS 0x00000000fdf00000| PB 0x00000000fdf00000| Untracked 
|  32|0x00000000fe000000, 0x00000000fe000000, 0x00000000fe100000|  0%| F|  |TAMS 0x00000000fe000000| PB 0x00000000fe000000| Untracked 
|  33|0x00000000fe100000, 0x00000000fe100000, 0x00000000fe200000|  0%| F|  |TAMS 0x00000000fe100000| PB 0x00000000fe100000| Untracked 
|  34|0x00000000fe200000, 0x00000000fe200000, 0x00000000fe300000|  0%| F|  |TAMS 0x00000000fe200000| PB 0x00000000fe200000| Untracked 
|  35|0x00000000fe300000, 0x00000000fe300000, 0x00000000fe400000|  0%| F|  |TAMS 0x00000000fe300000| PB 0x00000000fe300000| Untracked 
|  36|0x00000000fe400000, 0x00000000fe400000, 0x00000000fe500000|  0%| F|  |TAMS 0x00000000fe400000| PB 0x00000000fe400000| Untracked 
|  37|0x00000000fe500000, 0x00000000fe500000, 0x00000000fe600000|  0%| F|  |TAMS 0x00000000fe500000| PB 0x00000000fe500000| Untracked 
|  38|0x00000000fe600000, 0x00000000fe600000, 0x00000000fe700000|  0%| F|  |TAMS 0x00000000fe600000| PB 0x00000000fe600000| Untracked 
|  39|0x00000000fe700000, 0x00000000fe700000, 0x00000000fe800000|  0%| F|  |TAMS 0x00000000fe700000| PB 0x00000000fe700000| Untracked 
|  40|0x00000000fe800000, 0x00000000fe800000, 0x00000000fe900000|  0%| F|  |TAMS 0x00000000fe800000| PB 0x00000000fe800000| Untracked 
|  41|0x00000000fe900000, 0x00000000fe900000, 0x00000000fea00000|  0%| F|  |TAMS 0x00000000fe900000| PB 0x00000000fe900000| Untracked 
|  42|0x00000000fea00000, 0x00000000fea00000, 0x00000000feb00000|  0%| F|  |TAMS 0x00000000fea00000| PB 0x00000000fea00000| Untracked 
|  43|0x00000000feb00000, 0x00000000feb00000, 0x00000000fec00000|  0%| F|  |TAMS 0x00000000feb00000| PB 0x00000000feb00000| Untracked 
|  44|0x00000000fec00000, 0x00000000fec00000, 0x00000000fed00000|  0%| F|  |TAMS 0x00000000fec00000| PB 0x00000000fec00000| Untracked 
|  45|0x00000000fed00000, 0x00000000fed00000, 0x00000000fee00000|  0%| F|  |TAMS 0x00000000fed00000| PB 0x00000000fed00000| Untracked 
|  46|0x00000000fee00000, 0x00000000fee00000, 0x00000000fef00000|  0%| F|  |TAMS 0x00000000fee00000| PB 0x00000000fee00000| Untracked 
|  47|0x00000000fef00000, 0x00000000fef00000, 0x00000000ff000000|  0%| F|  |TAMS 0x00000000fef00000| PB 0x00000000fef00000| Untracked 
|  48|0x00000000ff000000, 0x00000000ff000000, 0x00000000ff100000|  0%| F|  |TAMS 0x00000000ff000000| PB 0x00000000ff000000| Untracked 
|  49|0x00000000ff100000, 0x00000000ff100000, 0x00000000ff200000|  0%| F|  |TAMS 0x00000000ff100000| PB 0x00000000ff100000| Untracked 
|  50|0x00000000ff200000, 0x00000000ff200000, 0x00000000ff300000|  0%| F|  |TAMS 0x00000000ff200000| PB 0x00000000ff200000| Untracked 
|  51|0x00000000ff300000, 0x00000000ff300000, 0x00000000ff400000|  0%| F|  |TAMS 0x00000000ff300000| PB 0x00000000ff300000| Untracked 
|  52|0x00000000ff400000, 0x00000000ff400000, 0x00000000ff500000|  0%| F|  |TAMS 0x00000000ff400000| PB 0x00000000ff400000| Untracked 
|  53|0x00000000ff500000, 0x00000000ff5b57a8, 0x00000000ff600000| 70%| E|  |TAMS 0x00000000ff500000| PB 0x00000000ff500000| Complete 
|  54|0x00000000ff600000, 0x00000000ff700000, 0x00000000ff700000|100%| E|CS|TAMS 0x00000000ff600000| PB 0x00000000ff600000| Complete 
|  55|0x00000000ff700000, 0x00000000ff800000, 0x00000000ff800000|100%| E|CS|TAMS 0x00000000ff700000| PB 0x00000000ff700000| Complete 
|  56|0x00000000ff800000, 0x00000000ff900000, 0x00000000ff900000|100%| E|CS|TAMS 0x00000000ff800000| PB 0x00000000ff800000| Complete 
|  57|0x00000000ff900000, 0x00000000ffa00000, 0x00000000ffa00000|100%| E|CS|TAMS 0x00000000ff900000| PB 0x00000000ff900000| Complete 
|  58|0x00000000ffa00000, 0x00000000ffb00000, 0x00000000ffb00000|100%| E|CS|TAMS 0x00000000ffa00000| PB 0x00000000ffa00000| Complete 
|  59|0x00000000ffb00000, 0x00000000ffc00000, 0x00000000ffc00000|100%| E|CS|TAMS 0x00000000ffb00000| PB 0x00000000ffb00000| Complete 
|  60|0x00000000ffc00000, 0x00000000ffd00000, 0x00000000ffd00000|100%| E|CS|TAMS 0x00000000ffc00000| PB 0x00000000ffc00000| Complete 
|  61|0x00000000ffd00000, 0x00000000ffe00000, 0x00000000ffe00000|100%| E|CS|TAMS 0x00000000ffd00000| PB 0x00000000ffd00000| Complete 
|  62|0x00000000ffe00000, 0x00000000fff00000, 0x00000000fff00000|100%| E|CS|TAMS 0x00000000ffe00000| PB 0x00000000ffe00000| Complete 
|  63|0x00000000fff00000, 0x0000000100000000, 0x0000000100000000|100%| E|CS|TAMS 0x00000000fff00000| PB 0x00000000fff00000| Complete 

Card table byte_map: [0x0000019a026a0000,0x0000019a026c0000] _byte_map_base: 0x0000019a01ec0000

Marking Bits: (CMBitMap*) 0x0000019a027979f0
 Bits: [0x0000019a1a180000, 0x0000019a1a280000)

Polling page: 0x0000019a00770000

Metaspace:

Usage:
  Non-class:      8.89 MB used.
      Class:      1.29 MB used.
       Both:     10.18 MB used.

Virtual space:
  Non-class space:       64.00 MB reserved,       9.00 MB ( 14%) committed,  1 nodes.
      Class space:        1.00 GB reserved,       1.44 MB ( <1%) committed,  1 nodes.
             Both:        1.06 GB reserved,      10.44 MB ( <1%) committed. 

Chunk freelists:
   Non-Class:  6.06 MB
       Class:  14.53 MB
        Both:  20.59 MB

MaxMetaspaceSize: unlimited
CompressedClassSpaceSize: 1.00 GB
Initial GC threshold: 21.00 MB
Current GC threshold: 21.00 MB
CDS: on
 - commit_granule_bytes: 65536.
 - commit_granule_words: 8192.
 - virtual_space_node_default_size: 8388608.
 - enlarge_chunks_in_place: 1.
 - use_allocation_guard: 0.


Internal statistics:

num_allocs_failed_limit: 0.
num_arena_births: 238.
num_arena_deaths: 0.
num_vsnodes_births: 2.
num_vsnodes_deaths: 0.
num_space_committed: 167.
num_space_uncommitted: 0.
num_chunks_returned_to_freelist: 0.
num_chunks_taken_from_freelist: 563.
num_chunk_merges: 0.
num_chunk_splits: 356.
num_chunks_enlarged: 254.
num_inconsistent_stats: 0.

CodeHeap 'non-profiled nmethods': size=120000Kb used=852Kb max_used=852Kb free=119148Kb
 bounds [0x0000019a12700000, 0x0000019a12970000, 0x0000019a19c30000]
CodeHeap 'profiled nmethods': size=120000Kb used=4092Kb max_used=4092Kb free=115907Kb
 bounds [0x0000019a0ac30000, 0x0000019a0b030000, 0x0000019a12160000]
CodeHeap 'non-nmethods': size=5760Kb used=1395Kb max_used=1419Kb free=4364Kb
 bounds [0x0000019a12160000, 0x0000019a123d0000, 0x0000019a12700000]
 total_blobs=2678 nmethods=2184 adapters=398
 compilation: enabled
              stopped_count=0, restarted_count=0
 full_count=0

Compilation events (20 events):
Event: 64.605 Thread 0x0000019a1ce4b610 2172       3       java.util.concurrent.ThreadPoolExecutor::afterExecute (1 bytes)
Event: 64.606 Thread 0x0000019a1ce4b610 nmethod 2172 0x0000019a0b02ae90 code [0x0000019a0b02b020, 0x0000019a0b02b128]
Event: 64.847 Thread 0x0000019a1ce4b610 2173       3       org.gradle.internal.logging.sink.GroupingProgressLogEventGenerator$OperationGroup::shouldForward (42 bytes)
Event: 64.847 Thread 0x0000019a1ce4b610 nmethod 2173 0x0000019a0b02b190 code [0x0000019a0b02b380, 0x0000019a0b02b8a0]
Event: 65.392 Thread 0x0000019a1ce4b610 2174       3       java.util.concurrent.locks.AbstractQueuedSynchronizer$ConditionObject::awaitNanos (207 bytes)
Event: 65.394 Thread 0x0000019a1ce4b610 nmethod 2174 0x0000019a0b02ba10 code [0x0000019a0b02bd00, 0x0000019a0b02cc40]
Event: 66.601 Thread 0x0000019a1ce469b0 2175       4       java.lang.ThreadLocal::get (35 bytes)
Event: 66.605 Thread 0x0000019a1ce469b0 nmethod 2175 0x0000019a127d2690 code [0x0000019a127d2840, 0x0000019a127d29e8]
Event: 66.605 Thread 0x0000019a1ce469b0 2176       4       java.lang.ThreadLocal$ThreadLocalMap::getEntry (42 bytes)
Event: 66.606 Thread 0x0000019a1ce469b0 nmethod 2176 0x0000019a127d2b90 code [0x0000019a127d2d40, 0x0000019a127d2e90]
Event: 67.104 Thread 0x0000019a1ce4b610 2177       3       org.fusesource.jansi.Ansi::fg (17 bytes)
Event: 67.105 Thread 0x0000019a1ce4b610 nmethod 2177 0x0000019a0b02d210 code [0x0000019a0b02d420, 0x0000019a0b02dbc0]
Event: 67.105 Thread 0x0000019a1ce4b610 2178       3       org.fusesource.jansi.Ansi$Color::fg (8 bytes)
Event: 67.105 Thread 0x0000019a1ce4b610 nmethod 2178 0x0000019a0b02df10 code [0x0000019a0b02e0a0, 0x0000019a0b02e1b0]
Event: 69.150 Thread 0x0000019a1ce4b610 2179       3       java.lang.invoke.DirectMethodHandle$Constructor::<init> (44 bytes)
Event: 69.151 Thread 0x0000019a1ce4b610 nmethod 2179 0x0000019a0b02e290 code [0x0000019a0b02e440, 0x0000019a0b02e660]
Event: 69.154 Thread 0x0000019a1ce4b610 2181       3       java.lang.invoke.MethodHandles$Lookup::<init> (84 bytes)
Event: 69.154 Thread 0x0000019a1ce4b610 nmethod 2181 0x0000019a0b02e710 code [0x0000019a0b02e8c0, 0x0000019a0b02eb08]
Event: 69.157 Thread 0x0000019a1ce469b0 2182       4       java.util.ArrayDeque::pollFirst (36 bytes)
Event: 69.158 Thread 0x0000019a1ce4b610 2183       3       java.io.BufferedReader::implReadLine (301 bytes)

GC Heap History (4 events):
Event: 0.283 GC heap before
{Heap before GC invocations=0 (full 0):
 garbage-first heap   total 65536K, used 22528K [0x00000000fc000000, 0x0000000100000000)
  region size 1024K, 23 young (23552K), 0 survivors (0K)
 Metaspace       used 1594K, committed 1792K, reserved 1114112K
  class space    used 147K, committed 256K, reserved 1048576K
}
Event: 0.285 GC heap after
{Heap after GC invocations=1 (full 0):
 garbage-first heap   total 65536K, used 1824K [0x00000000fc000000, 0x0000000100000000)
  region size 1024K, 2 young (2048K), 2 survivors (2048K)
 Metaspace       used 1594K, committed 1792K, reserved 1114112K
  class space    used 147K, committed 256K, reserved 1048576K
}
Event: 0.760 GC heap before
{Heap before GC invocations=1 (full 0):
 garbage-first heap   total 65536K, used 38688K [0x00000000fc000000, 0x0000000100000000)
  region size 1024K, 35 young (35840K), 2 survivors (2048K)
 Metaspace       used 8519K, committed 8704K, reserved 1114112K
  class space    used 1127K, committed 1216K, reserved 1048576K
}
Event: 0.764 GC heap after
{Heap after GC invocations=2 (full 0):
 garbage-first heap   total 65536K, used 12005K [0x00000000fc000000, 0x0000000100000000)
  region size 1024K, 5 young (5120K), 5 survivors (5120K)
 Metaspace       used 8519K, committed 8704K, reserved 1114112K
  class space    used 1127K, committed 1216K, reserved 1048576K
}

Dll operation events (13 events):
Event: 0.004 Loaded shared library C:\Program Files\Java\jdk-21.0.10\bin\java.dll
Event: 0.025 Loaded shared library C:\Program Files\Java\jdk-21.0.10\bin\jsvml.dll
Event: 0.037 Loaded shared library C:\Program Files\Java\jdk-21.0.10\bin\net.dll
Event: 0.038 Loaded shared library C:\Program Files\Java\jdk-21.0.10\bin\nio.dll
Event: 0.041 Loaded shared library C:\Program Files\Java\jdk-21.0.10\bin\zip.dll
Event: 0.044 Loaded shared library C:\Program Files\Java\jdk-21.0.10\bin\verify.dll
Event: 0.287 Loaded shared library C:\Program Files\Java\jdk-21.0.10\bin\jimage.dll
Event: 0.529 Loaded shared library C:\Program Files\Java\jdk-21.0.10\bin\management.dll
Event: 0.531 Loaded shared library C:\Program Files\Java\jdk-21.0.10\bin\management_ext.dll
Event: 0.557 Loaded shared library C:\Users\none\.gradle\native\660c5614fbf4a5f2a75b1949f50a0caf5cd603558e7d8a26e50b933a0cfb79d1\windows-amd64\native-platform.dll
Event: 0.579 Loaded shared library C:\Users\none\.gradle\native\jansi\1.18\windows64\jansi.dll
Event: 0.673 Loaded shared library C:\Program Files\Java\jdk-21.0.10\bin\extnet.dll
Event: 0.788 Loaded shared library C:\Program Files\Java\jdk-21.0.10\bin\sunmscapi.dll

Deoptimization events (20 events):
Event: 42.011 Thread 0x0000019a62d6fef0 DEOPT PACKING pc=0x0000019a0afc6d8a sp=0x00000025b48fe1f0
Event: 42.011 Thread 0x0000019a62d6fef0 DEOPT UNPACKING pc=0x0000019a121b4e42 sp=0x00000025b48fd660 mode 0
Event: 42.274 Thread 0x0000019a0058d480 DEOPT PACKING pc=0x0000019a0afff283 sp=0x00000025b31fdc00
Event: 42.274 Thread 0x0000019a0058d480 DEOPT UNPACKING pc=0x0000019a121b4e42 sp=0x00000025b31fd070 mode 0
Event: 42.274 Thread 0x0000019a0058d480 DEOPT PACKING pc=0x0000019a0afc3cdd sp=0x00000025b31fdd50
Event: 42.274 Thread 0x0000019a0058d480 DEOPT UNPACKING pc=0x0000019a121b4e42 sp=0x00000025b31fd1e8 mode 0
Event: 42.403 Thread 0x0000019a62d6fef0 DEOPT PACKING pc=0x0000019a0afc6d8a sp=0x00000025b48fe1f0
Event: 42.403 Thread 0x0000019a62d6fef0 DEOPT UNPACKING pc=0x0000019a121b4e42 sp=0x00000025b48fd660 mode 0
Event: 42.536 Thread 0x0000019a0058d480 DEOPT PACKING pc=0x0000019a0afff283 sp=0x00000025b31fdc00
Event: 42.536 Thread 0x0000019a0058d480 DEOPT UNPACKING pc=0x0000019a121b4e42 sp=0x00000025b31fd070 mode 0
Event: 42.536 Thread 0x0000019a0058d480 DEOPT PACKING pc=0x0000019a0afc3cdd sp=0x00000025b31fdd50
Event: 42.536 Thread 0x0000019a0058d480 DEOPT UNPACKING pc=0x0000019a121b4e42 sp=0x00000025b31fd1e8 mode 0
Event: 42.568 Thread 0x0000019a0058d480 DEOPT PACKING pc=0x0000019a0afff283 sp=0x00000025b31fdc00
Event: 42.568 Thread 0x0000019a0058d480 DEOPT UNPACKING pc=0x0000019a121b4e42 sp=0x00000025b31fd070 mode 0
Event: 42.740 Thread 0x0000019a0058d480 DEOPT PACKING pc=0x0000019a0afff283 sp=0x00000025b31fdc00
Event: 42.740 Thread 0x0000019a0058d480 DEOPT UNPACKING pc=0x0000019a121b4e42 sp=0x00000025b31fd070 mode 0
Event: 69.114 Thread 0x0000019a0058d480 Uncommon trap: trap_request=0xffffff45 fr.pc=0x0000019a127ce588 relative=0x0000000000000228
Event: 69.114 Thread 0x0000019a0058d480 Uncommon trap: reason=unstable_if action=reinterpret pc=0x0000019a127ce588 method=com.esotericsoftware.kryo.io.Input.require(I)I @ 180 c2
Event: 69.114 Thread 0x0000019a0058d480 DEOPT PACKING pc=0x0000019a127ce588 sp=0x00000025b31fe200
Event: 69.114 Thread 0x0000019a0058d480 DEOPT UNPACKING pc=0x0000019a121b46a2 sp=0x00000025b31fe058 mode 2

Classes loaded (20 events):
Event: 69.121 Loading class sun/nio/fs/WindowsSecurityDescriptor
Event: 69.122 Loading class sun/nio/fs/WindowsSecurityDescriptor done
Event: 69.122 Loading class sun/nio/fs/WindowsChannelFactory
Event: 69.144 Loading class sun/nio/fs/WindowsChannelFactory done
Event: 69.144 Loading class sun/nio/fs/WindowsChannelFactory$1
Event: 69.144 Loading class sun/nio/fs/WindowsChannelFactory$1 done
Event: 69.144 Loading class sun/nio/fs/WindowsChannelFactory$Flags
Event: 69.145 Loading class sun/nio/fs/WindowsChannelFactory$Flags done
Event: 69.145 Loading class sun/nio/fs/WindowsChannelFactory$2
Event: 69.145 Loading class sun/nio/fs/WindowsChannelFactory$2 done
Event: 69.147 Loading class sun/nio/ch/FileChannelImpl$Closer
Event: 69.148 Loading class sun/nio/ch/FileChannelImpl$Closer done
Event: 69.151 Loading class java/util/stream/Streams$1
Event: 69.151 Loading class java/util/stream/Streams$1 done
Event: 69.155 Loading class java/nio/file/FileChannelLinesSpliterator$1
Event: 69.155 Loading class java/nio/file/FileChannelLinesSpliterator$1 done
Event: 69.155 Loading class java/nio/channels/Channels
Event: 69.156 Loading class java/nio/channels/Channels done
Event: 69.156 Loading class java/io/FileReader
Event: 69.156 Loading class java/io/FileReader done

Classes unloaded (0 events):
No events

Classes redefined (0 events):
No events

Internal exceptions (20 events):
Event: 0.438 Thread 0x0000019a0058d480 Exception <a 'java/lang/NoSuchMethodError'{0x00000000ff5953e8}: 'java.lang.Object java.lang.invoke.DirectMethodHandle$Holder.invokeVirtual(java.lang.Object, java.lang.Object, java.lang.Object)'> (0x00000000ff5953e8) 
thrown [s\open\src\hotspot\share\interpreter\linkResolver.cpp, line 773]
Event: 0.535 Thread 0x0000019a0058d480 Exception <a 'java/lang/NoSuchMethodError'{0x00000000fef3a910}: 'int java.lang.invoke.DirectMethodHandle$Holder.invokeSpecial(java.lang.Object, java.lang.Object, java.lang.Object)'> (0x00000000fef3a910) 
thrown [s\open\src\hotspot\share\interpreter\linkResolver.cpp, line 773]
Event: 0.539 Thread 0x0000019a0058d480 Implicit null exception at 0x0000019a1276c63c to 0x0000019a1276cc80
Event: 0.563 Thread 0x0000019a0058d480 Exception <a 'java/lang/NoSuchMethodError'{0x00000000fed4b0f0}: 'java.lang.Object java.lang.invoke.DirectMethodHandle$Holder.invokeStatic(java.lang.Object, java.lang.Object, int)'> (0x00000000fed4b0f0) 
thrown [s\open\src\hotspot\share\interpreter\linkResolver.cpp, line 773]
Event: 0.564 Thread 0x0000019a0058d480 Exception <a 'java/lang/NoSuchMethodError'{0x00000000fed56570}: 'void java.lang.invoke.DelegatingMethodHandle$Holder.delegate(java.lang.Object, java.lang.Object, int, java.lang.Object)'> (0x00000000fed56570) 
thrown [s\open\src\hotspot\share\interpreter\linkResolver.cpp, line 773]
Event: 0.616 Thread 0x0000019a0058d480 Exception <a 'java/lang/NoSuchMethodError'{0x00000000fe996520}: 'java.lang.Object java.lang.invoke.DirectMethodHandle$Holder.newInvokeSpecial(java.lang.Object, java.lang.Object, java.lang.Object, java.lang.Object, java.lang.Object)'> (0x00000000fe996520) 
thrown [s\open\src\hotspot\share\interpreter\linkResolver.cpp, line 773]
Event: 0.620 Thread 0x0000019a0058d480 Exception <a 'java/lang/NoSuchMethodError'{0x00000000fe9fa1e8}: 'java.lang.Object java.lang.invoke.Invokers$Holder.invokeExact_MT(java.lang.Object, java.lang.Object, java.lang.Object, java.lang.Object, java.lang.Object)'> (0x00000000fe9fa1e8) 
thrown [s\open\src\hotspot\share\interpreter\linkResolver.cpp, line 773]
Event: 0.622 Thread 0x0000019a0058d480 Exception <a 'java/lang/NoSuchMethodError'{0x00000000fe62d4e8}: 'java.lang.Object java.lang.invoke.DirectMethodHandle$Holder.invokeVirtual(java.lang.Object, java.lang.Object, java.lang.Object, java.lang.Object, java.lang.Object, java.lang.Object, java.lang.Object)'> (0x00000000fe62d4e8) 
thrown [s\open\src\hotspot\share\interpreter\linkResolver.cpp, line 773]
Event: 0.627 Thread 0x0000019a0058d480 Exception <a 'java/lang/NoSuchMethodError'{0x00000000fe671e20}: 'java.lang.Object java.lang.invoke.DirectMethodHandle$Holder.invokeVirtual(java.lang.Object, java.lang.Object, java.lang.Object, java.lang.Object)'> (0x00000000fe671e20) 
thrown [s\open\src\hotspot\share\interpreter\linkResolver.cpp, line 773]
Event: 0.674 Thread 0x0000019a0058d480 Exception <a 'java/lang/NoSuchMethodError'{0x00000000fe347e18}: 'void java.lang.invoke.DirectMethodHandle$Holder.invokeStatic(java.lang.Object, java.lang.Object, java.lang.Object)'> (0x00000000fe347e18) 
thrown [s\open\src\hotspot\share\interpreter\linkResolver.cpp, line 773]
Event: 0.684 Thread 0x0000019a0058d480 Exception <a 'java/lang/NoSuchMethodError'{0x00000000fe21a5b8}: 'java.lang.Object java.lang.invoke.DirectMethodHandle$Holder.invokeVirtual(java.lang.Object, java.lang.Object, java.lang.Object, java.lang.Object, java.lang.Object)'> (0x00000000fe21a5b8) 
thrown [s\open\src\hotspot\share\interpreter\linkResolver.cpp, line 773]
Event: 0.685 Thread 0x0000019a0058d480 Exception <a 'java/lang/NoSuchMethodError'{0x00000000fe22d1f8}: 'java.lang.Object java.lang.invoke.Invokers$Holder.invokeExact_MT(java.lang.Object, java.lang.Object, java.lang.Object, java.lang.Object, java.lang.Object, java.lang.Object)'> (0x00000000fe22d1f8) 
thrown [s\open\src\hotspot\share\interpreter\linkResolver.cpp, line 773]
Event: 0.709 Thread 0x0000019a0058d480 Exception <a 'java/lang/NoSuchMethodError'{0x00000000fe04ee80}: 'java.lang.Object java.lang.invoke.DirectMethodHandle$Holder.invokeVirtual(java.lang.Object, java.lang.Object, java.lang.Object, java.lang.Object, java.lang.Object, java.lang.Object, java.lang.Object, java.lang.Object, java.lang.Object)'> (0x00000000fe04ee80) 
thrown [s\open\src\hotspot\share\interpreter\linkResolver.cpp, line 773]
Event: 0.739 Thread 0x0000019a0058d480 Exception <a 'java/lang/NoSuchMethodError'{0x00000000fdd158d0}: 'java.lang.Object java.lang.invoke.DirectMethodHandle$Holder.invokeVirtual(java.lang.Object, java.lang.Object, java.lang.Object, java.lang.Object, java.lang.Object, java.lang.Object, java.lang.Object, java.lang.Object)'> (0x00000000fdd158d0) 
thrown [s\open\src\hotspot\share\interpreter\linkResolver.cpp, line 773]
Event: 0.747 Thread 0x0000019a0058d480 Exception <a 'java/lang/NoSuchMethodError'{0x00000000fdda23c8}: 'java.lang.Object java.lang.invoke.DirectMethodHandle$Holder.invokeStaticInit(java.lang.Object, int, int, int, int)'> (0x00000000fdda23c8) 
thrown [s\open\src\hotspot\share\interpreter\linkResolver.cpp, line 773]
Event: 0.755 Thread 0x0000019a0058d480 Exception <a 'java/lang/NoSuchMethodError'{0x00000000fddc5d80}: 'java.lang.Object java.lang.invoke.DirectMethodHandle$Holder.invokeStaticInit(java.lang.Object, java.lang.Object, int, int, int, int)'> (0x00000000fddc5d80) 
thrown [s\open\src\hotspot\share\interpreter\linkResolver.cpp, line 773]
Event: 0.774 Thread 0x0000019a0058d480 Implicit null exception at 0x0000019a1274d024 to 0x0000019a1274d674
Event: 0.775 Thread 0x0000019a0058d480 Implicit null exception at 0x0000019a12756720 to 0x0000019a12756d6c
Event: 0.778 Thread 0x0000019a0058d480 Exception <a 'java/lang/NoSuchMethodError'{0x00000000fffc9d30}: 'void java.lang.invoke.DirectMethodHandle$Holder.invokeInterface(java.lang.Object, java.lang.Object, java.lang.Object)'> (0x00000000fffc9d30) 
thrown [s\open\src\hotspot\share\interpreter\linkResolver.cpp, line 773]
Event: 69.114 Thread 0x0000019a0058d480 Exception <a 'sun/net/ConnectionResetException'{0x00000000ff751148}: Connection reset> (0x00000000ff751148) 
thrown [s\open\src\hotspot\share\prims\jni.cpp, line 539]

ZGC Phase Switch (0 events):
No events

VM Operations (20 events):
Event: 39.205 Executing VM operation: Cleanup
Event: 39.205 Executing VM operation: Cleanup done
Event: 40.217 Executing VM operation: Cleanup
Event: 40.217 Executing VM operation: Cleanup done
Event: 41.227 Executing VM operation: Cleanup
Event: 41.227 Executing VM operation: Cleanup done
Event: 43.247 Executing VM operation: Cleanup
Event: 43.247 Executing VM operation: Cleanup done
Event: 45.260 Executing VM operation: Cleanup
Event: 45.260 Executing VM operation: Cleanup done
Event: 50.298 Executing VM operation: Cleanup
Event: 50.298 Executing VM operation: Cleanup done
Event: 52.315 Executing VM operation: Cleanup
Event: 52.315 Executing VM operation: Cleanup done
Event: 60.231 Executing VM operation: HandshakeAllThreads (HandshakeForDeflation)
Event: 60.231 Executing VM operation: HandshakeAllThreads (HandshakeForDeflation) done
Event: 60.232 Executing VM operation: RendezvousGCThreads
Event: 60.232 Executing VM operation: RendezvousGCThreads done
Event: 65.301 Executing VM operation: Cleanup
Event: 65.301 Executing VM operation: Cleanup done

Events (16 events):
Event: 0.014 Thread 0x0000019a0058d480 Thread added: 0x0000019a0058d480
Event: 0.024 Thread 0x0000019a02846610 Thread added: 0x0000019a02846610
Event: 0.024 Thread 0x0000019a028476e0 Thread added: 0x0000019a028476e0
Event: 0.024 Thread 0x0000019a0284d5c0 Thread added: 0x0000019a0284d5c0
Event: 0.024 Thread 0x0000019a0284e380 Thread added: 0x0000019a0284e380
Event: 0.024 Thread 0x0000019a1ce40930 Thread added: 0x0000019a1ce40930
Event: 0.024 Thread 0x0000019a1ce41b30 Thread added: 0x0000019a1ce41b30
Event: 0.024 Thread 0x0000019a1ce469b0 Thread added: 0x0000019a1ce469b0
Event: 0.024 Thread 0x0000019a1ce4b610 Thread added: 0x0000019a1ce4b610
Event: 0.034 Thread 0x0000019a6217a610 Thread added: 0x0000019a6217a610
Event: 0.035 Thread 0x0000019a62180280 Thread added: 0x0000019a62180280
Event: 0.281 Thread 0x0000019a624254d0 Thread added: 0x0000019a624254d0
Event: 0.282 Thread 0x0000019a62426f10 Thread added: 0x0000019a62426f10
Event: 0.591 Thread 0x0000019a62d6fef0 Thread added: 0x0000019a62d6fef0
Event: 1.008 Thread 0x0000019a624254d0 Thread exited: 0x0000019a624254d0
Event: 1.008 Thread 0x0000019a62426f10 Thread exited: 0x0000019a62426f10


Dynamic libraries:
0x00007ff6a5990000 - 0x00007ff6a59a0000 	C:\Program Files\Java\jdk-21.0.10\bin\java.exe
0x00007ffcb45b0000 - 0x00007ffcb47a8000 	C:\Windows\SYSTEM32\ntdll.dll
0x00007ffcb26b0000 - 0x00007ffcb2772000 	C:\Windows\System32\KERNEL32.DLL
0x00007ffcb2020000 - 0x00007ffcb2316000 	C:\Windows\System32\KERNELBASE.dll
0x00007ffcb1f20000 - 0x00007ffcb2020000 	C:\Windows\System32\ucrtbase.dll
0x00007ffc5c200000 - 0x00007ffc5c219000 	C:\Program Files\Java\jdk-21.0.10\bin\jli.dll
0x00007ffc5c370000 - 0x00007ffc5c38e000 	C:\Program Files\Java\jdk-21.0.10\bin\VCRUNTIME140.dll
0x00007ffcb4450000 - 0x00007ffcb4501000 	C:\Windows\System32\ADVAPI32.dll
0x00007ffcb32d0000 - 0x00007ffcb336e000 	C:\Windows\System32\msvcrt.dll
0x00007ffcb41f0000 - 0x00007ffcb428f000 	C:\Windows\System32\sechost.dll
0x00007ffcb2930000 - 0x00007ffcb2a50000 	C:\Windows\System32\RPCRT4.dll
0x00007ffcb1ef0000 - 0x00007ffcb1f17000 	C:\Windows\System32\bcrypt.dll
0x00007ffcb3110000 - 0x00007ffcb32b1000 	C:\Windows\System32\USER32.dll
0x00007ffcb1c40000 - 0x00007ffcb1c62000 	C:\Windows\System32\win32u.dll
0x00007ffc973f0000 - 0x00007ffc9768b000 	C:\Windows\WinSxS\amd64_microsoft.windows.common-controls_6595b64144ccf1df_6.0.19041.6456_none_60b8a6cb71f64256\COMCTL32.dll
0x00007ffcb38b0000 - 0x00007ffcb38db000 	C:\Windows\System32\GDI32.dll
0x00007ffcb23b0000 - 0x00007ffcb24c9000 	C:\Windows\System32\gdi32full.dll
0x00007ffcb1c70000 - 0x00007ffcb1d0d000 	C:\Windows\System32\msvcp_win.dll
0x00007ffca7b60000 - 0x00007ffca7b6a000 	C:\Windows\SYSTEM32\VERSION.dll
0x00007ffcb2890000 - 0x00007ffcb28bf000 	C:\Windows\System32\IMM32.DLL
0x00007ffc85fe0000 - 0x00007ffc85fec000 	C:\Program Files\Java\jdk-21.0.10\bin\vcruntime140_1.dll
0x00007ffc1f040000 - 0x00007ffc1f0cd000 	C:\Program Files\Java\jdk-21.0.10\bin\msvcp140.dll
0x00007ffc18800000 - 0x00007ffc19527000 	C:\Program Files\Java\jdk-21.0.10\bin\server\jvm.dll
0x00007ffcb28c0000 - 0x00007ffcb292b000 	C:\Windows\System32\WS2_32.dll
0x00007ffcb1980000 - 0x00007ffcb19cb000 	C:\Windows\SYSTEM32\POWRPROF.dll
0x00007ffca7b30000 - 0x00007ffca7b57000 	C:\Windows\SYSTEM32\WINMM.dll
0x00007ffcb1960000 - 0x00007ffcb1972000 	C:\Windows\SYSTEM32\UMPDC.dll
0x00007ffcafa90000 - 0x00007ffcafaa2000 	C:\Windows\SYSTEM32\kernel.appcore.dll
0x00007ffc84e20000 - 0x00007ffc84e2a000 	C:\Program Files\Java\jdk-21.0.10\bin\jimage.dll
0x00007ffcaa8f0000 - 0x00007ffcaaaf1000 	C:\Windows\SYSTEM32\DBGHELP.DLL
0x00007ffc92870000 - 0x00007ffc928a4000 	C:\Windows\SYSTEM32\dbgcore.DLL
0x00007ffcb2320000 - 0x00007ffcb23a2000 	C:\Windows\System32\bcryptPrimitives.dll
0x00007ffc20560000 - 0x00007ffc20581000 	C:\Program Files\Java\jdk-21.0.10\bin\java.dll
0x00007ffcb3a80000 - 0x00007ffcb41f0000 	C:\Windows\System32\SHELL32.dll
0x00007ffcafcb0000 - 0x00007ffcb0455000 	C:\Windows\SYSTEM32\windows.storage.dll
0x00007ffcb3480000 - 0x00007ffcb37d4000 	C:\Windows\System32\combase.dll
0x00007ffcb1590000 - 0x00007ffcb15bb000 	C:\Windows\SYSTEM32\Wldp.dll
0x00007ffcb37e0000 - 0x00007ffcb38ad000 	C:\Windows\System32\OLEAUT32.dll
0x00007ffcb2780000 - 0x00007ffcb282d000 	C:\Windows\System32\SHCORE.dll
0x00007ffcb3370000 - 0x00007ffcb33cb000 	C:\Windows\System32\shlwapi.dll
0x00007ffcb1b70000 - 0x00007ffcb1b94000 	C:\Windows\SYSTEM32\profapi.dll
0x00007ffc1e5b0000 - 0x00007ffc1e687000 	C:\Program Files\Java\jdk-21.0.10\bin\jsvml.dll
0x00007ffc20540000 - 0x00007ffc20551000 	C:\Program Files\Java\jdk-21.0.10\bin\net.dll
0x00007ffcae260000 - 0x00007ffcae36a000 	C:\Windows\SYSTEM32\WINHTTP.dll
0x00007ffcb12f0000 - 0x00007ffcb135a000 	C:\Windows\system32\mswsock.dll
0x00007ffc1f020000 - 0x00007ffc1f036000 	C:\Program Files\Java\jdk-21.0.10\bin\nio.dll
0x00007ffc423c0000 - 0x00007ffc423d8000 	C:\Program Files\Java\jdk-21.0.10\bin\zip.dll
0x00007ffc720d0000 - 0x00007ffc720e0000 	C:\Program Files\Java\jdk-21.0.10\bin\verify.dll
0x00007ffc41b50000 - 0x00007ffc41b5a000 	C:\Program Files\Java\jdk-21.0.10\bin\management.dll
0x00007ffc23bd0000 - 0x00007ffc23bdc000 	C:\Program Files\Java\jdk-21.0.10\bin\management_ext.dll
0x00007ffcb38e0000 - 0x00007ffcb38e8000 	C:\Windows\System32\PSAPI.DLL
0x00007ffc1e480000 - 0x00007ffc1e4a7000 	C:\Users\none\.gradle\native\660c5614fbf4a5f2a75b1949f50a0caf5cd603558e7d8a26e50b933a0cfb79d1\windows-amd64\native-platform.dll
0x00007ffc87ef0000 - 0x00007ffc87efa000 	C:\Users\none\.gradle\native\jansi\1.18\windows64\jansi.dll
0x00007ffcb0fd0000 - 0x00007ffcb100b000 	C:\Windows\SYSTEM32\IPHLPAPI.DLL
0x00007ffcb4440000 - 0x00007ffcb4448000 	C:\Windows\System32\NSI.dll
0x00007ffc95600000 - 0x00007ffc95609000 	C:\Program Files\Java\jdk-21.0.10\bin\extnet.dll
0x00007ffcb14e0000 - 0x00007ffcb14f8000 	C:\Windows\SYSTEM32\CRYPTSP.dll
0x00007ffcb0c10000 - 0x00007ffcb0c48000 	C:\Windows\system32\rsaenh.dll
0x00007ffcb1af0000 - 0x00007ffcb1b1e000 	C:\Windows\SYSTEM32\USERENV.dll
0x00007ffcb1500000 - 0x00007ffcb150c000 	C:\Windows\SYSTEM32\CRYPTBASE.dll
0x00007ffc8b720000 - 0x00007ffc8b72e000 	C:\Program Files\Java\jdk-21.0.10\bin\sunmscapi.dll
0x00007ffcb1d90000 - 0x00007ffcb1eed000 	C:\Windows\System32\CRYPT32.dll
0x00007ffcb1600000 - 0x00007ffcb1627000 	C:\Windows\SYSTEM32\ncrypt.dll
0x00007ffcb15c0000 - 0x00007ffcb15fb000 	C:\Windows\SYSTEM32\NTASN1.dll
0x00007ffc8b740000 - 0x00007ffc8b747000 	C:\Windows\system32\wshunix.dll

dbghelp: loaded successfully - version: 4.0.5 - missing functions: none
symbol engine: initialized successfully - sym options: 0x614 - pdb path: .;C:\Program Files\Java\jdk-21.0.10\bin;C:\Windows\SYSTEM32;C:\Windows\WinSxS\amd64_microsoft.windows.common-controls_6595b64144ccf1df_6.0.19041.6456_none_60b8a6cb71f64256;C:\Program Files\Java\jdk-21.0.10\bin\server;C:\Users\none\.gradle\native\660c5614fbf4a5f2a75b1949f50a0caf5cd603558e7d8a26e50b933a0cfb79d1\windows-amd64;C:\Users\none\.gradle\native\jansi\1.18\windows64

VM Arguments:
jvm_args: -Xmx64m -Xms64m -Dorg.gradle.appname=gradlew 
java_command: C:\MyMods\SableFloaters\\gradle\wrapper\gradle-wrapper.jar runClient
java_class_path (initial): C:\MyMods\SableFloaters\\gradle\wrapper\gradle-wrapper.jar
Launcher Type: SUN_STANDARD

[Global flags]
     intx CICompilerCount                          = 4                                         {product} {ergonomic}
     uint ConcGCThreads                            = 3                                         {product} {ergonomic}
     uint G1ConcRefinementThreads                  = 10                                        {product} {ergonomic}
   size_t G1HeapRegionSize                         = 1048576                                   {product} {ergonomic}
    uintx GCDrainStackTargetSize                   = 64                                        {product} {ergonomic}
   size_t InitialHeapSize                          = 67108864                                  {product} {command line}
   size_t MarkStackSize                            = 4194304                                   {product} {ergonomic}
   size_t MaxHeapSize                              = 67108864                                  {product} {command line}
   size_t MaxNewSize                               = 39845888                                  {product} {ergonomic}
   size_t MinHeapDeltaBytes                        = 1048576                                   {product} {ergonomic}
   size_t MinHeapSize                              = 67108864                                  {product} {command line}
    uintx NonNMethodCodeHeapSize                   = 5839372                                {pd product} {ergonomic}
    uintx NonProfiledCodeHeapSize                  = 122909434                              {pd product} {ergonomic}
    uintx ProfiledCodeHeapSize                     = 122909434                              {pd product} {ergonomic}
    uintx ReservedCodeCacheSize                    = 251658240                              {pd product} {ergonomic}
     bool SegmentedCodeCache                       = true                                      {product} {ergonomic}
   size_t SoftMaxHeapSize                          = 67108864                               {manageable} {ergonomic}
     bool UseCompressedOops                        = true                           {product lp64_product} {ergonomic}
     bool UseG1GC                                  = true                                      {product} {ergonomic}
     bool UseLargePagesIndividualAllocation        = false                                  {pd product} {ergonomic}

Logging:
Log output configuration:
 #0: stdout all=warning uptime,level,tags foldmultilines=false
 #1: stderr all=off uptime,level,tags foldmultilines=false

Environment Variables:
JAVA_HOME=C:\Program Files\Java\jdk-21.0.10
PATH=C:\Program Files\Common Files\Oracle\Java\javapath;C:\Program Files (x86)\Common Files\Oracle\Java\java8path;C:\Program Files (x86)\Common Files\Oracle\Java\javapath;C:\Windows\system32;C:\Windows;C:\Windows\System32\Wbem;C:\Windows\System32\WindowsPowerShell\v1.0\;C:\Windows\System32\OpenSSH\;C:\Program Files\dotnet\;C:\Program Files (x86)\ZeroTier\One\;C:\Program Files\Cloudflare\Cloudflare WARP\;C:\Program Files\Git\cmd;C:\Users\none\AppData\Local\Microsoft\WindowsApps;C:\Users\none\.dotnet\tools;C:\Users\none\AppData\Local\Programs\Microsoft VS Code\bin;C:\Users\none\AppData\Local\GitHubDesktop\bin;c:\Users\none\.vscode\extensions\vscjava.vscode-java-debug-0.59.0\bundled\scripts\noConfigScripts
USERNAME=none
LANG=en_US.UTF-8
OS=Windows_NT
PROCESSOR_IDENTIFIER=AMD64 Family 25 Model 80 Stepping 0, AuthenticAMD
TMP=C:\Users\none\AppData\Local\Temp
TEMP=C:\Users\none\AppData\Local\Temp




Periodic native trim disabled

---------------  S Y S T E M  ---------------

OS:
 Windows 10 , 64 bit Build 19041 (10.0.19041.5915)
OS uptime: 0 days 0:18 hours

CPU: total 12 (initial active 12) (12 cores per cpu, 2 threads per core) family 25 model 80 stepping 0 microcode 0x0, cx8, cmov, fxsr, ht, mmx, 3dnowpref, sse, sse2, sse3, ssse3, sse4a, sse4.1, sse4.2, popcnt, lzcnt, tsc, tscinvbit, avx, avx2, aes, erms, clmul, bmi1, bmi2, adx, sha, fma, vzeroupper, clflush, clflushopt, rdtscp, rdpid, fsrm, f16c, pku, cet_ss
Processor Information for all 12 processors :
  Max Mhz: 2301, Current Mhz: 2301, Mhz Limit: 2301

Memory: 4k page, system-wide physical 15751M (1326M free)
TotalPageFile size 27715M (AvailPageFile size 0M)
current process WorkingSet (physical memory assigned to process): 27M, peak: 110M
current process commit charge ("private bytes"): 171M, peak: 174M

vm_info: Java HotSpot(TM) 64-Bit Server VM (21.0.10+8-LTS-217) for windows-amd64 JRE (21.0.10+8-LTS-217), built on 2025-12-18T14:59:28Z by "mach5run" with MS VC++ 17.13 (VS2022)

END.
