#
# There is insufficient memory for the Java Runtime Environment to continue.
# Native memory allocation (malloc) failed to allocate 32744 bytes for Chunk::new
# Possible reasons:
#   The system is out of physical RAM or swap space
#   The process is running with CompressedOops enabled, and the Java Heap may be blocking the growth of the native heap
# Possible solutions:
#   Reduce memory load on the system
#   Increase physical memory or swap space
#   Check if swap backing store is full
#   Decrease Java heap size (-Xmx/-Xms)
#   Decrease number of Java threads
#   Decrease Java thread stack sizes (-Xss)
#   Set larger code cache with -XX:ReservedCodeCacheSize=
#   JVM is running with Unscaled Compressed Oops mode in which the Java heap is
#     placed in the first 4GB address space. The Java Heap base address is the
#     maximum limit for the native heap growth. Please use -XX:HeapBaseMinAddress
#     to set the Java Heap base and to place the Java Heap above 4GB virtual address.
# This output file may be truncated or incomplete.
#
#  Out of Memory Error (arena.cpp:168), pid=20836, tid=4236
#
# JRE version: Java(TM) SE Runtime Environment (21.0.10+8) (build 21.0.10+8-LTS-217)
# Java VM: Java HotSpot(TM) 64-Bit Server VM (21.0.10+8-LTS-217, mixed mode, sharing, tiered, compressed oops, compressed class ptrs, g1 gc, windows-amd64)
# No core dump will be written. Minidumps are not enabled by default on client versions of Windows
#

---------------  S U M M A R Y ------------

Command Line: -Xmx64m -Xms64m -Dorg.gradle.appname=gradlew C:\MyMods\SableFloaters\\gradle\wrapper\gradle-wrapper.jar runClient

Host: AMD Ryzen 5 7430U with Radeon Graphics         , 12 cores, 15G,  Windows 10 , 64 bit Build 19041 (10.0.19041.5915)
Time: Fri Jun 19 02:47:26 2026 elapsed time: 120.376846 seconds (0d 0h 2m 0s)

---------------  T H R E A D  ---------------

Current thread (0x0000028a9cd40850):  JavaThread "C2 CompilerThread0" daemon [_thread_in_native, id=4236, stack(0x000000ab18f00000,0x000000ab19000000) (1024K)]


Current CompileTask:
C2: 120376 2181       4       java.util.concurrent.atomic.AtomicLong::compareAndSet (13 bytes)

Stack: [0x000000ab18f00000,0x000000ab19000000]
Native frames: (J=compiled Java code, j=interpreted, Vv=VM code, C=native code)
V  [jvm.dll+0x6d0b59]
V  [jvm.dll+0x85fd56]
V  [jvm.dll+0x86224e]
V  [jvm.dll+0x862923]
V  [jvm.dll+0x282a16]
V  [jvm.dll+0xc662d]
V  [jvm.dll+0xc6b71]
V  [jvm.dll+0xc6755]
V  [jvm.dll+0x6af068]
V  [jvm.dll+0x8de64]
V  [jvm.dll+0x6ac5ee]
V  [jvm.dll+0x6e1642]
V  [jvm.dll+0x24a4dc]
V  [jvm.dll+0x1cacfe]
V  [jvm.dll+0x25a629]
V  [jvm.dll+0x258bb5]
V  [jvm.dll+0x3f4da1]
V  [jvm.dll+0x80a83d]
V  [jvm.dll+0x6cf3fd]
C  [ucrtbase.dll+0x21bb2]
C  [KERNEL32.DLL+0x17374]
C  [ntdll.dll+0x4cc91]


---------------  P R O C E S S  ---------------

Threads class SMR info:
_java_thread_list=0x0000028ae2293520, length=12, elements={
0x0000028a80401aa0, 0x0000028a807b9c00, 0x0000028a807ba530, 0x0000028a807bcd20,
0x0000028a807bd6f0, 0x0000028a807be160, 0x0000028a807be7d0, 0x0000028a9cd40850,
0x0000028a9cd41300, 0x0000028ae20d4260, 0x0000028ae20dacd0, 0x0000028ae2edede0
}

Java Threads: ( => current thread )
  0x0000028a80401aa0 JavaThread "main"                              [_thread_in_native, id=20504, stack(0x000000ab18100000,0x000000ab18200000) (1024K)]
  0x0000028a807b9c00 JavaThread "Reference Handler"          daemon [_thread_blocked, id=11168, stack(0x000000ab18900000,0x000000ab18a00000) (1024K)]
  0x0000028a807ba530 JavaThread "Finalizer"                  daemon [_thread_blocked, id=17688, stack(0x000000ab18a00000,0x000000ab18b00000) (1024K)]
  0x0000028a807bcd20 JavaThread "Signal Dispatcher"          daemon [_thread_blocked, id=13332, stack(0x000000ab18b00000,0x000000ab18c00000) (1024K)]
  0x0000028a807bd6f0 JavaThread "Attach Listener"            daemon [_thread_blocked, id=17912, stack(0x000000ab18c00000,0x000000ab18d00000) (1024K)]
  0x0000028a807be160 JavaThread "Service Thread"             daemon [_thread_blocked, id=19484, stack(0x000000ab18d00000,0x000000ab18e00000) (1024K)]
  0x0000028a807be7d0 JavaThread "Monitor Deflation Thread"   daemon [_thread_blocked, id=19688, stack(0x000000ab18e00000,0x000000ab18f00000) (1024K)]
=>0x0000028a9cd40850 JavaThread "C2 CompilerThread0"         daemon [_thread_in_native, id=4236, stack(0x000000ab18f00000,0x000000ab19000000) (1024K)]
  0x0000028a9cd41300 JavaThread "C1 CompilerThread0"         daemon [_thread_blocked, id=20384, stack(0x000000ab19000000,0x000000ab19100000) (1024K)]
  0x0000028ae20d4260 JavaThread "Notification Thread"        daemon [_thread_blocked, id=9764, stack(0x000000ab19100000,0x000000ab19200000) (1024K)]
  0x0000028ae20dacd0 JavaThread "Common-Cleaner"             daemon [_thread_blocked, id=10912, stack(0x000000ab19200000,0x000000ab19300000) (1024K)]
  0x0000028ae2edede0 JavaThread "pool-1-thread-1"                   [_thread_blocked, id=17672, stack(0x000000ab19800000,0x000000ab19900000) (1024K)]
Total: 12

Other Threads:
  0x0000028a807a0b10 VMThread "VM Thread"                           [id=3912, stack(0x000000ab18800000,0x000000ab18900000) (1024K)]
  0x0000028a80790ff0 WatcherThread "VM Periodic Task Thread"        [id=19096, stack(0x000000ab18700000,0x000000ab18800000) (1024K)]
  0x0000028a80708760 WorkerThread "GC Thread#0"                     [id=15824, stack(0x000000ab18200000,0x000000ab18300000) (1024K)]
  0x0000028ae246ef60 WorkerThread "GC Thread#1"                     [id=17604, stack(0x000000ab19500000,0x000000ab19600000) (1024K)]
  0x0000028ae266cbe0 WorkerThread "GC Thread#2"                     [id=3760, stack(0x000000ab19600000,0x000000ab19700000) (1024K)]
  0x0000028ae21ee960 WorkerThread "GC Thread#3"                     [id=10428, stack(0x000000ab19700000,0x000000ab19800000) (1024K)]
  0x0000028ae29b9560 WorkerThread "GC Thread#4"                     [id=15548, stack(0x000000ab19900000,0x000000ab19a00000) (1024K)]
  0x0000028ae30a9ba0 WorkerThread "GC Thread#5"                     [id=7060, stack(0x000000ab19a00000,0x000000ab19b00000) (1024K)]
  0x0000028ae316d6d0 WorkerThread "GC Thread#6"                     [id=20772, stack(0x000000ab19b00000,0x000000ab19c00000) (1024K)]
  0x0000028ae3041880 WorkerThread "GC Thread#7"                     [id=6076, stack(0x000000ab19c00000,0x000000ab19d00000) (1024K)]
  0x0000028a80709d60 ConcurrentGCThread "G1 Main Marker"            [id=20888, stack(0x000000ab18300000,0x000000ab18400000) (1024K)]
  0x0000028a8070a830 WorkerThread "G1 Conc#0"                       [id=19844, stack(0x000000ab18400000,0x000000ab18500000) (1024K)]
  0x0000028a80783350 ConcurrentGCThread "G1 Refine#0"               [id=19792, stack(0x000000ab18500000,0x000000ab18600000) (1024K)]
  0x0000028a80785900 ConcurrentGCThread "G1 Service"                [id=18600, stack(0x000000ab18600000,0x000000ab18700000) (1024K)]
Total: 14

Threads with active compile tasks:
C2 CompilerThread0   120452 2181       4       java.util.concurrent.atomic.AtomicLong::compareAndSet (13 bytes)
Total: 1

VM state: not at safepoint (normal execution)

VM Mutex/Monitor currently owned by a thread: None

Heap address: 0x00000000fc000000, size: 64 MB, Compressed Oops mode: 32-bit

CDS archive(s) mapped at: [0x0000028a9d000000-0x0000028a9dc90000-0x0000028a9dc90000), size 13172736, SharedBaseAddress: 0x0000028a9d000000, ArchiveRelocationMode: 1.
Compressed class space mapped at: 0x0000028a9e000000-0x0000028ade000000, reserved size: 1073741824
Narrow klass base: 0x0000028a9d000000, Narrow klass shift: 0, Narrow klass range: 0x100000000

GC Precious Log:
 CardTable entry size: 512
 Card Set container configuration: InlinePtr #cards 5 size 8 Array Of Cards #cards 12 size 40 Howl #buckets 4 coarsen threshold 1843 Howl Bitmap #cards 512 size 80 coarsen threshold 460 Card regions per heap region 1 cards per card region 2048
 CPUs: 12 total, 12 available
 Memory: 15751M
 Large Page Support: Disabled
 NUMA Support: Disabled
 Compressed Oops: Enabled (32-bit)
 Heap Region Size: 1M
 Heap Min Capacity: 64M
 Heap Initial Capacity: 64M
 Heap Max Capacity: 64M
 Pre-touch: Disabled
 Parallel Workers: 10
 Concurrent Workers: 3
 Concurrent Refinement Workers: 10
 Periodic GC: Disabled

Heap:
 garbage-first heap   total 65536K, used 24449K [0x00000000fc000000, 0x0000000100000000)
  region size 1024K, 18 young (18432K), 5 survivors (5120K)
 Metaspace       used 10303K, committed 10688K, reserved 1114112K
  class space    used 1300K, committed 1472K, reserved 1048576K

Heap Regions: E=young(eden), S=young(survivor), O=old, HS=humongous(starts), HC=humongous(continues), CS=collection set, F=free, TAMS=top-at-mark-start, PB=parsable bottom
|   0|0x00000000fc000000, 0x00000000fc100000, 0x00000000fc100000|100%|HS|  |TAMS 0x00000000fc000000| PB 0x00000000fc000000| Complete 
|   1|0x00000000fc100000, 0x00000000fc200000, 0x00000000fc200000|100%|HC|  |TAMS 0x00000000fc100000| PB 0x00000000fc100000| Complete 
|   2|0x00000000fc200000, 0x00000000fc300000, 0x00000000fc300000|100%|HC|  |TAMS 0x00000000fc200000| PB 0x00000000fc200000| Complete 
|   3|0x00000000fc300000, 0x00000000fc400000, 0x00000000fc400000|100%|HC|  |TAMS 0x00000000fc300000| PB 0x00000000fc300000| Complete 
|   4|0x00000000fc400000, 0x00000000fc500000, 0x00000000fc500000|100%| O|  |TAMS 0x00000000fc400000| PB 0x00000000fc400000| Untracked 
|   5|0x00000000fc500000, 0x00000000fc600000, 0x00000000fc600000|100%| O|  |TAMS 0x00000000fc500000| PB 0x00000000fc500000| Untracked 
|   6|0x00000000fc600000, 0x00000000fc6e04a8, 0x00000000fc700000| 87%| O|  |TAMS 0x00000000fc600000| PB 0x00000000fc600000| Untracked 
|   7|0x00000000fc700000, 0x00000000fc700000, 0x00000000fc800000|  0%| F|  |TAMS 0x00000000fc700000| PB 0x00000000fc700000| Untracked 
|   8|0x00000000fc800000, 0x00000000fc800000, 0x00000000fc900000|  0%| F|  |TAMS 0x00000000fc800000| PB 0x00000000fc800000| Untracked 
|   9|0x00000000fc900000, 0x00000000fc900000, 0x00000000fca00000|  0%| F|  |TAMS 0x00000000fc900000| PB 0x00000000fc900000| Untracked 
|  10|0x00000000fca00000, 0x00000000fca00000, 0x00000000fcb00000|  0%| F|  |TAMS 0x00000000fca00000| PB 0x00000000fca00000| Untracked 
|  11|0x00000000fcb00000, 0x00000000fcb00000, 0x00000000fcc00000|  0%| F|  |TAMS 0x00000000fcb00000| PB 0x00000000fcb00000| Untracked 
|  12|0x00000000fcc00000, 0x00000000fcc00000, 0x00000000fcd00000|  0%| F|  |TAMS 0x00000000fcc00000| PB 0x00000000fcc00000| Untracked 
|  13|0x00000000fcd00000, 0x00000000fcd00000, 0x00000000fce00000|  0%| F|  |TAMS 0x00000000fcd00000| PB 0x00000000fcd00000| Untracked 
|  14|0x00000000fce00000, 0x00000000fce00000, 0x00000000fcf00000|  0%| F|  |TAMS 0x00000000fce00000| PB 0x00000000fce00000| Untracked 
|  15|0x00000000fcf00000, 0x00000000fcf00000, 0x00000000fd000000|  0%| F|  |TAMS 0x00000000fcf00000| PB 0x00000000fcf00000| Untracked 
|  16|0x00000000fd000000, 0x00000000fd000000, 0x00000000fd100000|  0%| F|  |TAMS 0x00000000fd000000| PB 0x00000000fd000000| Untracked 
|  17|0x00000000fd100000, 0x00000000fd100000, 0x00000000fd200000|  0%| F|  |TAMS 0x00000000fd100000| PB 0x00000000fd100000| Untracked 
|  18|0x00000000fd200000, 0x00000000fd200000, 0x00000000fd300000|  0%| F|  |TAMS 0x00000000fd200000| PB 0x00000000fd200000| Untracked 
|  19|0x00000000fd300000, 0x00000000fd300000, 0x00000000fd400000|  0%| F|  |TAMS 0x00000000fd300000| PB 0x00000000fd300000| Untracked 
|  20|0x00000000fd400000, 0x00000000fd400000, 0x00000000fd500000|  0%| F|  |TAMS 0x00000000fd400000| PB 0x00000000fd400000| Untracked 
|  21|0x00000000fd500000, 0x00000000fd500000, 0x00000000fd600000|  0%| F|  |TAMS 0x00000000fd500000| PB 0x00000000fd500000| Untracked 
|  22|0x00000000fd600000, 0x00000000fd600000, 0x00000000fd700000|  0%| F|  |TAMS 0x00000000fd600000| PB 0x00000000fd600000| Untracked 
|  23|0x00000000fd700000, 0x00000000fd700000, 0x00000000fd800000|  0%| F|  |TAMS 0x00000000fd700000| PB 0x00000000fd700000| Untracked 
|  24|0x00000000fd800000, 0x00000000fd900000, 0x00000000fd900000|100%| S|CS|TAMS 0x00000000fd800000| PB 0x00000000fd800000| Complete 
|  25|0x00000000fd900000, 0x00000000fda00000, 0x00000000fda00000|100%| S|CS|TAMS 0x00000000fd900000| PB 0x00000000fd900000| Complete 
|  26|0x00000000fda00000, 0x00000000fdb00000, 0x00000000fdb00000|100%| S|CS|TAMS 0x00000000fda00000| PB 0x00000000fda00000| Complete 
|  27|0x00000000fdb00000, 0x00000000fdc00000, 0x00000000fdc00000|100%| S|CS|TAMS 0x00000000fdb00000| PB 0x00000000fdb00000| Complete 
|  28|0x00000000fdc00000, 0x00000000fdd00000, 0x00000000fdd00000|100%| S|CS|TAMS 0x00000000fdc00000| PB 0x00000000fdc00000| Complete 
|  29|0x00000000fdd00000, 0x00000000fdd00000, 0x00000000fde00000|  0%| F|  |TAMS 0x00000000fdd00000| PB 0x00000000fdd00000| Untracked 
|  30|0x00000000fde00000, 0x00000000fde00000, 0x00000000fdf00000|  0%| F|  |TAMS 0x00000000fde00000| PB 0x00000000fde00000| Untracked 
|  31|0x00000000fdf00000, 0x00000000fdf00000, 0x00000000fe000000|  0%| F|  |TAMS 0x00000000fdf00000| PB 0x00000000fdf00000| Untracked 
|  32|0x00000000fe000000, 0x00000000fe000000, 0x00000000fe100000|  0%| F|  |TAMS 0x00000000fe000000| PB 0x00000000fe000000| Untracked 
|  33|0x00000000fe100000, 0x00000000fe100000, 0x00000000fe200000|  0%| F|  |TAMS 0x00000000fe100000| PB 0x00000000fe100000| Untracked 
|  34|0x00000000fe200000, 0x00000000fe200000, 0x00000000fe300000|  0%| F|  |TAMS 0x00000000fe200000| PB 0x00000000fe200000| Untracked 
|  35|0x00000000fe300000, 0x00000000fe300000, 0x00000000fe400000|  0%| F|  |TAMS 0x00000000fe300000| PB 0x00000000fe300000| Untracked 
|  36|0x00000000fe400000, 0x00000000fe400000, 0x00000000fe500000|  0%| F|  |TAMS 0x00000000fe400000| PB 0x00000000fe400000| Untracked 
|  37|0x00000000fe500000, 0x00000000fe500000, 0x00000000fe600000|  0%| F|  |TAMS 0x00000000fe500000| PB 0x00000000fe500000| Untracked 
|  38|0x00000000fe600000, 0x00000000fe600000, 0x00000000fe700000|  0%| F|  |TAMS 0x00000000fe600000| PB 0x00000000fe600000| Untracked 
|  39|0x00000000fe700000, 0x00000000fe700000, 0x00000000fe800000|  0%| F|  |TAMS 0x00000000fe700000| PB 0x00000000fe700000| Untracked 
|  40|0x00000000fe800000, 0x00000000fe800000, 0x00000000fe900000|  0%| F|  |TAMS 0x00000000fe800000| PB 0x00000000fe800000| Untracked 
|  41|0x00000000fe900000, 0x00000000fe900000, 0x00000000fea00000|  0%| F|  |TAMS 0x00000000fe900000| PB 0x00000000fe900000| Untracked 
|  42|0x00000000fea00000, 0x00000000fea00000, 0x00000000feb00000|  0%| F|  |TAMS 0x00000000fea00000| PB 0x00000000fea00000| Untracked 
|  43|0x00000000feb00000, 0x00000000feb00000, 0x00000000fec00000|  0%| F|  |TAMS 0x00000000feb00000| PB 0x00000000feb00000| Untracked 
|  44|0x00000000fec00000, 0x00000000fec00000, 0x00000000fed00000|  0%| F|  |TAMS 0x00000000fec00000| PB 0x00000000fec00000| Untracked 
|  45|0x00000000fed00000, 0x00000000fed00000, 0x00000000fee00000|  0%| F|  |TAMS 0x00000000fed00000| PB 0x00000000fed00000| Untracked 
|  46|0x00000000fee00000, 0x00000000fee00000, 0x00000000fef00000|  0%| F|  |TAMS 0x00000000fee00000| PB 0x00000000fee00000| Untracked 
|  47|0x00000000fef00000, 0x00000000fef00000, 0x00000000ff000000|  0%| F|  |TAMS 0x00000000fef00000| PB 0x00000000fef00000| Untracked 
|  48|0x00000000ff000000, 0x00000000ff000000, 0x00000000ff100000|  0%| F|  |TAMS 0x00000000ff000000| PB 0x00000000ff000000| Untracked 
|  49|0x00000000ff100000, 0x00000000ff100000, 0x00000000ff200000|  0%| F|  |TAMS 0x00000000ff100000| PB 0x00000000ff100000| Untracked 
|  50|0x00000000ff200000, 0x00000000ff200000, 0x00000000ff300000|  0%| F|  |TAMS 0x00000000ff200000| PB 0x00000000ff200000| Untracked 
|  51|0x00000000ff300000, 0x00000000ff3d44e0, 0x00000000ff400000| 82%| E|  |TAMS 0x00000000ff300000| PB 0x00000000ff300000| Complete 
|  52|0x00000000ff400000, 0x00000000ff500000, 0x00000000ff500000|100%| E|CS|TAMS 0x00000000ff400000| PB 0x00000000ff400000| Complete 
|  53|0x00000000ff500000, 0x00000000ff600000, 0x00000000ff600000|100%| E|CS|TAMS 0x00000000ff500000| PB 0x00000000ff500000| Complete 
|  54|0x00000000ff600000, 0x00000000ff700000, 0x00000000ff700000|100%| E|CS|TAMS 0x00000000ff600000| PB 0x00000000ff600000| Complete 
|  55|0x00000000ff700000, 0x00000000ff800000, 0x00000000ff800000|100%| E|CS|TAMS 0x00000000ff700000| PB 0x00000000ff700000| Complete 
|  56|0x00000000ff800000, 0x00000000ff900000, 0x00000000ff900000|100%| E|CS|TAMS 0x00000000ff800000| PB 0x00000000ff800000| Complete 
|  57|0x00000000ff900000, 0x00000000ffa00000, 0x00000000ffa00000|100%| E|CS|TAMS 0x00000000ff900000| PB 0x00000000ff900000| Complete 
|  58|0x00000000ffa00000, 0x00000000ffb00000, 0x00000000ffb00000|100%| E|CS|TAMS 0x00000000ffa00000| PB 0x00000000ffa00000| Complete 
|  59|0x00000000ffb00000, 0x00000000ffc00000, 0x00000000ffc00000|100%| E|CS|TAMS 0x00000000ffb00000| PB 0x00000000ffb00000| Complete 
|  60|0x00000000ffc00000, 0x00000000ffd00000, 0x00000000ffd00000|100%| E|CS|TAMS 0x00000000ffc00000| PB 0x00000000ffc00000| Complete 
|  61|0x00000000ffd00000, 0x00000000ffe00000, 0x00000000ffe00000|100%| E|CS|TAMS 0x00000000ffd00000| PB 0x00000000ffd00000| Complete 
|  62|0x00000000ffe00000, 0x00000000fff00000, 0x00000000fff00000|100%| E|CS|TAMS 0x00000000ffe00000| PB 0x00000000ffe00000| Complete 
|  63|0x00000000fff00000, 0x0000000100000000, 0x0000000100000000|100%| E|CS|TAMS 0x00000000fff00000| PB 0x00000000fff00000| Complete 

Card table byte_map: [0x0000028a9a020000,0x0000028a9a040000] _byte_map_base: 0x0000028a99840000

Marking Bits: (CMBitMap*) 0x0000028a80708c80
 Bits: [0x0000028a9a040000, 0x0000028a9a140000)

Polling page: 0x0000028a807c0000

Metaspace:

Usage:
  Non-class:      8.79 MB used.
      Class:      1.27 MB used.
       Both:     10.06 MB used.

Virtual space:
  Non-class space:       64.00 MB reserved,       9.00 MB ( 14%) committed,  1 nodes.
      Class space:        1.00 GB reserved,       1.44 MB ( <1%) committed,  1 nodes.
             Both:        1.06 GB reserved,      10.44 MB ( <1%) committed. 

Chunk freelists:
   Non-Class:  6.11 MB
       Class:  14.54 MB
        Both:  20.65 MB

MaxMetaspaceSize: unlimited
CompressedClassSpaceSize: 1.00 GB
Initial GC threshold: 21.00 MB
Current GC threshold: 21.00 MB
CDS: on
 - commit_granule_bytes: 65536.
 - commit_granule_words: 8192.
 - virtual_space_node_default_size: 8388608.
 - enlarge_chunks_in_place: 1.
 - use_allocation_guard: 0.


Internal statistics:

num_allocs_failed_limit: 0.
num_arena_births: 222.
num_arena_deaths: 0.
num_vsnodes_births: 2.
num_vsnodes_deaths: 0.
num_space_committed: 167.
num_space_uncommitted: 0.
num_chunks_returned_to_freelist: 0.
num_chunks_taken_from_freelist: 541.
num_chunk_merges: 0.
num_chunk_splits: 342.
num_chunks_enlarged: 245.
num_inconsistent_stats: 0.

CodeHeap 'non-profiled nmethods': size=120000Kb used=903Kb max_used=903Kb free=119096Kb
 bounds [0x0000028a91e40000, 0x0000028a920b0000, 0x0000028a99370000]
CodeHeap 'profiled nmethods': size=120000Kb used=4126Kb max_used=4126Kb free=115873Kb
 bounds [0x0000028a8a370000, 0x0000028a8a780000, 0x0000028a918a0000]
CodeHeap 'non-nmethods': size=5760Kb used=1393Kb max_used=1411Kb free=4366Kb
 bounds [0x0000028a918a0000, 0x0000028a91b10000, 0x0000028a91e40000]
 total_blobs=2673 nmethods=2180 adapters=398
 compilation: enabled
              stopped_count=0, restarted_count=0
 full_count=0

Compilation events (20 events):
Event: 100.151 Thread 0x0000028a9cd40850 nmethod 2171 0x0000028a91f19990 code [0x0000028a91f19b60, 0x0000028a91f1a138]
Event: 100.269 Thread 0x0000028a9cd40850 2172       4       java.io.OutputStreamWriter::append (6 bytes)
Event: 100.302 Thread 0x0000028a9cd40850 nmethod 2172 0x0000028a91f1a510 code [0x0000028a91f1a7e0, 0x0000028a91f1bcd0]
Event: 100.302 Thread 0x0000028a9cd40850 2173       4       sun.nio.cs.StreamEncoder::write (37 bytes)
Event: 100.328 Thread 0x0000028a9cd40850 nmethod 2173 0x0000028a91f1cc90 code [0x0000028a91f1cf60, 0x0000028a91f1e328]
Event: 100.365 Thread 0x0000028a9cd41300 2174       3       java.util.ArrayList$ListItr::<init> (16 bytes)
Event: 100.365 Thread 0x0000028a9cd41300 nmethod 2174 0x0000028a8a775590 code [0x0000028a8a775740, 0x0000028a8a7759d8]
Event: 100.771 Thread 0x0000028a9cd41300 2175       3       org.gradle.internal.logging.console.DefaultColorMap$CompositeColor::on (40 bytes)
Event: 100.771 Thread 0x0000028a9cd41300 nmethod 2175 0x0000028a8a775b10 code [0x0000028a8a775d20, 0x0000028a8a776308]
Event: 100.771 Thread 0x0000028a9cd41300 2177       3       org.gradle.internal.logging.console.DefaultColorMap$CompositeColor::off (43 bytes)
Event: 100.771 Thread 0x0000028a9cd41300 nmethod 2177 0x0000028a8a776490 code [0x0000028a8a7766a0, 0x0000028a8a776cb8]
Event: 100.771 Thread 0x0000028a9cd41300 2176       3       org.gradle.internal.logging.console.DefaultColorMap$ForegroundColor::on (10 bytes)
Event: 100.772 Thread 0x0000028a9cd41300 nmethod 2176 0x0000028a8a776e90 code [0x0000028a8a7770a0, 0x0000028a8a7776e0]
Event: 100.990 Thread 0x0000028a9cd40850 2178       4       java.lang.String::<init> (14 bytes)
Event: 100.996 Thread 0x0000028a9cd40850 nmethod 2178 0x0000028a91f1f210 code [0x0000028a91f1f3e0, 0x0000028a91f1fba0]
Event: 106.467 Thread 0x0000028a9cd40850 2179       4       java.util.HashMap$HashIterator::hasNext (13 bytes)
Event: 106.467 Thread 0x0000028a9cd40850 nmethod 2179 0x0000028a91f1fe90 code [0x0000028a91f20020, 0x0000028a91f200b0]
Event: 108.265 Thread 0x0000028a9cd40850 2180       4       org.gradle.internal.logging.console.DefaultRedrawableLabel::redraw (163 bytes)
Event: 108.290 Thread 0x0000028a9cd40850 nmethod 2180 0x0000028a91f20190 code [0x0000028a91f20480, 0x0000028a91f211b8]
Event: 120.370 Thread 0x0000028a9cd40850 2181       4       java.util.concurrent.atomic.AtomicLong::compareAndSet (13 bytes)

GC Heap History (4 events):
Event: 0.271 GC heap before
{Heap before GC invocations=0 (full 0):
 garbage-first heap   total 65536K, used 22528K [0x00000000fc000000, 0x0000000100000000)
  region size 1024K, 23 young (23552K), 0 survivors (0K)
 Metaspace       used 1589K, committed 1792K, reserved 1114112K
  class space    used 147K, committed 256K, reserved 1048576K
}
Event: 0.273 GC heap after
{Heap after GC invocations=1 (full 0):
 garbage-first heap   total 65536K, used 1824K [0x00000000fc000000, 0x0000000100000000)
  region size 1024K, 2 young (2048K), 2 survivors (2048K)
 Metaspace       used 1589K, committed 1792K, reserved 1114112K
  class space    used 147K, committed 256K, reserved 1048576K
}
Event: 0.734 GC heap before
{Heap before GC invocations=1 (full 0):
 garbage-first heap   total 65536K, used 38688K [0x00000000fc000000, 0x0000000100000000)
  region size 1024K, 35 young (35840K), 2 survivors (2048K)
 Metaspace       used 8562K, committed 8832K, reserved 1114112K
  class space    used 1132K, committed 1216K, reserved 1048576K
}
Event: 0.738 GC heap after
{Heap after GC invocations=2 (full 0):
 garbage-first heap   total 65536K, used 12161K [0x00000000fc000000, 0x0000000100000000)
  region size 1024K, 5 young (5120K), 5 survivors (5120K)
 Metaspace       used 8562K, committed 8832K, reserved 1114112K
  class space    used 1132K, committed 1216K, reserved 1048576K
}

Dll operation events (13 events):
Event: 0.004 Loaded shared library C:\Program Files\Java\jdk-21.0.10\bin\java.dll
Event: 0.023 Loaded shared library C:\Program Files\Java\jdk-21.0.10\bin\jsvml.dll
Event: 0.036 Loaded shared library C:\Program Files\Java\jdk-21.0.10\bin\net.dll
Event: 0.037 Loaded shared library C:\Program Files\Java\jdk-21.0.10\bin\nio.dll
Event: 0.039 Loaded shared library C:\Program Files\Java\jdk-21.0.10\bin\zip.dll
Event: 0.043 Loaded shared library C:\Program Files\Java\jdk-21.0.10\bin\verify.dll
Event: 0.276 Loaded shared library C:\Program Files\Java\jdk-21.0.10\bin\jimage.dll
Event: 0.493 Loaded shared library C:\Program Files\Java\jdk-21.0.10\bin\management.dll
Event: 0.494 Loaded shared library C:\Program Files\Java\jdk-21.0.10\bin\management_ext.dll
Event: 0.523 Loaded shared library C:\Users\none\.gradle\native\660c5614fbf4a5f2a75b1949f50a0caf5cd603558e7d8a26e50b933a0cfb79d1\windows-amd64\native-platform.dll
Event: 0.544 Loaded shared library C:\Users\none\.gradle\native\jansi\1.18\windows64\jansi.dll
Event: 0.643 Loaded shared library C:\Program Files\Java\jdk-21.0.10\bin\extnet.dll
Event: 0.770 Loaded shared library C:\Program Files\Java\jdk-21.0.10\bin\sunmscapi.dll

Deoptimization events (20 events):
Event: 31.063 Thread 0x0000028ae2edede0 DEOPT PACKING pc=0x0000028a8a73da8a sp=0x000000ab198fde90
Event: 31.063 Thread 0x0000028ae2edede0 DEOPT UNPACKING pc=0x0000028a918f4e42 sp=0x000000ab198fd300 mode 0
Event: 31.489 Thread 0x0000028a80401aa0 DEOPT PACKING pc=0x0000028a8a73e1dd sp=0x000000ab181fdaa0
Event: 31.489 Thread 0x0000028a80401aa0 DEOPT UNPACKING pc=0x0000028a918f4e42 sp=0x000000ab181fcf38 mode 0
Event: 31.864 Thread 0x0000028ae2edede0 DEOPT PACKING pc=0x0000028a8a73da8a sp=0x000000ab198fde90
Event: 31.864 Thread 0x0000028ae2edede0 DEOPT UNPACKING pc=0x0000028a918f4e42 sp=0x000000ab198fd300 mode 0
Event: 77.861 Thread 0x0000028ae2edede0 DEOPT PACKING pc=0x0000028a8a73da8a sp=0x000000ab198fe310
Event: 77.861 Thread 0x0000028ae2edede0 DEOPT UNPACKING pc=0x0000028a918f4e42 sp=0x000000ab198fd780 mode 0
Event: 96.781 Thread 0x0000028a80401aa0 DEOPT PACKING pc=0x0000028a8a73e1dd sp=0x000000ab181fdaa0
Event: 96.781 Thread 0x0000028a80401aa0 DEOPT UNPACKING pc=0x0000028a918f4e42 sp=0x000000ab181fcf38 mode 0
Event: 96.860 Thread 0x0000028ae2edede0 DEOPT PACKING pc=0x0000028a8a73da8a sp=0x000000ab198fddb0
Event: 96.860 Thread 0x0000028ae2edede0 DEOPT UNPACKING pc=0x0000028a918f4e42 sp=0x000000ab198fd220 mode 0
Event: 97.518 Thread 0x0000028a80401aa0 DEOPT PACKING pc=0x0000028a8a73e1dd sp=0x000000ab181fdaa0
Event: 97.518 Thread 0x0000028a80401aa0 DEOPT UNPACKING pc=0x0000028a918f4e42 sp=0x000000ab181fcf38 mode 0
Event: 97.664 Thread 0x0000028ae2edede0 DEOPT PACKING pc=0x0000028a8a73da8a sp=0x000000ab198fddb0
Event: 97.664 Thread 0x0000028ae2edede0 DEOPT UNPACKING pc=0x0000028a918f4e42 sp=0x000000ab198fd220 mode 0
Event: 97.953 Thread 0x0000028a80401aa0 DEOPT PACKING pc=0x0000028a8a73e1dd sp=0x000000ab181fdaa0
Event: 97.953 Thread 0x0000028a80401aa0 DEOPT UNPACKING pc=0x0000028a918f4e42 sp=0x000000ab181fcf38 mode 0
Event: 100.142 Thread 0x0000028a80401aa0 DEOPT PACKING pc=0x0000028a8a73e1dd sp=0x000000ab181fdaa0
Event: 100.142 Thread 0x0000028a80401aa0 DEOPT UNPACKING pc=0x0000028a918f4e42 sp=0x000000ab181fcf38 mode 0

Classes loaded (20 events):
Event: 0.986 Loading class jdk/internal/logger/LazyLoggers$1
Event: 0.986 Loading class jdk/internal/logger/LazyLoggers$1 done
Event: 0.986 Loading class jdk/internal/logger/LazyLoggers$LazyLoggerFactories
Event: 0.986 Loading class jdk/internal/logger/LazyLoggers$LazyLoggerFactories done
Event: 0.986 Loading class jdk/internal/logger/LoggerFinderLoader
Event: 0.986 Loading class jdk/internal/logger/LoggerFinderLoader done
Event: 0.986 Loading class jdk/internal/logger/LoggerFinderLoader$TemporaryLoggerFinder
Event: 0.987 Loading class jdk/internal/logger/LoggerFinderLoader$TemporaryLoggerFinder done
Event: 0.987 Loading class sun/util/logging/internal/LoggingProviderImpl$JULWrapper
Event: 0.987 Loading class sun/util/logging/PlatformLogger$ConfigurableBridge$LoggerConfiguration
Event: 0.987 Loading class sun/util/logging/PlatformLogger$ConfigurableBridge$LoggerConfiguration done
Event: 0.987 Loading class sun/util/logging/internal/LoggingProviderImpl$JULWrapper done
Event: 0.987 Loading class java/io/ObjectInputFilter$Config$BuiltinFilterFactory
Event: 0.987 Loading class java/io/ObjectInputFilter$Config$BuiltinFilterFactory done
Event: 0.987 Loading class jdk/internal/access/JavaObjectInputFilterAccess
Event: 0.987 Loading class jdk/internal/access/JavaObjectInputFilterAccess done
Event: 0.988 Loading class java/lang/System$Logger$Level
Event: 0.988 Loading class java/lang/System$Logger$Level done
Event: 7.546 Loading class java/lang/invoke/MethodHandle$1
Event: 7.546 Loading class java/lang/invoke/MethodHandle$1 done

Classes unloaded (0 events):
No events

Classes redefined (0 events):
No events

Internal exceptions (20 events):
Event: 0.406 Thread 0x0000028a80401aa0 Exception <a 'java/lang/NoSuchMethodError'{0x00000000ff58b3c0}: 'java.lang.Object java.lang.invoke.DirectMethodHandle$Holder.invokeInterface(java.lang.Object, java.lang.Object)'> (0x00000000ff58b3c0) 
thrown [s\open\src\hotspot\share\interpreter\linkResolver.cpp, line 773]
Event: 0.407 Thread 0x0000028a80401aa0 Exception <a 'java/lang/NoSuchMethodError'{0x00000000ff595748}: 'java.lang.Object java.lang.invoke.DirectMethodHandle$Holder.invokeVirtual(java.lang.Object, java.lang.Object, java.lang.Object)'> (0x00000000ff595748) 
thrown [s\open\src\hotspot\share\interpreter\linkResolver.cpp, line 773]
Event: 0.499 Thread 0x0000028a80401aa0 Exception <a 'java/lang/NoSuchMethodError'{0x00000000fef3a910}: 'int java.lang.invoke.DirectMethodHandle$Holder.invokeSpecial(java.lang.Object, java.lang.Object, java.lang.Object)'> (0x00000000fef3a910) 
thrown [s\open\src\hotspot\share\interpreter\linkResolver.cpp, line 773]
Event: 0.504 Thread 0x0000028a80401aa0 Implicit null exception at 0x0000028a91eaf93c to 0x0000028a91eaff80
Event: 0.529 Thread 0x0000028a80401aa0 Exception <a 'java/lang/NoSuchMethodError'{0x00000000fed4b0f0}: 'java.lang.Object java.lang.invoke.DirectMethodHandle$Holder.invokeStatic(java.lang.Object, java.lang.Object, int)'> (0x00000000fed4b0f0) 
thrown [s\open\src\hotspot\share\interpreter\linkResolver.cpp, line 773]
Event: 0.530 Thread 0x0000028a80401aa0 Exception <a 'java/lang/NoSuchMethodError'{0x00000000fed56570}: 'void java.lang.invoke.DelegatingMethodHandle$Holder.delegate(java.lang.Object, java.lang.Object, int, java.lang.Object)'> (0x00000000fed56570) 
thrown [s\open\src\hotspot\share\interpreter\linkResolver.cpp, line 773]
Event: 0.586 Thread 0x0000028a80401aa0 Exception <a 'java/lang/NoSuchMethodError'{0x00000000fe998358}: 'java.lang.Object java.lang.invoke.DirectMethodHandle$Holder.newInvokeSpecial(java.lang.Object, java.lang.Object, java.lang.Object, java.lang.Object, java.lang.Object)'> (0x00000000fe998358) 
thrown [s\open\src\hotspot\share\interpreter\linkResolver.cpp, line 773]
Event: 0.591 Thread 0x0000028a80401aa0 Exception <a 'java/lang/NoSuchMethodError'{0x00000000fe9fc038}: 'java.lang.Object java.lang.invoke.Invokers$Holder.invokeExact_MT(java.lang.Object, java.lang.Object, java.lang.Object, java.lang.Object, java.lang.Object)'> (0x00000000fe9fc038) 
thrown [s\open\src\hotspot\share\interpreter\linkResolver.cpp, line 773]
Event: 0.594 Thread 0x0000028a80401aa0 Exception <a 'java/lang/NoSuchMethodError'{0x00000000fe62f358}: 'java.lang.Object java.lang.invoke.DirectMethodHandle$Holder.invokeVirtual(java.lang.Object, java.lang.Object, java.lang.Object, java.lang.Object, java.lang.Object, java.lang.Object, java.lang.Object)'> (0x00000000fe62f358) 
thrown [s\open\src\hotspot\share\interpreter\linkResolver.cpp, line 773]
Event: 0.598 Thread 0x0000028a80401aa0 Exception <a 'java/lang/NoSuchMethodError'{0x00000000fe673c80}: 'java.lang.Object java.lang.invoke.DirectMethodHandle$Holder.invokeVirtual(java.lang.Object, java.lang.Object, java.lang.Object, java.lang.Object)'> (0x00000000fe673c80) 
thrown [s\open\src\hotspot\share\interpreter\linkResolver.cpp, line 773]
Event: 0.644 Thread 0x0000028a80401aa0 Exception <a 'java/lang/NoSuchMethodError'{0x00000000fe32bf30}: 'void java.lang.invoke.DirectMethodHandle$Holder.invokeStatic(java.lang.Object, java.lang.Object, java.lang.Object)'> (0x00000000fe32bf30) 
thrown [s\open\src\hotspot\share\interpreter\linkResolver.cpp, line 773]
Event: 0.654 Thread 0x0000028a80401aa0 Exception <a 'java/lang/NoSuchMethodError'{0x00000000fe3f9198}: 'java.lang.Object java.lang.invoke.DirectMethodHandle$Holder.invokeVirtual(java.lang.Object, java.lang.Object, java.lang.Object, java.lang.Object, java.lang.Object)'> (0x00000000fe3f9198) 
thrown [s\open\src\hotspot\share\interpreter\linkResolver.cpp, line 773]
Event: 0.655 Thread 0x0000028a80401aa0 Exception <a 'java/lang/NoSuchMethodError'{0x00000000fe20c018}: 'java.lang.Object java.lang.invoke.Invokers$Holder.invokeExact_MT(java.lang.Object, java.lang.Object, java.lang.Object, java.lang.Object, java.lang.Object, java.lang.Object)'> (0x00000000fe20c018) 
thrown [s\open\src\hotspot\share\interpreter\linkResolver.cpp, line 773]
Event: 0.681 Thread 0x0000028a80401aa0 Exception <a 'java/lang/NoSuchMethodError'{0x00000000fe096458}: 'java.lang.Object java.lang.invoke.DirectMethodHandle$Holder.invokeVirtual(java.lang.Object, java.lang.Object, java.lang.Object, java.lang.Object, java.lang.Object, java.lang.Object, java.lang.Object, java.lang.Object, java.lang.Object)'> (0x00000000fe096458) 
thrown [s\open\src\hotspot\share\interpreter\linkResolver.cpp, line 773]
Event: 0.709 Thread 0x0000028a80401aa0 Exception <a 'java/lang/NoSuchMethodError'{0x00000000fdedea48}: 'java.lang.Object java.lang.invoke.DirectMethodHandle$Holder.invokeVirtual(java.lang.Object, java.lang.Object, java.lang.Object, java.lang.Object, java.lang.Object, java.lang.Object, java.lang.Object, java.lang.Object)'> (0x00000000fdedea48) 
thrown [s\open\src\hotspot\share\interpreter\linkResolver.cpp, line 773]
Event: 0.718 Thread 0x0000028a80401aa0 Exception <a 'java/lang/NoSuchMethodError'{0x00000000fdd6bb80}: 'java.lang.Object java.lang.invoke.DirectMethodHandle$Holder.invokeStaticInit(java.lang.Object, int, int, int, int)'> (0x00000000fdd6bb80) 
thrown [s\open\src\hotspot\share\interpreter\linkResolver.cpp, line 773]
Event: 0.726 Thread 0x0000028a80401aa0 Exception <a 'java/lang/NoSuchMethodError'{0x00000000fdd8f5d0}: 'java.lang.Object java.lang.invoke.DirectMethodHandle$Holder.invokeStaticInit(java.lang.Object, java.lang.Object, int, int, int, int)'> (0x00000000fdd8f5d0) 
thrown [s\open\src\hotspot\share\interpreter\linkResolver.cpp, line 773]
Event: 0.744 Thread 0x0000028a80401aa0 Implicit null exception at 0x0000028a91e8f524 to 0x0000028a91e8fb74
Event: 0.746 Thread 0x0000028a80401aa0 Implicit null exception at 0x0000028a91e98aa0 to 0x0000028a91e990ec
Event: 0.748 Thread 0x0000028a80401aa0 Exception <a 'java/lang/NoSuchMethodError'{0x00000000fffc35d0}: 'void java.lang.invoke.DirectMethodHandle$Holder.invokeInterface(java.lang.Object, java.lang.Object, java.lang.Object)'> (0x00000000fffc35d0) 
thrown [s\open\src\hotspot\share\interpreter\linkResolver.cpp, line 773]

ZGC Phase Switch (0 events):
No events

VM Operations (20 events):
Event: 52.277 Executing VM operation: Cleanup
Event: 52.277 Executing VM operation: Cleanup done
Event: 58.317 Executing VM operation: Cleanup
Event: 58.317 Executing VM operation: Cleanup done
Event: 60.233 Executing VM operation: HandshakeAllThreads (HandshakeForDeflation)
Event: 60.233 Executing VM operation: HandshakeAllThreads (HandshakeForDeflation) done
Event: 60.233 Executing VM operation: RendezvousGCThreads
Event: 60.233 Executing VM operation: RendezvousGCThreads done
Event: 95.589 Executing VM operation: Cleanup
Event: 95.589 Executing VM operation: Cleanup done
Event: 100.613 Executing VM operation: Cleanup
Event: 100.613 Executing VM operation: Cleanup done
Event: 101.617 Executing VM operation: Cleanup
Event: 101.617 Executing VM operation: Cleanup done
Event: 106.640 Executing VM operation: Cleanup
Event: 106.640 Executing VM operation: Cleanup done
Event: 120.262 Executing VM operation: HandshakeAllThreads (HandshakeForDeflation)
Event: 120.263 Executing VM operation: HandshakeAllThreads (HandshakeForDeflation) done
Event: 120.263 Executing VM operation: RendezvousGCThreads
Event: 120.263 Executing VM operation: RendezvousGCThreads done

Events (18 events):
Event: 0.013 Thread 0x0000028a80401aa0 Thread added: 0x0000028a80401aa0
Event: 0.022 Thread 0x0000028a807b9c00 Thread added: 0x0000028a807b9c00
Event: 0.022 Thread 0x0000028a807ba530 Thread added: 0x0000028a807ba530
Event: 0.022 Thread 0x0000028a807bcd20 Thread added: 0x0000028a807bcd20
Event: 0.022 Thread 0x0000028a807bd6f0 Thread added: 0x0000028a807bd6f0
Event: 0.022 Thread 0x0000028a807be160 Thread added: 0x0000028a807be160
Event: 0.022 Thread 0x0000028a807be7d0 Thread added: 0x0000028a807be7d0
Event: 0.022 Thread 0x0000028a9cd40850 Thread added: 0x0000028a9cd40850
Event: 0.022 Thread 0x0000028a9cd41300 Thread added: 0x0000028a9cd41300
Event: 0.033 Thread 0x0000028ae20d4260 Thread added: 0x0000028ae20d4260
Event: 0.034 Thread 0x0000028ae20dacd0 Thread added: 0x0000028ae20dacd0
Event: 0.161 Thread 0x0000028ae2215860 Thread added: 0x0000028ae2215860
Event: 0.270 Thread 0x0000028ae21eded0 Thread added: 0x0000028ae21eded0
Event: 0.558 Thread 0x0000028ae2edede0 Thread added: 0x0000028ae2edede0
Event: 0.983 Thread 0x0000028ae2215860 Thread exited: 0x0000028ae2215860
Event: 0.983 Thread 0x0000028ae21eded0 Thread exited: 0x0000028ae21eded0
Event: 7.566 Thread 0x0000028a9cdbf7b0 Thread added: 0x0000028a9cdbf7b0
Event: 7.860 Thread 0x0000028a9cdbf7b0 Thread exited: 0x0000028a9cdbf7b0


Dynamic libraries:
0x00007ff6c5480000 - 0x00007ff6c5490000 	C:\Program Files\Java\jdk-21.0.10\bin\java.exe
0x00007ffb842b0000 - 0x00007ffb844a8000 	C:\Windows\SYSTEM32\ntdll.dll
0x00007ffb836b0000 - 0x00007ffb83772000 	C:\Windows\System32\KERNEL32.DLL
0x00007ffb81c60000 - 0x00007ffb81f56000 	C:\Windows\System32\KERNELBASE.dll
0x00007ffb82040000 - 0x00007ffb82140000 	C:\Windows\System32\ucrtbase.dll
0x00007ffb574f0000 - 0x00007ffb57509000 	C:\Program Files\Java\jdk-21.0.10\bin\jli.dll
0x00007ffb54c60000 - 0x00007ffb54c7e000 	C:\Program Files\Java\jdk-21.0.10\bin\VCRUNTIME140.dll
0x00007ffb835f0000 - 0x00007ffb836a1000 	C:\Windows\System32\ADVAPI32.dll
0x00007ffb83780000 - 0x00007ffb8381e000 	C:\Windows\System32\msvcrt.dll
0x00007ffb82f50000 - 0x00007ffb82fef000 	C:\Windows\System32\sechost.dll
0x00007ffb823b0000 - 0x00007ffb824d0000 	C:\Windows\System32\RPCRT4.dll
0x00007ffb82010000 - 0x00007ffb82037000 	C:\Windows\System32\bcrypt.dll
0x00007ffb839c0000 - 0x00007ffb83b61000 	C:\Windows\System32\USER32.dll
0x00007ffb82140000 - 0x00007ffb82162000 	C:\Windows\System32\win32u.dll
0x00007ffb67120000 - 0x00007ffb673bb000 	C:\Windows\WinSxS\amd64_microsoft.windows.common-controls_6595b64144ccf1df_6.0.19041.6456_none_60b8a6cb71f64256\COMCTL32.dll
0x00007ffb84040000 - 0x00007ffb8406b000 	C:\Windows\System32\GDI32.dll
0x00007ffb81ac0000 - 0x00007ffb81bd9000 	C:\Windows\System32\gdi32full.dll
0x00007ffb81a20000 - 0x00007ffb81abd000 	C:\Windows\System32\msvcp_win.dll
0x00007ffb780d0000 - 0x00007ffb780da000 	C:\Windows\SYSTEM32\VERSION.dll
0x00007ffb830a0000 - 0x00007ffb830cf000 	C:\Windows\System32\IMM32.DLL
0x00007ffb7ca90000 - 0x00007ffb7ca9c000 	C:\Program Files\Java\jdk-21.0.10\bin\vcruntime140_1.dll
0x00007ffb49390000 - 0x00007ffb4941d000 	C:\Program Files\Java\jdk-21.0.10\bin\msvcp140.dll
0x00007ffb44470000 - 0x00007ffb45197000 	C:\Program Files\Java\jdk-21.0.10\bin\server\jvm.dll
0x00007ffb84200000 - 0x00007ffb8426b000 	C:\Windows\System32\WS2_32.dll
0x00007ffb81680000 - 0x00007ffb816cb000 	C:\Windows\SYSTEM32\POWRPROF.dll
0x00007ffb76cb0000 - 0x00007ffb76cd7000 	C:\Windows\SYSTEM32\WINMM.dll
0x00007ffb81660000 - 0x00007ffb81672000 	C:\Windows\SYSTEM32\UMPDC.dll
0x00007ffb7f790000 - 0x00007ffb7f7a2000 	C:\Windows\SYSTEM32\kernel.appcore.dll
0x00007ffb7b070000 - 0x00007ffb7b07a000 	C:\Program Files\Java\jdk-21.0.10\bin\jimage.dll
0x00007ffb78da0000 - 0x00007ffb78fa1000 	C:\Windows\SYSTEM32\DBGHELP.DLL
0x00007ffb620b0000 - 0x00007ffb620e4000 	C:\Windows\SYSTEM32\dbgcore.DLL
0x00007ffb81990000 - 0x00007ffb81a12000 	C:\Windows\System32\bcryptPrimitives.dll
0x00007ffb52640000 - 0x00007ffb52661000 	C:\Program Files\Java\jdk-21.0.10\bin\java.dll
0x00007ffb82550000 - 0x00007ffb82cc0000 	C:\Windows\System32\SHELL32.dll
0x00007ffb7f9b0000 - 0x00007ffb80155000 	C:\Windows\SYSTEM32\windows.storage.dll
0x00007ffb830e0000 - 0x00007ffb83434000 	C:\Windows\System32\combase.dll
0x00007ffb81290000 - 0x00007ffb812bb000 	C:\Windows\SYSTEM32\Wldp.dll
0x00007ffb822d0000 - 0x00007ffb8239d000 	C:\Windows\System32\OLEAUT32.dll
0x00007ffb82ff0000 - 0x00007ffb8309d000 	C:\Windows\System32\SHCORE.dll
0x00007ffb83fe0000 - 0x00007ffb8403b000 	C:\Windows\System32\shlwapi.dll
0x00007ffb81870000 - 0x00007ffb81894000 	C:\Windows\SYSTEM32\profapi.dll
0x00007ffb47650000 - 0x00007ffb47727000 	C:\Program Files\Java\jdk-21.0.10\bin\jsvml.dll
0x00007ffb52db0000 - 0x00007ffb52dc1000 	C:\Program Files\Java\jdk-21.0.10\bin\net.dll
0x00007ffb7e140000 - 0x00007ffb7e24a000 	C:\Windows\SYSTEM32\WINHTTP.dll
0x00007ffb80ff0000 - 0x00007ffb8105a000 	C:\Windows\system32\mswsock.dll
0x00007ffb52c70000 - 0x00007ffb52c86000 	C:\Program Files\Java\jdk-21.0.10\bin\nio.dll
0x00007ffb52e20000 - 0x00007ffb52e38000 	C:\Program Files\Java\jdk-21.0.10\bin\zip.dll
0x00007ffb77a10000 - 0x00007ffb77a20000 	C:\Program Files\Java\jdk-21.0.10\bin\verify.dll
0x00007ffb65e10000 - 0x00007ffb65e1a000 	C:\Program Files\Java\jdk-21.0.10\bin\management.dll
0x00007ffb52630000 - 0x00007ffb5263c000 	C:\Program Files\Java\jdk-21.0.10\bin\management_ext.dll
0x00007ffb838a0000 - 0x00007ffb838a8000 	C:\Windows\System32\PSAPI.DLL
0x00007ffb4dce0000 - 0x00007ffb4dd07000 	C:\Users\none\.gradle\native\660c5614fbf4a5f2a75b1949f50a0caf5cd603558e7d8a26e50b933a0cfb79d1\windows-amd64\native-platform.dll
0x00007ffb7cab0000 - 0x00007ffb7caba000 	C:\Users\none\.gradle\native\jansi\1.18\windows64\jansi.dll
0x00007ffb80cd0000 - 0x00007ffb80d0b000 	C:\Windows\SYSTEM32\IPHLPAPI.DLL
0x00007ffb823a0000 - 0x00007ffb823a8000 	C:\Windows\System32\NSI.dll
0x00007ffb52620000 - 0x00007ffb52629000 	C:\Program Files\Java\jdk-21.0.10\bin\extnet.dll
0x00007ffb811f0000 - 0x00007ffb81208000 	C:\Windows\SYSTEM32\CRYPTSP.dll
0x00007ffb80910000 - 0x00007ffb80948000 	C:\Windows\system32\rsaenh.dll
0x00007ffb817f0000 - 0x00007ffb8181e000 	C:\Windows\SYSTEM32\USERENV.dll
0x00007ffb811e0000 - 0x00007ffb811ec000 	C:\Windows\SYSTEM32\CRYPTBASE.dll
0x00007ffb52570000 - 0x00007ffb5257e000 	C:\Program Files\Java\jdk-21.0.10\bin\sunmscapi.dll
0x00007ffb82170000 - 0x00007ffb822cd000 	C:\Windows\System32\CRYPT32.dll
0x00007ffb81300000 - 0x00007ffb81327000 	C:\Windows\SYSTEM32\ncrypt.dll
0x00007ffb812c0000 - 0x00007ffb812fb000 	C:\Windows\SYSTEM32\NTASN1.dll
0x00007ffb53820000 - 0x00007ffb53827000 	C:\Windows\system32\wshunix.dll

dbghelp: loaded successfully - version: 4.0.5 - missing functions: none
symbol engine: initialized successfully - sym options: 0x614 - pdb path: .;C:\Program Files\Java\jdk-21.0.10\bin;C:\Windows\SYSTEM32;C:\Windows\WinSxS\amd64_microsoft.windows.common-controls_6595b64144ccf1df_6.0.19041.6456_none_60b8a6cb71f64256;C:\Program Files\Java\jdk-21.0.10\bin\server;C:\Users\none\.gradle\native\660c5614fbf4a5f2a75b1949f50a0caf5cd603558e7d8a26e50b933a0cfb79d1\windows-amd64;C:\Users\none\.gradle\native\jansi\1.18\windows64

VM Arguments:
jvm_args: -Xmx64m -Xms64m -Dorg.gradle.appname=gradlew 
java_command: C:\MyMods\SableFloaters\\gradle\wrapper\gradle-wrapper.jar runClient
java_class_path (initial): C:\MyMods\SableFloaters\\gradle\wrapper\gradle-wrapper.jar
Launcher Type: SUN_STANDARD

[Global flags]
     intx CICompilerCount                          = 4                                         {product} {ergonomic}
     uint ConcGCThreads                            = 3                                         {product} {ergonomic}
     uint G1ConcRefinementThreads                  = 10                                        {product} {ergonomic}
   size_t G1HeapRegionSize                         = 1048576                                   {product} {ergonomic}
    uintx GCDrainStackTargetSize                   = 64                                        {product} {ergonomic}
   size_t InitialHeapSize                          = 67108864                                  {product} {command line}
   size_t MarkStackSize                            = 4194304                                   {product} {ergonomic}
   size_t MaxHeapSize                              = 67108864                                  {product} {command line}
   size_t MaxNewSize                               = 39845888                                  {product} {ergonomic}
   size_t MinHeapDeltaBytes                        = 1048576                                   {product} {ergonomic}
   size_t MinHeapSize                              = 67108864                                  {product} {command line}
    uintx NonNMethodCodeHeapSize                   = 5839372                                {pd product} {ergonomic}
    uintx NonProfiledCodeHeapSize                  = 122909434                              {pd product} {ergonomic}
    uintx ProfiledCodeHeapSize                     = 122909434                              {pd product} {ergonomic}
    uintx ReservedCodeCacheSize                    = 251658240                              {pd product} {ergonomic}
     bool SegmentedCodeCache                       = true                                      {product} {ergonomic}
   size_t SoftMaxHeapSize                          = 67108864                               {manageable} {ergonomic}
     bool UseCompressedOops                        = true                           {product lp64_product} {ergonomic}
     bool UseG1GC                                  = true                                      {product} {ergonomic}
     bool UseLargePagesIndividualAllocation        = false                                  {pd product} {ergonomic}

Logging:
Log output configuration:
 #0: stdout all=warning uptime,level,tags foldmultilines=false
 #1: stderr all=off uptime,level,tags foldmultilines=false

Environment Variables:
JAVA_HOME=C:\Program Files\Java\jdk-21.0.10
PATH=C:\Program Files\Common Files\Oracle\Java\javapath;C:\Program Files (x86)\Common Files\Oracle\Java\java8path;C:\Program Files (x86)\Common Files\Oracle\Java\javapath;C:\Windows\system32;C:\Windows;C:\Windows\System32\Wbem;C:\Windows\System32\WindowsPowerShell\v1.0\;C:\Windows\System32\OpenSSH\;C:\Program Files\dotnet\;C:\Program Files (x86)\ZeroTier\One\;C:\Program Files\Cloudflare\Cloudflare WARP\;C:\Program Files\Git\cmd;C:\Users\none\AppData\Local\Microsoft\WindowsApps;C:\Users\none\.dotnet\tools;C:\Users\none\AppData\Local\Programs\Microsoft VS Code\bin;C:\Users\none\AppData\Local\GitHubDesktop\bin;c:\Users\none\.vscode\extensions\vscjava.vscode-java-debug-0.59.0\bundled\scripts\noConfigScripts
USERNAME=none
LANG=en_US.UTF-8
OS=Windows_NT
PROCESSOR_IDENTIFIER=AMD64 Family 25 Model 80 Stepping 0, AuthenticAMD
TMP=C:\Users\none\AppData\Local\Temp
TEMP=C:\Users\none\AppData\Local\Temp




Periodic native trim disabled

---------------  S Y S T E M  ---------------

OS:
 Windows 10 , 64 bit Build 19041 (10.0.19041.5915)
OS uptime: 0 days 2:13 hours

CPU: total 12 (initial active 12) (12 cores per cpu, 2 threads per core) family 25 model 80 stepping 0 microcode 0x0, cx8, cmov, fxsr, ht, mmx, 3dnowpref, sse, sse2, sse3, ssse3, sse4a, sse4.1, sse4.2, popcnt, lzcnt, tsc, tscinvbit, avx, avx2, aes, erms, clmul, bmi1, bmi2, adx, sha, fma, vzeroupper, clflush, clflushopt, rdtscp, rdpid, fsrm, f16c, pku, cet_ss
Processor Information for all 12 processors :
  Max Mhz: 2301, Current Mhz: 2301, Mhz Limit: 2301

Memory: 4k page, system-wide physical 15751M (778M free)
TotalPageFile size 27380M (AvailPageFile size 0M)
current process WorkingSet (physical memory assigned to process): 9M, peak: 111M
current process commit charge ("private bytes"): 170M, peak: 175M

vm_info: Java HotSpot(TM) 64-Bit Server VM (21.0.10+8-LTS-217) for windows-amd64 JRE (21.0.10+8-LTS-217), built on 2025-12-18T14:59:28Z by "mach5run" with MS VC++ 17.13 (VS2022)

END.
