#
# There is insufficient memory for the Java Runtime Environment to continue.
# Native memory allocation (malloc) failed to allocate 201888 bytes for Chunk::new
# Possible reasons:
#   The system is out of physical RAM or swap space
#   The process is running with CompressedOops enabled, and the Java Heap may be blocking the growth of the native heap
# Possible solutions:
#   Reduce memory load on the system
#   Increase physical memory or swap space
#   Check if swap backing store is full
#   Decrease Java heap size (-Xmx/-Xms)
#   Decrease number of Java threads
#   Decrease Java thread stack sizes (-Xss)
#   Set larger code cache with -XX:ReservedCodeCacheSize=
#   JVM is running with Unscaled Compressed Oops mode in which the Java heap is
#     placed in the first 4GB address space. The Java Heap base address is the
#     maximum limit for the native heap growth. Please use -XX:HeapBaseMinAddress
#     to set the Java Heap base and to place the Java Heap above 4GB virtual address.
# This output file may be truncated or incomplete.
#
#  Out of Memory Error (arena.cpp:168), pid=21028, tid=14956
#
# JRE version: Java(TM) SE Runtime Environment (21.0.10+8) (build 21.0.10+8-LTS-217)
# Java VM: Java HotSpot(TM) 64-Bit Server VM (21.0.10+8-LTS-217, mixed mode, sharing, tiered, compressed oops, compressed class ptrs, g1 gc, windows-amd64)
# No core dump will be written. Minidumps are not enabled by default on client versions of Windows
#

---------------  S U M M A R Y ------------

Command Line: --add-opens=java.base/java.lang=ALL-UNNAMED --add-opens=java.base/java.lang.invoke=ALL-UNNAMED --add-opens=java.base/java.util=ALL-UNNAMED --add-opens=java.prefs/java.util.prefs=ALL-UNNAMED --add-exports=jdk.compiler/com.sun.tools.javac.api=ALL-UNNAMED --add-exports=jdk.compiler/com.sun.tools.javac.util=ALL-UNNAMED --add-opens=java.base/java.util=ALL-UNNAMED --add-opens=java.prefs/java.util.prefs=ALL-UNNAMED --add-opens=java.base/java.nio.charset=ALL-UNNAMED --add-opens=java.base/java.net=ALL-UNNAMED --add-opens=java.base/java.util.concurrent=ALL-UNNAMED --add-opens=java.base/java.util.concurrent.atomic=ALL-UNNAMED --add-opens=java.xml/javax.xml.namespace=ALL-UNNAMED --add-opens=java.base/java.time=ALL-UNNAMED -Xmx1G -Dfile.encoding=UTF-8 -Duser.country=RU -Duser.language=ru -Duser.variant -javaagent:C:\Users\none\.gradle\wrapper\dists\gradle-9.2.1-bin\2t0n5ozlw9xmuyvbp7dnzaxug\gradle-9.2.1\lib\agents\gradle-instrumentation-agent-9.2.1.jar org.gradle.launcher.daemon.bootstrap.GradleDaemon 9.2.1

Host: AMD Ryzen 5 7430U with Radeon Graphics         , 12 cores, 15G,  Windows 10 , 64 bit Build 19041 (10.0.19041.5915)
Time: Fri Jun 19 04:30:30 2026 elapsed time: 1036.766810 seconds (0d 0h 17m 16s)

---------------  T H R E A D  ---------------

Current thread (0x0000022ec4620b00):  JavaThread "C2 CompilerThread0" daemon [_thread_in_native, id=14956, stack(0x00000038c8800000,0x00000038c8900000) (1024K)]


Current CompileTask:
C2:1036766 16282       4       org.gradle.internal.snapshot.AbstractIncompleteFileSystemNode::rootSnapshots (30 bytes)

Stack: [0x00000038c8800000,0x00000038c8900000]
Native frames: (J=compiled Java code, j=interpreted, Vv=VM code, C=native code)
V  [jvm.dll+0x6d0b59]
V  [jvm.dll+0x85fd56]
V  [jvm.dll+0x86224e]
V  [jvm.dll+0x862923]
V  [jvm.dll+0x282a16]
V  [jvm.dll+0xc662d]
V  [jvm.dll+0xc6b71]
V  [jvm.dll+0x3bbb5b]
V  [jvm.dll+0x387fd2]
V  [jvm.dll+0x38741a]
V  [jvm.dll+0x24b370]
V  [jvm.dll+0x24a94f]
V  [jvm.dll+0x1cacfe]
V  [jvm.dll+0x25a629]
V  [jvm.dll+0x258bb5]
V  [jvm.dll+0x3f4da1]
V  [jvm.dll+0x80a83d]
V  [jvm.dll+0x6cf3fd]
C  [ucrtbase.dll+0x21bb2]
C  [KERNEL32.DLL+0x17374]
C  [ntdll.dll+0x4cc91]


---------------  P R O C E S S  ---------------

Threads class SMR info:
_java_thread_list=0x0000022f0f52cb00, length=62, elements={
0x0000022ea6a58b80, 0x0000022ec4617ad0, 0x0000022ec4618530, 0x0000022ec461a4e0,
0x0000022ec461b1c0, 0x0000022ec461bc20, 0x0000022ec461ce20, 0x0000022ec4620b00,
0x0000022ec4627290, 0x0000022ec48064d0, 0x0000022ec4873030, 0x0000022f0b81c7d0,
0x0000022f0aa8b5c0, 0x0000022f0b7ec1c0, 0x0000022f0b7071a0, 0x0000022f0b706b10,
0x0000022f0b705760, 0x0000022f0cc77ea0, 0x0000022f0cc75740, 0x0000022f0cc79f70,
0x0000022f0cc78530, 0x0000022f0cc7a600, 0x0000022f0cc7c040, 0x0000022f0cc750b0,
0x0000022f0f041700, 0x0000022f0f0437d0, 0x0000022f0f043e60, 0x0000022f0bd136d0,
0x0000022f0bbb7fc0, 0x0000022f0bd18c20, 0x0000022f0bbb9370, 0x0000022f0bd192b0,
0x0000022f0bd16b50, 0x0000022f0f678880, 0x0000022f0f67b670, 0x0000022f0cc76460,
0x0000022f0cc76af0, 0x0000022f0cc78bc0, 0x0000022f100bc0b0, 0x0000022f100bad00,
0x0000022f100b57b0, 0x0000022f100b5120, 0x0000022f100b85a0, 0x0000022f100bb390,
0x0000022f100b8c30, 0x0000022f100ba670, 0x0000022f100bba20, 0x0000022f100b92c0,
0x0000022f100b64d0, 0x0000022f100bc740, 0x0000022f100b71f0, 0x0000022f100b9950,
0x0000022f100b5e40, 0x0000022f0d7447f0, 0x0000022f0d744e80, 0x0000022f0d745510,
0x0000022f0d745ba0, 0x0000022f0d747c70, 0x0000022f0d746230, 0x0000022f0d748300,
0x0000022f0d743ad0, 0x0000022f0d7468c0
}

Java Threads: ( => current thread )
  0x0000022ea6a58b80 JavaThread "main"                              [_thread_blocked, id=20300, stack(0x00000038c7a00000,0x00000038c7b00000) (1024K)]
  0x0000022ec4617ad0 JavaThread "Reference Handler"          daemon [_thread_blocked, id=4172, stack(0x00000038c8200000,0x00000038c8300000) (1024K)]
  0x0000022ec4618530 JavaThread "Finalizer"                  daemon [_thread_blocked, id=12000, stack(0x00000038c8300000,0x00000038c8400000) (1024K)]
  0x0000022ec461a4e0 JavaThread "Signal Dispatcher"          daemon [_thread_blocked, id=12004, stack(0x00000038c8400000,0x00000038c8500000) (1024K)]
  0x0000022ec461b1c0 JavaThread "Attach Listener"            daemon [_thread_blocked, id=12176, stack(0x00000038c8500000,0x00000038c8600000) (1024K)]
  0x0000022ec461bc20 JavaThread "Service Thread"             daemon [_thread_blocked, id=12180, stack(0x00000038c8600000,0x00000038c8700000) (1024K)]
  0x0000022ec461ce20 JavaThread "Monitor Deflation Thread"   daemon [_thread_blocked, id=14868, stack(0x00000038c8700000,0x00000038c8800000) (1024K)]
=>0x0000022ec4620b00 JavaThread "C2 CompilerThread0"         daemon [_thread_in_native, id=14956, stack(0x00000038c8800000,0x00000038c8900000) (1024K)]
  0x0000022ec4627290 JavaThread "C1 CompilerThread0"         daemon [_thread_blocked, id=14964, stack(0x00000038c8900000,0x00000038c8a00000) (1024K)]
  0x0000022ec48064d0 JavaThread "Common-Cleaner"             daemon [_thread_blocked, id=14840, stack(0x00000038c8a00000,0x00000038c8b00000) (1024K)]
  0x0000022ec4873030 JavaThread "Notification Thread"        daemon [_thread_blocked, id=15144, stack(0x00000038c8b00000,0x00000038c8c00000) (1024K)]
  0x0000022f0b81c7d0 JavaThread "Daemon health stats"               [_thread_blocked, id=5084, stack(0x00000038c8d00000,0x00000038c8e00000) (1024K)]
  0x0000022f0aa8b5c0 JavaThread "Incoming local TCP Connector on port 50407"        [_thread_in_native, id=4880, stack(0x00000038c9200000,0x00000038c9300000) (1024K)]
  0x0000022f0b7ec1c0 JavaThread "Daemon periodic checks"            [_thread_blocked, id=4956, stack(0x00000038c9300000,0x00000038c9400000) (1024K)]
  0x0000022f0b7071a0 JavaThread "Cache worker for journal cache (C:\Users\none\.gradle\caches\journal-1)"        [_thread_blocked, id=5744, stack(0x00000038c9b00000,0x00000038c9c00000) (1024K)]
  0x0000022f0b706b10 JavaThread "File lock request listener"        [_thread_in_native, id=13176, stack(0x00000038ca100000,0x00000038ca200000) (1024K)]
  0x0000022f0b705760 JavaThread "Cache worker for file hash cache (C:\Users\none\.gradle\caches\9.2.1\fileHashes)"        [_thread_blocked, id=13116, stack(0x00000038ca200000,0x00000038ca300000) (1024K)]
  0x0000022f0cc77ea0 JavaThread "File watcher server"        daemon [_thread_in_native, id=2124, stack(0x00000038ca900000,0x00000038caa00000) (1024K)]
  0x0000022f0cc75740 JavaThread "File watcher consumer"      daemon [_thread_blocked, id=12676, stack(0x00000038caa00000,0x00000038cab00000) (1024K)]
  0x0000022f0cc79f70 JavaThread "Cache worker for file content cache (C:\Users\none\.gradle\caches\9.2.1\fileContent)"        [_thread_blocked, id=9240, stack(0x00000038cab00000,0x00000038cac00000) (1024K)]
  0x0000022f0cc78530 JavaThread "jar transforms"                    [_thread_blocked, id=10288, stack(0x00000038c8c00000,0x00000038c8d00000) (1024K)]
  0x0000022f0cc7a600 JavaThread "jar transforms Thread 2"           [_thread_blocked, id=13264, stack(0x00000038cb300000,0x00000038cb400000) (1024K)]
  0x0000022f0cc7c040 JavaThread "jar transforms Thread 3"           [_thread_blocked, id=11024, stack(0x00000038cac00000,0x00000038cad00000) (1024K)]
  0x0000022f0cc750b0 JavaThread "jar transforms Thread 4"           [_thread_blocked, id=14324, stack(0x00000038cad00000,0x00000038cae00000) (1024K)]
  0x0000022f0f041700 JavaThread "jar transforms Thread 5"           [_thread_blocked, id=13344, stack(0x00000038cb100000,0x00000038cb200000) (1024K)]
  0x0000022f0f0437d0 JavaThread "jar transforms Thread 6"           [_thread_blocked, id=15012, stack(0x00000038cb600000,0x00000038cb700000) (1024K)]
  0x0000022f0f043e60 JavaThread "jar transforms Thread 7"           [_thread_blocked, id=14568, stack(0x00000038cba00000,0x00000038cbb00000) (1024K)]
  0x0000022f0bd136d0 JavaThread "Memory manager"                    [_thread_blocked, id=13212, stack(0x00000038cdd00000,0x00000038cde00000) (1024K)]
  0x0000022f0bbb7fc0 JavaThread "jar transforms Thread 8"           [_thread_blocked, id=19852, stack(0x00000038ce500000,0x00000038ce600000) (1024K)]
  0x0000022f0bd18c20 JavaThread "jar transforms Thread 9"           [_thread_blocked, id=20556, stack(0x00000038cb500000,0x00000038cb600000) (1024K)]
  0x0000022f0bbb9370 JavaThread "jar transforms Thread 10"          [_thread_blocked, id=18352, stack(0x00000038cb900000,0x00000038cba00000) (1024K)]
  0x0000022f0bd192b0 JavaThread "jar transforms Thread 11"          [_thread_blocked, id=20584, stack(0x00000038ca600000,0x00000038ca700000) (1024K)]
  0x0000022f0bd16b50 JavaThread "jar transforms Thread 12"          [_thread_blocked, id=13760, stack(0x00000038ca700000,0x00000038ca800000) (1024K)]
  0x0000022f0f678880 JavaThread "Daemon Thread 3"                   [_thread_blocked, id=9652, stack(0x00000038c7700000,0x00000038c7800000) (1024K)]
  0x0000022f0f67b670 JavaThread "Daemon worker Thread 3"            [_thread_blocked, id=5188, stack(0x00000038c9400000,0x00000038c9500000) (1024K)]
  0x0000022f0cc76460 JavaThread "Exec process"                      [_thread_in_native, id=2424, stack(0x00000038cc400000,0x00000038cc500000) (1024K)]
  0x0000022f0cc76af0 JavaThread "Exec process Thread 2"             [_thread_in_native, id=8884, stack(0x00000038cc500000,0x00000038cc600000) (1024K)]
  0x0000022f0cc78bc0 JavaThread "Exec process Thread 3"             [_thread_in_native, id=19976, stack(0x00000038cc600000,0x00000038cc700000) (1024K)]
  0x0000022f100bc0b0 JavaThread "Handler for socket connection from /127.0.0.1:50407 to /127.0.0.1:58243"        [_thread_in_native, id=12804, stack(0x00000038c7800000,0x00000038c7900000) (1024K)]
  0x0000022f100bad00 JavaThread "Cancel handler"                    [_thread_blocked, id=9720, stack(0x00000038c7900000,0x00000038c7a00000) (1024K)]
  0x0000022f100b57b0 JavaThread "Asynchronous log dispatcher for DefaultDaemonConnection: socket connection from /127.0.0.1:50407 to /127.0.0.1:58243"        [_thread_blocked, id=6672, stack(0x00000038c9600000,0x00000038c9700000) (1024K)]
  0x0000022f100b5120 JavaThread "Stdin handler"                     [_thread_blocked, id=7272, stack(0x00000038c9700000,0x00000038c9800000) (1024K)]
  0x0000022f100b85a0 JavaThread "Daemon client event forwarder"        [_thread_blocked, id=8204, stack(0x00000038c9800000,0x00000038c9900000) (1024K)]
  0x0000022f100bb390 JavaThread "Cache worker for file hash cache (C:\MyMods\SableFloaters\.gradle\9.2.1\fileHashes)"        [_thread_blocked, id=11824, stack(0x00000038c9900000,0x00000038c9a00000) (1024K)]
  0x0000022f100b8c30 JavaThread "Cache worker for checksums cache (C:\MyMods\SableFloaters\.gradle\9.2.1\checksums)"        [_thread_blocked, id=4024, stack(0x00000038c9a00000,0x00000038c9b00000) (1024K)]
  0x0000022f100ba670 JavaThread "Cache worker for Build Output Cleanup Cache (C:\MyMods\SableFloaters\.gradle\buildOutputCleanup)"        [_thread_blocked, id=13044, stack(0x00000038ca300000,0x00000038ca400000) (1024K)]
  0x0000022f100bba20 JavaThread "Cache worker for cache directory md-supplier (C:\Users\none\.gradle\caches\9.2.1\md-supplier)"        [_thread_blocked, id=8456, stack(0x00000038ca800000,0x00000038ca900000) (1024K)]
  0x0000022f100b92c0 JavaThread "Cache worker for cache directory md-rule (C:\Users\none\.gradle\caches\9.2.1\md-rule)"        [_thread_blocked, id=1700, stack(0x00000038cae00000,0x00000038caf00000) (1024K)]
  0x0000022f100b64d0 JavaThread "Build operations"                  [_thread_blocked, id=19212, stack(0x00000038caf00000,0x00000038cb000000) (1024K)]
  0x0000022f100bc740 JavaThread "included builds"                   [_thread_blocked, id=19268, stack(0x00000038cb700000,0x00000038cb800000) (1024K)]
  0x0000022f100b71f0 JavaThread "Execution worker"                  [_thread_blocked, id=18208, stack(0x00000038cb800000,0x00000038cb900000) (1024K)]
  0x0000022f100b9950 JavaThread "Execution worker Thread 2"         [_thread_blocked, id=17308, stack(0x00000038cbb00000,0x00000038cbc00000) (1024K)]
  0x0000022f100b5e40 JavaThread "Execution worker Thread 3"         [_thread_blocked, id=14096, stack(0x00000038cbc00000,0x00000038cbd00000) (1024K)]
  0x0000022f0d7447f0 JavaThread "Execution worker Thread 4"         [_thread_blocked, id=8352, stack(0x00000038cbd00000,0x00000038cbe00000) (1024K)]
  0x0000022f0d744e80 JavaThread "Execution worker Thread 5"         [_thread_blocked, id=21452, stack(0x00000038cbe00000,0x00000038cbf00000) (1024K)]
  0x0000022f0d745510 JavaThread "Execution worker Thread 6"         [_thread_blocked, id=9376, stack(0x00000038cbf00000,0x00000038cc000000) (1024K)]
  0x0000022f0d745ba0 JavaThread "Execution worker Thread 7"         [_thread_blocked, id=4748, stack(0x00000038cc000000,0x00000038cc100000) (1024K)]
  0x0000022f0d747c70 JavaThread "Execution worker Thread 8"         [_thread_blocked, id=19940, stack(0x00000038cc100000,0x00000038cc200000) (1024K)]
  0x0000022f0d746230 JavaThread "Execution worker Thread 9"         [_thread_blocked, id=17952, stack(0x00000038cc200000,0x00000038cc300000) (1024K)]
  0x0000022f0d748300 JavaThread "Execution worker Thread 10"        [_thread_blocked, id=3300, stack(0x00000038cc300000,0x00000038cc400000) (1024K)]
  0x0000022f0d743ad0 JavaThread "Execution worker Thread 11"        [_thread_blocked, id=3136, stack(0x00000038cc700000,0x00000038cc800000) (1024K)]
  0x0000022f0d7468c0 JavaThread "Cache worker for execution history cache (C:\MyMods\SableFloaters\.gradle\9.2.1\executionHistory)"        [_thread_blocked, id=4308, stack(0x00000038cc800000,0x00000038cc900000) (1024K)]
Total: 62

Other Threads:
  0x0000022ec4601460 VMThread "VM Thread"                           [id=4844, stack(0x00000038c8100000,0x00000038c8200000) (1024K)]
  0x0000022ec45e8840 WatcherThread "VM Periodic Task Thread"        [id=19896, stack(0x00000038c8000000,0x00000038c8100000) (1024K)]
  0x0000022ea6bfd010 WorkerThread "GC Thread#0"                     [id=20172, stack(0x00000038c7b00000,0x00000038c7c00000) (1024K)]
  0x0000022ec4938520 WorkerThread "GC Thread#1"                     [id=5716, stack(0x00000038c8e00000,0x00000038c8f00000) (1024K)]
  0x0000022f0a031670 WorkerThread "GC Thread#2"                     [id=11732, stack(0x00000038c8f00000,0x00000038c9000000) (1024K)]
  0x0000022f0a031e30 WorkerThread "GC Thread#3"                     [id=11688, stack(0x00000038c9000000,0x00000038c9100000) (1024K)]
  0x0000022f0a0321e0 WorkerThread "GC Thread#4"                     [id=11684, stack(0x00000038c9100000,0x00000038c9200000) (1024K)]
  0x0000022f0babd9b0 WorkerThread "GC Thread#5"                     [id=12208, stack(0x00000038c9c00000,0x00000038c9d00000) (1024K)]
  0x0000022f0ba14020 WorkerThread "GC Thread#6"                     [id=12148, stack(0x00000038c9d00000,0x00000038c9e00000) (1024K)]
  0x0000022f0ba143d0 WorkerThread "GC Thread#7"                     [id=12184, stack(0x00000038c9e00000,0x00000038c9f00000) (1024K)]
  0x0000022f0b930940 WorkerThread "GC Thread#8"                     [id=11556, stack(0x00000038c9f00000,0x00000038ca000000) (1024K)]
  0x0000022f0b930590 WorkerThread "GC Thread#9"                     [id=13140, stack(0x00000038ca000000,0x00000038ca100000) (1024K)]
  0x0000022ea6c07e80 ConcurrentGCThread "G1 Main Marker"            [id=19988, stack(0x00000038c7c00000,0x00000038c7d00000) (1024K)]
  0x0000022ea6c08de0 WorkerThread "G1 Conc#0"                       [id=19752, stack(0x00000038c7d00000,0x00000038c7e00000) (1024K)]
  0x0000022f0b9301e0 WorkerThread "G1 Conc#1"                       [id=20620, stack(0x00000038ca400000,0x00000038ca500000) (1024K)]
  0x0000022f0b92fa80 WorkerThread "G1 Conc#2"                       [id=11012, stack(0x00000038ca500000,0x00000038ca600000) (1024K)]
  0x0000022ec44be680 ConcurrentGCThread "G1 Refine#0"               [id=20028, stack(0x00000038c7e00000,0x00000038c7f00000) (1024K)]
  0x0000022ea6c8e1b0 ConcurrentGCThread "G1 Service"                [id=20064, stack(0x00000038c7f00000,0x00000038c8000000) (1024K)]
Total: 18

Threads with active compile tasks:
C2 CompilerThread0  1036800 16282       4       org.gradle.internal.snapshot.AbstractIncompleteFileSystemNode::rootSnapshots (30 bytes)
Total: 1

VM state: not at safepoint (normal execution)

VM Mutex/Monitor currently owned by a thread: None

Heap address: 0x00000000c0000000, size: 1024 MB, Compressed Oops mode: 32-bit

CDS archive(s) mapped at: [0x0000022ec5000000-0x0000022ec5c90000-0x0000022ec5c90000), size 13172736, SharedBaseAddress: 0x0000022ec5000000, ArchiveRelocationMode: 1.
Compressed class space mapped at: 0x0000022ec6000000-0x0000022f06000000, reserved size: 1073741824
Narrow klass base: 0x0000022ec5000000, Narrow klass shift: 0, Narrow klass range: 0x100000000

GC Precious Log:
 CardTable entry size: 512
 Card Set container configuration: InlinePtr #cards 5 size 8 Array Of Cards #cards 12 size 40 Howl #buckets 4 coarsen threshold 1843 Howl Bitmap #cards 512 size 80 coarsen threshold 460 Card regions per heap region 1 cards per card region 2048
 CPUs: 12 total, 12 available
 Memory: 15751M
 Large Page Support: Disabled
 NUMA Support: Disabled
 Compressed Oops: Enabled (32-bit)
 Heap Region Size: 1M
 Heap Min Capacity: 8M
 Heap Initial Capacity: 248M
 Heap Max Capacity: 1G
 Pre-touch: Disabled
 Parallel Workers: 10
 Concurrent Workers: 3
 Concurrent Refinement Workers: 10
 Periodic GC: Disabled

Heap:
 garbage-first heap   total 232448K, used 129873K [0x00000000c0000000, 0x0000000100000000)
  region size 1024K, 7 young (7168K), 5 survivors (5120K)
 Metaspace       used 81642K, committed 86784K, reserved 1179648K
  class space    used 11196K, committed 13248K, reserved 1048576K

Heap Regions: E=young(eden), S=young(survivor), O=old, HS=humongous(starts), HC=humongous(continues), CS=collection set, F=free, TAMS=top-at-mark-start, PB=parsable bottom
|   0|0x00000000c0000000, 0x00000000c0100000, 0x00000000c0100000|100%|HS|  |TAMS 0x00000000c0000000| PB 0x00000000c0000000| Complete 
|   1|0x00000000c0100000, 0x00000000c0200000, 0x00000000c0200000|100%|HC|  |TAMS 0x00000000c0100000| PB 0x00000000c0100000| Complete 
|   2|0x00000000c0200000, 0x00000000c0300000, 0x00000000c0300000|100%|HC|  |TAMS 0x00000000c0200000| PB 0x00000000c0200000| Complete 
|   3|0x00000000c0300000, 0x00000000c0400000, 0x00000000c0400000|100%|HC|  |TAMS 0x00000000c0300000| PB 0x00000000c0300000| Complete 
|   4|0x00000000c0400000, 0x00000000c0500000, 0x00000000c0500000|100%| O|  |TAMS 0x00000000c0400000| PB 0x00000000c0400000| Untracked 
|   5|0x00000000c0500000, 0x00000000c0600000, 0x00000000c0600000|100%| O|  |TAMS 0x00000000c0500000| PB 0x00000000c0500000| Untracked 
|   6|0x00000000c0600000, 0x00000000c0700000, 0x00000000c0700000|100%| O|  |TAMS 0x00000000c0600000| PB 0x00000000c0600000| Untracked 
|   7|0x00000000c0700000, 0x00000000c0800000, 0x00000000c0800000|100%|HS|  |TAMS 0x00000000c0700000| PB 0x00000000c0700000| Complete 
|   8|0x00000000c0800000, 0x00000000c0900000, 0x00000000c0900000|100%| O|  |TAMS 0x00000000c0800000| PB 0x00000000c0800000| Untracked 
|   9|0x00000000c0900000, 0x00000000c0a00000, 0x00000000c0a00000|100%| O|  |TAMS 0x00000000c0900000| PB 0x00000000c0900000| Untracked 
|  10|0x00000000c0a00000, 0x00000000c0b00000, 0x00000000c0b00000|100%| O|  |TAMS 0x00000000c0a00000| PB 0x00000000c0a00000| Untracked 
|  11|0x00000000c0b00000, 0x00000000c0c00000, 0x00000000c0c00000|100%| O|  |TAMS 0x00000000c0b00000| PB 0x00000000c0b00000| Untracked 
|  12|0x00000000c0c00000, 0x00000000c0d00000, 0x00000000c0d00000|100%| O|  |TAMS 0x00000000c0c00000| PB 0x00000000c0c00000| Untracked 
|  13|0x00000000c0d00000, 0x00000000c0e00000, 0x00000000c0e00000|100%| O|  |TAMS 0x00000000c0d00000| PB 0x00000000c0d00000| Untracked 
|  14|0x00000000c0e00000, 0x00000000c0f00000, 0x00000000c0f00000|100%| O|  |TAMS 0x00000000c0e00000| PB 0x00000000c0e00000| Untracked 
|  15|0x00000000c0f00000, 0x00000000c1000000, 0x00000000c1000000|100%| O|  |TAMS 0x00000000c0f00000| PB 0x00000000c0f00000| Untracked 
|  16|0x00000000c1000000, 0x00000000c1100000, 0x00000000c1100000|100%| O|  |TAMS 0x00000000c1000000| PB 0x00000000c1000000| Untracked 
|  17|0x00000000c1100000, 0x00000000c1200000, 0x00000000c1200000|100%| O|  |TAMS 0x00000000c1100000| PB 0x00000000c1100000| Untracked 
|  18|0x00000000c1200000, 0x00000000c1300000, 0x00000000c1300000|100%| O|  |TAMS 0x00000000c1200000| PB 0x00000000c1200000| Untracked 
|  19|0x00000000c1300000, 0x00000000c1400000, 0x00000000c1400000|100%| O|  |TAMS 0x00000000c1300000| PB 0x00000000c1300000| Untracked 
|  20|0x00000000c1400000, 0x00000000c1500000, 0x00000000c1500000|100%| O|  |TAMS 0x00000000c1400000| PB 0x00000000c1400000| Untracked 
|  21|0x00000000c1500000, 0x00000000c1600000, 0x00000000c1600000|100%| O|  |TAMS 0x00000000c1500000| PB 0x00000000c1500000| Untracked 
|  22|0x00000000c1600000, 0x00000000c1700000, 0x00000000c1700000|100%| O|  |TAMS 0x00000000c1600000| PB 0x00000000c1600000| Untracked 
|  23|0x00000000c1700000, 0x00000000c1800000, 0x00000000c1800000|100%| O|  |TAMS 0x00000000c1700000| PB 0x00000000c1700000| Untracked 
|  24|0x00000000c1800000, 0x00000000c1900000, 0x00000000c1900000|100%| O|  |TAMS 0x00000000c1800000| PB 0x00000000c1800000| Untracked 
|  25|0x00000000c1900000, 0x00000000c1a00000, 0x00000000c1a00000|100%| O|  |TAMS 0x00000000c1900000| PB 0x00000000c1900000| Untracked 
|  26|0x00000000c1a00000, 0x00000000c1b00000, 0x00000000c1b00000|100%| O|Cm|TAMS 0x00000000c1a00000| PB 0x00000000c1a00000| Complete 
|  27|0x00000000c1b00000, 0x00000000c1c00000, 0x00000000c1c00000|100%| O|  |TAMS 0x00000000c1b00000| PB 0x00000000c1b00000| Untracked 
|  28|0x00000000c1c00000, 0x00000000c1d00000, 0x00000000c1d00000|100%| O|  |TAMS 0x00000000c1c00000| PB 0x00000000c1c00000| Untracked 
|  29|0x00000000c1d00000, 0x00000000c1e00000, 0x00000000c1e00000|100%| O|  |TAMS 0x00000000c1d00000| PB 0x00000000c1d00000| Untracked 
|  30|0x00000000c1e00000, 0x00000000c1f00000, 0x00000000c1f00000|100%| O|  |TAMS 0x00000000c1e00000| PB 0x00000000c1e00000| Untracked 
|  31|0x00000000c1f00000, 0x00000000c2000000, 0x00000000c2000000|100%| O|  |TAMS 0x00000000c1f00000| PB 0x00000000c1f00000| Untracked 
|  32|0x00000000c2000000, 0x00000000c2100000, 0x00000000c2100000|100%| O|  |TAMS 0x00000000c2000000| PB 0x00000000c2000000| Untracked 
|  33|0x00000000c2100000, 0x00000000c2200000, 0x00000000c2200000|100%| O|  |TAMS 0x00000000c2100000| PB 0x00000000c2100000| Untracked 
|  34|0x00000000c2200000, 0x00000000c2300000, 0x00000000c2300000|100%| O|  |TAMS 0x00000000c2200000| PB 0x00000000c2200000| Untracked 
|  35|0x00000000c2300000, 0x00000000c2400000, 0x00000000c2400000|100%| O|  |TAMS 0x00000000c2300000| PB 0x00000000c2300000| Untracked 
|  36|0x00000000c2400000, 0x00000000c2500000, 0x00000000c2500000|100%| O|  |TAMS 0x00000000c2400000| PB 0x00000000c2400000| Untracked 
|  37|0x00000000c2500000, 0x00000000c2600000, 0x00000000c2600000|100%| O|  |TAMS 0x00000000c2500000| PB 0x00000000c2500000| Untracked 
|  38|0x00000000c2600000, 0x00000000c2700000, 0x00000000c2700000|100%| O|  |TAMS 0x00000000c2600000| PB 0x00000000c2600000| Untracked 
|  39|0x00000000c2700000, 0x00000000c2800000, 0x00000000c2800000|100%| O|  |TAMS 0x00000000c2700000| PB 0x00000000c2700000| Untracked 
|  40|0x00000000c2800000, 0x00000000c2900000, 0x00000000c2900000|100%| O|  |TAMS 0x00000000c2800000| PB 0x00000000c2800000| Untracked 
|  41|0x00000000c2900000, 0x00000000c2a00000, 0x00000000c2a00000|100%| O|  |TAMS 0x00000000c2900000| PB 0x00000000c2900000| Untracked 
|  42|0x00000000c2a00000, 0x00000000c2b00000, 0x00000000c2b00000|100%| O|  |TAMS 0x00000000c2a00000| PB 0x00000000c2a00000| Untracked 
|  43|0x00000000c2b00000, 0x00000000c2c00000, 0x00000000c2c00000|100%| O|  |TAMS 0x00000000c2b00000| PB 0x00000000c2b00000| Untracked 
|  44|0x00000000c2c00000, 0x00000000c2d00000, 0x00000000c2d00000|100%| O|  |TAMS 0x00000000c2c00000| PB 0x00000000c2c00000| Untracked 
|  45|0x00000000c2d00000, 0x00000000c2e00000, 0x00000000c2e00000|100%| O|  |TAMS 0x00000000c2d00000| PB 0x00000000c2d00000| Untracked 
|  46|0x00000000c2e00000, 0x00000000c2f00000, 0x00000000c2f00000|100%|HS|  |TAMS 0x00000000c2e00000| PB 0x00000000c2e00000| Complete 
|  47|0x00000000c2f00000, 0x00000000c3000000, 0x00000000c3000000|100%|HC|  |TAMS 0x00000000c2f00000| PB 0x00000000c2f00000| Complete 
|  48|0x00000000c3000000, 0x00000000c3100000, 0x00000000c3100000|100%| O|  |TAMS 0x00000000c3000000| PB 0x00000000c3000000| Untracked 
|  49|0x00000000c3100000, 0x00000000c3200000, 0x00000000c3200000|100%| O|  |TAMS 0x00000000c3100000| PB 0x00000000c3100000| Untracked 
|  50|0x00000000c3200000, 0x00000000c3300000, 0x00000000c3300000|100%| O|  |TAMS 0x00000000c3200000| PB 0x00000000c3200000| Untracked 
|  51|0x00000000c3300000, 0x00000000c3400000, 0x00000000c3400000|100%| O|  |TAMS 0x00000000c3300000| PB 0x00000000c3300000| Untracked 
|  52|0x00000000c3400000, 0x00000000c3500000, 0x00000000c3500000|100%| O|  |TAMS 0x00000000c3400000| PB 0x00000000c3400000| Untracked 
|  53|0x00000000c3500000, 0x00000000c3600000, 0x00000000c3600000|100%| O|  |TAMS 0x00000000c3500000| PB 0x00000000c3500000| Untracked 
|  54|0x00000000c3600000, 0x00000000c3700000, 0x00000000c3700000|100%| O|  |TAMS 0x00000000c3600000| PB 0x00000000c3600000| Untracked 
|  55|0x00000000c3700000, 0x00000000c3800000, 0x00000000c3800000|100%| O|  |TAMS 0x00000000c3700000| PB 0x00000000c3700000| Untracked 
|  56|0x00000000c3800000, 0x00000000c3900000, 0x00000000c3900000|100%| O|  |TAMS 0x00000000c3800000| PB 0x00000000c3800000| Untracked 
|  57|0x00000000c3900000, 0x00000000c3a00000, 0x00000000c3a00000|100%| O|  |TAMS 0x00000000c3900000| PB 0x00000000c3900000| Untracked 
|  58|0x00000000c3a00000, 0x00000000c3b00000, 0x00000000c3b00000|100%| O|  |TAMS 0x00000000c3a00000| PB 0x00000000c3a00000| Untracked 
|  59|0x00000000c3b00000, 0x00000000c3c00000, 0x00000000c3c00000|100%| O|  |TAMS 0x00000000c3b00000| PB 0x00000000c3b00000| Untracked 
|  60|0x00000000c3c00000, 0x00000000c3d00000, 0x00000000c3d00000|100%| O|  |TAMS 0x00000000c3c00000| PB 0x00000000c3c00000| Untracked 
|  61|0x00000000c3d00000, 0x00000000c3e00000, 0x00000000c3e00000|100%| O|  |TAMS 0x00000000c3d00000| PB 0x00000000c3d00000| Untracked 
|  62|0x00000000c3e00000, 0x00000000c3f00000, 0x00000000c3f00000|100%| O|  |TAMS 0x00000000c3e00000| PB 0x00000000c3e00000| Untracked 
|  63|0x00000000c3f00000, 0x00000000c4000000, 0x00000000c4000000|100%| O|  |TAMS 0x00000000c3f00000| PB 0x00000000c3f00000| Untracked 
|  64|0x00000000c4000000, 0x00000000c4100000, 0x00000000c4100000|100%| O|  |TAMS 0x00000000c4000000| PB 0x00000000c4000000| Untracked 
|  65|0x00000000c4100000, 0x00000000c4200000, 0x00000000c4200000|100%| O|  |TAMS 0x00000000c4100000| PB 0x00000000c4100000| Untracked 
|  66|0x00000000c4200000, 0x00000000c4300000, 0x00000000c4300000|100%| O|  |TAMS 0x00000000c4200000| PB 0x00000000c4200000| Untracked 
|  67|0x00000000c4300000, 0x00000000c4400000, 0x00000000c4400000|100%| O|  |TAMS 0x00000000c4300000| PB 0x00000000c4300000| Untracked 
|  68|0x00000000c4400000, 0x00000000c4500000, 0x00000000c4500000|100%| O|  |TAMS 0x00000000c4400000| PB 0x00000000c4400000| Untracked 
|  69|0x00000000c4500000, 0x00000000c4600000, 0x00000000c4600000|100%| O|  |TAMS 0x00000000c4500000| PB 0x00000000c4500000| Untracked 
|  70|0x00000000c4600000, 0x00000000c4700000, 0x00000000c4700000|100%| O|  |TAMS 0x00000000c4600000| PB 0x00000000c4600000| Untracked 
|  71|0x00000000c4700000, 0x00000000c4800000, 0x00000000c4800000|100%| O|  |TAMS 0x00000000c4700000| PB 0x00000000c4700000| Untracked 
|  72|0x00000000c4800000, 0x00000000c4900000, 0x00000000c4900000|100%| O|Cm|TAMS 0x00000000c4800000| PB 0x00000000c4800000| Complete 
|  73|0x00000000c4900000, 0x00000000c4a00000, 0x00000000c4a00000|100%| O|Cm|TAMS 0x00000000c4900000| PB 0x00000000c4900000| Complete 
|  74|0x00000000c4a00000, 0x00000000c4b00000, 0x00000000c4b00000|100%| O|  |TAMS 0x00000000c4a00000| PB 0x00000000c4a00000| Untracked 
|  75|0x00000000c4b00000, 0x00000000c4c00000, 0x00000000c4c00000|100%| O|  |TAMS 0x00000000c4b00000| PB 0x00000000c4b00000| Untracked 
|  76|0x00000000c4c00000, 0x00000000c4d00000, 0x00000000c4d00000|100%| O|  |TAMS 0x00000000c4c00000| PB 0x00000000c4c00000| Untracked 
|  77|0x00000000c4d00000, 0x00000000c4e00000, 0x00000000c4e00000|100%| O|  |TAMS 0x00000000c4d00000| PB 0x00000000c4d00000| Untracked 
|  78|0x00000000c4e00000, 0x00000000c4f00000, 0x00000000c4f00000|100%| O|  |TAMS 0x00000000c4e00000| PB 0x00000000c4e00000| Untracked 
|  79|0x00000000c4f00000, 0x00000000c5000000, 0x00000000c5000000|100%| O|  |TAMS 0x00000000c4f00000| PB 0x00000000c4f00000| Untracked 
|  80|0x00000000c5000000, 0x00000000c5100000, 0x00000000c5100000|100%| O|  |TAMS 0x00000000c5000000| PB 0x00000000c5000000| Untracked 
|  81|0x00000000c5100000, 0x00000000c5200000, 0x00000000c5200000|100%| O|  |TAMS 0x00000000c5100000| PB 0x00000000c5100000| Untracked 
|  82|0x00000000c5200000, 0x00000000c5300000, 0x00000000c5300000|100%| O|  |TAMS 0x00000000c5200000| PB 0x00000000c5200000| Untracked 
|  83|0x00000000c5300000, 0x00000000c5400000, 0x00000000c5400000|100%| O|  |TAMS 0x00000000c5300000| PB 0x00000000c5300000| Untracked 
|  84|0x00000000c5400000, 0x00000000c5500000, 0x00000000c5500000|100%| O|  |TAMS 0x00000000c5400000| PB 0x00000000c5400000| Untracked 
|  85|0x00000000c5500000, 0x00000000c5600000, 0x00000000c5600000|100%| O|  |TAMS 0x00000000c5500000| PB 0x00000000c5500000| Untracked 
|  86|0x00000000c5600000, 0x00000000c5700000, 0x00000000c5700000|100%| O|  |TAMS 0x00000000c5600000| PB 0x00000000c5600000| Untracked 
|  87|0x00000000c5700000, 0x00000000c5800000, 0x00000000c5800000|100%| O|  |TAMS 0x00000000c5700000| PB 0x00000000c5700000| Untracked 
|  88|0x00000000c5800000, 0x00000000c5900000, 0x00000000c5900000|100%| O|  |TAMS 0x00000000c5800000| PB 0x00000000c5800000| Untracked 
|  89|0x00000000c5900000, 0x00000000c5a00000, 0x00000000c5a00000|100%| O|  |TAMS 0x00000000c5900000| PB 0x00000000c5900000| Untracked 
|  90|0x00000000c5a00000, 0x00000000c5b00000, 0x00000000c5b00000|100%| O|  |TAMS 0x00000000c5a00000| PB 0x00000000c5a00000| Untracked 
|  91|0x00000000c5b00000, 0x00000000c5c00000, 0x00000000c5c00000|100%| O|  |TAMS 0x00000000c5b00000| PB 0x00000000c5b00000| Untracked 
|  92|0x00000000c5c00000, 0x00000000c5d00000, 0x00000000c5d00000|100%| O|Cm|TAMS 0x00000000c5c00000| PB 0x00000000c5c00000| Complete 
|  93|0x00000000c5d00000, 0x00000000c5e00000, 0x00000000c5e00000|100%| O|  |TAMS 0x00000000c5d00000| PB 0x00000000c5d00000| Untracked 
|  94|0x00000000c5e00000, 0x00000000c5f00000, 0x00000000c5f00000|100%| O|  |TAMS 0x00000000c5e00000| PB 0x00000000c5e00000| Untracked 
|  95|0x00000000c5f00000, 0x00000000c6000000, 0x00000000c6000000|100%| O|  |TAMS 0x00000000c5f00000| PB 0x00000000c5f00000| Untracked 
|  96|0x00000000c6000000, 0x00000000c6100000, 0x00000000c6100000|100%| O|  |TAMS 0x00000000c6000000| PB 0x00000000c6000000| Untracked 
|  97|0x00000000c6100000, 0x00000000c6200000, 0x00000000c6200000|100%| O|  |TAMS 0x00000000c6100000| PB 0x00000000c6100000| Untracked 
|  98|0x00000000c6200000, 0x00000000c6300000, 0x00000000c6300000|100%| O|  |TAMS 0x00000000c6200000| PB 0x00000000c6200000| Untracked 
|  99|0x00000000c6300000, 0x00000000c6400000, 0x00000000c6400000|100%| O|  |TAMS 0x00000000c6300000| PB 0x00000000c6300000| Untracked 
| 100|0x00000000c6400000, 0x00000000c6500000, 0x00000000c6500000|100%| O|  |TAMS 0x00000000c6400000| PB 0x00000000c6400000| Untracked 
| 101|0x00000000c6500000, 0x00000000c6600000, 0x00000000c6600000|100%| O|  |TAMS 0x00000000c6500000| PB 0x00000000c6500000| Untracked 
| 102|0x00000000c6600000, 0x00000000c6700000, 0x00000000c6700000|100%| O|  |TAMS 0x00000000c6600000| PB 0x00000000c6600000| Untracked 
| 103|0x00000000c6700000, 0x00000000c6800000, 0x00000000c6800000|100%| O|  |TAMS 0x00000000c6700000| PB 0x00000000c6700000| Untracked 
| 104|0x00000000c6800000, 0x00000000c6900000, 0x00000000c6900000|100%| O|  |TAMS 0x00000000c6800000| PB 0x00000000c6800000| Untracked 
| 105|0x00000000c6900000, 0x00000000c6a00000, 0x00000000c6a00000|100%| O|Cm|TAMS 0x00000000c6900000| PB 0x00000000c6900000| Complete 
| 106|0x00000000c6a00000, 0x00000000c6b00000, 0x00000000c6b00000|100%| O|  |TAMS 0x00000000c6a00000| PB 0x00000000c6a00000| Untracked 
| 107|0x00000000c6b00000, 0x00000000c6c00000, 0x00000000c6c00000|100%| O|  |TAMS 0x00000000c6b00000| PB 0x00000000c6b00000| Untracked 
| 108|0x00000000c6c00000, 0x00000000c6d00000, 0x00000000c6d00000|100%| O|  |TAMS 0x00000000c6c00000| PB 0x00000000c6c00000| Untracked 
| 109|0x00000000c6d00000, 0x00000000c6e00000, 0x00000000c6e00000|100%| O|  |TAMS 0x00000000c6d00000| PB 0x00000000c6d00000| Untracked 
| 110|0x00000000c6e00000, 0x00000000c6f00000, 0x00000000c6f00000|100%| O|  |TAMS 0x00000000c6e00000| PB 0x00000000c6e00000| Untracked 
| 111|0x00000000c6f00000, 0x00000000c7000000, 0x00000000c7000000|100%| O|  |TAMS 0x00000000c6f00000| PB 0x00000000c6f00000| Untracked 
| 112|0x00000000c7000000, 0x00000000c7100000, 0x00000000c7100000|100%| O|  |TAMS 0x00000000c7000000| PB 0x00000000c7000000| Untracked 
| 113|0x00000000c7100000, 0x00000000c7200000, 0x00000000c7200000|100%| O|  |TAMS 0x00000000c7100000| PB 0x00000000c7100000| Untracked 
| 114|0x00000000c7200000, 0x00000000c7300000, 0x00000000c7300000|100%| O|Cm|TAMS 0x00000000c7200000| PB 0x00000000c7200000| Complete 
| 115|0x00000000c7300000, 0x00000000c7400000, 0x00000000c7400000|100%| O|  |TAMS 0x00000000c7300000| PB 0x00000000c7300000| Untracked 
| 116|0x00000000c7400000, 0x00000000c7500000, 0x00000000c7500000|100%| O|  |TAMS 0x00000000c7400000| PB 0x00000000c7400000| Untracked 
| 117|0x00000000c7500000, 0x00000000c7600000, 0x00000000c7600000|100%| O|  |TAMS 0x00000000c7500000| PB 0x00000000c7500000| Untracked 
| 118|0x00000000c7600000, 0x00000000c7700000, 0x00000000c7700000|100%| O|  |TAMS 0x00000000c7600000| PB 0x00000000c7600000| Untracked 
| 119|0x00000000c7700000, 0x00000000c7800000, 0x00000000c7800000|100%| O|  |TAMS 0x00000000c7700000| PB 0x00000000c7700000| Untracked 
| 120|0x00000000c7800000, 0x00000000c7800000, 0x00000000c7900000|  0%| F|  |TAMS 0x00000000c7800000| PB 0x00000000c7800000| Untracked 
| 121|0x00000000c7900000, 0x00000000c7900000, 0x00000000c7a00000|  0%| F|  |TAMS 0x00000000c7900000| PB 0x00000000c7900000| Untracked 
| 122|0x00000000c7a00000, 0x00000000c7a00000, 0x00000000c7b00000|  0%| F|  |TAMS 0x00000000c7a00000| PB 0x00000000c7a00000| Untracked 
| 123|0x00000000c7b00000, 0x00000000c7b00000, 0x00000000c7c00000|  0%| F|  |TAMS 0x00000000c7b00000| PB 0x00000000c7b00000| Untracked 
| 124|0x00000000c7c00000, 0x00000000c7c00000, 0x00000000c7d00000|  0%| F|  |TAMS 0x00000000c7c00000| PB 0x00000000c7c00000| Untracked 
| 125|0x00000000c7d00000, 0x00000000c7d00000, 0x00000000c7e00000|  0%| F|  |TAMS 0x00000000c7d00000| PB 0x00000000c7d00000| Untracked 
| 126|0x00000000c7e00000, 0x00000000c7e00000, 0x00000000c7f00000|  0%| F|  |TAMS 0x00000000c7e00000| PB 0x00000000c7e00000| Untracked 
| 127|0x00000000c7f00000, 0x00000000c7f00000, 0x00000000c8000000|  0%| F|  |TAMS 0x00000000c7f00000| PB 0x00000000c7f00000| Untracked 
| 128|0x00000000c8000000, 0x00000000c8048180, 0x00000000c8100000| 28%| O|  |TAMS 0x00000000c8000000| PB 0x00000000c8000000| Untracked 
| 129|0x00000000c8100000, 0x00000000c8100000, 0x00000000c8200000|  0%| F|  |TAMS 0x00000000c8100000| PB 0x00000000c8100000| Untracked 
| 130|0x00000000c8200000, 0x00000000c8200000, 0x00000000c8300000|  0%| F|  |TAMS 0x00000000c8200000| PB 0x00000000c8200000| Untracked 
| 131|0x00000000c8300000, 0x00000000c8300000, 0x00000000c8400000|  0%| F|  |TAMS 0x00000000c8300000| PB 0x00000000c8300000| Untracked 
| 132|0x00000000c8400000, 0x00000000c8400000, 0x00000000c8500000|  0%| F|  |TAMS 0x00000000c8400000| PB 0x00000000c8400000| Untracked 
| 133|0x00000000c8500000, 0x00000000c8500000, 0x00000000c8600000|  0%| F|  |TAMS 0x00000000c8500000| PB 0x00000000c8500000| Untracked 
| 134|0x00000000c8600000, 0x00000000c8600000, 0x00000000c8700000|  0%| F|  |TAMS 0x00000000c8600000| PB 0x00000000c8600000| Untracked 
| 135|0x00000000c8700000, 0x00000000c8700000, 0x00000000c8800000|  0%| F|  |TAMS 0x00000000c8700000| PB 0x00000000c8700000| Untracked 
| 136|0x00000000c8800000, 0x00000000c8800000, 0x00000000c8900000|  0%| F|  |TAMS 0x00000000c8800000| PB 0x00000000c8800000| Untracked 
| 137|0x00000000c8900000, 0x00000000c8900000, 0x00000000c8a00000|  0%| F|  |TAMS 0x00000000c8900000| PB 0x00000000c8900000| Untracked 
| 138|0x00000000c8a00000, 0x00000000c8a00000, 0x00000000c8b00000|  0%| F|  |TAMS 0x00000000c8a00000| PB 0x00000000c8a00000| Untracked 
| 139|0x00000000c8b00000, 0x00000000c8b00000, 0x00000000c8c00000|  0%| F|  |TAMS 0x00000000c8b00000| PB 0x00000000c8b00000| Untracked 
| 140|0x00000000c8c00000, 0x00000000c8c00000, 0x00000000c8d00000|  0%| F|  |TAMS 0x00000000c8c00000| PB 0x00000000c8c00000| Untracked 
| 141|0x00000000c8d00000, 0x00000000c8d00000, 0x00000000c8e00000|  0%| F|  |TAMS 0x00000000c8d00000| PB 0x00000000c8d00000| Untracked 
| 142|0x00000000c8e00000, 0x00000000c8e00000, 0x00000000c8f00000|  0%| F|  |TAMS 0x00000000c8e00000| PB 0x00000000c8e00000| Untracked 
| 143|0x00000000c8f00000, 0x00000000c8f00000, 0x00000000c9000000|  0%| F|  |TAMS 0x00000000c8f00000| PB 0x00000000c8f00000| Untracked 
| 144|0x00000000c9000000, 0x00000000c9000000, 0x00000000c9100000|  0%| F|  |TAMS 0x00000000c9000000| PB 0x00000000c9000000| Untracked 
| 145|0x00000000c9100000, 0x00000000c9100000, 0x00000000c9200000|  0%| F|  |TAMS 0x00000000c9100000| PB 0x00000000c9100000| Untracked 
| 146|0x00000000c9200000, 0x00000000c9200000, 0x00000000c9300000|  0%| F|  |TAMS 0x00000000c9200000| PB 0x00000000c9200000| Untracked 
| 147|0x00000000c9300000, 0x00000000c9300000, 0x00000000c9400000|  0%| F|  |TAMS 0x00000000c9300000| PB 0x00000000c9300000| Untracked 
| 148|0x00000000c9400000, 0x00000000c9400000, 0x00000000c9500000|  0%| F|  |TAMS 0x00000000c9400000| PB 0x00000000c9400000| Untracked 
| 149|0x00000000c9500000, 0x00000000c9500000, 0x00000000c9600000|  0%| F|  |TAMS 0x00000000c9500000| PB 0x00000000c9500000| Untracked 
| 150|0x00000000c9600000, 0x00000000c9600000, 0x00000000c9700000|  0%| F|  |TAMS 0x00000000c9600000| PB 0x00000000c9600000| Untracked 
| 151|0x00000000c9700000, 0x00000000c9700000, 0x00000000c9800000|  0%| F|  |TAMS 0x00000000c9700000| PB 0x00000000c9700000| Untracked 
| 152|0x00000000c9800000, 0x00000000c9800000, 0x00000000c9900000|  0%| F|  |TAMS 0x00000000c9800000| PB 0x00000000c9800000| Untracked 
| 153|0x00000000c9900000, 0x00000000c9900000, 0x00000000c9a00000|  0%| F|  |TAMS 0x00000000c9900000| PB 0x00000000c9900000| Untracked 
| 154|0x00000000c9a00000, 0x00000000c9a00000, 0x00000000c9b00000|  0%| F|  |TAMS 0x00000000c9a00000| PB 0x00000000c9a00000| Untracked 
| 155|0x00000000c9b00000, 0x00000000c9b00000, 0x00000000c9c00000|  0%| F|  |TAMS 0x00000000c9b00000| PB 0x00000000c9b00000| Untracked 
| 156|0x00000000c9c00000, 0x00000000c9c00000, 0x00000000c9d00000|  0%| F|  |TAMS 0x00000000c9c00000| PB 0x00000000c9c00000| Untracked 
| 157|0x00000000c9d00000, 0x00000000c9d00000, 0x00000000c9e00000|  0%| F|  |TAMS 0x00000000c9d00000| PB 0x00000000c9d00000| Untracked 
| 158|0x00000000c9e00000, 0x00000000c9e00000, 0x00000000c9f00000|  0%| F|  |TAMS 0x00000000c9e00000| PB 0x00000000c9e00000| Untracked 
| 159|0x00000000c9f00000, 0x00000000c9f00000, 0x00000000ca000000|  0%| F|  |TAMS 0x00000000c9f00000| PB 0x00000000c9f00000| Untracked 
| 160|0x00000000ca000000, 0x00000000ca000000, 0x00000000ca100000|  0%| F|  |TAMS 0x00000000ca000000| PB 0x00000000ca000000| Untracked 
| 161|0x00000000ca100000, 0x00000000ca100000, 0x00000000ca200000|  0%| F|  |TAMS 0x00000000ca100000| PB 0x00000000ca100000| Untracked 
| 162|0x00000000ca200000, 0x00000000ca200000, 0x00000000ca300000|  0%| F|  |TAMS 0x00000000ca200000| PB 0x00000000ca200000| Untracked 
| 163|0x00000000ca300000, 0x00000000ca38c310, 0x00000000ca400000| 54%| S|CS|TAMS 0x00000000ca300000| PB 0x00000000ca300000| Complete 
| 164|0x00000000ca400000, 0x00000000ca500000, 0x00000000ca500000|100%| S|CS|TAMS 0x00000000ca400000| PB 0x00000000ca400000| Complete 
| 165|0x00000000ca500000, 0x00000000ca600000, 0x00000000ca600000|100%| S|CS|TAMS 0x00000000ca500000| PB 0x00000000ca500000| Complete 
| 166|0x00000000ca600000, 0x00000000ca700000, 0x00000000ca700000|100%| S|CS|TAMS 0x00000000ca600000| PB 0x00000000ca600000| Complete 
| 167|0x00000000ca700000, 0x00000000ca800000, 0x00000000ca800000|100%| S|CS|TAMS 0x00000000ca700000| PB 0x00000000ca700000| Complete 
| 168|0x00000000ca800000, 0x00000000ca800000, 0x00000000ca900000|  0%| F|  |TAMS 0x00000000ca800000| PB 0x00000000ca800000| Untracked 
| 169|0x00000000ca900000, 0x00000000ca900000, 0x00000000caa00000|  0%| F|  |TAMS 0x00000000ca900000| PB 0x00000000ca900000| Untracked 
| 170|0x00000000caa00000, 0x00000000caa00000, 0x00000000cab00000|  0%| F|  |TAMS 0x00000000caa00000| PB 0x00000000caa00000| Untracked 
| 171|0x00000000cab00000, 0x00000000cab00000, 0x00000000cac00000|  0%| F|  |TAMS 0x00000000cab00000| PB 0x00000000cab00000| Untracked 
| 172|0x00000000cac00000, 0x00000000cac00000, 0x00000000cad00000|  0%| F|  |TAMS 0x00000000cac00000| PB 0x00000000cac00000| Untracked 
| 173|0x00000000cad00000, 0x00000000cad00000, 0x00000000cae00000|  0%| F|  |TAMS 0x00000000cad00000| PB 0x00000000cad00000| Untracked 
| 174|0x00000000cae00000, 0x00000000cae00000, 0x00000000caf00000|  0%| F|  |TAMS 0x00000000cae00000| PB 0x00000000cae00000| Untracked 
| 175|0x00000000caf00000, 0x00000000caf00000, 0x00000000cb000000|  0%| F|  |TAMS 0x00000000caf00000| PB 0x00000000caf00000| Untracked 
| 176|0x00000000cb000000, 0x00000000cb000000, 0x00000000cb100000|  0%| F|  |TAMS 0x00000000cb000000| PB 0x00000000cb000000| Untracked 
| 177|0x00000000cb100000, 0x00000000cb100000, 0x00000000cb200000|  0%| F|  |TAMS 0x00000000cb100000| PB 0x00000000cb100000| Untracked 
| 178|0x00000000cb200000, 0x00000000cb200000, 0x00000000cb300000|  0%| F|  |TAMS 0x00000000cb200000| PB 0x00000000cb200000| Untracked 
| 179|0x00000000cb300000, 0x00000000cb300000, 0x00000000cb400000|  0%| F|  |TAMS 0x00000000cb300000| PB 0x00000000cb300000| Untracked 
| 180|0x00000000cb400000, 0x00000000cb400000, 0x00000000cb500000|  0%| F|  |TAMS 0x00000000cb400000| PB 0x00000000cb400000| Untracked 
| 181|0x00000000cb500000, 0x00000000cb500000, 0x00000000cb600000|  0%| F|  |TAMS 0x00000000cb500000| PB 0x00000000cb500000| Untracked 
| 182|0x00000000cb600000, 0x00000000cb600000, 0x00000000cb700000|  0%| F|  |TAMS 0x00000000cb600000| PB 0x00000000cb600000| Untracked 
| 183|0x00000000cb700000, 0x00000000cb700000, 0x00000000cb800000|  0%| F|  |TAMS 0x00000000cb700000| PB 0x00000000cb700000| Untracked 
| 184|0x00000000cb800000, 0x00000000cb800000, 0x00000000cb900000|  0%| F|  |TAMS 0x00000000cb800000| PB 0x00000000cb800000| Untracked 
| 185|0x00000000cb900000, 0x00000000cb900000, 0x00000000cba00000|  0%| F|  |TAMS 0x00000000cb900000| PB 0x00000000cb900000| Untracked 
| 186|0x00000000cba00000, 0x00000000cba00000, 0x00000000cbb00000|  0%| F|  |TAMS 0x00000000cba00000| PB 0x00000000cba00000| Untracked 
| 187|0x00000000cbb00000, 0x00000000cbb00000, 0x00000000cbc00000|  0%| F|  |TAMS 0x00000000cbb00000| PB 0x00000000cbb00000| Untracked 
| 188|0x00000000cbc00000, 0x00000000cbc00000, 0x00000000cbd00000|  0%| F|  |TAMS 0x00000000cbc00000| PB 0x00000000cbc00000| Untracked 
| 189|0x00000000cbd00000, 0x00000000cbd00000, 0x00000000cbe00000|  0%| F|  |TAMS 0x00000000cbd00000| PB 0x00000000cbd00000| Untracked 
| 190|0x00000000cbe00000, 0x00000000cbe00000, 0x00000000cbf00000|  0%| F|  |TAMS 0x00000000cbe00000| PB 0x00000000cbe00000| Untracked 
| 191|0x00000000cbf00000, 0x00000000cbf00000, 0x00000000cc000000|  0%| F|  |TAMS 0x00000000cbf00000| PB 0x00000000cbf00000| Untracked 
| 192|0x00000000cc000000, 0x00000000cc000000, 0x00000000cc100000|  0%| F|  |TAMS 0x00000000cc000000| PB 0x00000000cc000000| Untracked 
| 193|0x00000000cc100000, 0x00000000cc100000, 0x00000000cc200000|  0%| F|  |TAMS 0x00000000cc100000| PB 0x00000000cc100000| Untracked 
| 194|0x00000000cc200000, 0x00000000cc200000, 0x00000000cc300000|  0%| F|  |TAMS 0x00000000cc200000| PB 0x00000000cc200000| Untracked 
| 195|0x00000000cc300000, 0x00000000cc300000, 0x00000000cc400000|  0%| F|  |TAMS 0x00000000cc300000| PB 0x00000000cc300000| Untracked 
| 196|0x00000000cc400000, 0x00000000cc400000, 0x00000000cc500000|  0%| F|  |TAMS 0x00000000cc400000| PB 0x00000000cc400000| Untracked 
| 197|0x00000000cc500000, 0x00000000cc500000, 0x00000000cc600000|  0%| F|  |TAMS 0x00000000cc500000| PB 0x00000000cc500000| Untracked 
| 198|0x00000000cc600000, 0x00000000cc600000, 0x00000000cc700000|  0%| F|  |TAMS 0x00000000cc600000| PB 0x00000000cc600000| Untracked 
| 199|0x00000000cc700000, 0x00000000cc700000, 0x00000000cc800000|  0%| F|  |TAMS 0x00000000cc700000| PB 0x00000000cc700000| Untracked 
| 200|0x00000000cc800000, 0x00000000cc800000, 0x00000000cc900000|  0%| F|  |TAMS 0x00000000cc800000| PB 0x00000000cc800000| Untracked 
| 201|0x00000000cc900000, 0x00000000cc900000, 0x00000000cca00000|  0%| F|  |TAMS 0x00000000cc900000| PB 0x00000000cc900000| Untracked 
| 202|0x00000000cca00000, 0x00000000cca00000, 0x00000000ccb00000|  0%| F|  |TAMS 0x00000000cca00000| PB 0x00000000cca00000| Untracked 
| 203|0x00000000ccb00000, 0x00000000ccb00000, 0x00000000ccc00000|  0%| F|  |TAMS 0x00000000ccb00000| PB 0x00000000ccb00000| Untracked 
| 204|0x00000000ccc00000, 0x00000000ccc00000, 0x00000000ccd00000|  0%| F|  |TAMS 0x00000000ccc00000| PB 0x00000000ccc00000| Untracked 
| 205|0x00000000ccd00000, 0x00000000ccd00000, 0x00000000cce00000|  0%| F|  |TAMS 0x00000000ccd00000| PB 0x00000000ccd00000| Untracked 
| 206|0x00000000cce00000, 0x00000000cce00000, 0x00000000ccf00000|  0%| F|  |TAMS 0x00000000cce00000| PB 0x00000000cce00000| Untracked 
| 207|0x00000000ccf00000, 0x00000000ccf00000, 0x00000000cd000000|  0%| F|  |TAMS 0x00000000ccf00000| PB 0x00000000ccf00000| Untracked 
| 208|0x00000000cd000000, 0x00000000cd000000, 0x00000000cd100000|  0%| F|  |TAMS 0x00000000cd000000| PB 0x00000000cd000000| Untracked 
| 209|0x00000000cd100000, 0x00000000cd100000, 0x00000000cd200000|  0%| F|  |TAMS 0x00000000cd100000| PB 0x00000000cd100000| Untracked 
| 210|0x00000000cd200000, 0x00000000cd200000, 0x00000000cd300000|  0%| F|  |TAMS 0x00000000cd200000| PB 0x00000000cd200000| Untracked 
| 211|0x00000000cd300000, 0x00000000cd300000, 0x00000000cd400000|  0%| F|  |TAMS 0x00000000cd300000| PB 0x00000000cd300000| Untracked 
| 212|0x00000000cd400000, 0x00000000cd400000, 0x00000000cd500000|  0%| F|  |TAMS 0x00000000cd400000| PB 0x00000000cd400000| Untracked 
| 213|0x00000000cd500000, 0x00000000cd500000, 0x00000000cd600000|  0%| F|  |TAMS 0x00000000cd500000| PB 0x00000000cd500000| Untracked 
| 214|0x00000000cd600000, 0x00000000cd600000, 0x00000000cd700000|  0%| F|  |TAMS 0x00000000cd600000| PB 0x00000000cd600000| Untracked 
| 215|0x00000000cd700000, 0x00000000cd700000, 0x00000000cd800000|  0%| F|  |TAMS 0x00000000cd700000| PB 0x00000000cd700000| Untracked 
| 216|0x00000000cd800000, 0x00000000cd800000, 0x00000000cd900000|  0%| F|  |TAMS 0x00000000cd800000| PB 0x00000000cd800000| Untracked 
| 217|0x00000000cd900000, 0x00000000cd900000, 0x00000000cda00000|  0%| F|  |TAMS 0x00000000cd900000| PB 0x00000000cd900000| Untracked 
| 218|0x00000000cda00000, 0x00000000cda00000, 0x00000000cdb00000|  0%| F|  |TAMS 0x00000000cda00000| PB 0x00000000cda00000| Untracked 
| 219|0x00000000cdb00000, 0x00000000cdb00000, 0x00000000cdc00000|  0%| F|  |TAMS 0x00000000cdb00000| PB 0x00000000cdb00000| Untracked 
| 220|0x00000000cdc00000, 0x00000000cdc00000, 0x00000000cdd00000|  0%| F|  |TAMS 0x00000000cdc00000| PB 0x00000000cdc00000| Untracked 
| 221|0x00000000cdd00000, 0x00000000cdd00000, 0x00000000cde00000|  0%| F|  |TAMS 0x00000000cdd00000| PB 0x00000000cdd00000| Untracked 
| 222|0x00000000cde00000, 0x00000000cde00000, 0x00000000cdf00000|  0%| F|  |TAMS 0x00000000cde00000| PB 0x00000000cde00000| Untracked 
| 223|0x00000000cdf00000, 0x00000000cdf00000, 0x00000000ce000000|  0%| F|  |TAMS 0x00000000cdf00000| PB 0x00000000cdf00000| Untracked 
| 247|0x00000000cf700000, 0x00000000cf789328, 0x00000000cf800000| 53%| E|  |TAMS 0x00000000cf700000| PB 0x00000000cf700000| Complete 
|1022|0x00000000ffe00000, 0x00000000fff00000, 0x00000000fff00000|100%| O|  |TAMS 0x00000000ffe00000| PB 0x00000000ffe00000| Untracked 
|1023|0x00000000fff00000, 0x0000000100000000, 0x0000000100000000|100%| E|CS|TAMS 0x00000000fff00000| PB 0x00000000fff00000| Complete 

Card table byte_map: [0x0000022ec0700000,0x0000022ec0900000] _byte_map_base: 0x0000022ec0100000

Marking Bits: (CMBitMap*) 0x0000022ea6bfd3d0
 Bits: [0x0000022ec0900000, 0x0000022ec1900000)

Polling page: 0x0000022ea6a10000

Metaspace:

Usage:
  Non-class:     68.80 MB used.
      Class:     10.93 MB used.
       Both:     79.73 MB used.

Virtual space:
  Non-class space:      128.00 MB reserved,      71.81 MB ( 56%) committed,  2 nodes.
      Class space:        1.00 GB reserved,      12.94 MB (  1%) committed,  1 nodes.
             Both:        1.12 GB reserved,      84.75 MB (  7%) committed. 

Chunk freelists:
   Non-Class:  9.48 MB
       Class:  4.10 MB
        Both:  13.58 MB

MaxMetaspaceSize: unlimited
CompressedClassSpaceSize: 1.00 GB
Initial GC threshold: 21.00 MB
Current GC threshold: 141.25 MB
CDS: on
 - commit_granule_bytes: 65536.
 - commit_granule_words: 8192.
 - virtual_space_node_default_size: 8388608.
 - enlarge_chunks_in_place: 1.
 - use_allocation_guard: 0.


Internal statistics:

num_allocs_failed_limit: 6.
num_arena_births: 5420.
num_arena_deaths: 2202.
num_vsnodes_births: 3.
num_vsnodes_deaths: 0.
num_space_committed: 1356.
num_space_uncommitted: 0.
num_chunks_returned_to_freelist: 2478.
num_chunks_taken_from_freelist: 10142.
num_chunk_merges: 878.
num_chunk_splits: 6159.
num_chunks_enlarged: 3368.
num_inconsistent_stats: 0.

CodeHeap 'non-profiled nmethods': size=120000Kb used=9016Kb max_used=9016Kb free=110983Kb
 bounds [0x0000022eb8350000, 0x0000022eb8c20000, 0x0000022ebf880000]
CodeHeap 'profiled nmethods': size=120000Kb used=21091Kb max_used=22158Kb free=98908Kb
 bounds [0x0000022eb0880000, 0x0000022eb1e40000, 0x0000022eb7db0000]
CodeHeap 'non-nmethods': size=5760Kb used=2843Kb max_used=2903Kb free=2916Kb
 bounds [0x0000022eb7db0000, 0x0000022eb80a0000, 0x0000022eb8350000]
 total_blobs=11881 nmethods=10935 adapters=850
 compilation: enabled
              stopped_count=0, restarted_count=0
 full_count=0

Compilation events (20 events):
Event: 974.358 Thread 0x0000022ec4620b00 nmethod 16272 0x0000022eb8c0ca10 code [0x0000022eb8c0cca0, 0x0000022eb8c0d9e0]
Event: 981.233 Thread 0x0000022ec4620b00 16273   !   4       com.esotericsoftware.kryo.io.Output::flush (57 bytes)
Event: 981.234 Thread 0x0000022ec4620b00 nmethod 16273 0x0000022eb8c0e410 code [0x0000022eb8c0e5c0, 0x0000022eb8c0e768]
Event: 981.358 Thread 0x0000022ec4620b00 16274       4       org.gradle.workers.internal.WorkerDaemonClientsManager$LogLevelChangeEventListener::onOutput (25 bytes)
Event: 981.359 Thread 0x0000022ec4620b00 nmethod 16274 0x0000022eb8c0e890 code [0x0000022eb8c0ea20, 0x0000022eb8c0eb00]
Event: 981.361 Thread 0x0000022ec4620b00 16275   !   4       org.gradle.launcher.daemon.server.exec.LogToClient$AsynchronousLogDispatcher::dispatchAsync (33 bytes)
Event: 981.428 Thread 0x0000022ec4620b00 nmethod 16275 0x0000022eb8c0ec10 code [0x0000022eb8c0f200, 0x0000022eb8c12798]
Event: 984.064 Thread 0x0000022ec4620b00 16276   !   4       java.io.FileInputStream::read (32 bytes)
Event: 984.065 Thread 0x0000022ec4620b00 nmethod 16276 0x0000022eb8c14e10 code [0x0000022eb8c14fc0, 0x0000022eb8c15120]
Event: 984.087 Thread 0x0000022ec4620b00 16277       4       org.gradle.launcher.daemon.protocol.DaemonMessageSerializer$OutputMessageSerializer::write (10 bytes)
Event: 984.097 Thread 0x0000022ec4620b00 nmethod 16277 0x0000022eb8c15310 code [0x0000022eb8c15520, 0x0000022eb8c15a30]
Event: 984.544 Thread 0x0000022ec4620b00 16278   !   4       java.io.FileInputStream::available (24 bytes)
Event: 984.546 Thread 0x0000022ec4620b00 nmethod 16278 0x0000022eb8c15f90 code [0x0000022eb8c16140, 0x0000022eb8c16288]
Event: 984.552 Thread 0x0000022ec4620b00 16279       4       org.gradle.internal.io.LinePerThreadBufferingOutputStream::flush (14 bytes)
Event: 984.565 Thread 0x0000022ec4620b00 nmethod 16279 0x0000022eb8c16410 code [0x0000022eb8c16660, 0x0000022eb8c16f10]
Event: 984.676 Thread 0x0000022ec4620b00 16280       4       org.gradle.process.internal.streams.ExecOutputHandleRunner$$Lambda/0x0000022ec6cb6e08::<init> (20 bytes)
Event: 984.678 Thread 0x0000022ec4620b00 nmethod 16280 0x0000022eb8c17590 code [0x0000022eb8c17720, 0x0000022eb8c17978]
Event: 984.678 Thread 0x0000022ec4620b00 16281   !   4       org.gradle.internal.operations.CurrentBuildOperationRef::with (36 bytes)
Event: 984.782 Thread 0x0000022ec4620b00 nmethod 16281 0x0000022eb8c17a10 code [0x0000022eb8c17f80, 0x0000022eb8c1c0b8]
Event: 1036.734 Thread 0x0000022ec4620b00 16282       4       org.gradle.internal.snapshot.AbstractIncompleteFileSystemNode::rootSnapshots (30 bytes)

GC Heap History (20 events):
Event: 801.240 GC heap before
{Heap before GC invocations=35 (full 0):
 garbage-first heap   total 155648K, used 128529K [0x00000000c0000000, 0x0000000100000000)
  region size 1024K, 42 young (43008K), 4 survivors (4096K)
 Metaspace       used 78919K, committed 81664K, reserved 1179648K
  class space    used 10926K, committed 12288K, reserved 1048576K
}
Event: 801.244 GC heap after
{Heap after GC invocations=36 (full 0):
 garbage-first heap   total 155648K, used 92750K [0x00000000c0000000, 0x0000000100000000)
  region size 1024K, 6 young (6144K), 6 survivors (6144K)
 Metaspace       used 78919K, committed 81664K, reserved 1179648K
  class space    used 10926K, committed 12288K, reserved 1048576K
}
Event: 802.146 GC heap before
{Heap before GC invocations=36 (full 0):
 garbage-first heap   total 155648K, used 137806K [0x00000000c0000000, 0x0000000100000000)
  region size 1024K, 51 young (52224K), 6 survivors (6144K)
 Metaspace       used 81633K, committed 84544K, reserved 1179648K
  class space    used 11443K, committed 12928K, reserved 1048576K
}
Event: 802.151 GC heap after
{Heap after GC invocations=37 (full 0):
 garbage-first heap   total 155648K, used 95952K [0x00000000c0000000, 0x0000000100000000)
  region size 1024K, 7 young (7168K), 7 survivors (7168K)
 Metaspace       used 81633K, committed 84544K, reserved 1179648K
  class space    used 11443K, committed 12928K, reserved 1048576K
}
Event: 802.382 GC heap before
{Heap before GC invocations=37 (full 0):
 garbage-first heap   total 155648K, used 137936K [0x00000000c0000000, 0x0000000100000000)
  region size 1024K, 49 young (50176K), 7 survivors (7168K)
 Metaspace       used 81659K, committed 84544K, reserved 1179648K
  class space    used 11444K, committed 12928K, reserved 1048576K
}
Event: 802.388 GC heap after
{Heap after GC invocations=38 (full 0):
 garbage-first heap   total 155648K, used 101151K [0x00000000c0000000, 0x0000000100000000)
  region size 1024K, 6 young (6144K), 6 survivors (6144K)
 Metaspace       used 81659K, committed 84544K, reserved 1179648K
  class space    used 11444K, committed 12928K, reserved 1048576K
}
Event: 802.559 GC heap before
{Heap before GC invocations=39 (full 0):
 garbage-first heap   total 189440K, used 138015K [0x00000000c0000000, 0x0000000100000000)
  region size 1024K, 42 young (43008K), 6 survivors (6144K)
 Metaspace       used 81659K, committed 84544K, reserved 1179648K
  class space    used 11444K, committed 12928K, reserved 1048576K
}
Event: 802.562 GC heap after
{Heap after GC invocations=40 (full 0):
 garbage-first heap   total 189440K, used 103366K [0x00000000c0000000, 0x0000000100000000)
  region size 1024K, 3 young (3072K), 3 survivors (3072K)
 Metaspace       used 81659K, committed 84544K, reserved 1179648K
  class space    used 11444K, committed 12928K, reserved 1048576K
}
Event: 802.837 GC heap before
{Heap before GC invocations=40 (full 0):
 garbage-first heap   total 189440K, used 181190K [0x00000000c0000000, 0x0000000100000000)
  region size 1024K, 70 young (71680K), 3 survivors (3072K)
 Metaspace       used 81680K, committed 84544K, reserved 1179648K
  class space    used 11444K, committed 12928K, reserved 1048576K
}
Event: 802.844 GC heap after
{Heap after GC invocations=41 (full 0):
 garbage-first heap   total 195584K, used 111717K [0x00000000c0000000, 0x0000000100000000)
  region size 1024K, 9 young (9216K), 9 survivors (9216K)
 Metaspace       used 81680K, committed 84544K, reserved 1179648K
  class space    used 11444K, committed 12928K, reserved 1048576K
}
Event: 803.144 GC heap before
{Heap before GC invocations=41 (full 0):
 garbage-first heap   total 195584K, used 174181K [0x00000000c0000000, 0x0000000100000000)
  region size 1024K, 70 young (71680K), 9 survivors (9216K)
 Metaspace       used 81909K, committed 84736K, reserved 1179648K
  class space    used 11476K, committed 12928K, reserved 1048576K
}
Event: 803.150 GC heap after
{Heap after GC invocations=42 (full 0):
 garbage-first heap   total 195584K, used 116479K [0x00000000c0000000, 0x0000000100000000)
  region size 1024K, 5 young (5120K), 5 survivors (5120K)
 Metaspace       used 81909K, committed 84736K, reserved 1179648K
  class space    used 11476K, committed 12928K, reserved 1048576K
}
Event: 897.170 GC heap before
{Heap before GC invocations=43 (full 0):
 garbage-first heap   total 201728K, used 179967K [0x00000000c0000000, 0x0000000100000000)
  region size 1024K, 64 young (65536K), 5 survivors (5120K)
 Metaspace       used 82653K, committed 85568K, reserved 1179648K
  class space    used 11561K, committed 13056K, reserved 1048576K
}
Event: 897.194 GC heap after
{Heap after GC invocations=44 (full 0):
 garbage-first heap   total 201728K, used 121285K [0x00000000c0000000, 0x0000000100000000)
  region size 1024K, 8 young (8192K), 8 survivors (8192K)
 Metaspace       used 82653K, committed 85568K, reserved 1179648K
  class space    used 11561K, committed 13056K, reserved 1048576K
}
Event: 962.396 GC heap before
{Heap before GC invocations=44 (full 0):
 garbage-first heap   total 201728K, used 180677K [0x00000000c0000000, 0x0000000100000000)
  region size 1024K, 67 young (68608K), 8 survivors (8192K)
 Metaspace       used 83748K, committed 86656K, reserved 1179648K
  class space    used 11720K, committed 13248K, reserved 1048576K
}
Event: 962.419 GC heap after
{Heap after GC invocations=45 (full 0):
 garbage-first heap   total 201728K, used 124402K [0x00000000c0000000, 0x0000000100000000)
  region size 1024K, 8 young (8192K), 8 survivors (8192K)
 Metaspace       used 83748K, committed 86656K, reserved 1179648K
  class space    used 11720K, committed 13248K, reserved 1048576K
}
Event: 962.587 GC heap before
{Heap before GC invocations=45 (full 0):
 garbage-first heap   total 201728K, used 126450K [0x00000000c0000000, 0x0000000100000000)
  region size 1024K, 12 young (12288K), 8 survivors (8192K)
 Metaspace       used 83753K, committed 86656K, reserved 1179648K
  class space    used 11720K, committed 13248K, reserved 1048576K
}
Event: 962.594 GC heap after
{Heap after GC invocations=46 (full 0):
 garbage-first heap   total 201728K, used 125644K [0x00000000c0000000, 0x0000000100000000)
  region size 1024K, 2 young (2048K), 2 survivors (2048K)
 Metaspace       used 83753K, committed 86656K, reserved 1179648K
  class space    used 11720K, committed 13248K, reserved 1048576K
}
Event: 1014.243 GC heap before
{Heap before GC invocations=47 (full 0):
 garbage-first heap   total 232448K, used 188108K [0x00000000c0000000, 0x0000000100000000)
  region size 1024K, 58 young (59392K), 2 survivors (2048K)
 Metaspace       used 81637K, committed 86784K, reserved 1179648K
  class space    used 11195K, committed 13248K, reserved 1048576K
}
Event: 1014.251 GC heap after
{Heap after GC invocations=48 (full 0):
 garbage-first heap   total 232448K, used 128849K [0x00000000c0000000, 0x0000000100000000)
  region size 1024K, 5 young (5120K), 5 survivors (5120K)
 Metaspace       used 81637K, committed 86784K, reserved 1179648K
  class space    used 11195K, committed 13248K, reserved 1048576K
}

Dll operation events (15 events):
Event: 0.008 Loaded shared library C:\Program Files\Java\jdk-21.0.10\bin\java.dll
Event: 0.040 Loaded shared library C:\Program Files\Java\jdk-21.0.10\bin\jsvml.dll
Event: 0.103 Loaded shared library C:\Program Files\Java\jdk-21.0.10\bin\zip.dll
Event: 0.109 Loaded shared library C:\Program Files\Java\jdk-21.0.10\bin\instrument.dll
Event: 0.115 Loaded shared library C:\Program Files\Java\jdk-21.0.10\bin\net.dll
Event: 0.118 Loaded shared library C:\Program Files\Java\jdk-21.0.10\bin\nio.dll
Event: 0.122 Loaded shared library C:\Program Files\Java\jdk-21.0.10\bin\zip.dll
Event: 0.764 Loaded shared library C:\Program Files\Java\jdk-21.0.10\bin\jimage.dll
Event: 1.196 Loaded shared library C:\Program Files\Java\jdk-21.0.10\bin\verify.dll
Event: 1.248 Loaded shared library C:\Users\none\.gradle\native\660c5614fbf4a5f2a75b1949f50a0caf5cd603558e7d8a26e50b933a0cfb79d1\windows-amd64\native-platform.dll
Event: 1.263 Loaded shared library C:\Users\none\.gradle\native\0.2.8\x86_64-windows-gnu\gradle-fileevents.dll
Event: 2.904 Loaded shared library C:\Program Files\Java\jdk-21.0.10\bin\management.dll
Event: 2.908 Loaded shared library C:\Program Files\Java\jdk-21.0.10\bin\management_ext.dll
Event: 3.052 Loaded shared library C:\Program Files\Java\jdk-21.0.10\bin\extnet.dll
Event: 3.351 Loaded shared library C:\Program Files\Java\jdk-21.0.10\bin\sunmscapi.dll

Deoptimization events (20 events):
Event: 970.052 Thread 0x0000022f0d744e80 Uncommon trap: reason=unstable_if action=reinterpret pc=0x0000022eb88a26ec method=java.lang.ClassValue.match(Ljava/lang/ClassValue$Entry;)Z @ 12 c2
Event: 970.052 Thread 0x0000022f0d744e80 DEOPT PACKING pc=0x0000022eb88a26ec sp=0x00000038cbefc630
Event: 970.052 Thread 0x0000022f100b9950 DEOPT UNPACKING pc=0x0000022eb7e046a2 sp=0x00000038cbbfcac8 mode 2
Event: 970.052 Thread 0x0000022f0d744e80 DEOPT UNPACKING pc=0x0000022eb7e046a2 sp=0x00000038cbefc510 mode 2
Event: 970.514 Thread 0x0000022f100b9950 Uncommon trap: trap_request=0xffffffd6 fr.pc=0x0000022eb879c288 relative=0x00000000000012c8
Event: 970.514 Thread 0x0000022f100b9950 Uncommon trap: reason=array_check action=maybe_recompile pc=0x0000022eb879c288 method=java.util.TimSort.reverseRange([Ljava/lang/Object;II)V @ 27 c2
Event: 970.514 Thread 0x0000022f100b9950 DEOPT PACKING pc=0x0000022eb879c288 sp=0x00000038cbbfd0f0
Event: 970.514 Thread 0x0000022f100b9950 DEOPT UNPACKING pc=0x0000022eb7e046a2 sp=0x00000038cbbfcf20 mode 2
Event: 970.515 Thread 0x0000022f100b9950 Uncommon trap: trap_request=0xffffffc6 fr.pc=0x0000022eb8858b30 relative=0x0000000000000110
Event: 970.515 Thread 0x0000022f100b9950 Uncommon trap: reason=bimorphic_or_optimized_type_check action=maybe_recompile pc=0x0000022eb8858b30 method=com.google.common.collect.RegularImmutableMap.checkNoConflictInKeyBucket(Ljava/lang/Object;Ljava/lang/Object;Lcom/google/common/collect/ImmutableMa
Event: 970.515 Thread 0x0000022f100b9950 DEOPT PACKING pc=0x0000022eb8858b30 sp=0x00000038cbbfd4a0
Event: 970.515 Thread 0x0000022f100b9950 DEOPT UNPACKING pc=0x0000022eb7e046a2 sp=0x00000038cbbfd458 mode 2
Event: 970.519 Thread 0x0000022f100b9950 Uncommon trap: trap_request=0xffffffd6 fr.pc=0x0000022eb879c288 relative=0x00000000000012c8
Event: 970.519 Thread 0x0000022f100b9950 Uncommon trap: reason=array_check action=maybe_recompile pc=0x0000022eb879c288 method=java.util.TimSort.reverseRange([Ljava/lang/Object;II)V @ 27 c2
Event: 970.519 Thread 0x0000022f100b9950 DEOPT PACKING pc=0x0000022eb879c288 sp=0x00000038cbbfd0f0
Event: 970.519 Thread 0x0000022f100b9950 DEOPT UNPACKING pc=0x0000022eb7e046a2 sp=0x00000038cbbfcf20 mode 2
Event: 1036.658 Thread 0x0000022f0cc77ea0 Uncommon trap: trap_request=0xffffffde fr.pc=0x0000022eb85caff0 relative=0x00000000000000b0
Event: 1036.660 Thread 0x0000022f0cc77ea0 Uncommon trap: reason=class_check action=maybe_recompile pc=0x0000022eb85caff0 method=org.gradle.fileevents.internal.NativeLogger.log(ILjava/lang/String;)V @ 16 c2
Event: 1036.660 Thread 0x0000022f0cc77ea0 DEOPT PACKING pc=0x0000022eb85caff0 sp=0x00000038ca9fe2f0
Event: 1036.661 Thread 0x0000022f0cc77ea0 DEOPT UNPACKING pc=0x0000022eb7e046a2 sp=0x00000038ca9fe278 mode 2

Classes loaded (20 events):
Event: 803.183 Loading class java/lang/ProcessImpl
Event: 803.183 Loading class java/lang/ProcessImpl done
Event: 803.195 Loading class java/lang/ProcessHandleImpl
Event: 803.196 Loading class java/lang/ProcessHandleImpl done
Event: 803.196 Loading class java/lang/ProcessImpl$2
Event: 803.197 Loading class java/lang/ProcessImpl$2 done
Event: 803.197 Loading class java/lang/Process$PipeInputStream
Event: 803.197 Loading class java/lang/Process$PipeInputStream done
Event: 803.198 Loading class jdk/internal/event/ProcessStartEvent
Event: 803.199 Loading class jdk/internal/event/ProcessStartEvent done
Event: 865.847 Loading class sun/net/ConnectionResetException
Event: 865.920 Loading class sun/net/ConnectionResetException done
Event: 867.528 Loading class java/io/NotSerializableException
Event: 867.529 Loading class java/io/NotSerializableException done
Event: 868.155 Loading class java/io/PrintWriter$1
Event: 868.156 Loading class jdk/internal/access/JavaIOPrintWriterAccess
Event: 868.156 Loading class jdk/internal/access/JavaIOPrintWriterAccess done
Event: 868.156 Loading class java/io/PrintWriter$1 done
Event: 868.156 Loading class java/lang/Throwable$WrappedPrintWriter
Event: 868.157 Loading class java/lang/Throwable$WrappedPrintWriter done

Classes unloaded (20 events):
Event: 962.704 Thread 0x0000022ec4601460 Unloading class 0x0000022ec60eb800 'java/lang/invoke/LambdaForm$MH+0x0000022ec60eb800'
Event: 962.704 Thread 0x0000022ec4601460 Unloading class 0x0000022ec60e9000 'java/lang/invoke/LambdaForm$MH+0x0000022ec60e9000'
Event: 962.704 Thread 0x0000022ec4601460 Unloading class 0x0000022ec60e8800 'java/lang/invoke/LambdaForm$MH+0x0000022ec60e8800'
Event: 962.704 Thread 0x0000022ec4601460 Unloading class 0x0000022ec60e8400 'java/lang/invoke/LambdaForm$MH+0x0000022ec60e8400'
Event: 962.704 Thread 0x0000022ec4601460 Unloading class 0x0000022ec60e8000 'java/lang/invoke/LambdaForm$MH+0x0000022ec60e8000'
Event: 962.704 Thread 0x0000022ec4601460 Unloading class 0x0000022ec60e6000 'java/lang/invoke/LambdaForm$MH+0x0000022ec60e6000'
Event: 962.704 Thread 0x0000022ec4601460 Unloading class 0x0000022ec60e5c00 'java/lang/invoke/LambdaForm$MH+0x0000022ec60e5c00'
Event: 962.704 Thread 0x0000022ec4601460 Unloading class 0x0000022ec60e5000 'java/lang/invoke/LambdaForm$MH+0x0000022ec60e5000'
Event: 962.704 Thread 0x0000022ec4601460 Unloading class 0x0000022ec60e4c00 'java/lang/invoke/LambdaForm$MH+0x0000022ec60e4c00'
Event: 962.704 Thread 0x0000022ec4601460 Unloading class 0x0000022ec60e4800 'java/lang/invoke/LambdaForm$MH+0x0000022ec60e4800'
Event: 962.704 Thread 0x0000022ec4601460 Unloading class 0x0000022ec60dc800 'java/lang/invoke/LambdaForm$MH+0x0000022ec60dc800'
Event: 962.704 Thread 0x0000022ec4601460 Unloading class 0x0000022ec60dc400 'java/lang/invoke/LambdaForm$MH+0x0000022ec60dc400'
Event: 962.704 Thread 0x0000022ec4601460 Unloading class 0x0000022ec60dc000 'java/lang/invoke/LambdaForm$BMH+0x0000022ec60dc000'
Event: 962.704 Thread 0x0000022ec4601460 Unloading class 0x0000022ec60b5000 'java/lang/invoke/LambdaForm$MH+0x0000022ec60b5000'
Event: 962.704 Thread 0x0000022ec4601460 Unloading class 0x0000022ec609d000 'java/lang/invoke/LambdaForm$MH+0x0000022ec609d000'
Event: 962.704 Thread 0x0000022ec4601460 Unloading class 0x0000022ec603a000 'java/lang/invoke/LambdaForm$MH+0x0000022ec603a000'
Event: 962.704 Thread 0x0000022ec4601460 Unloading class 0x0000022ec6039c00 'java/lang/invoke/LambdaForm$MH+0x0000022ec6039c00'
Event: 962.704 Thread 0x0000022ec4601460 Unloading class 0x0000022ec6038000 'java/lang/invoke/LambdaForm$MH+0x0000022ec6038000'
Event: 962.704 Thread 0x0000022ec4601460 Unloading class 0x0000022ec6002400 'java/lang/invoke/LambdaForm$MH+0x0000022ec6002400'
Event: 962.704 Thread 0x0000022ec4601460 Unloading class 0x0000022ec6002000 'java/lang/invoke/LambdaForm$MH+0x0000022ec6002000'

Classes redefined (0 events):
No events

Internal exceptions (20 events):
Event: 962.769 Thread 0x0000022f0f6781f0 Exception <a 'sun/nio/fs/WindowsException'{0x00000000cdffce88}> (0x00000000cdffce88) 
thrown [s\open\src\hotspot\share\prims\jni.cpp, line 520]
Event: 962.769 Thread 0x0000022f0f6781f0 Exception <a 'sun/nio/fs/WindowsException'{0x00000000cdffdbe0}> (0x00000000cdffdbe0) 
thrown [s\open\src\hotspot\share\prims\jni.cpp, line 520]
Event: 962.769 Thread 0x0000022f0f6781f0 Exception <a 'sun/nio/fs/WindowsException'{0x00000000cdffeeb8}> (0x00000000cdffeeb8) 
thrown [s\open\src\hotspot\share\prims\jni.cpp, line 520]
Event: 962.769 Thread 0x0000022f0f6781f0 Exception <a 'sun/nio/fs/WindowsException'{0x00000000cde00710}> (0x00000000cde00710) 
thrown [s\open\src\hotspot\share\prims\jni.cpp, line 520]
Event: 962.769 Thread 0x0000022f0f6781f0 Exception <a 'sun/nio/fs/WindowsException'{0x00000000cde01ae0}> (0x00000000cde01ae0) 
thrown [s\open\src\hotspot\share\prims\jni.cpp, line 520]
Event: 962.769 Thread 0x0000022f0f6781f0 Exception <a 'sun/nio/fs/WindowsException'{0x00000000cde02838}> (0x00000000cde02838) 
thrown [s\open\src\hotspot\share\prims\jni.cpp, line 520]
Event: 962.769 Thread 0x0000022f0f6781f0 Exception <a 'sun/nio/fs/WindowsException'{0x00000000cde03b10}> (0x00000000cde03b10) 
thrown [s\open\src\hotspot\share\prims\jni.cpp, line 520]
Event: 962.769 Thread 0x0000022f0f6781f0 Exception <a 'sun/nio/fs/WindowsException'{0x00000000cde04de8}> (0x00000000cde04de8) 
thrown [s\open\src\hotspot\share\prims\jni.cpp, line 520]
Event: 962.769 Thread 0x0000022f0f6781f0 Exception <a 'sun/nio/fs/WindowsException'{0x00000000cde061c0}> (0x00000000cde061c0) 
thrown [s\open\src\hotspot\share\prims\jni.cpp, line 520]
Event: 962.769 Thread 0x0000022f0f6781f0 Exception <a 'sun/nio/fs/WindowsException'{0x00000000cde06f18}> (0x00000000cde06f18) 
thrown [s\open\src\hotspot\share\prims\jni.cpp, line 520]
Event: 962.769 Thread 0x0000022f0f6781f0 Exception <a 'sun/nio/fs/WindowsException'{0x00000000cde081f0}> (0x00000000cde081f0) 
thrown [s\open\src\hotspot\share\prims\jni.cpp, line 520]
Event: 962.769 Thread 0x0000022f0f6781f0 Exception <a 'sun/nio/fs/WindowsException'{0x00000000cde093d0}> (0x00000000cde093d0) 
thrown [s\open\src\hotspot\share\prims\jni.cpp, line 520]
Event: 962.770 Thread 0x0000022f0f6781f0 Exception <a 'sun/nio/fs/WindowsException'{0x00000000cde09e58}> (0x00000000cde09e58) 
thrown [s\open\src\hotspot\share\prims\jni.cpp, line 520]
Event: 962.770 Thread 0x0000022f0f6781f0 Exception <a 'sun/nio/fs/WindowsException'{0x00000000cde0a900}> (0x00000000cde0a900) 
thrown [s\open\src\hotspot\share\prims\jni.cpp, line 520]
Event: 962.770 Thread 0x0000022f0f6781f0 Exception <a 'sun/nio/fs/WindowsException'{0x00000000cde0b860}> (0x00000000cde0b860) 
thrown [s\open\src\hotspot\share\prims\jni.cpp, line 520]
Event: 962.770 Thread 0x0000022f0f6781f0 Exception <a 'sun/nio/fs/WindowsException'{0x00000000cde0c308}> (0x00000000cde0c308) 
thrown [s\open\src\hotspot\share\prims\jni.cpp, line 520]
Event: 962.770 Thread 0x0000022f0f6781f0 Exception <a 'sun/nio/fs/WindowsException'{0x00000000cde0cdd0}> (0x00000000cde0cdd0) 
thrown [s\open\src\hotspot\share\prims\jni.cpp, line 520]
Event: 962.772 Thread 0x0000022f0f6781f0 Exception <a 'sun/nio/fs/WindowsException'{0x00000000cde21848}> (0x00000000cde21848) 
thrown [s\open\src\hotspot\share\prims\jni.cpp, line 520]
Event: 962.772 Thread 0x0000022f0f6781f0 Exception <a 'sun/nio/fs/WindowsException'{0x00000000cde22e00}> (0x00000000cde22e00) 
thrown [s\open\src\hotspot\share\prims\jni.cpp, line 520]
Event: 970.507 Thread 0x0000022f100b9950 Exception <a 'sun/nio/fs/WindowsException'{0x00000000cb155b88}> (0x00000000cb155b88) 
thrown [s\open\src\hotspot\share\prims\jni.cpp, line 520]

ZGC Phase Switch (0 events):
No events

VM Operations (20 events):
Event: 962.782 Executing VM operation: G1PauseCleanup
Event: 962.783 Executing VM operation: G1PauseCleanup done
Event: 969.842 Executing VM operation: Cleanup
Event: 969.842 Executing VM operation: Cleanup done
Event: 970.842 Executing VM operation: Cleanup
Event: 970.842 Executing VM operation: Cleanup done
Event: 973.874 Executing VM operation: Cleanup
Event: 973.874 Executing VM operation: Cleanup done
Event: 983.927 Executing VM operation: Cleanup
Event: 983.927 Executing VM operation: Cleanup done
Event: 984.933 Executing VM operation: Cleanup
Event: 984.933 Executing VM operation: Cleanup done
Event: 994.002 Executing VM operation: Cleanup
Event: 994.002 Executing VM operation: Cleanup done
Event: 1014.242 Executing VM operation: G1CollectForAllocation (G1 Evacuation Pause)
Event: 1014.251 Executing VM operation: G1CollectForAllocation (G1 Evacuation Pause) done
Event: 1022.375 Executing VM operation: HandshakeAllThreads (HandshakeForDeflation)
Event: 1022.376 Executing VM operation: HandshakeAllThreads (HandshakeForDeflation) done
Event: 1022.376 Executing VM operation: RendezvousGCThreads
Event: 1022.376 Executing VM operation: RendezvousGCThreads done

Events (20 events):
Event: 970.040 Thread 0x0000022f100b71f0 Thread added: 0x0000022f100b71f0
Event: 970.040 Thread 0x0000022f100b9950 Thread added: 0x0000022f100b9950
Event: 970.040 Thread 0x0000022f100b5e40 Thread added: 0x0000022f100b5e40
Event: 970.040 Thread 0x0000022f0d7447f0 Thread added: 0x0000022f0d7447f0
Event: 970.040 Thread 0x0000022f0d744e80 Thread added: 0x0000022f0d744e80
Event: 970.040 Thread 0x0000022f0d745510 Thread added: 0x0000022f0d745510
Event: 970.040 Thread 0x0000022f0d745ba0 Thread added: 0x0000022f0d745ba0
Event: 970.040 Thread 0x0000022f0d747c70 Thread added: 0x0000022f0d747c70
Event: 970.041 Thread 0x0000022f0d746230 Thread added: 0x0000022f0d746230
Event: 970.041 Thread 0x0000022f0d748300 Thread added: 0x0000022f0d748300
Event: 970.041 Thread 0x0000022f0d743ad0 Thread added: 0x0000022f0d743ad0
Event: 970.041 Thread 0x0000022f0d7468c0 Thread added: 0x0000022f0d7468c0
Event: 970.068 Thread 0x0000022f0cd73b80 Thread added: 0x0000022f0cd73b80
Event: 970.417 Thread 0x0000022f0cd734b0 Thread exited: 0x0000022f0cd734b0
Event: 970.417 Thread 0x0000022f0cd73b80 Thread exited: 0x0000022f0cd73b80
Event: 970.518 Thread 0x0000022f0cd76b30 Thread added: 0x0000022f0cd76b30
Event: 973.305 Thread 0x0000022f0cd76b30 Thread exited: 0x0000022f0cd76b30
Event: 997.760 Thread 0x0000022f0bd157a0 Thread exited: 0x0000022f0bd157a0
Event: 1022.777 Thread 0x0000022f0bbba090 Thread exited: 0x0000022f0bbba090
Event: 1022.825 Thread 0x0000022f0f6781f0 Thread exited: 0x0000022f0f6781f0


Dynamic libraries:
0x00007ff6a5990000 - 0x00007ff6a59a0000 	C:\Program Files\Java\jdk-21.0.10\bin\java.exe
0x00007ffcb45b0000 - 0x00007ffcb47a8000 	C:\Windows\SYSTEM32\ntdll.dll
0x00007ffcb26b0000 - 0x00007ffcb2772000 	C:\Windows\System32\KERNEL32.DLL
0x00007ffcb2020000 - 0x00007ffcb2316000 	C:\Windows\System32\KERNELBASE.dll
0x00007ffcb1f20000 - 0x00007ffcb2020000 	C:\Windows\System32\ucrtbase.dll
0x00007ffc5c200000 - 0x00007ffc5c219000 	C:\Program Files\Java\jdk-21.0.10\bin\jli.dll
0x00007ffc5c370000 - 0x00007ffc5c38e000 	C:\Program Files\Java\jdk-21.0.10\bin\VCRUNTIME140.dll
0x00007ffcb4450000 - 0x00007ffcb4501000 	C:\Windows\System32\ADVAPI32.dll
0x00007ffcb32d0000 - 0x00007ffcb336e000 	C:\Windows\System32\msvcrt.dll
0x00007ffcb41f0000 - 0x00007ffcb428f000 	C:\Windows\System32\sechost.dll
0x00007ffcb2930000 - 0x00007ffcb2a50000 	C:\Windows\System32\RPCRT4.dll
0x00007ffcb1ef0000 - 0x00007ffcb1f17000 	C:\Windows\System32\bcrypt.dll
0x00007ffcb3110000 - 0x00007ffcb32b1000 	C:\Windows\System32\USER32.dll
0x00007ffcb1c40000 - 0x00007ffcb1c62000 	C:\Windows\System32\win32u.dll
0x00007ffc973f0000 - 0x00007ffc9768b000 	C:\Windows\WinSxS\amd64_microsoft.windows.common-controls_6595b64144ccf1df_6.0.19041.6456_none_60b8a6cb71f64256\COMCTL32.dll
0x00007ffcb38b0000 - 0x00007ffcb38db000 	C:\Windows\System32\GDI32.dll
0x00007ffcb23b0000 - 0x00007ffcb24c9000 	C:\Windows\System32\gdi32full.dll
0x00007ffcb1c70000 - 0x00007ffcb1d0d000 	C:\Windows\System32\msvcp_win.dll
0x00007ffca7b60000 - 0x00007ffca7b6a000 	C:\Windows\SYSTEM32\VERSION.dll
0x00007ffcb2890000 - 0x00007ffcb28bf000 	C:\Windows\System32\IMM32.DLL
0x00007ffc85fe0000 - 0x00007ffc85fec000 	C:\Program Files\Java\jdk-21.0.10\bin\vcruntime140_1.dll
0x00007ffc1f040000 - 0x00007ffc1f0cd000 	C:\Program Files\Java\jdk-21.0.10\bin\msvcp140.dll
0x00007ffc18800000 - 0x00007ffc19527000 	C:\Program Files\Java\jdk-21.0.10\bin\server\jvm.dll
0x00007ffcb28c0000 - 0x00007ffcb292b000 	C:\Windows\System32\WS2_32.dll
0x00007ffcb1980000 - 0x00007ffcb19cb000 	C:\Windows\SYSTEM32\POWRPROF.dll
0x00007ffca7b30000 - 0x00007ffca7b57000 	C:\Windows\SYSTEM32\WINMM.dll
0x00007ffcb1960000 - 0x00007ffcb1972000 	C:\Windows\SYSTEM32\UMPDC.dll
0x00007ffcafa90000 - 0x00007ffcafaa2000 	C:\Windows\SYSTEM32\kernel.appcore.dll
0x00007ffc84e20000 - 0x00007ffc84e2a000 	C:\Program Files\Java\jdk-21.0.10\bin\jimage.dll
0x00007ffcaa8f0000 - 0x00007ffcaaaf1000 	C:\Windows\SYSTEM32\DBGHELP.DLL
0x00007ffc92870000 - 0x00007ffc928a4000 	C:\Windows\SYSTEM32\dbgcore.DLL
0x00007ffcb2320000 - 0x00007ffcb23a2000 	C:\Windows\System32\bcryptPrimitives.dll
0x00007ffc765e0000 - 0x00007ffc765f0000 	C:\Program Files\Java\jdk-21.0.10\bin\instrument.dll
0x00007ffc20560000 - 0x00007ffc20581000 	C:\Program Files\Java\jdk-21.0.10\bin\java.dll
0x00007ffcb3a80000 - 0x00007ffcb41f0000 	C:\Windows\System32\SHELL32.dll
0x00007ffcafcb0000 - 0x00007ffcb0455000 	C:\Windows\SYSTEM32\windows.storage.dll
0x00007ffcb3480000 - 0x00007ffcb37d4000 	C:\Windows\System32\combase.dll
0x00007ffcb1590000 - 0x00007ffcb15bb000 	C:\Windows\SYSTEM32\Wldp.dll
0x00007ffcb37e0000 - 0x00007ffcb38ad000 	C:\Windows\System32\OLEAUT32.dll
0x00007ffcb2780000 - 0x00007ffcb282d000 	C:\Windows\System32\SHCORE.dll
0x00007ffcb3370000 - 0x00007ffcb33cb000 	C:\Windows\System32\shlwapi.dll
0x00007ffcb1b70000 - 0x00007ffcb1b94000 	C:\Windows\SYSTEM32\profapi.dll
0x00007ffc1e5b0000 - 0x00007ffc1e687000 	C:\Program Files\Java\jdk-21.0.10\bin\jsvml.dll
0x00007ffc423c0000 - 0x00007ffc423d8000 	C:\Program Files\Java\jdk-21.0.10\bin\zip.dll
0x00007ffc20540000 - 0x00007ffc20551000 	C:\Program Files\Java\jdk-21.0.10\bin\net.dll
0x00007ffcae260000 - 0x00007ffcae36a000 	C:\Windows\SYSTEM32\WINHTTP.dll
0x00007ffcb12f0000 - 0x00007ffcb135a000 	C:\Windows\system32\mswsock.dll
0x00007ffc1f020000 - 0x00007ffc1f036000 	C:\Program Files\Java\jdk-21.0.10\bin\nio.dll
0x00007ffc720d0000 - 0x00007ffc720e0000 	C:\Program Files\Java\jdk-21.0.10\bin\verify.dll
0x00007ffc1e480000 - 0x00007ffc1e4a7000 	C:\Users\none\.gradle\native\660c5614fbf4a5f2a75b1949f50a0caf5cd603558e7d8a26e50b933a0cfb79d1\windows-amd64\native-platform.dll
0x00007ffc1e370000 - 0x00007ffc1e3e7000 	C:\Users\none\.gradle\native\0.2.8\x86_64-windows-gnu\gradle-fileevents.dll
0x00007ffc41b50000 - 0x00007ffc41b5a000 	C:\Program Files\Java\jdk-21.0.10\bin\management.dll
0x00007ffc23bd0000 - 0x00007ffc23bdc000 	C:\Program Files\Java\jdk-21.0.10\bin\management_ext.dll
0x00007ffcb38e0000 - 0x00007ffcb38e8000 	C:\Windows\System32\PSAPI.DLL
0x00007ffcb0fd0000 - 0x00007ffcb100b000 	C:\Windows\SYSTEM32\IPHLPAPI.DLL
0x00007ffcb4440000 - 0x00007ffcb4448000 	C:\Windows\System32\NSI.dll
0x00007ffc95600000 - 0x00007ffc95609000 	C:\Program Files\Java\jdk-21.0.10\bin\extnet.dll
0x00007ffcb14e0000 - 0x00007ffcb14f8000 	C:\Windows\SYSTEM32\CRYPTSP.dll
0x00007ffcb0c10000 - 0x00007ffcb0c48000 	C:\Windows\system32\rsaenh.dll
0x00007ffcb1af0000 - 0x00007ffcb1b1e000 	C:\Windows\SYSTEM32\USERENV.dll
0x00007ffcb1500000 - 0x00007ffcb150c000 	C:\Windows\SYSTEM32\CRYPTBASE.dll
0x00007ffc8b720000 - 0x00007ffc8b72e000 	C:\Program Files\Java\jdk-21.0.10\bin\sunmscapi.dll
0x00007ffcb1d90000 - 0x00007ffcb1eed000 	C:\Windows\System32\CRYPT32.dll
0x00007ffcb1600000 - 0x00007ffcb1627000 	C:\Windows\SYSTEM32\ncrypt.dll
0x00007ffcb15c0000 - 0x00007ffcb15fb000 	C:\Windows\SYSTEM32\NTASN1.dll
0x00007ffc8b740000 - 0x00007ffc8b747000 	C:\Windows\system32\wshunix.dll
0x00007ffcad740000 - 0x00007ffcad757000 	C:\Windows\SYSTEM32\dhcpcsvc6.DLL
0x00007ffcad710000 - 0x00007ffcad72d000 	C:\Windows\SYSTEM32\dhcpcsvc.DLL
0x00007ffcb1010000 - 0x00007ffcb10da000 	C:\Windows\SYSTEM32\DNSAPI.dll
0x00007ffcacb60000 - 0x00007ffcacb6a000 	C:\Windows\System32\rasadhlp.dll

dbghelp: loaded successfully - version: 4.0.5 - missing functions: none
symbol engine: initialized successfully - sym options: 0x614 - pdb path: .;C:\Program Files\Java\jdk-21.0.10\bin;C:\Windows\SYSTEM32;C:\Windows\WinSxS\amd64_microsoft.windows.common-controls_6595b64144ccf1df_6.0.19041.6456_none_60b8a6cb71f64256;C:\Program Files\Java\jdk-21.0.10\bin\server;C:\Users\none\.gradle\native\660c5614fbf4a5f2a75b1949f50a0caf5cd603558e7d8a26e50b933a0cfb79d1\windows-amd64;C:\Users\none\.gradle\native\0.2.8\x86_64-windows-gnu

VM Arguments:
jvm_args: --add-opens=java.base/java.lang=ALL-UNNAMED --add-opens=java.base/java.lang.invoke=ALL-UNNAMED --add-opens=java.base/java.util=ALL-UNNAMED --add-opens=java.prefs/java.util.prefs=ALL-UNNAMED --add-exports=jdk.compiler/com.sun.tools.javac.api=ALL-UNNAMED --add-exports=jdk.compiler/com.sun.tools.javac.util=ALL-UNNAMED --add-opens=java.base/java.util=ALL-UNNAMED --add-opens=java.prefs/java.util.prefs=ALL-UNNAMED --add-opens=java.base/java.nio.charset=ALL-UNNAMED --add-opens=java.base/java.net=ALL-UNNAMED --add-opens=java.base/java.util.concurrent=ALL-UNNAMED --add-opens=java.base/java.util.concurrent.atomic=ALL-UNNAMED --add-opens=java.xml/javax.xml.namespace=ALL-UNNAMED --add-opens=java.base/java.time=ALL-UNNAMED -Xmx1G -Dfile.encoding=UTF-8 -Duser.country=RU -Duser.language=ru -Duser.variant -javaagent:C:\Users\none\.gradle\wrapper\dists\gradle-9.2.1-bin\2t0n5ozlw9xmuyvbp7dnzaxug\gradle-9.2.1\lib\agents\gradle-instrumentation-agent-9.2.1.jar 
java_command: org.gradle.launcher.daemon.bootstrap.GradleDaemon 9.2.1
java_class_path (initial): C:\Users\none\.gradle\wrapper\dists\gradle-9.2.1-bin\2t0n5ozlw9xmuyvbp7dnzaxug\gradle-9.2.1\lib\gradle-daemon-main-9.2.1.jar
Launcher Type: SUN_STANDARD

[Global flags]
     intx CICompilerCount                          = 4                                         {product} {ergonomic}
     uint ConcGCThreads                            = 3                                         {product} {ergonomic}
     uint G1ConcRefinementThreads                  = 10                                        {product} {ergonomic}
   size_t G1HeapRegionSize                         = 1048576                                   {product} {ergonomic}
    uintx GCDrainStackTargetSize                   = 64                                        {product} {ergonomic}
   size_t InitialHeapSize                          = 260046848                                 {product} {ergonomic}
   size_t MarkStackSize                            = 4194304                                   {product} {ergonomic}
   size_t MaxHeapSize                              = 1073741824                                {product} {command line}
   size_t MaxNewSize                               = 643825664                                 {product} {ergonomic}
   size_t MinHeapDeltaBytes                        = 1048576                                   {product} {ergonomic}
   size_t MinHeapSize                              = 8388608                                   {product} {ergonomic}
    uintx NonNMethodCodeHeapSize                   = 5839372                                {pd product} {ergonomic}
    uintx NonProfiledCodeHeapSize                  = 122909434                              {pd product} {ergonomic}
    uintx ProfiledCodeHeapSize                     = 122909434                              {pd product} {ergonomic}
    uintx ReservedCodeCacheSize                    = 251658240                              {pd product} {ergonomic}
     bool SegmentedCodeCache                       = true                                      {product} {ergonomic}
   size_t SoftMaxHeapSize                          = 1073741824                             {manageable} {ergonomic}
     bool UseCompressedOops                        = true                           {product lp64_product} {ergonomic}
     bool UseG1GC                                  = true                                      {product} {ergonomic}
     bool UseLargePagesIndividualAllocation        = false                                  {pd product} {ergonomic}

Logging:
Log output configuration:
 #0: stdout all=warning uptime,level,tags foldmultilines=false
 #1: stderr all=off uptime,level,tags foldmultilines=false

Environment Variables:
JAVA_HOME=C:\Program Files\Java\jdk-21.0.10
CLASSPATH=c:\Users\none\.vscode\extensions\vscjava.vscode-gradle-3.17.3\lib\gradle-server.jar
PATH=C:\Program Files\Common Files\Oracle\Java\javapath;C:\Program Files (x86)\Common Files\Oracle\Java\java8path;C:\Program Files (x86)\Common Files\Oracle\Java\javapath;C:\Windows\system32;C:\Windows;C:\Windows\System32\Wbem;C:\Windows\System32\WindowsPowerShell\v1.0\;C:\Windows\System32\OpenSSH\;C:\Program Files\dotnet\;C:\Program Files (x86)\ZeroTier\One\;C:\Program Files\Cloudflare\Cloudflare WARP\;C:\Program Files\Git\cmd;C:\Users\none\AppData\Local\Microsoft\WindowsApps;C:\Users\none\.dotnet\tools;C:\Users\none\AppData\Local\Programs\Microsoft VS Code\bin;C:\Users\none\AppData\Local\GitHubDesktop\bin
USERNAME=none
OS=Windows_NT
PROCESSOR_IDENTIFIER=AMD64 Family 25 Model 80 Stepping 0, AuthenticAMD
TMP=C:\Users\none\AppData\Local\Temp
TEMP=C:\Users\none\AppData\Local\Temp




Periodic native trim disabled

---------------  S Y S T E M  ---------------

OS:
 Windows 10 , 64 bit Build 19041 (10.0.19041.5915)
OS uptime: 0 days 0:18 hours

CPU: total 12 (initial active 12) (12 cores per cpu, 2 threads per core) family 25 model 80 stepping 0 microcode 0x0, cx8, cmov, fxsr, ht, mmx, 3dnowpref, sse, sse2, sse3, ssse3, sse4a, sse4.1, sse4.2, popcnt, lzcnt, tsc, tscinvbit, avx, avx2, aes, erms, clmul, bmi1, bmi2, adx, sha, fma, vzeroupper, clflush, clflushopt, rdtscp, rdpid, fsrm, f16c, pku, cet_ss
Processor Information for all 12 processors :
  Max Mhz: 2301, Current Mhz: 2301, Mhz Limit: 2301

Memory: 4k page, system-wide physical 15751M (1034M free)
TotalPageFile size 27715M (AvailPageFile size 0M)
current process WorkingSet (physical memory assigned to process): 22M, peak: 419M
current process commit charge ("private bytes"): 527M, peak: 537M

vm_info: Java HotSpot(TM) 64-Bit Server VM (21.0.10+8-LTS-217) for windows-amd64 JRE (21.0.10+8-LTS-217), built on 2025-12-18T14:59:28Z by "mach5run" with MS VC++ 17.13 (VS2022)

END.
