#
# There is insufficient memory for the Java Runtime Environment to continue.
# Native memory allocation (malloc) failed to allocate 115824 bytes for Chunk::new
# Possible reasons:
#   The system is out of physical RAM or swap space
#   The process is running with CompressedOops enabled, and the Java Heap may be blocking the growth of the native heap
# Possible solutions:
#   Reduce memory load on the system
#   Increase physical memory or swap space
#   Check if swap backing store is full
#   Decrease Java heap size (-Xmx/-Xms)
#   Decrease number of Java threads
#   Decrease Java thread stack sizes (-Xss)
#   Set larger code cache with -XX:ReservedCodeCacheSize=
#   JVM is running with Unscaled Compressed Oops mode in which the Java heap is
#     placed in the first 4GB address space. The Java Heap base address is the
#     maximum limit for the native heap growth. Please use -XX:HeapBaseMinAddress
#     to set the Java Heap base and to place the Java Heap above 4GB virtual address.
# This output file may be truncated or incomplete.
#
#  Out of Memory Error (arena.cpp:168), pid=17304, tid=2140
#
# JRE version: Java(TM) SE Runtime Environment (21.0.10+8) (build 21.0.10+8-LTS-217)
# Java VM: Java HotSpot(TM) 64-Bit Server VM (21.0.10+8-LTS-217, mixed mode, sharing, tiered, compressed oops, compressed class ptrs, g1 gc, windows-amd64)
# No core dump will be written. Minidumps are not enabled by default on client versions of Windows
#

---------------  S U M M A R Y ------------

Command Line: -Xmx64m -Xms64m -Dorg.gradle.appname=gradlew C:\MyMods\SableFloaters\\gradle\wrapper\gradle-wrapper.jar runClient

Host: AMD Ryzen 5 7430U with Radeon Graphics         , 12 cores, 15G,  Windows 10 , 64 bit Build 19041 (10.0.19041.5915)
Time: Fri Jun 19 02:38:41 2026 elapsed time: 73.125659 seconds (0d 0h 1m 13s)

---------------  T H R E A D  ---------------

Current thread (0x000001fa9b2bcb00):  JavaThread "C2 CompilerThread0" daemon [_thread_in_native, id=2140, stack(0x00000077f1400000,0x00000077f1500000) (1024K)]


Current CompileTask:
C2:  73125 2169       4       java.io.OutputStreamWriter::append (6 bytes)

Stack: [0x00000077f1400000,0x00000077f1500000]
Native frames: (J=compiled Java code, j=interpreted, Vv=VM code, C=native code)
V  [jvm.dll+0x6d0b59]
V  [jvm.dll+0x85fd56]
V  [jvm.dll+0x86224e]
V  [jvm.dll+0x862923]
V  [jvm.dll+0x282a16]
V  [jvm.dll+0xc662d]
V  [jvm.dll+0xc6b71]
V  [jvm.dll+0x3bbb5b]
V  [jvm.dll+0x1e3544]
V  [jvm.dll+0x24b4c3]
V  [jvm.dll+0x24a94f]
V  [jvm.dll+0x1cacfe]
V  [jvm.dll+0x25a629]
V  [jvm.dll+0x258bb5]
V  [jvm.dll+0x3f4da1]
V  [jvm.dll+0x80a83d]
V  [jvm.dll+0x6cf3fd]
C  [ucrtbase.dll+0x21bb2]
C  [KERNEL32.DLL+0x17374]
C  [ntdll.dll+0x4cc91]


---------------  P R O C E S S  ---------------

Threads class SMR info:
_java_thread_list=0x000001fae1d83ee0, length=12, elements={
0x000001fafe83bc30, 0x000001faff826ee0, 0x000001faff827e00, 0x000001faff82bb20,
0x000001faff82e8f0, 0x000001fa9b2aeb40, 0x000001fa9b2b3e70, 0x000001fa9b2bcb00,
0x000001fa9b2bdd40, 0x000001fa9b2b3150, 0x000001fa9b2b4b90, 0x000001fa9b2b2430
}

Java Threads: ( => current thread )
  0x000001fafe83bc30 JavaThread "main"                              [_thread_in_native, id=12808, stack(0x00000077f0600000,0x00000077f0700000) (1024K)]
  0x000001faff826ee0 JavaThread "Reference Handler"          daemon [_thread_blocked, id=19752, stack(0x00000077f0e00000,0x00000077f0f00000) (1024K)]
  0x000001faff827e00 JavaThread "Finalizer"                  daemon [_thread_blocked, id=13348, stack(0x00000077f0f00000,0x00000077f1000000) (1024K)]
  0x000001faff82bb20 JavaThread "Signal Dispatcher"          daemon [_thread_blocked, id=21240, stack(0x00000077f1000000,0x00000077f1100000) (1024K)]
  0x000001faff82e8f0 JavaThread "Attach Listener"            daemon [_thread_blocked, id=13728, stack(0x00000077f1100000,0x00000077f1200000) (1024K)]
  0x000001fa9b2aeb40 JavaThread "Service Thread"             daemon [_thread_blocked, id=1088, stack(0x00000077f1200000,0x00000077f1300000) (1024K)]
  0x000001fa9b2b3e70 JavaThread "Monitor Deflation Thread"   daemon [_thread_blocked, id=18688, stack(0x00000077f1300000,0x00000077f1400000) (1024K)]
=>0x000001fa9b2bcb00 JavaThread "C2 CompilerThread0"         daemon [_thread_in_native, id=2140, stack(0x00000077f1400000,0x00000077f1500000) (1024K)]
  0x000001fa9b2bdd40 JavaThread "C1 CompilerThread0"         daemon [_thread_blocked, id=19616, stack(0x00000077f1500000,0x00000077f1600000) (1024K)]
  0x000001fa9b2b3150 JavaThread "Notification Thread"        daemon [_thread_blocked, id=12272, stack(0x00000077f1600000,0x00000077f1700000) (1024K)]
  0x000001fa9b2b4b90 JavaThread "Common-Cleaner"             daemon [_thread_blocked, id=20732, stack(0x00000077f1700000,0x00000077f1800000) (1024K)]
  0x000001fa9b2b2430 JavaThread "pool-1-thread-1"                   [_thread_blocked, id=21404, stack(0x00000077f1d00000,0x00000077f1e00000) (1024K)]
Total: 12

Other Threads:
  0x000001faff80c080 VMThread "VM Thread"                           [id=17324, stack(0x00000077f0d00000,0x00000077f0e00000) (1024K)]
  0x000001faff7feb10 WatcherThread "VM Periodic Task Thread"        [id=11048, stack(0x00000077f0c00000,0x00000077f0d00000) (1024K)]
  0x000001faff776d00 WorkerThread "GC Thread#0"                     [id=12412, stack(0x00000077f0700000,0x00000077f0800000) (1024K)]
  0x000001fae1075830 WorkerThread "GC Thread#1"                     [id=18848, stack(0x00000077f1a00000,0x00000077f1b00000) (1024K)]
  0x000001fae114c960 WorkerThread "GC Thread#2"                     [id=5492, stack(0x00000077f1b00000,0x00000077f1c00000) (1024K)]
  0x000001fae114d120 WorkerThread "GC Thread#3"                     [id=21344, stack(0x00000077f1c00000,0x00000077f1d00000) (1024K)]
  0x000001fae1c349e0 WorkerThread "GC Thread#4"                     [id=20880, stack(0x00000077f1e00000,0x00000077f1f00000) (1024K)]
  0x000001fae1dd3210 WorkerThread "GC Thread#5"                     [id=19252, stack(0x00000077f1f00000,0x00000077f2000000) (1024K)]
  0x000001fae1dd35c0 WorkerThread "GC Thread#6"                     [id=1944, stack(0x00000077f2000000,0x00000077f2100000) (1024K)]
  0x000001fae1de7da0 WorkerThread "GC Thread#7"                     [id=19836, stack(0x00000077f2100000,0x00000077f2200000) (1024K)]
  0x000001faff779310 ConcurrentGCThread "G1 Main Marker"            [id=500, stack(0x00000077f0800000,0x00000077f0900000) (1024K)]
  0x000001faff779ee0 WorkerThread "G1 Conc#0"                       [id=7656, stack(0x00000077f0900000,0x00000077f0a00000) (1024K)]
  0x000001faff7ef2f0 ConcurrentGCThread "G1 Refine#0"               [id=12260, stack(0x00000077f0a00000,0x00000077f0b00000) (1024K)]
  0x000001faff7efd80 ConcurrentGCThread "G1 Service"                [id=2032, stack(0x00000077f0b00000,0x00000077f0c00000) (1024K)]
Total: 14

Threads with active compile tasks:
C2 CompilerThread0    73138 2169       4       java.io.OutputStreamWriter::append (6 bytes)
Total: 1

VM state: not at safepoint (normal execution)

VM Mutex/Monitor currently owned by a thread: None

Heap address: 0x00000000fc000000, size: 64 MB, Compressed Oops mode: 32-bit

CDS archive(s) mapped at: [0x000001fa9c000000-0x000001fa9cc90000-0x000001fa9cc90000), size 13172736, SharedBaseAddress: 0x000001fa9c000000, ArchiveRelocationMode: 1.
Compressed class space mapped at: 0x000001fa9d000000-0x000001fadd000000, reserved size: 1073741824
Narrow klass base: 0x000001fa9c000000, Narrow klass shift: 0, Narrow klass range: 0x100000000

GC Precious Log:
 CardTable entry size: 512
 Card Set container configuration: InlinePtr #cards 5 size 8 Array Of Cards #cards 12 size 40 Howl #buckets 4 coarsen threshold 1843 Howl Bitmap #cards 512 size 80 coarsen threshold 460 Card regions per heap region 1 cards per card region 2048
 CPUs: 12 total, 12 available
 Memory: 15751M
 Large Page Support: Disabled
 NUMA Support: Disabled
 Compressed Oops: Enabled (32-bit)
 Heap Region Size: 1M
 Heap Min Capacity: 64M
 Heap Initial Capacity: 64M
 Heap Max Capacity: 64M
 Pre-touch: Disabled
 Parallel Workers: 10
 Concurrent Workers: 3
 Concurrent Refinement Workers: 10
 Periodic GC: Disabled

Heap:
 garbage-first heap   total 65536K, used 24489K [0x00000000fc000000, 0x0000000100000000)
  region size 1024K, 18 young (18432K), 5 survivors (5120K)
 Metaspace       used 10312K, committed 10688K, reserved 1114112K
  class space    used 1307K, committed 1472K, reserved 1048576K

Heap Regions: E=young(eden), S=young(survivor), O=old, HS=humongous(starts), HC=humongous(continues), CS=collection set, F=free, TAMS=top-at-mark-start, PB=parsable bottom
|   0|0x00000000fc000000, 0x00000000fc100000, 0x00000000fc100000|100%|HS|  |TAMS 0x00000000fc000000| PB 0x00000000fc000000| Complete 
|   1|0x00000000fc100000, 0x00000000fc200000, 0x00000000fc200000|100%|HC|  |TAMS 0x00000000fc100000| PB 0x00000000fc100000| Complete 
|   2|0x00000000fc200000, 0x00000000fc300000, 0x00000000fc300000|100%|HC|  |TAMS 0x00000000fc200000| PB 0x00000000fc200000| Complete 
|   3|0x00000000fc300000, 0x00000000fc400000, 0x00000000fc400000|100%|HC|  |TAMS 0x00000000fc300000| PB 0x00000000fc300000| Complete 
|   4|0x00000000fc400000, 0x00000000fc500000, 0x00000000fc500000|100%| O|  |TAMS 0x00000000fc400000| PB 0x00000000fc400000| Untracked 
|   5|0x00000000fc500000, 0x00000000fc600000, 0x00000000fc600000|100%| O|  |TAMS 0x00000000fc500000| PB 0x00000000fc500000| Untracked 
|   6|0x00000000fc600000, 0x00000000fc6ea710, 0x00000000fc700000| 91%| O|  |TAMS 0x00000000fc600000| PB 0x00000000fc600000| Untracked 
|   7|0x00000000fc700000, 0x00000000fc700000, 0x00000000fc800000|  0%| F|  |TAMS 0x00000000fc700000| PB 0x00000000fc700000| Untracked 
|   8|0x00000000fc800000, 0x00000000fc800000, 0x00000000fc900000|  0%| F|  |TAMS 0x00000000fc800000| PB 0x00000000fc800000| Untracked 
|   9|0x00000000fc900000, 0x00000000fc900000, 0x00000000fca00000|  0%| F|  |TAMS 0x00000000fc900000| PB 0x00000000fc900000| Untracked 
|  10|0x00000000fca00000, 0x00000000fca00000, 0x00000000fcb00000|  0%| F|  |TAMS 0x00000000fca00000| PB 0x00000000fca00000| Untracked 
|  11|0x00000000fcb00000, 0x00000000fcb00000, 0x00000000fcc00000|  0%| F|  |TAMS 0x00000000fcb00000| PB 0x00000000fcb00000| Untracked 
|  12|0x00000000fcc00000, 0x00000000fcc00000, 0x00000000fcd00000|  0%| F|  |TAMS 0x00000000fcc00000| PB 0x00000000fcc00000| Untracked 
|  13|0x00000000fcd00000, 0x00000000fcd00000, 0x00000000fce00000|  0%| F|  |TAMS 0x00000000fcd00000| PB 0x00000000fcd00000| Untracked 
|  14|0x00000000fce00000, 0x00000000fce00000, 0x00000000fcf00000|  0%| F|  |TAMS 0x00000000fce00000| PB 0x00000000fce00000| Untracked 
|  15|0x00000000fcf00000, 0x00000000fcf00000, 0x00000000fd000000|  0%| F|  |TAMS 0x00000000fcf00000| PB 0x00000000fcf00000| Untracked 
|  16|0x00000000fd000000, 0x00000000fd000000, 0x00000000fd100000|  0%| F|  |TAMS 0x00000000fd000000| PB 0x00000000fd000000| Untracked 
|  17|0x00000000fd100000, 0x00000000fd100000, 0x00000000fd200000|  0%| F|  |TAMS 0x00000000fd100000| PB 0x00000000fd100000| Untracked 
|  18|0x00000000fd200000, 0x00000000fd200000, 0x00000000fd300000|  0%| F|  |TAMS 0x00000000fd200000| PB 0x00000000fd200000| Untracked 
|  19|0x00000000fd300000, 0x00000000fd300000, 0x00000000fd400000|  0%| F|  |TAMS 0x00000000fd300000| PB 0x00000000fd300000| Untracked 
|  20|0x00000000fd400000, 0x00000000fd400000, 0x00000000fd500000|  0%| F|  |TAMS 0x00000000fd400000| PB 0x00000000fd400000| Untracked 
|  21|0x00000000fd500000, 0x00000000fd500000, 0x00000000fd600000|  0%| F|  |TAMS 0x00000000fd500000| PB 0x00000000fd500000| Untracked 
|  22|0x00000000fd600000, 0x00000000fd600000, 0x00000000fd700000|  0%| F|  |TAMS 0x00000000fd600000| PB 0x00000000fd600000| Untracked 
|  23|0x00000000fd700000, 0x00000000fd700000, 0x00000000fd800000|  0%| F|  |TAMS 0x00000000fd700000| PB 0x00000000fd700000| Untracked 
|  24|0x00000000fd800000, 0x00000000fd900000, 0x00000000fd900000|100%| S|CS|TAMS 0x00000000fd800000| PB 0x00000000fd800000| Complete 
|  25|0x00000000fd900000, 0x00000000fda00000, 0x00000000fda00000|100%| S|CS|TAMS 0x00000000fd900000| PB 0x00000000fd900000| Complete 
|  26|0x00000000fda00000, 0x00000000fdb00000, 0x00000000fdb00000|100%| S|CS|TAMS 0x00000000fda00000| PB 0x00000000fda00000| Complete 
|  27|0x00000000fdb00000, 0x00000000fdc00000, 0x00000000fdc00000|100%| S|CS|TAMS 0x00000000fdb00000| PB 0x00000000fdb00000| Complete 
|  28|0x00000000fdc00000, 0x00000000fdd00000, 0x00000000fdd00000|100%| S|CS|TAMS 0x00000000fdc00000| PB 0x00000000fdc00000| Complete 
|  29|0x00000000fdd00000, 0x00000000fdd00000, 0x00000000fde00000|  0%| F|  |TAMS 0x00000000fdd00000| PB 0x00000000fdd00000| Untracked 
|  30|0x00000000fde00000, 0x00000000fde00000, 0x00000000fdf00000|  0%| F|  |TAMS 0x00000000fde00000| PB 0x00000000fde00000| Untracked 
|  31|0x00000000fdf00000, 0x00000000fdf00000, 0x00000000fe000000|  0%| F|  |TAMS 0x00000000fdf00000| PB 0x00000000fdf00000| Untracked 
|  32|0x00000000fe000000, 0x00000000fe000000, 0x00000000fe100000|  0%| F|  |TAMS 0x00000000fe000000| PB 0x00000000fe000000| Untracked 
|  33|0x00000000fe100000, 0x00000000fe100000, 0x00000000fe200000|  0%| F|  |TAMS 0x00000000fe100000| PB 0x00000000fe100000| Untracked 
|  34|0x00000000fe200000, 0x00000000fe200000, 0x00000000fe300000|  0%| F|  |TAMS 0x00000000fe200000| PB 0x00000000fe200000| Untracked 
|  35|0x00000000fe300000, 0x00000000fe300000, 0x00000000fe400000|  0%| F|  |TAMS 0x00000000fe300000| PB 0x00000000fe300000| Untracked 
|  36|0x00000000fe400000, 0x00000000fe400000, 0x00000000fe500000|  0%| F|  |TAMS 0x00000000fe400000| PB 0x00000000fe400000| Untracked 
|  37|0x00000000fe500000, 0x00000000fe500000, 0x00000000fe600000|  0%| F|  |TAMS 0x00000000fe500000| PB 0x00000000fe500000| Untracked 
|  38|0x00000000fe600000, 0x00000000fe600000, 0x00000000fe700000|  0%| F|  |TAMS 0x00000000fe600000| PB 0x00000000fe600000| Untracked 
|  39|0x00000000fe700000, 0x00000000fe700000, 0x00000000fe800000|  0%| F|  |TAMS 0x00000000fe700000| PB 0x00000000fe700000| Untracked 
|  40|0x00000000fe800000, 0x00000000fe800000, 0x00000000fe900000|  0%| F|  |TAMS 0x00000000fe800000| PB 0x00000000fe800000| Untracked 
|  41|0x00000000fe900000, 0x00000000fe900000, 0x00000000fea00000|  0%| F|  |TAMS 0x00000000fe900000| PB 0x00000000fe900000| Untracked 
|  42|0x00000000fea00000, 0x00000000fea00000, 0x00000000feb00000|  0%| F|  |TAMS 0x00000000fea00000| PB 0x00000000fea00000| Untracked 
|  43|0x00000000feb00000, 0x00000000feb00000, 0x00000000fec00000|  0%| F|  |TAMS 0x00000000feb00000| PB 0x00000000feb00000| Untracked 
|  44|0x00000000fec00000, 0x00000000fec00000, 0x00000000fed00000|  0%| F|  |TAMS 0x00000000fec00000| PB 0x00000000fec00000| Untracked 
|  45|0x00000000fed00000, 0x00000000fed00000, 0x00000000fee00000|  0%| F|  |TAMS 0x00000000fed00000| PB 0x00000000fed00000| Untracked 
|  46|0x00000000fee00000, 0x00000000fee00000, 0x00000000fef00000|  0%| F|  |TAMS 0x00000000fee00000| PB 0x00000000fee00000| Untracked 
|  47|0x00000000fef00000, 0x00000000fef00000, 0x00000000ff000000|  0%| F|  |TAMS 0x00000000fef00000| PB 0x00000000fef00000| Untracked 
|  48|0x00000000ff000000, 0x00000000ff000000, 0x00000000ff100000|  0%| F|  |TAMS 0x00000000ff000000| PB 0x00000000ff000000| Untracked 
|  49|0x00000000ff100000, 0x00000000ff100000, 0x00000000ff200000|  0%| F|  |TAMS 0x00000000ff100000| PB 0x00000000ff100000| Untracked 
|  50|0x00000000ff200000, 0x00000000ff200000, 0x00000000ff300000|  0%| F|  |TAMS 0x00000000ff200000| PB 0x00000000ff200000| Untracked 
|  51|0x00000000ff300000, 0x00000000ff381d70, 0x00000000ff400000| 50%| E|  |TAMS 0x00000000ff300000| PB 0x00000000ff300000| Complete 
|  52|0x00000000ff400000, 0x00000000ff500000, 0x00000000ff500000|100%| E|CS|TAMS 0x00000000ff400000| PB 0x00000000ff400000| Complete 
|  53|0x00000000ff500000, 0x00000000ff600000, 0x00000000ff600000|100%| E|CS|TAMS 0x00000000ff500000| PB 0x00000000ff500000| Complete 
|  54|0x00000000ff600000, 0x00000000ff700000, 0x00000000ff700000|100%| E|CS|TAMS 0x00000000ff600000| PB 0x00000000ff600000| Complete 
|  55|0x00000000ff700000, 0x00000000ff800000, 0x00000000ff800000|100%| E|CS|TAMS 0x00000000ff700000| PB 0x00000000ff700000| Complete 
|  56|0x00000000ff800000, 0x00000000ff900000, 0x00000000ff900000|100%| E|CS|TAMS 0x00000000ff800000| PB 0x00000000ff800000| Complete 
|  57|0x00000000ff900000, 0x00000000ffa00000, 0x00000000ffa00000|100%| E|CS|TAMS 0x00000000ff900000| PB 0x00000000ff900000| Complete 
|  58|0x00000000ffa00000, 0x00000000ffb00000, 0x00000000ffb00000|100%| E|CS|TAMS 0x00000000ffa00000| PB 0x00000000ffa00000| Complete 
|  59|0x00000000ffb00000, 0x00000000ffc00000, 0x00000000ffc00000|100%| E|CS|TAMS 0x00000000ffb00000| PB 0x00000000ffb00000| Complete 
|  60|0x00000000ffc00000, 0x00000000ffd00000, 0x00000000ffd00000|100%| E|CS|TAMS 0x00000000ffc00000| PB 0x00000000ffc00000| Complete 
|  61|0x00000000ffd00000, 0x00000000ffe00000, 0x00000000ffe00000|100%| E|CS|TAMS 0x00000000ffd00000| PB 0x00000000ffd00000| Complete 
|  62|0x00000000ffe00000, 0x00000000fff00000, 0x00000000fff00000|100%| E|CS|TAMS 0x00000000ffe00000| PB 0x00000000ffe00000| Complete 
|  63|0x00000000fff00000, 0x0000000100000000, 0x0000000100000000|100%| E|CS|TAMS 0x00000000fff00000| PB 0x00000000fff00000| Complete 

Card table byte_map: [0x000001fafeb50000,0x000001fafeb70000] _byte_map_base: 0x000001fafe370000

Marking Bits: (CMBitMap*) 0x000001faff778230
 Bits: [0x000001faffd90000, 0x000001faffe90000)

Polling page: 0x000001fafeb00000

Metaspace:

Usage:
  Non-class:      8.79 MB used.
      Class:      1.28 MB used.
       Both:     10.07 MB used.

Virtual space:
  Non-class space:       64.00 MB reserved,       9.00 MB ( 14%) committed,  1 nodes.
      Class space:        1.00 GB reserved,       1.44 MB ( <1%) committed,  1 nodes.
             Both:        1.06 GB reserved,      10.44 MB ( <1%) committed. 

Chunk freelists:
   Non-Class:  6.11 MB
       Class:  14.47 MB
        Both:  20.58 MB

MaxMetaspaceSize: unlimited
CompressedClassSpaceSize: 1.00 GB
Initial GC threshold: 21.00 MB
Current GC threshold: 21.00 MB
CDS: on
 - commit_granule_bytes: 65536.
 - commit_granule_words: 8192.
 - virtual_space_node_default_size: 8388608.
 - enlarge_chunks_in_place: 1.
 - use_allocation_guard: 0.


Internal statistics:

num_allocs_failed_limit: 0.
num_arena_births: 240.
num_arena_deaths: 0.
num_vsnodes_births: 2.
num_vsnodes_deaths: 0.
num_space_committed: 167.
num_space_uncommitted: 0.
num_chunks_returned_to_freelist: 0.
num_chunks_taken_from_freelist: 561.
num_chunk_merges: 0.
num_chunk_splits: 352.
num_chunks_enlarged: 254.
num_inconsistent_stats: 0.

CodeHeap 'non-profiled nmethods': size=120000Kb used=934Kb max_used=934Kb free=119065Kb
 bounds [0x000001fa912c0000, 0x000001fa91530000, 0x000001fa987f0000]
CodeHeap 'profiled nmethods': size=120000Kb used=4066Kb max_used=4066Kb free=115933Kb
 bounds [0x000001fa897f0000, 0x000001fa89bf0000, 0x000001fa90d20000]
CodeHeap 'non-nmethods': size=5760Kb used=1394Kb max_used=1434Kb free=4365Kb
 bounds [0x000001fa90d20000, 0x000001fa90f90000, 0x000001fa912c0000]
 total_blobs=2661 nmethods=2168 adapters=398
 compilation: enabled
              stopped_count=0, restarted_count=0
 full_count=0

Compilation events (20 events):
Event: 54.906 Thread 0x000001fa9b2bdd40 nmethod 2159 0x000001fa89be6790 code [0x000001fa89be6940, 0x000001fa89be6a78]
Event: 58.407 Thread 0x000001fa9b2bdd40 2160       1       org.gradle.internal.operations.BuildOperationCategory::isShowHeader (5 bytes)
Event: 58.407 Thread 0x000001fa9b2bdd40 nmethod 2160 0x000001fa913a8390 code [0x000001fa913a8520, 0x000001fa913a85f0]
Event: 58.407 Thread 0x000001fa9b2bdd40 2161       1       org.gradle.internal.logging.sink.GroupingProgressLogEventGenerator::access$800 (5 bytes)
Event: 58.407 Thread 0x000001fa9b2bdd40 nmethod 2161 0x000001fa913a8690 code [0x000001fa913a8820, 0x000001fa913a88d0]
Event: 61.003 Thread 0x000001fa9b2bcb00 2162       4       jdk.internal.misc.Unsafe::putReferenceOpaque (9 bytes)
Event: 61.005 Thread 0x000001fa9b2bcb00 nmethod 2162 0x000001fa913a8990 code [0x000001fa913a8b20, 0x000001fa913a8c78]
Event: 64.604 Thread 0x000001fa9b2bdd40 2163   !   3       org.apache.commons.io.output.ProxyOutputStream::flush (17 bytes)
Event: 64.605 Thread 0x000001fa9b2bdd40 nmethod 2163 0x000001fa89be6b90 code [0x000001fa89be6d40, 0x000001fa89be7030]
Event: 64.605 Thread 0x000001fa9b2bdd40 2164       3       java.util.concurrent.ScheduledThreadPoolExecutor$ScheduledFutureTask::setNextRunTime (38 bytes)
Event: 64.605 Thread 0x000001fa9b2bdd40 nmethod 2164 0x000001fa89be7190 code [0x000001fa89be7340, 0x000001fa89be7570]
Event: 64.605 Thread 0x000001fa9b2bdd40 2165       3       java.util.concurrent.ScheduledThreadPoolExecutor::reExecutePeriodic (49 bytes)
Event: 64.605 Thread 0x000001fa9b2bdd40 nmethod 2165 0x000001fa89be7690 code [0x000001fa89be78c0, 0x000001fa89be7f48]
Event: 64.713 Thread 0x000001fa9b2bdd40 2166   !   3       java.util.concurrent.locks.AbstractQueuedSynchronizer::tryInitializeHead (66 bytes)
Event: 64.713 Thread 0x000001fa9b2bdd40 nmethod 2166 0x000001fa89be8190 code [0x000001fa89be8380, 0x000001fa89be8938]
Event: 68.905 Thread 0x000001fa9b2bcb00 2167       4       java.nio.ByteBuffer::position (6 bytes)
Event: 68.906 Thread 0x000001fa9b2bcb00 nmethod 2167 0x000001fa913a8d10 code [0x000001fa913a8ea0, 0x000001fa913a8fc0]
Event: 71.807 Thread 0x000001fa9b2bcb00 2168       4       java.util.HashMap$HashIterator::nextNode (100 bytes)
Event: 71.811 Thread 0x000001fa9b2bcb00 nmethod 2168 0x000001fa913a9110 code [0x000001fa913a92c0, 0x000001fa913a96f8]
Event: 73.110 Thread 0x000001fa9b2bcb00 2169       4       java.io.OutputStreamWriter::append (6 bytes)

GC Heap History (4 events):
Event: 0.308 GC heap before
{Heap before GC invocations=0 (full 0):
 garbage-first heap   total 65536K, used 22528K [0x00000000fc000000, 0x0000000100000000)
  region size 1024K, 23 young (23552K), 0 survivors (0K)
 Metaspace       used 1590K, committed 1792K, reserved 1114112K
  class space    used 147K, committed 256K, reserved 1048576K
}
Event: 0.310 GC heap after
{Heap after GC invocations=1 (full 0):
 garbage-first heap   total 65536K, used 1824K [0x00000000fc000000, 0x0000000100000000)
  region size 1024K, 2 young (2048K), 2 survivors (2048K)
 Metaspace       used 1590K, committed 1792K, reserved 1114112K
  class space    used 147K, committed 256K, reserved 1048576K
}
Event: 0.770 GC heap before
{Heap before GC invocations=1 (full 0):
 garbage-first heap   total 65536K, used 38688K [0x00000000fc000000, 0x0000000100000000)
  region size 1024K, 35 young (35840K), 2 survivors (2048K)
 Metaspace       used 8533K, committed 8768K, reserved 1114112K
  class space    used 1130K, committed 1216K, reserved 1048576K
}
Event: 0.774 GC heap after
{Heap after GC invocations=2 (full 0):
 garbage-first heap   total 65536K, used 12201K [0x00000000fc000000, 0x0000000100000000)
  region size 1024K, 5 young (5120K), 5 survivors (5120K)
 Metaspace       used 8533K, committed 8768K, reserved 1114112K
  class space    used 1130K, committed 1216K, reserved 1048576K
}

Dll operation events (13 events):
Event: 0.004 Loaded shared library C:\Program Files\Java\jdk-21.0.10\bin\java.dll
Event: 0.023 Loaded shared library C:\Program Files\Java\jdk-21.0.10\bin\jsvml.dll
Event: 0.035 Loaded shared library C:\Program Files\Java\jdk-21.0.10\bin\net.dll
Event: 0.036 Loaded shared library C:\Program Files\Java\jdk-21.0.10\bin\nio.dll
Event: 0.038 Loaded shared library C:\Program Files\Java\jdk-21.0.10\bin\zip.dll
Event: 0.041 Loaded shared library C:\Program Files\Java\jdk-21.0.10\bin\verify.dll
Event: 0.313 Loaded shared library C:\Program Files\Java\jdk-21.0.10\bin\jimage.dll
Event: 0.534 Loaded shared library C:\Program Files\Java\jdk-21.0.10\bin\management.dll
Event: 0.536 Loaded shared library C:\Program Files\Java\jdk-21.0.10\bin\management_ext.dll
Event: 0.565 Loaded shared library C:\Users\none\.gradle\native\660c5614fbf4a5f2a75b1949f50a0caf5cd603558e7d8a26e50b933a0cfb79d1\windows-amd64\native-platform.dll
Event: 0.588 Loaded shared library C:\Users\none\.gradle\native\jansi\1.18\windows64\jansi.dll
Event: 0.685 Loaded shared library C:\Program Files\Java\jdk-21.0.10\bin\extnet.dll
Event: 0.819 Loaded shared library C:\Program Files\Java\jdk-21.0.10\bin\sunmscapi.dll

Deoptimization events (20 events):
Event: 31.905 Thread 0x000001fa9b2b2430 DEOPT PACKING pc=0x000001fa89bbbc0a sp=0x00000077f1dfea20
Event: 31.905 Thread 0x000001fa9b2b2430 DEOPT UNPACKING pc=0x000001fa90d74e42 sp=0x00000077f1dfde90 mode 0
Event: 32.218 Thread 0x000001fafe83bc30 DEOPT PACKING pc=0x000001fa89bbab5d sp=0x00000077f06fdea0
Event: 32.218 Thread 0x000001fafe83bc30 DEOPT UNPACKING pc=0x000001fa90d74e42 sp=0x00000077f06fd338 mode 0
Event: 32.514 Thread 0x000001fa9b2b2430 DEOPT PACKING pc=0x000001fa89bbbc0a sp=0x00000077f1dfe4c0
Event: 32.514 Thread 0x000001fa9b2b2430 DEOPT UNPACKING pc=0x000001fa90d74e42 sp=0x00000077f1dfd930 mode 0
Event: 39.014 Thread 0x000001fafe83bc30 DEOPT PACKING pc=0x000001fa89bbab5d sp=0x00000077f06fdd80
Event: 39.014 Thread 0x000001fafe83bc30 DEOPT UNPACKING pc=0x000001fa90d74e42 sp=0x00000077f06fd218 mode 0
Event: 39.111 Thread 0x000001fa9b2b2430 DEOPT PACKING pc=0x000001fa89bbbc0a sp=0x00000077f1dfe440
Event: 39.111 Thread 0x000001fa9b2b2430 DEOPT UNPACKING pc=0x000001fa90d74e42 sp=0x00000077f1dfd8b0 mode 0
Event: 39.486 Thread 0x000001fafe83bc30 DEOPT PACKING pc=0x000001fa89bbab5d sp=0x00000077f06fdd80
Event: 39.486 Thread 0x000001fafe83bc30 DEOPT UNPACKING pc=0x000001fa90d74e42 sp=0x00000077f06fd218 mode 0
Event: 39.502 Thread 0x000001fa9b2b2430 DEOPT PACKING pc=0x000001fa89bbbc0a sp=0x00000077f1dfe440
Event: 39.502 Thread 0x000001fa9b2b2430 DEOPT UNPACKING pc=0x000001fa90d74e42 sp=0x00000077f1dfd8b0 mode 0
Event: 39.704 Thread 0x000001fafe83bc30 DEOPT PACKING pc=0x000001fa89bbab5d sp=0x00000077f06fdd80
Event: 39.704 Thread 0x000001fafe83bc30 DEOPT UNPACKING pc=0x000001fa90d74e42 sp=0x00000077f06fd218 mode 0
Event: 39.897 Thread 0x000001fa9b2b2430 DEOPT PACKING pc=0x000001fa89bbbc0a sp=0x00000077f1dfe440
Event: 39.897 Thread 0x000001fa9b2b2430 DEOPT UNPACKING pc=0x000001fa90d74e42 sp=0x00000077f1dfd8b0 mode 0
Event: 41.619 Thread 0x000001fafe83bc30 DEOPT PACKING pc=0x000001fa89bbab5d sp=0x00000077f06fdd80
Event: 41.619 Thread 0x000001fafe83bc30 DEOPT UNPACKING pc=0x000001fa90d74e42 sp=0x00000077f06fd218 mode 0

Classes loaded (20 events):
Event: 1.106 Loading class jdk/internal/logger/LazyLoggers$1
Event: 1.106 Loading class jdk/internal/logger/LazyLoggers$1 done
Event: 1.106 Loading class jdk/internal/logger/LazyLoggers$LazyLoggerFactories
Event: 1.106 Loading class jdk/internal/logger/LazyLoggers$LazyLoggerFactories done
Event: 1.106 Loading class jdk/internal/logger/LoggerFinderLoader
Event: 1.106 Loading class jdk/internal/logger/LoggerFinderLoader done
Event: 1.106 Loading class jdk/internal/logger/LoggerFinderLoader$TemporaryLoggerFinder
Event: 1.107 Loading class jdk/internal/logger/LoggerFinderLoader$TemporaryLoggerFinder done
Event: 1.107 Loading class sun/util/logging/internal/LoggingProviderImpl$JULWrapper
Event: 1.107 Loading class sun/util/logging/PlatformLogger$ConfigurableBridge$LoggerConfiguration
Event: 1.107 Loading class sun/util/logging/PlatformLogger$ConfigurableBridge$LoggerConfiguration done
Event: 1.107 Loading class sun/util/logging/internal/LoggingProviderImpl$JULWrapper done
Event: 1.107 Loading class java/io/ObjectInputFilter$Config$BuiltinFilterFactory
Event: 1.107 Loading class java/io/ObjectInputFilter$Config$BuiltinFilterFactory done
Event: 1.107 Loading class jdk/internal/access/JavaObjectInputFilterAccess
Event: 1.107 Loading class jdk/internal/access/JavaObjectInputFilterAccess done
Event: 1.108 Loading class java/lang/System$Logger$Level
Event: 1.108 Loading class java/lang/System$Logger$Level done
Event: 7.724 Loading class java/lang/invoke/MethodHandle$1
Event: 7.724 Loading class java/lang/invoke/MethodHandle$1 done

Classes unloaded (0 events):
No events

Classes redefined (0 events):
No events

Internal exceptions (20 events):
Event: 0.447 Thread 0x000001fafe83bc30 Exception <a 'java/lang/NoSuchMethodError'{0x00000000ff58bc38}: 'java.lang.Object java.lang.invoke.DirectMethodHandle$Holder.invokeInterface(java.lang.Object, java.lang.Object)'> (0x00000000ff58bc38) 
thrown [s\open\src\hotspot\share\interpreter\linkResolver.cpp, line 773]
Event: 0.448 Thread 0x000001fafe83bc30 Exception <a 'java/lang/NoSuchMethodError'{0x00000000ff595fc0}: 'java.lang.Object java.lang.invoke.DirectMethodHandle$Holder.invokeVirtual(java.lang.Object, java.lang.Object, java.lang.Object)'> (0x00000000ff595fc0) 
thrown [s\open\src\hotspot\share\interpreter\linkResolver.cpp, line 773]
Event: 0.539 Thread 0x000001fafe83bc30 Exception <a 'java/lang/NoSuchMethodError'{0x00000000fef3a270}: 'int java.lang.invoke.DirectMethodHandle$Holder.invokeSpecial(java.lang.Object, java.lang.Object, java.lang.Object)'> (0x00000000fef3a270) 
thrown [s\open\src\hotspot\share\interpreter\linkResolver.cpp, line 773]
Event: 0.544 Thread 0x000001fafe83bc30 Implicit null exception at 0x000001fa9133083c to 0x000001fa91330e80
Event: 0.572 Thread 0x000001fafe83bc30 Exception <a 'java/lang/NoSuchMethodError'{0x00000000fed4a580}: 'java.lang.Object java.lang.invoke.DirectMethodHandle$Holder.invokeStatic(java.lang.Object, java.lang.Object, int)'> (0x00000000fed4a580) 
thrown [s\open\src\hotspot\share\interpreter\linkResolver.cpp, line 773]
Event: 0.573 Thread 0x000001fafe83bc30 Exception <a 'java/lang/NoSuchMethodError'{0x00000000fed55a00}: 'void java.lang.invoke.DelegatingMethodHandle$Holder.delegate(java.lang.Object, java.lang.Object, int, java.lang.Object)'> (0x00000000fed55a00) 
thrown [s\open\src\hotspot\share\interpreter\linkResolver.cpp, line 773]
Event: 0.626 Thread 0x000001fafe83bc30 Exception <a 'java/lang/NoSuchMethodError'{0x00000000fe997b28}: 'java.lang.Object java.lang.invoke.DirectMethodHandle$Holder.newInvokeSpecial(java.lang.Object, java.lang.Object, java.lang.Object, java.lang.Object, java.lang.Object)'> (0x00000000fe997b28) 
thrown [s\open\src\hotspot\share\interpreter\linkResolver.cpp, line 773]
Event: 0.630 Thread 0x000001fafe83bc30 Exception <a 'java/lang/NoSuchMethodError'{0x00000000fe9fb810}: 'java.lang.Object java.lang.invoke.Invokers$Holder.invokeExact_MT(java.lang.Object, java.lang.Object, java.lang.Object, java.lang.Object, java.lang.Object)'> (0x00000000fe9fb810) 
thrown [s\open\src\hotspot\share\interpreter\linkResolver.cpp, line 773]
Event: 0.633 Thread 0x000001fafe83bc30 Exception <a 'java/lang/NoSuchMethodError'{0x00000000fe62eae8}: 'java.lang.Object java.lang.invoke.DirectMethodHandle$Holder.invokeVirtual(java.lang.Object, java.lang.Object, java.lang.Object, java.lang.Object, java.lang.Object, java.lang.Object, java.lang.Object)'> (0x00000000fe62eae8) 
thrown [s\open\src\hotspot\share\interpreter\linkResolver.cpp, line 773]
Event: 0.637 Thread 0x000001fafe83bc30 Exception <a 'java/lang/NoSuchMethodError'{0x00000000fe6734b0}: 'java.lang.Object java.lang.invoke.DirectMethodHandle$Holder.invokeVirtual(java.lang.Object, java.lang.Object, java.lang.Object, java.lang.Object)'> (0x00000000fe6734b0) 
thrown [s\open\src\hotspot\share\interpreter\linkResolver.cpp, line 773]
Event: 0.686 Thread 0x000001fafe83bc30 Exception <a 'java/lang/NoSuchMethodError'{0x00000000fe354238}: 'void java.lang.invoke.DirectMethodHandle$Holder.invokeStatic(java.lang.Object, java.lang.Object, java.lang.Object)'> (0x00000000fe354238) 
thrown [s\open\src\hotspot\share\interpreter\linkResolver.cpp, line 773]
Event: 0.695 Thread 0x000001fafe83bc30 Exception <a 'java/lang/NoSuchMethodError'{0x00000000fe221540}: 'java.lang.Object java.lang.invoke.DirectMethodHandle$Holder.invokeVirtual(java.lang.Object, java.lang.Object, java.lang.Object, java.lang.Object, java.lang.Object)'> (0x00000000fe221540) 
thrown [s\open\src\hotspot\share\interpreter\linkResolver.cpp, line 773]
Event: 0.696 Thread 0x000001fafe83bc30 Exception <a 'java/lang/NoSuchMethodError'{0x00000000fe234180}: 'java.lang.Object java.lang.invoke.Invokers$Holder.invokeExact_MT(java.lang.Object, java.lang.Object, java.lang.Object, java.lang.Object, java.lang.Object, java.lang.Object)'> (0x00000000fe234180) 
thrown [s\open\src\hotspot\share\interpreter\linkResolver.cpp, line 773]
Event: 0.721 Thread 0x000001fafe83bc30 Exception <a 'java/lang/NoSuchMethodError'{0x00000000fe0bfd50}: 'java.lang.Object java.lang.invoke.DirectMethodHandle$Holder.invokeVirtual(java.lang.Object, java.lang.Object, java.lang.Object, java.lang.Object, java.lang.Object, java.lang.Object, java.lang.Object, java.lang.Object, java.lang.Object)'> (0x00000000fe0bfd50) 
thrown [s\open\src\hotspot\share\interpreter\linkResolver.cpp, line 773]
Event: 0.750 Thread 0x000001fafe83bc30 Exception <a 'java/lang/NoSuchMethodError'{0x00000000fdd08a68}: 'java.lang.Object java.lang.invoke.DirectMethodHandle$Holder.invokeVirtual(java.lang.Object, java.lang.Object, java.lang.Object, java.lang.Object, java.lang.Object, java.lang.Object, java.lang.Object, java.lang.Object)'> (0x00000000fdd08a68) 
thrown [s\open\src\hotspot\share\interpreter\linkResolver.cpp, line 773]
Event: 0.757 Thread 0x000001fafe83bc30 Exception <a 'java/lang/NoSuchMethodError'{0x00000000fdd95518}: 'java.lang.Object java.lang.invoke.DirectMethodHandle$Holder.invokeStaticInit(java.lang.Object, int, int, int, int)'> (0x00000000fdd95518) 
thrown [s\open\src\hotspot\share\interpreter\linkResolver.cpp, line 773]
Event: 0.765 Thread 0x000001fafe83bc30 Exception <a 'java/lang/NoSuchMethodError'{0x00000000fddb8d98}: 'java.lang.Object java.lang.invoke.DirectMethodHandle$Holder.invokeStaticInit(java.lang.Object, java.lang.Object, int, int, int, int)'> (0x00000000fddb8d98) 
thrown [s\open\src\hotspot\share\interpreter\linkResolver.cpp, line 773]
Event: 0.784 Thread 0x000001fafe83bc30 Implicit null exception at 0x000001fa9130e924 to 0x000001fa9130ef78
Event: 0.785 Thread 0x000001fafe83bc30 Implicit null exception at 0x000001fa91318ca0 to 0x000001fa913192ec
Event: 0.788 Thread 0x000001fafe83bc30 Exception <a 'java/lang/NoSuchMethodError'{0x00000000fffbc388}: 'void java.lang.invoke.DirectMethodHandle$Holder.invokeInterface(java.lang.Object, java.lang.Object, java.lang.Object)'> (0x00000000fffbc388) 
thrown [s\open\src\hotspot\share\interpreter\linkResolver.cpp, line 773]

ZGC Phase Switch (0 events):
No events

VM Operations (20 events):
Event: 39.172 Executing VM operation: Cleanup
Event: 39.172 Executing VM operation: Cleanup done
Event: 40.181 Executing VM operation: Cleanup
Event: 40.181 Executing VM operation: Cleanup done
Event: 45.234 Executing VM operation: Cleanup
Event: 45.234 Executing VM operation: Cleanup done
Event: 50.301 Executing VM operation: Cleanup
Event: 50.301 Executing VM operation: Cleanup done
Event: 52.306 Executing VM operation: Cleanup
Event: 52.306 Executing VM operation: Cleanup done
Event: 56.350 Executing VM operation: Cleanup
Event: 56.350 Executing VM operation: Cleanup done
Event: 60.260 Executing VM operation: HandshakeAllThreads (HandshakeForDeflation)
Event: 60.260 Executing VM operation: HandshakeAllThreads (HandshakeForDeflation) done
Event: 60.260 Executing VM operation: RendezvousGCThreads
Event: 60.260 Executing VM operation: RendezvousGCThreads done
Event: 65.293 Executing VM operation: Cleanup
Event: 65.293 Executing VM operation: Cleanup done
Event: 70.346 Executing VM operation: Cleanup
Event: 70.346 Executing VM operation: Cleanup done

Events (16 events):
Event: 0.013 Thread 0x000001fafe83bc30 Thread added: 0x000001fafe83bc30
Event: 0.022 Thread 0x000001faff826ee0 Thread added: 0x000001faff826ee0
Event: 0.022 Thread 0x000001faff827e00 Thread added: 0x000001faff827e00
Event: 0.022 Thread 0x000001faff82bb20 Thread added: 0x000001faff82bb20
Event: 0.022 Thread 0x000001faff82e8f0 Thread added: 0x000001faff82e8f0
Event: 0.022 Thread 0x000001fa9b2aeb40 Thread added: 0x000001fa9b2aeb40
Event: 0.023 Thread 0x000001fa9b2b3e70 Thread added: 0x000001fa9b2b3e70
Event: 0.023 Thread 0x000001fa9b2bcb00 Thread added: 0x000001fa9b2bcb00
Event: 0.023 Thread 0x000001fa9b2bdd40 Thread added: 0x000001fa9b2bdd40
Event: 0.032 Thread 0x000001fa9b2b3150 Thread added: 0x000001fa9b2b3150
Event: 0.033 Thread 0x000001fa9b2b4b90 Thread added: 0x000001fa9b2b4b90
Event: 0.241 Thread 0x000001fa9b747fe0 Thread added: 0x000001fa9b747fe0
Event: 0.307 Thread 0x000001fa9b6dd210 Thread added: 0x000001fa9b6dd210
Event: 0.601 Thread 0x000001fa9b2b2430 Thread added: 0x000001fa9b2b2430
Event: 1.102 Thread 0x000001fa9b6dd210 Thread exited: 0x000001fa9b6dd210
Event: 1.105 Thread 0x000001fa9b747fe0 Thread exited: 0x000001fa9b747fe0


Dynamic libraries:
0x00007ff6c5480000 - 0x00007ff6c5490000 	C:\Program Files\Java\jdk-21.0.10\bin\java.exe
0x00007ffb842b0000 - 0x00007ffb844a8000 	C:\Windows\SYSTEM32\ntdll.dll
0x00007ffb836b0000 - 0x00007ffb83772000 	C:\Windows\System32\KERNEL32.DLL
0x00007ffb81c60000 - 0x00007ffb81f56000 	C:\Windows\System32\KERNELBASE.dll
0x00007ffb82040000 - 0x00007ffb82140000 	C:\Windows\System32\ucrtbase.dll
0x00007ffb574f0000 - 0x00007ffb57509000 	C:\Program Files\Java\jdk-21.0.10\bin\jli.dll
0x00007ffb54c60000 - 0x00007ffb54c7e000 	C:\Program Files\Java\jdk-21.0.10\bin\VCRUNTIME140.dll
0x00007ffb835f0000 - 0x00007ffb836a1000 	C:\Windows\System32\ADVAPI32.dll
0x00007ffb83780000 - 0x00007ffb8381e000 	C:\Windows\System32\msvcrt.dll
0x00007ffb82f50000 - 0x00007ffb82fef000 	C:\Windows\System32\sechost.dll
0x00007ffb823b0000 - 0x00007ffb824d0000 	C:\Windows\System32\RPCRT4.dll
0x00007ffb82010000 - 0x00007ffb82037000 	C:\Windows\System32\bcrypt.dll
0x00007ffb839c0000 - 0x00007ffb83b61000 	C:\Windows\System32\USER32.dll
0x00007ffb82140000 - 0x00007ffb82162000 	C:\Windows\System32\win32u.dll
0x00007ffb67120000 - 0x00007ffb673bb000 	C:\Windows\WinSxS\amd64_microsoft.windows.common-controls_6595b64144ccf1df_6.0.19041.6456_none_60b8a6cb71f64256\COMCTL32.dll
0x00007ffb84040000 - 0x00007ffb8406b000 	C:\Windows\System32\GDI32.dll
0x00007ffb81ac0000 - 0x00007ffb81bd9000 	C:\Windows\System32\gdi32full.dll
0x00007ffb81a20000 - 0x00007ffb81abd000 	C:\Windows\System32\msvcp_win.dll
0x00007ffb780d0000 - 0x00007ffb780da000 	C:\Windows\SYSTEM32\VERSION.dll
0x00007ffb830a0000 - 0x00007ffb830cf000 	C:\Windows\System32\IMM32.DLL
0x00007ffb7ca90000 - 0x00007ffb7ca9c000 	C:\Program Files\Java\jdk-21.0.10\bin\vcruntime140_1.dll
0x00007ffb49390000 - 0x00007ffb4941d000 	C:\Program Files\Java\jdk-21.0.10\bin\msvcp140.dll
0x00007ffb44470000 - 0x00007ffb45197000 	C:\Program Files\Java\jdk-21.0.10\bin\server\jvm.dll
0x00007ffb84200000 - 0x00007ffb8426b000 	C:\Windows\System32\WS2_32.dll
0x00007ffb81680000 - 0x00007ffb816cb000 	C:\Windows\SYSTEM32\POWRPROF.dll
0x00007ffb76cb0000 - 0x00007ffb76cd7000 	C:\Windows\SYSTEM32\WINMM.dll
0x00007ffb81660000 - 0x00007ffb81672000 	C:\Windows\SYSTEM32\UMPDC.dll
0x00007ffb7f790000 - 0x00007ffb7f7a2000 	C:\Windows\SYSTEM32\kernel.appcore.dll
0x00007ffb7b070000 - 0x00007ffb7b07a000 	C:\Program Files\Java\jdk-21.0.10\bin\jimage.dll
0x00007ffb78da0000 - 0x00007ffb78fa1000 	C:\Windows\SYSTEM32\DBGHELP.DLL
0x00007ffb620b0000 - 0x00007ffb620e4000 	C:\Windows\SYSTEM32\dbgcore.DLL
0x00007ffb81990000 - 0x00007ffb81a12000 	C:\Windows\System32\bcryptPrimitives.dll
0x00007ffb52640000 - 0x00007ffb52661000 	C:\Program Files\Java\jdk-21.0.10\bin\java.dll
0x00007ffb82550000 - 0x00007ffb82cc0000 	C:\Windows\System32\SHELL32.dll
0x00007ffb7f9b0000 - 0x00007ffb80155000 	C:\Windows\SYSTEM32\windows.storage.dll
0x00007ffb830e0000 - 0x00007ffb83434000 	C:\Windows\System32\combase.dll
0x00007ffb81290000 - 0x00007ffb812bb000 	C:\Windows\SYSTEM32\Wldp.dll
0x00007ffb822d0000 - 0x00007ffb8239d000 	C:\Windows\System32\OLEAUT32.dll
0x00007ffb82ff0000 - 0x00007ffb8309d000 	C:\Windows\System32\SHCORE.dll
0x00007ffb83fe0000 - 0x00007ffb8403b000 	C:\Windows\System32\shlwapi.dll
0x00007ffb81870000 - 0x00007ffb81894000 	C:\Windows\SYSTEM32\profapi.dll
0x00007ffb47650000 - 0x00007ffb47727000 	C:\Program Files\Java\jdk-21.0.10\bin\jsvml.dll
0x00007ffb52db0000 - 0x00007ffb52dc1000 	C:\Program Files\Java\jdk-21.0.10\bin\net.dll
0x00007ffb7e140000 - 0x00007ffb7e24a000 	C:\Windows\SYSTEM32\WINHTTP.dll
0x00007ffb80ff0000 - 0x00007ffb8105a000 	C:\Windows\system32\mswsock.dll
0x00007ffb52c70000 - 0x00007ffb52c86000 	C:\Program Files\Java\jdk-21.0.10\bin\nio.dll
0x00007ffb52e20000 - 0x00007ffb52e38000 	C:\Program Files\Java\jdk-21.0.10\bin\zip.dll
0x00007ffb77a10000 - 0x00007ffb77a20000 	C:\Program Files\Java\jdk-21.0.10\bin\verify.dll
0x00007ffb65e10000 - 0x00007ffb65e1a000 	C:\Program Files\Java\jdk-21.0.10\bin\management.dll
0x00007ffb52630000 - 0x00007ffb5263c000 	C:\Program Files\Java\jdk-21.0.10\bin\management_ext.dll
0x00007ffb838a0000 - 0x00007ffb838a8000 	C:\Windows\System32\PSAPI.DLL
0x00007ffb4dce0000 - 0x00007ffb4dd07000 	C:\Users\none\.gradle\native\660c5614fbf4a5f2a75b1949f50a0caf5cd603558e7d8a26e50b933a0cfb79d1\windows-amd64\native-platform.dll
0x00007ffb7cab0000 - 0x00007ffb7caba000 	C:\Users\none\.gradle\native\jansi\1.18\windows64\jansi.dll
0x00007ffb80cd0000 - 0x00007ffb80d0b000 	C:\Windows\SYSTEM32\IPHLPAPI.DLL
0x00007ffb823a0000 - 0x00007ffb823a8000 	C:\Windows\System32\NSI.dll
0x00007ffb52620000 - 0x00007ffb52629000 	C:\Program Files\Java\jdk-21.0.10\bin\extnet.dll
0x00007ffb811f0000 - 0x00007ffb81208000 	C:\Windows\SYSTEM32\CRYPTSP.dll
0x00007ffb80910000 - 0x00007ffb80948000 	C:\Windows\system32\rsaenh.dll
0x00007ffb817f0000 - 0x00007ffb8181e000 	C:\Windows\SYSTEM32\USERENV.dll
0x00007ffb811e0000 - 0x00007ffb811ec000 	C:\Windows\SYSTEM32\CRYPTBASE.dll
0x00007ffb52570000 - 0x00007ffb5257e000 	C:\Program Files\Java\jdk-21.0.10\bin\sunmscapi.dll
0x00007ffb82170000 - 0x00007ffb822cd000 	C:\Windows\System32\CRYPT32.dll
0x00007ffb81300000 - 0x00007ffb81327000 	C:\Windows\SYSTEM32\ncrypt.dll
0x00007ffb812c0000 - 0x00007ffb812fb000 	C:\Windows\SYSTEM32\NTASN1.dll
0x00007ffb53820000 - 0x00007ffb53827000 	C:\Windows\system32\wshunix.dll

dbghelp: loaded successfully - version: 4.0.5 - missing functions: none
symbol engine: initialized successfully - sym options: 0x614 - pdb path: .;C:\Program Files\Java\jdk-21.0.10\bin;C:\Windows\SYSTEM32;C:\Windows\WinSxS\amd64_microsoft.windows.common-controls_6595b64144ccf1df_6.0.19041.6456_none_60b8a6cb71f64256;C:\Program Files\Java\jdk-21.0.10\bin\server;C:\Users\none\.gradle\native\660c5614fbf4a5f2a75b1949f50a0caf5cd603558e7d8a26e50b933a0cfb79d1\windows-amd64;C:\Users\none\.gradle\native\jansi\1.18\windows64

VM Arguments:
jvm_args: -Xmx64m -Xms64m -Dorg.gradle.appname=gradlew 
java_command: C:\MyMods\SableFloaters\\gradle\wrapper\gradle-wrapper.jar runClient
java_class_path (initial): C:\MyMods\SableFloaters\\gradle\wrapper\gradle-wrapper.jar
Launcher Type: SUN_STANDARD

[Global flags]
     intx CICompilerCount                          = 4                                         {product} {ergonomic}
     uint ConcGCThreads                            = 3                                         {product} {ergonomic}
     uint G1ConcRefinementThreads                  = 10                                        {product} {ergonomic}
   size_t G1HeapRegionSize                         = 1048576                                   {product} {ergonomic}
    uintx GCDrainStackTargetSize                   = 64                                        {product} {ergonomic}
   size_t InitialHeapSize                          = 67108864                                  {product} {command line}
   size_t MarkStackSize                            = 4194304                                   {product} {ergonomic}
   size_t MaxHeapSize                              = 67108864                                  {product} {command line}
   size_t MaxNewSize                               = 39845888                                  {product} {ergonomic}
   size_t MinHeapDeltaBytes                        = 1048576                                   {product} {ergonomic}
   size_t MinHeapSize                              = 67108864                                  {product} {command line}
    uintx NonNMethodCodeHeapSize                   = 5839372                                {pd product} {ergonomic}
    uintx NonProfiledCodeHeapSize                  = 122909434                              {pd product} {ergonomic}
    uintx ProfiledCodeHeapSize                     = 122909434                              {pd product} {ergonomic}
    uintx ReservedCodeCacheSize                    = 251658240                              {pd product} {ergonomic}
     bool SegmentedCodeCache                       = true                                      {product} {ergonomic}
   size_t SoftMaxHeapSize                          = 67108864                               {manageable} {ergonomic}
     bool UseCompressedOops                        = true                           {product lp64_product} {ergonomic}
     bool UseG1GC                                  = true                                      {product} {ergonomic}
     bool UseLargePagesIndividualAllocation        = false                                  {pd product} {ergonomic}

Logging:
Log output configuration:
 #0: stdout all=warning uptime,level,tags foldmultilines=false
 #1: stderr all=off uptime,level,tags foldmultilines=false

Environment Variables:
JAVA_HOME=C:\Program Files\Java\jdk-21.0.10
PATH=C:\Program Files\Common Files\Oracle\Java\javapath;C:\Program Files (x86)\Common Files\Oracle\Java\java8path;C:\Program Files (x86)\Common Files\Oracle\Java\javapath;C:\Windows\system32;C:\Windows;C:\Windows\System32\Wbem;C:\Windows\System32\WindowsPowerShell\v1.0\;C:\Windows\System32\OpenSSH\;C:\Program Files\dotnet\;C:\Program Files (x86)\ZeroTier\One\;C:\Program Files\Cloudflare\Cloudflare WARP\;C:\Program Files\Git\cmd;C:\Users\none\AppData\Local\Microsoft\WindowsApps;C:\Users\none\.dotnet\tools;C:\Users\none\AppData\Local\Programs\Microsoft VS Code\bin;C:\Users\none\AppData\Local\GitHubDesktop\bin;c:\Users\none\.vscode\extensions\vscjava.vscode-java-debug-0.59.0\bundled\scripts\noConfigScripts
USERNAME=none
LANG=en_US.UTF-8
OS=Windows_NT
PROCESSOR_IDENTIFIER=AMD64 Family 25 Model 80 Stepping 0, AuthenticAMD
TMP=C:\Users\none\AppData\Local\Temp
TEMP=C:\Users\none\AppData\Local\Temp




Periodic native trim disabled

---------------  S Y S T E M  ---------------

OS:
 Windows 10 , 64 bit Build 19041 (10.0.19041.5915)
OS uptime: 0 days 2:05 hours

CPU: total 12 (initial active 12) (12 cores per cpu, 2 threads per core) family 25 model 80 stepping 0 microcode 0x0, cx8, cmov, fxsr, ht, mmx, 3dnowpref, sse, sse2, sse3, ssse3, sse4a, sse4.1, sse4.2, popcnt, lzcnt, tsc, tscinvbit, avx, avx2, aes, erms, clmul, bmi1, bmi2, adx, sha, fma, vzeroupper, clflush, clflushopt, rdtscp, rdpid, fsrm, f16c, pku, cet_ss
Processor Information for all 12 processors :
  Max Mhz: 2301, Current Mhz: 2301, Mhz Limit: 2301

Memory: 4k page, system-wide physical 15751M (6525M free)
TotalPageFile size 27918M (AvailPageFile size 0M)
current process WorkingSet (physical memory assigned to process): 104M, peak: 126M
current process commit charge ("private bytes"): 175M, peak: 190M

vm_info: Java HotSpot(TM) 64-Bit Server VM (21.0.10+8-LTS-217) for windows-amd64 JRE (21.0.10+8-LTS-217), built on 2025-12-18T14:59:28Z by "mach5run" with MS VC++ 17.13 (VS2022)

END.
