#
# There is insufficient memory for the Java Runtime Environment to continue.
# Native memory allocation (malloc) failed to allocate 149792 bytes for Chunk::new
# Possible reasons:
#   The system is out of physical RAM or swap space
#   The process is running with CompressedOops enabled, and the Java Heap may be blocking the growth of the native heap
# Possible solutions:
#   Reduce memory load on the system
#   Increase physical memory or swap space
#   Check if swap backing store is full
#   Decrease Java heap size (-Xmx/-Xms)
#   Decrease number of Java threads
#   Decrease Java thread stack sizes (-Xss)
#   Set larger code cache with -XX:ReservedCodeCacheSize=
#   JVM is running with Unscaled Compressed Oops mode in which the Java heap is
#     placed in the first 4GB address space. The Java Heap base address is the
#     maximum limit for the native heap growth. Please use -XX:HeapBaseMinAddress
#     to set the Java Heap base and to place the Java Heap above 4GB virtual address.
# This output file may be truncated or incomplete.
#
#  Out of Memory Error (arena.cpp:168), pid=18984, tid=7272
#
# JRE version: Java(TM) SE Runtime Environment (21.0.10+8) (build 21.0.10+8-LTS-217)
# Java VM: Java HotSpot(TM) 64-Bit Server VM (21.0.10+8-LTS-217, mixed mode, sharing, tiered, compressed oops, compressed class ptrs, parallel gc, windows-amd64)
# No core dump will be written. Minidumps are not enabled by default on client versions of Windows
#

---------------  S U M M A R Y ------------

Command Line: --add-modules=ALL-SYSTEM --add-opens=java.base/java.util=ALL-UNNAMED --add-opens=java.base/java.lang=ALL-UNNAMED --add-opens=java.base/sun.nio.fs=ALL-UNNAMED -Declipse.application=org.eclipse.jdt.ls.core.id1 -Dosgi.bundles.defaultStartLevel=4 -Declipse.product=org.eclipse.jdt.ls.core.product -Djava.import.generatesMetadataFilesAtProjectRoot=false -DDetectVMInstallationsJob.disabled=true -Dfile.encoding=utf8 -XX:+UseParallelGC -XX:GCTimeRatio=4 -XX:AdaptiveSizePolicyWeight=90 -Dsun.zip.disableMemoryMapping=true -Xmx2G -Xms100m -Xlog:disable -javaagent:c:\Users\none\.vscode\extensions\redhat.java-1.54.0-win32-x64\lombok\lombok-1.18.39-4050.jar -XX:+HeapDumpOnOutOfMemoryError -XX:HeapDumpPath=c:\Users\none\AppData\Roaming\Code\User\workspaceStorage\ec290f4122ee9dff3e45155ad800a734\redhat.java -Daether.dependencyCollector.impl=bf c:\Users\none\.vscode\extensions\redhat.java-1.54.0-win32-x64\server\plugins\org.eclipse.equinox.launcher_1.7.100.v20251111-0406.jar -configuration c:\Users\none\AppData\Roaming\Code\User\globalStorage\redhat.java\1.54.0\config_win -data c:\Users\none\AppData\Roaming\Code\User\workspaceStorage\ec290f4122ee9dff3e45155ad800a734\redhat.java\jdt_ws --pipe=\\.\pipe\lsp-a87076123e1935836679fa756e764b6d-sock

Host: AMD Ryzen 5 7430U with Radeon Graphics         , 12 cores, 15G,  Windows 10 , 64 bit Build 19041 (10.0.19041.5915)
Time: Fri Jun 19 03:09:58 2026 elapsed time: 162.612995 seconds (0d 0h 2m 42s)

---------------  T H R E A D  ---------------

Current thread (0x0000020b2a57e370):  JavaThread "C2 CompilerThread1" daemon [_thread_in_native, id=7272, stack(0x0000006636100000,0x0000006636200000) (1024K)]


Current CompileTask:
C2: 162613 13433       4       java.io.DataOutputStream::writeInt (28 bytes)

Stack: [0x0000006636100000,0x0000006636200000]
Native frames: (J=compiled Java code, j=interpreted, Vv=VM code, C=native code)
V  [jvm.dll+0x6d0b59]
V  [jvm.dll+0x85fd56]
V  [jvm.dll+0x86224e]
V  [jvm.dll+0x862923]
V  [jvm.dll+0x282a16]
V  [jvm.dll+0xc662d]
V  [jvm.dll+0xc6b71]
V  [jvm.dll+0x3bbb5b]
V  [jvm.dll+0x1e38e9]
V  [jvm.dll+0x24b4c3]
V  [jvm.dll+0x24a94f]
V  [jvm.dll+0x1cacfe]
V  [jvm.dll+0x25a629]
V  [jvm.dll+0x258bb5]
V  [jvm.dll+0x3f4da1]
V  [jvm.dll+0x80a83d]
V  [jvm.dll+0x6cf3fd]
C  [ucrtbase.dll+0x21bb2]
C  [KERNEL32.DLL+0x17374]
C  [ntdll.dll+0x4cc91]


---------------  P R O C E S S  ---------------

Threads class SMR info:
_java_thread_list=0x0000020b205a3fe0, length=65, elements={
0x0000020ab90ccd00, 0x0000020ab919e1a0, 0x0000020ad4e1d150, 0x0000020ad4e20270,
0x0000020ad4e20ed0, 0x0000020ad4e21d80, 0x0000020ad4e29950, 0x0000020ad4e2e910,
0x0000020b1c009540, 0x0000020b1c1bae40, 0x0000020b1c5f50e0, 0x0000020b1c9a5580,
0x0000020b1ca41360, 0x0000020b1c53fc90, 0x0000020b1c912350, 0x0000020b1d35de40,
0x0000020b1cd39d60, 0x0000020b1d54fff0, 0x0000020b1d155230, 0x0000020b1d154ba0,
0x0000020b1d1558c0, 0x0000020b1d153e80, 0x0000020b1fb007d0, 0x0000020b1fafed90,
0x0000020b1fafe070, 0x0000020b1faff420, 0x0000020b1fb00e60, 0x0000020b1fafd9e0,
0x0000020b1fafd350, 0x0000020b1fafbfa0, 0x0000020b1fafe700, 0x0000020b1fafc630,
0x0000020b1faffab0, 0x0000020b1fb00140, 0x0000020b1faf9ed0, 0x0000020b1fb014f0,
0x0000020b1fafccc0, 0x0000020b1fafa560, 0x0000020b1fafabf0, 0x0000020b1f220fa0,
0x0000020b1f2257d0, 0x0000020b1f225e60, 0x0000020b1f221630, 0x0000020b1f223700,
0x0000020b1f221cc0, 0x0000020b1f224ab0, 0x0000020b1f2264f0, 0x0000020b1f222350,
0x0000020b1f224420, 0x0000020b1f21fbf0, 0x0000020b1d153160, 0x0000020b1d1537f0,
0x0000020b2ad56b90, 0x0000020b2ad592f0, 0x0000020b2ad5b3c0, 0x0000020b2ad5ba50,
0x0000020b2ad54ac0, 0x0000020b2ad5a010, 0x0000020b2ad58c60, 0x0000020b2ad5c0e0,
0x0000020b2ad55150, 0x0000020b2ad55e70, 0x0000020b2ad557e0, 0x0000020b2a57e370,
0x0000020b2a57d5d0
}

Java Threads: ( => current thread )
  0x0000020ab90ccd00 JavaThread "main"                              [_thread_blocked, id=12104, stack(0x0000006636300000,0x0000006636400000) (1024K)]
  0x0000020ab919e1a0 JavaThread "Reference Handler"          daemon [_thread_blocked, id=18520, stack(0x0000006636700000,0x0000006636800000) (1024K)]
  0x0000020ad4e1d150 JavaThread "Finalizer"                  daemon [_thread_blocked, id=19832, stack(0x0000006636800000,0x0000006636900000) (1024K)]
  0x0000020ad4e20270 JavaThread "Signal Dispatcher"          daemon [_thread_blocked, id=3888, stack(0x0000006636900000,0x0000006636a00000) (1024K)]
  0x0000020ad4e20ed0 JavaThread "Attach Listener"            daemon [_thread_blocked, id=8044, stack(0x0000006636a00000,0x0000006636b00000) (1024K)]
  0x0000020ad4e21d80 JavaThread "Service Thread"             daemon [_thread_blocked, id=9664, stack(0x0000006636b00000,0x0000006636c00000) (1024K)]
  0x0000020ad4e29950 JavaThread "Monitor Deflation Thread"   daemon [_thread_blocked, id=18556, stack(0x0000006636c00000,0x0000006636d00000) (1024K)]
  0x0000020ad4e2e910 JavaThread "C2 CompilerThread0"         daemon [_thread_in_native, id=1384, stack(0x0000006636d00000,0x0000006636e00000) (1024K)]
  0x0000020b1c009540 JavaThread "C1 CompilerThread0"         daemon [_thread_blocked, id=18872, stack(0x0000006636e00000,0x0000006636f00000) (1024K)]
  0x0000020b1c1bae40 JavaThread "Common-Cleaner"             daemon [_thread_blocked, id=10380, stack(0x0000006637000000,0x0000006637100000) (1024K)]
  0x0000020b1c5f50e0 JavaThread "Notification Thread"        daemon [_thread_blocked, id=10392, stack(0x0000006637100000,0x0000006637200000) (1024K)]
  0x0000020b1c9a5580 JavaThread "Active Thread: Equinox Container: 6cf467d3-2a72-4de6-a6b7-4304af58109d"        [_thread_blocked, id=15960, stack(0x0000006637900000,0x0000006637a00000) (1024K)]
  0x0000020b1ca41360 JavaThread "Refresh Thread: Equinox Container: 6cf467d3-2a72-4de6-a6b7-4304af58109d" daemon [_thread_blocked, id=6792, stack(0x0000006637b00000,0x0000006637c00000) (1024K)]
  0x0000020b1c53fc90 JavaThread "Framework Event Dispatcher: Equinox Container: 6cf467d3-2a72-4de6-a6b7-4304af58109d" daemon [_thread_blocked, id=1184, stack(0x0000006637c00000,0x0000006637d00000) (1024K)]
  0x0000020b1c912350 JavaThread "Start Level: Equinox Container: 6cf467d3-2a72-4de6-a6b7-4304af58109d" daemon [_thread_blocked, id=17552, stack(0x0000006637d00000,0x0000006637e00000) (1024K)]
  0x0000020b1d35de40 JavaThread "Bundle File Closer"         daemon [_thread_blocked, id=16584, stack(0x0000006638000000,0x0000006638100000) (1024K)]
  0x0000020b1cd39d60 JavaThread "SCR Component Actor"        daemon [_thread_blocked, id=6048, stack(0x0000006636f00000,0x0000006637000000) (1024K)]
  0x0000020b1d54fff0 JavaThread "Worker-JM"                         [_thread_blocked, id=19924, stack(0x0000006638100000,0x0000006638200000) (1024K)]
  0x0000020b1d155230 JavaThread "JNA Cleaner"                daemon [_thread_blocked, id=17756, stack(0x0000006638300000,0x0000006638400000) (1024K)]
  0x0000020b1d154ba0 JavaThread "Worker-1"                          [_thread_blocked, id=14628, stack(0x0000006638500000,0x0000006638600000) (1024K)]
  0x0000020b1d1558c0 JavaThread "Java indexing"              daemon [_thread_blocked, id=21084, stack(0x0000006638700000,0x0000006638800000) (1024K)]
  0x0000020b1d153e80 JavaThread "Worker-3: Shutdown..."             [_thread_in_vm, id=11484, stack(0x0000006638800000,0x0000006638900000) (1024K)]
  0x0000020b1fb007d0 Thread "Unknown thread"                        [id=21016, stack(0x0000006638b00000,0x0000006638c00000) (1024K)]
  0x0000020b1fafed90 JavaThread "Thread-1"                   daemon [_thread_in_native, id=7064, stack(0x0000006638c00000,0x0000006638d00000) (1024K)]
  0x0000020b1fafe070 JavaThread "Thread-2"                   daemon [_thread_in_native, id=21432, stack(0x0000006638d00000,0x0000006638e00000) (1024K)]
  0x0000020b1faff420 JavaThread "Thread-3"                   daemon [_thread_in_native, id=9836, stack(0x0000006638e00000,0x0000006638f00000) (1024K)]
  0x0000020b1fb00e60 JavaThread "Thread-4"                   daemon [_thread_in_native, id=7224, stack(0x0000006638f00000,0x0000006639000000) (1024K)]
  0x0000020b1fafd9e0 JavaThread "Thread-5"                   daemon [_thread_in_native, id=8176, stack(0x0000006639000000,0x0000006639100000) (1024K)]
  0x0000020b1fafd350 JavaThread "Thread-6"                   daemon [_thread_in_native, id=15512, stack(0x0000006639100000,0x0000006639200000) (1024K)]
  0x0000020b1fafbfa0 JavaThread "Thread-7"                   daemon [_thread_in_native, id=19872, stack(0x0000006639200000,0x0000006639300000) (1024K)]
  0x0000020b1fafe700 JavaThread "Thread-8"                   daemon [_thread_in_native, id=16800, stack(0x0000006639300000,0x0000006639400000) (1024K)]
  0x0000020b1fafc630 JavaThread "Thread-9"                   daemon [_thread_in_native, id=13048, stack(0x0000006639400000,0x0000006639500000) (1024K)]
  0x0000020b1faffab0 JavaThread "Thread-10"                  daemon [_thread_in_native, id=14872, stack(0x0000006639500000,0x0000006639600000) (1024K)]
  0x0000020b1fb00140 JavaThread "Thread-11"                  daemon [_thread_in_native, id=16416, stack(0x0000006639600000,0x0000006639700000) (1024K)]
  0x0000020b1faf9ed0 JavaThread "Thread-12"                  daemon [_thread_in_native, id=5840, stack(0x0000006639700000,0x0000006639800000) (1024K)]
  0x0000020b1fb014f0 JavaThread "Thread-13"                  daemon [_thread_in_native, id=11248, stack(0x0000006639800000,0x0000006639900000) (1024K)]
  0x0000020b1fafccc0 JavaThread "pool-2-thread-1"                   [_thread_blocked, id=12704, stack(0x0000006639900000,0x0000006639a00000) (1024K)]
  0x0000020b1fafa560 JavaThread "WorkspaceEventsHandler"            [_thread_blocked, id=4988, stack(0x0000006639a00000,0x0000006639b00000) (1024K)]
  0x0000020b1fafabf0 JavaThread "pool-1-thread-1"                   [_thread_blocked, id=20076, stack(0x0000006639b00000,0x0000006639c00000) (1024K)]
  0x0000020b1f220fa0 JavaThread "pool-3-thread-1"                   [_thread_blocked, id=13788, stack(0x0000006639d00000,0x0000006639e00000) (1024K)]
  0x0000020b1f2257d0 JavaThread "ForkJoinPool.commonPool-worker-1" daemon [_thread_blocked, id=20672, stack(0x0000006639c00000,0x0000006639d00000) (1024K)]
  0x0000020b1f225e60 JavaThread "ForkJoinPool.commonPool-worker-2" daemon [_thread_blocked, id=11060, stack(0x0000006639e00000,0x0000006639f00000) (1024K)]
  0x0000020b1f221630 JavaThread "ForkJoinPool.commonPool-worker-3" daemon [_thread_blocked, id=16636, stack(0x0000006639f00000,0x000000663a000000) (1024K)]
  0x0000020b1f223700 JavaThread "ForkJoinPool.commonPool-worker-4" daemon [_thread_blocked, id=12192, stack(0x000000663a000000,0x000000663a100000) (1024K)]
  0x0000020b1f221cc0 JavaThread "ForkJoinPool.commonPool-worker-6" daemon [_thread_blocked, id=13084, stack(0x000000663a200000,0x000000663a300000) (1024K)]
  0x0000020b1f224ab0 JavaThread "ForkJoinPool.commonPool-worker-7" daemon [_thread_blocked, id=4040, stack(0x000000663a300000,0x000000663a400000) (1024K)]
  0x0000020b1f2264f0 JavaThread "ForkJoinPool.commonPool-worker-8" daemon [_thread_blocked, id=16732, stack(0x000000663a400000,0x000000663a500000) (1024K)]
  0x0000020b1f222350 JavaThread "ForkJoinPool.commonPool-worker-9" daemon [_thread_blocked, id=736, stack(0x000000663a500000,0x000000663a600000) (1024K)]
  0x0000020b1f224420 JavaThread "ForkJoinPool.commonPool-worker-10" daemon [_thread_blocked, id=7136, stack(0x000000663a600000,0x000000663a700000) (1024K)]
  0x0000020b1f21fbf0 JavaThread "ForkJoinPool.commonPool-worker-11" daemon [_thread_blocked, id=16588, stack(0x000000663a700000,0x000000663a800000) (1024K)]
  0x0000020b1d153160 JavaThread "Compiler Source File Reader" daemon [_thread_blocked, id=16000, stack(0x000000663a800000,0x000000663a900000) (1024K)]
  0x0000020b1d1537f0 JavaThread "Compiler Source File Reader" daemon [_thread_blocked, id=17692, stack(0x000000663a900000,0x000000663aa00000) (1024K)]
  0x0000020b2ad56b90 JavaThread "Compiler Source File Reader" daemon [_thread_blocked, id=11568, stack(0x000000663aa00000,0x000000663ab00000) (1024K)]
  0x0000020b2ad592f0 JavaThread "Compiler Source File Reader" daemon [_thread_blocked, id=19140, stack(0x000000663ab00000,0x000000663ac00000) (1024K)]
  0x0000020b2ad5b3c0 JavaThread "Compiler Source File Reader" daemon [_thread_blocked, id=5384, stack(0x000000663ac00000,0x000000663ad00000) (1024K)]
  0x0000020b2ad5ba50 JavaThread "Compiler Source File Reader" daemon [_thread_blocked, id=288, stack(0x000000663ad00000,0x000000663ae00000) (1024K)]
  0x0000020b2ad54ac0 JavaThread "Compiler Source File Reader" daemon [_thread_blocked, id=8404, stack(0x000000663ae00000,0x000000663af00000) (1024K)]
  0x0000020b2ad5a010 JavaThread "Compiler Source File Reader" daemon [_thread_blocked, id=16288, stack(0x000000663af00000,0x000000663b000000) (1024K)]
  0x0000020b2ad58c60 JavaThread "Cleaner-0"                  daemon [_thread_blocked, id=16444, stack(0x000000663b100000,0x000000663b200000) (1024K)]
  0x0000020b2ad5c0e0 JavaThread "Worker-7"                          [_thread_blocked, id=20500, stack(0x0000006636200000,0x0000006636300000) (1024K)]
  0x0000020b2ad55150 JavaThread "Compiler Source File Reader" daemon [_thread_blocked, id=3148, stack(0x0000006637200000,0x0000006637300000) (1024K)]
  0x0000020b2ad55e70 JavaThread "Compiler Source File Reader" daemon [_thread_blocked, id=16668, stack(0x0000006638400000,0x0000006638500000) (1024K)]
  0x0000020b2ad557e0 JavaThread "pool-4-thread-1"                   [_thread_blocked, id=20524, stack(0x0000006636000000,0x0000006636100000) (1024K)]
=>0x0000020b2a57e370 JavaThread "C2 CompilerThread1"         daemon [_thread_in_native, id=7272, stack(0x0000006636100000,0x0000006636200000) (1024K)]
  0x0000020b2a57d5d0 JavaThread "C2 CompilerThread2"         daemon [_thread_in_native, id=6988, stack(0x0000006638200000,0x0000006638300000) (1024K)]
Total: 65

Other Threads:
  0x0000020ad4e13930 VMThread "VM Thread"                           [id=12728, stack(0x0000006636600000,0x0000006636700000) (1024K)]
  0x0000020ab9134ec0 WatcherThread "VM Periodic Task Thread"        [id=15616, stack(0x0000006636500000,0x0000006636600000) (1024K)]
  0x0000020ab90ea7f0 WorkerThread "GC Thread#0"                     [id=16648, stack(0x0000006636400000,0x0000006636500000) (1024K)]
  0x0000020b1cb7a030 WorkerThread "GC Thread#1"                     [id=14960, stack(0x0000006637300000,0x0000006637400000) (1024K)]
  0x0000020b1c39bd90 WorkerThread "GC Thread#2"                     [id=7544, stack(0x0000006637400000,0x0000006637500000) (1024K)]
  0x0000020b1c39c140 WorkerThread "GC Thread#3"                     [id=10096, stack(0x0000006637500000,0x0000006637600000) (1024K)]
  0x0000020b1c39c4f0 WorkerThread "GC Thread#4"                     [id=16580, stack(0x0000006637600000,0x0000006637700000) (1024K)]
  0x0000020b1c39d0b0 WorkerThread "GC Thread#5"                     [id=15740, stack(0x0000006637700000,0x0000006637800000) (1024K)]
  0x0000020b1c778c20 WorkerThread "GC Thread#6"                     [id=712, stack(0x0000006637800000,0x0000006637900000) (1024K)]
  0x0000020b1ce7b630 WorkerThread "GC Thread#7"                     [id=18456, stack(0x0000006637a00000,0x0000006637b00000) (1024K)]
  0x0000020b1cf3e8a0 WorkerThread "GC Thread#8"                     [id=7132, stack(0x0000006637e00000,0x0000006637f00000) (1024K)]
  0x0000020b1cf3ec50 WorkerThread "GC Thread#9"                     [id=2120, stack(0x0000006637f00000,0x0000006638000000) (1024K)]
Total: 12

Threads with active compile tasks:
C2 CompilerThread0   162647 13450       4       org.eclipse.core.internal.dtree.DataTreeWriter::writeNode (182 bytes)
C1 CompilerThread0   162647 13455       3       org.eclipse.osgi.internal.log.EquinoxLogWriter::appendPaddedInt (76 bytes)
C2 CompilerThread1   162647 13433       4       java.io.DataOutputStream::writeInt (28 bytes)
C2 CompilerThread2   162647 13449       4       org.eclipse.core.runtime.Path::equals (127 bytes)
Total: 4

VM state: not at safepoint (normal execution)

VM Mutex/Monitor currently owned by a thread: None

Heap address: 0x0000000080000000, size: 2048 MB, Compressed Oops mode: 32-bit

CDS archive(s) mapped at: [0x0000020ad5000000-0x0000020ad5c90000-0x0000020ad5c90000), size 13172736, SharedBaseAddress: 0x0000020ad5000000, ArchiveRelocationMode: 1.
Compressed class space mapped at: 0x0000020ad6000000-0x0000020b16000000, reserved size: 1073741824
Narrow klass base: 0x0000020ad5000000, Narrow klass shift: 0, Narrow klass range: 0x100000000

GC Precious Log:
 CardTable entry size: 512
 CPUs: 12 total, 12 available
 Memory: 15751M
 Large Page Support: Disabled
 NUMA Support: Disabled
 Compressed Oops: Enabled (32-bit)
 Alignments: Space 512K, Generation 512K, Heap 2M
 Heap Min Capacity: 100M
 Heap Initial Capacity: 100M
 Heap Max Capacity: 2G
 Pre-touch: Disabled
 Parallel Workers: 10

Heap:
 PSYoungGen      total 80384K, used 66547K [0x00000000d5580000, 0x00000000db900000, 0x0000000100000000)
  eden space 69120K, 80% used [0x00000000d5580000,0x00000000d8bb1248,0x00000000d9900000)
  from space 11264K, 98% used [0x00000000d9a80000,0x00000000da54ba70,0x00000000da580000)
  to   space 16384K, 0% used [0x00000000da900000,0x00000000da900000,0x00000000db900000)
 ParOldGen       total 266752K, used 246333K [0x0000000080000000, 0x0000000090480000, 0x00000000d5580000)
  object space 266752K, 92% used [0x0000000080000000,0x000000008f08f560,0x0000000090480000)
 Metaspace       used 71673K, committed 73216K, reserved 1114112K
  class space    used 7315K, committed 7936K, reserved 1048576K

Card table byte_map: [0x0000020ab8ab0000,0x0000020ab8ec0000] _byte_map_base: 0x0000020ab86b0000

Marking Bits: (ParMarkBitMap*) 0x00007ffb450bee60
 Begin Bits: [0x0000020ad0830000, 0x0000020ad2830000)
 End Bits:   [0x0000020ad2830000, 0x0000020ad4830000)

Polling page: 0x0000020ab88a0000

Metaspace:

Usage:
  Non-class:     62.85 MB used.
      Class:      7.14 MB used.
       Both:     69.99 MB used.

Virtual space:
  Non-class space:       64.00 MB reserved,      63.75 MB (>99%) committed,  1 nodes.
      Class space:        1.00 GB reserved,       7.75 MB ( <1%) committed,  1 nodes.
             Both:        1.06 GB reserved,      71.50 MB (  7%) committed. 

Chunk freelists:
   Non-Class:  135.00 KB
       Class:  8.22 MB
        Both:  8.35 MB

MaxMetaspaceSize: unlimited
CompressedClassSpaceSize: 1.00 GB
Initial GC threshold: 21.00 MB
Current GC threshold: 83.56 MB
CDS: on
 - commit_granule_bytes: 65536.
 - commit_granule_words: 8192.
 - virtual_space_node_default_size: 8388608.
 - enlarge_chunks_in_place: 1.
 - use_allocation_guard: 0.


Internal statistics:

num_allocs_failed_limit: 6.
num_arena_births: 1286.
num_arena_deaths: 22.
num_vsnodes_births: 2.
num_vsnodes_deaths: 0.
num_space_committed: 1144.
num_space_uncommitted: 0.
num_chunks_returned_to_freelist: 31.
num_chunks_taken_from_freelist: 4748.
num_chunk_merges: 12.
num_chunk_splits: 2895.
num_chunks_enlarged: 1611.
num_inconsistent_stats: 0.

CodeHeap 'non-profiled nmethods': size=120000Kb used=11101Kb max_used=11101Kb free=108899Kb
 bounds [0x0000020ac9050000, 0x0000020ac9b30000, 0x0000020ad0580000]
CodeHeap 'profiled nmethods': size=120000Kb used=25891Kb max_used=25891Kb free=94108Kb
 bounds [0x0000020ac1580000, 0x0000020ac2ed0000, 0x0000020ac8ab0000]
CodeHeap 'non-nmethods': size=5760Kb used=1481Kb max_used=1543Kb free=4278Kb
 bounds [0x0000020ac8ab0000, 0x0000020ac8d20000, 0x0000020ac9050000]
 total_blobs=12488 nmethods=11690 adapters=700
 compilation: enabled
              stopped_count=0, restarted_count=0
 full_count=0

Compilation events (20 events):
Event: 162.582 Thread 0x0000020b1c009540 13438       1       org.eclipse.core.internal.dtree.DataTreeNode::type (2 bytes)
Event: 162.582 Thread 0x0000020b1c009540 nmethod 13438 0x0000020ac9b23090 code [0x0000020ac9b23220, 0x0000020ac9b232e8]
Event: 162.583 Thread 0x0000020b1c009540 13439       3       org.eclipse.core.internal.dtree.DataTreeWriter::writeNode (182 bytes)
Event: 162.584 Thread 0x0000020b1c009540 nmethod 13439 0x0000020ac2ec5890 code [0x0000020ac2ec5b60, 0x0000020ac2ec6878]
Event: 162.584 Thread 0x0000020b1c009540 13440       3       org.eclipse.core.internal.watson.ElementTreeWriter$1::writeData (25 bytes)
Event: 162.584 Thread 0x0000020b1c009540 nmethod 13440 0x0000020ac2ec6c90 code [0x0000020ac2ec6e60, 0x0000020ac2ec70a8]
Event: 162.584 Thread 0x0000020b1c009540 13441       3       org.eclipse.core.internal.resources.SaveManager::writeElement (36 bytes)
Event: 162.585 Thread 0x0000020b1c009540 nmethod 13441 0x0000020ac2ec7210 code [0x0000020ac2ec74a0, 0x0000020ac2ec7fa8]
Event: 162.585 Thread 0x0000020b1c009540 13442       3       org.eclipse.core.internal.resources.ResourceInfo::writeTo (41 bytes)
Event: 162.585 Thread 0x0000020b2a57e370 13433       4       java.io.DataOutputStream::writeInt (28 bytes)
Event: 162.585 Thread 0x0000020b1c009540 nmethod 13442 0x0000020ac2ec8410 code [0x0000020ac2ec8600, 0x0000020ac2ec8b40]
Event: 162.590 Thread 0x0000020ad4e2e910 nmethod 13431 0x0000020ac9b23390 code [0x0000020ac9b235c0, 0x0000020ac9b23b88]
Event: 162.591 Thread 0x0000020ad4e2e910 13443       4       java.io.OutputStream::write (34 bytes)
Event: 162.606 Thread 0x0000020ad4e2e910 nmethod 13443 0x0000020ac9b24190 code [0x0000020ac9b243c0, 0x0000020ac9b24d60]
Event: 162.606 Thread 0x0000020ad4e2e910 13437   !   4       org.eclipse.core.internal.localstore.SafeFileOutputStream::write (20 bytes)
Event: 162.606 Thread 0x0000020b2a57d5d0 13434       4       jdk.internal.util.ByteArray::setInt (10 bytes)
Event: 162.608 Thread 0x0000020b2a57d5d0 nmethod 13434 0x0000020ac9b25590 code [0x0000020ac9b25720, 0x0000020ac9b25800]
Event: 162.608 Thread 0x0000020b2a57d5d0 13445       4       jdk.internal.util.ByteArray::setLong (10 bytes)
Event: 162.609 Thread 0x0000020b2a57d5d0 nmethod 13445 0x0000020ac9b25990 code [0x0000020ac9b25b20, 0x0000020ac9b25c00]
Event: 162.609 Thread 0x0000020b2a57d5d0 13449       4       org.eclipse.core.runtime.Path::equals (127 bytes)

GC Heap History (20 events):
Event: 20.751 GC heap before
{Heap before GC invocations=257 (full 12):
 PSYoungGen      total 74240K, used 72638K [0x00000000d5580000, 0x00000000da800000, 0x0000000100000000)
  eden space 66560K, 100% used [0x00000000d5580000,0x00000000d9680000,0x00000000d9680000)
  from space 7680K, 79% used [0x00000000d9680000,0x00000000d9c6fb00,0x00000000d9e00000)
  to   space 6656K, 0% used [0x00000000da180000,0x00000000da180000,0x00000000da800000)
 ParOldGen       total 266752K, used 221373K [0x0000000080000000, 0x0000000090480000, 0x00000000d5580000)
  object space 266752K, 82% used [0x0000000080000000,0x000000008d82f420,0x0000000090480000)
 Metaspace       used 58829K, committed 60224K, reserved 1114112K
  class space    used 6036K, committed 6592K, reserved 1048576K
}
Event: 20.755 GC heap after
{Heap after GC invocations=257 (full 12):
 PSYoungGen      total 76800K, used 6649K [0x00000000d5580000, 0x00000000daa80000, 0x0000000100000000)
  eden space 70144K, 0% used [0x00000000d5580000,0x00000000d5580000,0x00000000d9a00000)
  from space 6656K, 99% used [0x00000000da180000,0x00000000da7fe400,0x00000000da800000)
  to   space 7680K, 0% used [0x00000000d9a00000,0x00000000d9a00000,0x00000000da180000)
 ParOldGen       total 266752K, used 221749K [0x0000000080000000, 0x0000000090480000, 0x00000000d5580000)
  object space 266752K, 83% used [0x0000000080000000,0x000000008d88d420,0x0000000090480000)
 Metaspace       used 58829K, committed 60224K, reserved 1114112K
  class space    used 6036K, committed 6592K, reserved 1048576K
}
Event: 20.813 GC heap before
{Heap before GC invocations=258 (full 12):
 PSYoungGen      total 76800K, used 76793K [0x00000000d5580000, 0x00000000daa80000, 0x0000000100000000)
  eden space 70144K, 100% used [0x00000000d5580000,0x00000000d9a00000,0x00000000d9a00000)
  from space 6656K, 99% used [0x00000000da180000,0x00000000da7fe400,0x00000000da800000)
  to   space 7680K, 0% used [0x00000000d9a00000,0x00000000d9a00000,0x00000000da180000)
 ParOldGen       total 266752K, used 221749K [0x0000000080000000, 0x0000000090480000, 0x00000000d5580000)
  object space 266752K, 83% used [0x0000000080000000,0x000000008d88d420,0x0000000090480000)
 Metaspace       used 58832K, committed 60224K, reserved 1114112K
  class space    used 6036K, committed 6592K, reserved 1048576K
}
Event: 20.817 GC heap after
{Heap after GC invocations=258 (full 12):
 PSYoungGen      total 77824K, used 6297K [0x00000000d5580000, 0x00000000dac00000, 0x0000000100000000)
  eden space 70144K, 0% used [0x00000000d5580000,0x00000000d5580000,0x00000000d9a00000)
  from space 7680K, 81% used [0x00000000d9a00000,0x00000000da026400,0x00000000da180000)
  to   space 6656K, 0% used [0x00000000da580000,0x00000000da580000,0x00000000dac00000)
 ParOldGen       total 266752K, used 222109K [0x0000000080000000, 0x0000000090480000, 0x00000000d5580000)
  object space 266752K, 83% used [0x0000000080000000,0x000000008d8e7420,0x0000000090480000)
 Metaspace       used 58832K, committed 60224K, reserved 1114112K
  class space    used 6036K, committed 6592K, reserved 1048576K
}
Event: 20.916 GC heap before
{Heap before GC invocations=259 (full 12):
 PSYoungGen      total 77824K, used 76441K [0x00000000d5580000, 0x00000000dac00000, 0x0000000100000000)
  eden space 70144K, 100% used [0x00000000d5580000,0x00000000d9a00000,0x00000000d9a00000)
  from space 7680K, 81% used [0x00000000d9a00000,0x00000000da026400,0x00000000da180000)
  to   space 6656K, 0% used [0x00000000da580000,0x00000000da580000,0x00000000dac00000)
 ParOldGen       total 266752K, used 222109K [0x0000000080000000, 0x0000000090480000, 0x00000000d5580000)
  object space 266752K, 83% used [0x0000000080000000,0x000000008d8e7420,0x0000000090480000)
 Metaspace       used 59481K, committed 60864K, reserved 1114112K
  class space    used 6115K, committed 6656K, reserved 1048576K
}
Event: 20.921 GC heap after
{Heap after GC invocations=259 (full 12):
 PSYoungGen      total 80896K, used 6649K [0x00000000d5580000, 0x00000000dad80000, 0x0000000100000000)
  eden space 74240K, 0% used [0x00000000d5580000,0x00000000d5580000,0x00000000d9e00000)
  from space 6656K, 99% used [0x00000000da580000,0x00000000dabfe420,0x00000000dac00000)
  to   space 7680K, 0% used [0x00000000d9e00000,0x00000000d9e00000,0x00000000da580000)
 ParOldGen       total 266752K, used 222733K [0x0000000080000000, 0x0000000090480000, 0x00000000d5580000)
  object space 266752K, 83% used [0x0000000080000000,0x000000008d983598,0x0000000090480000)
 Metaspace       used 59481K, committed 60864K, reserved 1114112K
  class space    used 6115K, committed 6656K, reserved 1048576K
}
Event: 21.166 GC heap before
{Heap before GC invocations=260 (full 12):
 PSYoungGen      total 80896K, used 80889K [0x00000000d5580000, 0x00000000dad80000, 0x0000000100000000)
  eden space 74240K, 100% used [0x00000000d5580000,0x00000000d9e00000,0x00000000d9e00000)
  from space 6656K, 99% used [0x00000000da580000,0x00000000dabfe420,0x00000000dac00000)
  to   space 7680K, 0% used [0x00000000d9e00000,0x00000000d9e00000,0x00000000da580000)
 ParOldGen       total 266752K, used 222733K [0x0000000080000000, 0x0000000090480000, 0x00000000d5580000)
  object space 266752K, 83% used [0x0000000080000000,0x000000008d983598,0x0000000090480000)
 Metaspace       used 60533K, committed 61888K, reserved 1114112K
  class space    used 6208K, committed 6784K, reserved 1048576K
}
Event: 21.173 GC heap after
{Heap after GC invocations=260 (full 12):
 PSYoungGen      total 81920K, used 7668K [0x00000000d5580000, 0x00000000dba00000, 0x0000000100000000)
  eden space 74240K, 0% used [0x00000000d5580000,0x00000000d5580000,0x00000000d9e00000)
  from space 7680K, 99% used [0x00000000d9e00000,0x00000000da57d140,0x00000000da580000)
  to   space 12288K, 0% used [0x00000000dae00000,0x00000000dae00000,0x00000000dba00000)
 ParOldGen       total 266752K, used 226261K [0x0000000080000000, 0x0000000090480000, 0x00000000d5580000)
  object space 266752K, 84% used [0x0000000080000000,0x000000008dcf57c8,0x0000000090480000)
 Metaspace       used 60533K, committed 61888K, reserved 1114112K
  class space    used 6208K, committed 6784K, reserved 1048576K
}
Event: 21.444 GC heap before
{Heap before GC invocations=261 (full 12):
 PSYoungGen      total 81920K, used 81370K [0x00000000d5580000, 0x00000000dba00000, 0x0000000100000000)
  eden space 74240K, 99% used [0x00000000d5580000,0x00000000d9d79830,0x00000000d9e00000)
  from space 7680K, 99% used [0x00000000d9e00000,0x00000000da57d140,0x00000000da580000)
  to   space 12288K, 0% used [0x00000000dae00000,0x00000000dae00000,0x00000000dba00000)
 ParOldGen       total 266752K, used 226261K [0x0000000080000000, 0x0000000090480000, 0x00000000d5580000)
  object space 266752K, 84% used [0x0000000080000000,0x000000008dcf57c8,0x0000000090480000)
 Metaspace       used 63411K, committed 64832K, reserved 1114112K
  class space    used 6458K, committed 7040K, reserved 1048576K
}
Event: 21.452 GC heap after
{Heap after GC invocations=261 (full 12):
 PSYoungGen      total 89088K, used 12256K [0x00000000d5580000, 0x00000000dbc80000, 0x0000000100000000)
  eden space 76800K, 0% used [0x00000000d5580000,0x00000000d5580000,0x00000000da080000)
  from space 12288K, 99% used [0x00000000dae00000,0x00000000db9f81e8,0x00000000dba00000)
  to   space 13824K, 0% used [0x00000000da080000,0x00000000da080000,0x00000000dae00000)
 ParOldGen       total 266752K, used 227046K [0x0000000080000000, 0x0000000090480000, 0x00000000d5580000)
  object space 266752K, 85% used [0x0000000080000000,0x000000008ddb99a8,0x0000000090480000)
 Metaspace       used 63411K, committed 64832K, reserved 1114112K
  class space    used 6458K, committed 7040K, reserved 1048576K
}
Event: 21.604 GC heap before
{Heap before GC invocations=262 (full 12):
 PSYoungGen      total 89088K, used 88546K [0x00000000d5580000, 0x00000000dbc80000, 0x0000000100000000)
  eden space 76800K, 99% used [0x00000000d5580000,0x00000000da000770,0x00000000da080000)
  from space 12288K, 99% used [0x00000000dae00000,0x00000000db9f81e8,0x00000000dba00000)
  to   space 13824K, 0% used [0x00000000da080000,0x00000000da080000,0x00000000dae00000)
 ParOldGen       total 266752K, used 227046K [0x0000000080000000, 0x0000000090480000, 0x00000000d5580000)
  object space 266752K, 85% used [0x0000000080000000,0x000000008ddb99a8,0x0000000090480000)
 Metaspace       used 64218K, committed 65600K, reserved 1114112K
  class space    used 6534K, committed 7104K, reserved 1048576K
}
Event: 21.613 GC heap after
{Heap after GC invocations=262 (full 12):
 PSYoungGen      total 90624K, used 13807K [0x00000000d5580000, 0x00000000dc780000, 0x0000000100000000)
  eden space 76800K, 0% used [0x00000000d5580000,0x00000000d5580000,0x00000000da080000)
  from space 13824K, 99% used [0x00000000da080000,0x00000000dadfbd50,0x00000000dae00000)
  to   space 17920K, 0% used [0x00000000db600000,0x00000000db600000,0x00000000dc780000)
 ParOldGen       total 266752K, used 230131K [0x0000000080000000, 0x0000000090480000, 0x00000000d5580000)
  object space 266752K, 86% used [0x0000000080000000,0x000000008e0bcd70,0x0000000090480000)
 Metaspace       used 64218K, committed 65600K, reserved 1114112K
  class space    used 6534K, committed 7104K, reserved 1048576K
}
Event: 34.208 GC heap before
{Heap before GC invocations=263 (full 12):
 PSYoungGen      total 90624K, used 90607K [0x00000000d5580000, 0x00000000dc780000, 0x0000000100000000)
  eden space 76800K, 100% used [0x00000000d5580000,0x00000000da080000,0x00000000da080000)
  from space 13824K, 99% used [0x00000000da080000,0x00000000dadfbd50,0x00000000dae00000)
  to   space 17920K, 0% used [0x00000000db600000,0x00000000db600000,0x00000000dc780000)
 ParOldGen       total 266752K, used 230131K [0x0000000080000000, 0x0000000090480000, 0x00000000d5580000)
  object space 266752K, 86% used [0x0000000080000000,0x000000008e0bcd70,0x0000000090480000)
 Metaspace       used 66698K, committed 68096K, reserved 1114112K
  class space    used 6745K, committed 7296K, reserved 1048576K
}
Event: 34.218 GC heap after
{Heap after GC invocations=263 (full 12):
 PSYoungGen      total 90624K, used 15849K [0x00000000d5580000, 0x00000000dc580000, 0x0000000100000000)
  eden space 74752K, 0% used [0x00000000d5580000,0x00000000d5580000,0x00000000d9e80000)
  from space 15872K, 99% used [0x00000000db600000,0x00000000dc57a5b8,0x00000000dc580000)
  to   space 16384K, 0% used [0x00000000da580000,0x00000000da580000,0x00000000db580000)
 ParOldGen       total 266752K, used 230945K [0x0000000080000000, 0x0000000090480000, 0x00000000d5580000)
  object space 266752K, 86% used [0x0000000080000000,0x000000008e188540,0x0000000090480000)
 Metaspace       used 66698K, committed 68096K, reserved 1114112K
  class space    used 6745K, committed 7296K, reserved 1048576K
}
Event: 84.893 GC heap before
{Heap before GC invocations=264 (full 12):
 PSYoungGen      total 90624K, used 90601K [0x00000000d5580000, 0x00000000dc580000, 0x0000000100000000)
  eden space 74752K, 100% used [0x00000000d5580000,0x00000000d9e80000,0x00000000d9e80000)
  from space 15872K, 99% used [0x00000000db600000,0x00000000dc57a5b8,0x00000000dc580000)
  to   space 16384K, 0% used [0x00000000da580000,0x00000000da580000,0x00000000db580000)
 ParOldGen       total 266752K, used 230945K [0x0000000080000000, 0x0000000090480000, 0x00000000d5580000)
  object space 266752K, 86% used [0x0000000080000000,0x000000008e188540,0x0000000090480000)
 Metaspace       used 69175K, committed 70720K, reserved 1114112K
  class space    used 7045K, committed 7680K, reserved 1048576K
}
Event: 84.901 GC heap after
{Heap after GC invocations=264 (full 12):
 PSYoungGen      total 89088K, used 16354K [0x00000000d5580000, 0x00000000dbf80000, 0x0000000100000000)
  eden space 72704K, 0% used [0x00000000d5580000,0x00000000d5580000,0x00000000d9c80000)
  from space 16384K, 99% used [0x00000000da580000,0x00000000db578bb0,0x00000000db580000)
  to   space 10240K, 0% used [0x00000000db580000,0x00000000db580000,0x00000000dbf80000)
 ParOldGen       total 266752K, used 232018K [0x0000000080000000, 0x0000000090480000, 0x00000000d5580000)
  object space 266752K, 86% used [0x0000000080000000,0x000000008e294a70,0x0000000090480000)
 Metaspace       used 69175K, committed 70720K, reserved 1114112K
  class space    used 7045K, committed 7680K, reserved 1048576K
}
Event: 97.522 GC heap before
{Heap before GC invocations=265 (full 12):
 PSYoungGen      total 89088K, used 88171K [0x00000000d5580000, 0x00000000dbf80000, 0x0000000100000000)
  eden space 72704K, 98% used [0x00000000d5580000,0x00000000d9ba2148,0x00000000d9c80000)
  from space 16384K, 99% used [0x00000000da580000,0x00000000db578bb0,0x00000000db580000)
  to   space 10240K, 0% used [0x00000000db580000,0x00000000db580000,0x00000000dbf80000)
 ParOldGen       total 266752K, used 232018K [0x0000000080000000, 0x0000000090480000, 0x00000000d5580000)
  object space 266752K, 86% used [0x0000000080000000,0x000000008e294a70,0x0000000090480000)
 Metaspace       used 70867K, committed 72448K, reserved 1114112K
  class space    used 7260K, committed 7872K, reserved 1048576K
}
Event: 97.531 GC heap after
{Heap after GC invocations=265 (full 12):
 PSYoungGen      total 80896K, used 10226K [0x00000000d5580000, 0x00000000dcd80000, 0x0000000100000000)
  eden space 70656K, 0% used [0x00000000d5580000,0x00000000d5580000,0x00000000d9a80000)
  from space 10240K, 99% used [0x00000000db580000,0x00000000dbf7c8b0,0x00000000dbf80000)
  to   space 26112K, 0% used [0x00000000d9a80000,0x00000000d9a80000,0x00000000db400000)
 ParOldGen       total 266752K, used 246301K [0x0000000080000000, 0x0000000090480000, 0x00000000d5580000)
  object space 266752K, 92% used [0x0000000080000000,0x000000008f087560,0x0000000090480000)
 Metaspace       used 70867K, committed 72448K, reserved 1114112K
  class space    used 7260K, committed 7872K, reserved 1048576K
}
Event: 97.697 GC heap before
{Heap before GC invocations=266 (full 12):
 PSYoungGen      total 80896K, used 80882K [0x00000000d5580000, 0x00000000dcd80000, 0x0000000100000000)
  eden space 70656K, 100% used [0x00000000d5580000,0x00000000d9a80000,0x00000000d9a80000)
  from space 10240K, 99% used [0x00000000db580000,0x00000000dbf7c8b0,0x00000000dbf80000)
  to   space 26112K, 0% used [0x00000000d9a80000,0x00000000d9a80000,0x00000000db400000)
 ParOldGen       total 266752K, used 246301K [0x0000000080000000, 0x0000000090480000, 0x00000000d5580000)
  object space 266752K, 92% used [0x0000000080000000,0x000000008f087560,0x0000000090480000)
 Metaspace       used 71221K, committed 72768K, reserved 1114112K
  class space    used 7272K, committed 7936K, reserved 1048576K
}
Event: 97.707 GC heap after
{Heap after GC invocations=266 (full 12):
 PSYoungGen      total 80384K, used 11054K [0x00000000d5580000, 0x00000000db900000, 0x0000000100000000)
  eden space 69120K, 0% used [0x00000000d5580000,0x00000000d5580000,0x00000000d9900000)
  from space 11264K, 98% used [0x00000000d9a80000,0x00000000da54ba70,0x00000000da580000)
  to   space 16384K, 0% used [0x00000000da900000,0x00000000da900000,0x00000000db900000)
 ParOldGen       total 266752K, used 246333K [0x0000000080000000, 0x0000000090480000, 0x00000000d5580000)
  object space 266752K, 92% used [0x0000000080000000,0x000000008f08f560,0x0000000090480000)
 Metaspace       used 71221K, committed 72768K, reserved 1114112K
  class space    used 7272K, committed 7936K, reserved 1048576K
}

Dll operation events (11 events):
Event: 0.014 Loaded shared library C:\Program Files\Java\jdk-21.0.10\bin\java.dll
Event: 0.061 Loaded shared library C:\Program Files\Java\jdk-21.0.10\bin\jsvml.dll
Event: 0.141 Loaded shared library C:\Program Files\Java\jdk-21.0.10\bin\zip.dll
Event: 0.147 Loaded shared library C:\Program Files\Java\jdk-21.0.10\bin\instrument.dll
Event: 0.154 Loaded shared library C:\Program Files\Java\jdk-21.0.10\bin\net.dll
Event: 0.157 Loaded shared library C:\Program Files\Java\jdk-21.0.10\bin\nio.dll
Event: 0.162 Loaded shared library C:\Program Files\Java\jdk-21.0.10\bin\zip.dll
Event: 0.186 Loaded shared library C:\Program Files\Java\jdk-21.0.10\bin\jimage.dll
Event: 0.323 Loaded shared library C:\Program Files\Java\jdk-21.0.10\bin\verify.dll
Event: 1.860 Loaded shared library C:\Users\none\AppData\Roaming\Code\User\globalStorage\redhat.java\1.54.0\config_win\org.eclipse.equinox.launcher\org.eclipse.equinox.launcher.win32.win32.x86_64_1.3.0.v20260203-2149\eclipse_11919.dll
Event: 5.550 Loaded shared library C:\Users\none\AppData\Local\Temp\jna-3387192\jna8344072772404945651.dll

Deoptimization events (20 events):
Event: 162.578 Thread 0x0000020b1d153e80 Uncommon trap: trap_request=0xffffffde fr.pc=0x0000020ac990202c relative=0x000000000000050c
Event: 162.578 Thread 0x0000020b1d153e80 Uncommon trap: reason=class_check action=maybe_recompile pc=0x0000020ac990202c method=java.io.DataOutputStream.writeInt(I)V @ 19 c2
Event: 162.578 Thread 0x0000020b1d153e80 DEOPT PACKING pc=0x0000020ac990202c sp=0x00000066388fef50
Event: 162.578 Thread 0x0000020b1d153e80 DEOPT UNPACKING pc=0x0000020ac8b03aa2 sp=0x00000066388fef08 mode 2
Event: 162.579 Thread 0x0000020b1d153e80 Uncommon trap: trap_request=0xffffffde fr.pc=0x0000020ac99044fc relative=0x00000000000002dc
Event: 162.580 Thread 0x0000020b1d153e80 Uncommon trap: reason=class_check action=maybe_recompile pc=0x0000020ac99044fc method=java.io.DataOutputStream.writeByte(I)V @ 5 c2
Event: 162.580 Thread 0x0000020b1d153e80 DEOPT PACKING pc=0x0000020ac99044fc sp=0x00000066388fef00
Event: 162.580 Thread 0x0000020b1d153e80 DEOPT UNPACKING pc=0x0000020ac8b03aa2 sp=0x00000066388feeb8 mode 2
Event: 162.580 Thread 0x0000020b1d153e80 Uncommon trap: trap_request=0xffffffde fr.pc=0x0000020ac99044fc relative=0x00000000000002dc
Event: 162.580 Thread 0x0000020b1d153e80 Uncommon trap: reason=class_check action=maybe_recompile pc=0x0000020ac99044fc method=java.io.DataOutputStream.writeByte(I)V @ 5 c2
Event: 162.580 Thread 0x0000020b1d153e80 DEOPT PACKING pc=0x0000020ac99044fc sp=0x00000066388fef00
Event: 162.580 Thread 0x0000020b1d153e80 DEOPT UNPACKING pc=0x0000020ac8b03aa2 sp=0x00000066388feeb8 mode 2
Event: 162.580 Thread 0x0000020b1d153e80 Uncommon trap: trap_request=0xffffffde fr.pc=0x0000020ac99044fc relative=0x00000000000002dc
Event: 162.580 Thread 0x0000020b1d153e80 Uncommon trap: reason=class_check action=maybe_recompile pc=0x0000020ac99044fc method=java.io.DataOutputStream.writeByte(I)V @ 5 c2
Event: 162.580 Thread 0x0000020b1d153e80 DEOPT PACKING pc=0x0000020ac99044fc sp=0x00000066388fee70
Event: 162.580 Thread 0x0000020b1d153e80 DEOPT UNPACKING pc=0x0000020ac8b03aa2 sp=0x00000066388fee28 mode 2
Event: 162.580 Thread 0x0000020b1d153e80 Uncommon trap: trap_request=0xffffffde fr.pc=0x0000020ac99044fc relative=0x00000000000002dc
Event: 162.580 Thread 0x0000020b1d153e80 Uncommon trap: reason=class_check action=maybe_recompile pc=0x0000020ac99044fc method=java.io.DataOutputStream.writeByte(I)V @ 5 c2
Event: 162.580 Thread 0x0000020b1d153e80 DEOPT PACKING pc=0x0000020ac99044fc sp=0x00000066388fee70
Event: 162.580 Thread 0x0000020b1d153e80 DEOPT UNPACKING pc=0x0000020ac8b03aa2 sp=0x00000066388fee28 mode 2

Classes loaded (20 events):
Event: 162.506 Loading class java/util/stream/Nodes$CollectorTask done
Event: 162.506 Loading class java/util/stream/Nodes$CollectorTask$OfRef done
Event: 162.514 Loading class java/util/function/LongFunction
Event: 162.514 Loading class java/util/function/LongFunction done
Event: 162.515 Loading class java/util/stream/Nodes$ConcNode
Event: 162.515 Loading class java/util/stream/Nodes$AbstractConcNode
Event: 162.516 Loading class java/util/stream/Nodes$AbstractConcNode done
Event: 162.516 Loading class java/util/stream/Nodes$ConcNode done
Event: 162.517 Loading class java/util/zip/Deflater
Event: 162.518 Loading class java/util/zip/Deflater done
Event: 162.519 Loading class java/util/zip/Deflater$DeflaterZStreamRef
Event: 162.519 Loading class java/util/zip/Deflater$DeflaterZStreamRef done
Event: 162.544 Loading class java/util/concurrent/ConcurrentHashMap$EntrySpliterator
Event: 162.544 Loading class java/util/concurrent/ConcurrentHashMap$EntrySpliterator done
Event: 162.573 Loading class java/io/ObjectOutputStream$BlockDataOutputStream
Event: 162.574 Loading class java/io/ObjectOutputStream$BlockDataOutputStream done
Event: 162.574 Loading class java/io/ObjectOutputStream$HandleTable
Event: 162.574 Loading class java/io/ObjectOutputStream$HandleTable done
Event: 162.574 Loading class java/io/ObjectOutputStream$ReplaceTable
Event: 162.575 Loading class java/io/ObjectOutputStream$ReplaceTable done

Classes unloaded (11 events):
Event: 6.154 Thread 0x0000020ad4e13930 Unloading class 0x0000020ad61d4c00 'java/lang/invoke/LambdaForm$MH+0x0000020ad61d4c00'
Event: 6.154 Thread 0x0000020ad4e13930 Unloading class 0x0000020ad61d4800 'java/lang/invoke/LambdaForm$MH+0x0000020ad61d4800'
Event: 6.154 Thread 0x0000020ad4e13930 Unloading class 0x0000020ad61d4400 'java/lang/invoke/LambdaForm$MH+0x0000020ad61d4400'
Event: 6.154 Thread 0x0000020ad4e13930 Unloading class 0x0000020ad61d4000 'java/lang/invoke/LambdaForm$MH+0x0000020ad61d4000'
Event: 6.154 Thread 0x0000020ad4e13930 Unloading class 0x0000020ad61d3c00 'java/lang/invoke/LambdaForm$BMH+0x0000020ad61d3c00'
Event: 6.154 Thread 0x0000020ad4e13930 Unloading class 0x0000020ad61d3800 'java/lang/invoke/LambdaForm$DMH+0x0000020ad61d3800'
Event: 6.154 Thread 0x0000020ad4e13930 Unloading class 0x0000020ad61d2800 'java/lang/invoke/LambdaForm$DMH+0x0000020ad61d2800'
Event: 7.579 Thread 0x0000020ad4e13930 Unloading class 0x0000020ad630ac00 'java/lang/invoke/LambdaForm$MH+0x0000020ad630ac00'
Event: 7.579 Thread 0x0000020ad4e13930 Unloading class 0x0000020ad630a000 'java/lang/invoke/LambdaForm$MH+0x0000020ad630a000'
Event: 7.579 Thread 0x0000020ad4e13930 Unloading class 0x0000020ad6309800 'java/lang/invoke/LambdaForm$MH+0x0000020ad6309800'
Event: 7.579 Thread 0x0000020ad4e13930 Unloading class 0x0000020ad6309000 'java/lang/invoke/LambdaForm$MH+0x0000020ad6309000'

Classes redefined (0 events):
No events

Internal exceptions (20 events):
Event: 21.384 Thread 0x0000020b1f224ab0 Implicit null exception at 0x0000020ac93e7dda to 0x0000020ac93e7e33
Event: 21.626 Thread 0x0000020b2ad5c0e0 Exception <a 'java/lang/NoSuchMethodError'{0x00000000d6012680}: 'void java.lang.invoke.DirectMethodHandle$Holder.invokeStatic(java.lang.Object, int, java.lang.Object)'> (0x00000000d6012680) 
thrown [s\open\src\hotspot\share\interpreter\linkResolver.cpp, line 773]
Event: 25.306 Thread 0x0000020b1fafabf0 Exception <a 'java/lang/IncompatibleClassChangeError'{0x00000000d947a480}: Found class java.lang.Object, but interface was expected> (0x00000000d947a480) 
thrown [s\open\src\hotspot\share\interpreter\linkResolver.cpp, line 840]
Event: 34.147 Thread 0x0000020b1fafabf0 Exception <a 'java/lang/IncompatibleClassChangeError'{0x00000000d98bd570}: Found class java.lang.Object, but interface was expected> (0x00000000d98bd570) 
thrown [s\open\src\hotspot\share\interpreter\linkResolver.cpp, line 840]
Event: 34.242 Thread 0x0000020b1f224ab0 Exception <a 'java/lang/NoSuchMethodError'{0x00000000d5d774f8}: 'java.lang.Object java.lang.invoke.DirectMethodHandle$Holder.invokeStatic(java.lang.Object, int, java.lang.Object)'> (0x00000000d5d774f8) 
thrown [s\open\src\hotspot\share\interpreter\linkResolver.cpp, line 773]
Event: 34.299 Thread 0x0000020b1f224ab0 Exception <a 'java/lang/NoSuchMethodError'{0x00000000d61ff7d8}: 'int java.lang.invoke.DirectMethodHandle$Holder.invokeStaticInit(java.lang.Object, int)'> (0x00000000d61ff7d8) 
thrown [s\open\src\hotspot\share\interpreter\linkResolver.cpp, line 773]
Event: 74.426 Thread 0x0000020b1fafabf0 Exception <a 'java/lang/IncompatibleClassChangeError'{0x00000000d66143a0}: Found class java.lang.Object, but interface was expected> (0x00000000d66143a0) 
thrown [s\open\src\hotspot\share\interpreter\linkResolver.cpp, line 840]
Event: 74.503 Thread 0x0000020b1f21fbf0 Exception <a 'java/lang/NoSuchMethodError'{0x00000000d67c5ac8}: 'java.lang.Object java.lang.invoke.DirectMethodHandle$Holder.invokeSpecial(java.lang.Object, java.lang.Object, java.lang.Object, java.lang.Object, int, java.lang.Object, java.lang.Object)'> (0x00000000d67c5ac8) 
thrown [s\open\src\hotspot\share\interpreter\linkResolver.cpp, line 773]
Event: 76.545 Thread 0x0000020b1f21fbf0 Exception <a 'java/lang/ArrayIndexOutOfBoundsException'{0x00000000d8c7b088}: Index 1099 out of bounds for length 1098> (0x00000000d8c7b088) 
thrown [s\open\src\hotspot\share\interpreter\interpreterRuntime.cpp, line 439]
Event: 84.227 Thread 0x0000020b1fafabf0 Exception <a 'java/lang/IncompatibleClassChangeError'{0x00000000d94e85c8}: Found class java.lang.Object, but interface was expected> (0x00000000d94e85c8) 
thrown [s\open\src\hotspot\share\interpreter\linkResolver.cpp, line 840]
Event: 84.925 Thread 0x0000020b1f21fbf0 Exception <a 'java/lang/NoSuchMethodError'{0x00000000d57eea48}: 'void java.lang.invoke.DirectMethodHandle$Holder.invokeSpecial(java.lang.Object, java.lang.Object, int)'> (0x00000000d57eea48) 
thrown [s\open\src\hotspot\share\interpreter\linkResolver.cpp, line 773]
Event: 85.367 Thread 0x0000020b1f21fbf0 Implicit null exception at 0x0000020ac98b55ef to 0x0000020ac98b77b8
Event: 85.367 Thread 0x0000020b1f21fbf0 Implicit null exception at 0x0000020ac98abb53 to 0x0000020ac98ada44
Event: 97.401 Thread 0x0000020b1fafabf0 Exception <a 'java/lang/IncompatibleClassChangeError'{0x00000000d7725e88}: Found class java.lang.Object, but interface was expected> (0x00000000d7725e88) 
thrown [s\open\src\hotspot\share\interpreter\linkResolver.cpp, line 840]
Event: 97.401 Thread 0x0000020b1fafabf0 Exception <a 'java/lang/IncompatibleClassChangeError'{0x00000000d7729a70}: Found class java.lang.Object, but interface was expected> (0x00000000d7729a70) 
thrown [s\open\src\hotspot\share\interpreter\linkResolver.cpp, line 840]
Event: 97.426 Thread 0x0000020b1f224ab0 Exception <a 'java/lang/ArrayIndexOutOfBoundsException'{0x00000000d75b8b78}: Index 1055 out of bounds for length 1054> (0x00000000d75b8b78) 
thrown [s\open\src\hotspot\share\interpreter\interpreterRuntime.cpp, line 439]
Event: 97.452 Thread 0x0000020b1d1558c0 Exception <a 'sun/nio/fs/WindowsException'{0x00000000d8017258}> (0x00000000d8017258) 
thrown [s\open\src\hotspot\share\prims\jni.cpp, line 520]
Event: 162.449 Thread 0x0000020b1fafabf0 Exception <a 'java/lang/NoSuchMethodError'{0x00000000d8606030}: 'void java.lang.invoke.DirectMethodHandle$Holder.invokeInterface(java.lang.Object, java.lang.Object)'> (0x00000000d8606030) 
thrown [s\open\src\hotspot\share\interpreter\linkResolver.cpp, line 773]
Event: 162.539 Thread 0x0000020b1d153e80 Exception <a 'sun/nio/fs/WindowsException'{0x00000000d876e0c0}> (0x00000000d876e0c0) 
thrown [s\open\src\hotspot\share\prims\jni.cpp, line 520]
Event: 162.539 Thread 0x0000020b1d153e80 Exception <a 'sun/nio/fs/WindowsException'{0x00000000d876ec18}> (0x00000000d876ec18) 
thrown [s\open\src\hotspot\share\prims\jni.cpp, line 520]

ZGC Phase Switch (0 events):
No events

VM Operations (20 events):
Event: 97.648 Executing VM operation: ICBufferFull
Event: 97.649 Executing VM operation: ICBufferFull done
Event: 97.697 Executing VM operation: ParallelGCFailedAllocation (Allocation Failure)
Event: 97.707 Executing VM operation: ParallelGCFailedAllocation (Allocation Failure) done
Event: 98.662 Executing VM operation: ICBufferFull
Event: 98.662 Executing VM operation: ICBufferFull done
Event: 99.668 Executing VM operation: Cleanup
Event: 99.669 Executing VM operation: Cleanup done
Event: 103.693 Executing VM operation: Cleanup
Event: 103.693 Executing VM operation: Cleanup done
Event: 107.729 Executing VM operation: Cleanup
Event: 107.729 Executing VM operation: Cleanup done
Event: 120.409 Executing VM operation: HandshakeAllThreads (HandshakeForDeflation)
Event: 120.409 Executing VM operation: HandshakeAllThreads (HandshakeForDeflation) done
Event: 120.409 Executing VM operation: RendezvousGCThreads
Event: 120.409 Executing VM operation: RendezvousGCThreads done
Event: 162.512 Executing VM operation: HandshakeAllThreads (Deoptimize)
Event: 162.513 Executing VM operation: HandshakeAllThreads (Deoptimize) done
Event: 162.513 Executing VM operation: Cleanup
Event: 162.513 Executing VM operation: Cleanup done

Events (20 events):
Event: 97.441 Thread 0x0000020b2a57e370 Thread added: 0x0000020b2a57e370
Event: 97.453 Thread 0x0000020b2ad5c0e0 Thread added: 0x0000020b2ad5c0e0
Event: 97.560 Thread 0x0000020b2ad55150 Thread added: 0x0000020b2ad55150
Event: 97.565 Thread 0x0000020b2ad557e0 Thread added: 0x0000020b2ad557e0
Event: 97.594 Thread 0x0000020b2ad55e70 Thread added: 0x0000020b2ad55e70
Event: 98.585 Thread 0x0000020b2a57e370 Thread exited: 0x0000020b2a57e370
Event: 98.585 Thread 0x0000020b2a57d5d0 Thread exited: 0x0000020b2a57d5d0
Event: 98.593 Thread 0x0000020b2a57dca0 Thread added: 0x0000020b2a57dca0
Event: 98.598 Thread 0x0000020b2a57e370 Thread added: 0x0000020b2a57e370
Event: 102.884 Thread 0x0000020b2a57e370 Thread exited: 0x0000020b2a57e370
Event: 102.995 Thread 0x0000020b2a57dca0 Thread exited: 0x0000020b2a57dca0
Event: 157.478 Thread 0x0000020b1f223d90 Thread exited: 0x0000020b1f223d90
Event: 157.732 Thread 0x0000020b2ad557e0 Thread exited: 0x0000020b2ad557e0
Event: 162.453 Thread 0x0000020b2ad557e0 Thread added: 0x0000020b2ad557e0
Event: 162.476 Thread 0x0000020b2ad57220 Thread added: 0x0000020b2ad57220
Event: 162.535 Thread 0x0000020b2ad57220 Thread exited: 0x0000020b2ad57220
Event: 162.569 Thread 0x0000020b2ad56500 Thread added: 0x0000020b2ad56500
Event: 162.570 Thread 0x0000020b2ad56500 Thread exited: 0x0000020b2ad56500
Event: 162.585 Thread 0x0000020b2a57e370 Thread added: 0x0000020b2a57e370
Event: 162.606 Thread 0x0000020b2a57d5d0 Thread added: 0x0000020b2a57d5d0


Dynamic libraries:
0x00007ff6c5480000 - 0x00007ff6c5490000 	C:\Program Files\Java\jdk-21.0.10\bin\java.exe
0x00007ffb842b0000 - 0x00007ffb844a8000 	C:\Windows\SYSTEM32\ntdll.dll
0x00007ffb836b0000 - 0x00007ffb83772000 	C:\Windows\System32\KERNEL32.DLL
0x00007ffb81c60000 - 0x00007ffb81f56000 	C:\Windows\System32\KERNELBASE.dll
0x00007ffb82040000 - 0x00007ffb82140000 	C:\Windows\System32\ucrtbase.dll
0x00007ffb574f0000 - 0x00007ffb57509000 	C:\Program Files\Java\jdk-21.0.10\bin\jli.dll
0x00007ffb835f0000 - 0x00007ffb836a1000 	C:\Windows\System32\ADVAPI32.dll
0x00007ffb54c60000 - 0x00007ffb54c7e000 	C:\Program Files\Java\jdk-21.0.10\bin\VCRUNTIME140.dll
0x00007ffb83780000 - 0x00007ffb8381e000 	C:\Windows\System32\msvcrt.dll
0x00007ffb82f50000 - 0x00007ffb82fef000 	C:\Windows\System32\sechost.dll
0x00007ffb823b0000 - 0x00007ffb824d0000 	C:\Windows\System32\RPCRT4.dll
0x00007ffb82010000 - 0x00007ffb82037000 	C:\Windows\System32\bcrypt.dll
0x00007ffb839c0000 - 0x00007ffb83b61000 	C:\Windows\System32\USER32.dll
0x00007ffb82140000 - 0x00007ffb82162000 	C:\Windows\System32\win32u.dll
0x00007ffb84040000 - 0x00007ffb8406b000 	C:\Windows\System32\GDI32.dll
0x00007ffb81ac0000 - 0x00007ffb81bd9000 	C:\Windows\System32\gdi32full.dll
0x00007ffb81a20000 - 0x00007ffb81abd000 	C:\Windows\System32\msvcp_win.dll
0x00007ffb67120000 - 0x00007ffb673bb000 	C:\Windows\WinSxS\amd64_microsoft.windows.common-controls_6595b64144ccf1df_6.0.19041.6456_none_60b8a6cb71f64256\COMCTL32.dll
0x00007ffb780d0000 - 0x00007ffb780da000 	C:\Windows\SYSTEM32\VERSION.dll
0x00007ffb830a0000 - 0x00007ffb830cf000 	C:\Windows\System32\IMM32.DLL
0x00007ffb7ca90000 - 0x00007ffb7ca9c000 	C:\Program Files\Java\jdk-21.0.10\bin\vcruntime140_1.dll
0x00007ffb49390000 - 0x00007ffb4941d000 	C:\Program Files\Java\jdk-21.0.10\bin\msvcp140.dll
0x00007ffb44470000 - 0x00007ffb45197000 	C:\Program Files\Java\jdk-21.0.10\bin\server\jvm.dll
0x00007ffb84200000 - 0x00007ffb8426b000 	C:\Windows\System32\WS2_32.dll
0x00007ffb81680000 - 0x00007ffb816cb000 	C:\Windows\SYSTEM32\POWRPROF.dll
0x00007ffb76cb0000 - 0x00007ffb76cd7000 	C:\Windows\SYSTEM32\WINMM.dll
0x00007ffb81660000 - 0x00007ffb81672000 	C:\Windows\SYSTEM32\UMPDC.dll
0x00007ffb7f790000 - 0x00007ffb7f7a2000 	C:\Windows\SYSTEM32\kernel.appcore.dll
0x00007ffb7b070000 - 0x00007ffb7b07a000 	C:\Program Files\Java\jdk-21.0.10\bin\jimage.dll
0x00007ffb78da0000 - 0x00007ffb78fa1000 	C:\Windows\SYSTEM32\DBGHELP.DLL
0x00007ffb620b0000 - 0x00007ffb620e4000 	C:\Windows\SYSTEM32\dbgcore.DLL
0x00007ffb81990000 - 0x00007ffb81a12000 	C:\Windows\System32\bcryptPrimitives.dll
0x00007ffb7ae40000 - 0x00007ffb7ae50000 	C:\Program Files\Java\jdk-21.0.10\bin\instrument.dll
0x00007ffb52640000 - 0x00007ffb52661000 	C:\Program Files\Java\jdk-21.0.10\bin\java.dll
0x00007ffb82550000 - 0x00007ffb82cc0000 	C:\Windows\System32\SHELL32.dll
0x00007ffb7f9b0000 - 0x00007ffb80155000 	C:\Windows\SYSTEM32\windows.storage.dll
0x00007ffb830e0000 - 0x00007ffb83434000 	C:\Windows\System32\combase.dll
0x00007ffb81290000 - 0x00007ffb812bb000 	C:\Windows\SYSTEM32\Wldp.dll
0x00007ffb822d0000 - 0x00007ffb8239d000 	C:\Windows\System32\OLEAUT32.dll
0x00007ffb82ff0000 - 0x00007ffb8309d000 	C:\Windows\System32\SHCORE.dll
0x00007ffb83fe0000 - 0x00007ffb8403b000 	C:\Windows\System32\shlwapi.dll
0x00007ffb81870000 - 0x00007ffb81894000 	C:\Windows\SYSTEM32\profapi.dll
0x00007ffb47650000 - 0x00007ffb47727000 	C:\Program Files\Java\jdk-21.0.10\bin\jsvml.dll
0x00007ffb52e20000 - 0x00007ffb52e38000 	C:\Program Files\Java\jdk-21.0.10\bin\zip.dll
0x00007ffb52db0000 - 0x00007ffb52dc1000 	C:\Program Files\Java\jdk-21.0.10\bin\net.dll
0x00007ffb7e140000 - 0x00007ffb7e24a000 	C:\Windows\SYSTEM32\WINHTTP.dll
0x00007ffb80ff0000 - 0x00007ffb8105a000 	C:\Windows\system32\mswsock.dll
0x00007ffb52c70000 - 0x00007ffb52c86000 	C:\Program Files\Java\jdk-21.0.10\bin\nio.dll
0x00007ffb77a10000 - 0x00007ffb77a20000 	C:\Program Files\Java\jdk-21.0.10\bin\verify.dll
0x00007ffb575a0000 - 0x00007ffb575e5000 	C:\Users\none\AppData\Roaming\Code\User\globalStorage\redhat.java\1.54.0\config_win\org.eclipse.equinox.launcher\org.eclipse.equinox.launcher.win32.win32.x86_64_1.3.0.v20260203-2149\eclipse_11919.dll
0x00007ffb840d0000 - 0x00007ffb841fb000 	C:\Windows\System32\ole32.dll
0x00007ffb811f0000 - 0x00007ffb81208000 	C:\Windows\SYSTEM32\CRYPTSP.dll
0x00007ffb80910000 - 0x00007ffb80948000 	C:\Windows\system32\rsaenh.dll
0x00007ffb817f0000 - 0x00007ffb8181e000 	C:\Windows\SYSTEM32\USERENV.dll
0x00007ffb811e0000 - 0x00007ffb811ec000 	C:\Windows\SYSTEM32\CRYPTBASE.dll
0x00007ffb80cd0000 - 0x00007ffb80d0b000 	C:\Windows\SYSTEM32\IPHLPAPI.DLL
0x00007ffb823a0000 - 0x00007ffb823a8000 	C:\Windows\System32\NSI.dll
0x00007ffb4a290000 - 0x00007ffb4a2d9000 	C:\Users\none\AppData\Local\Temp\jna-3387192\jna8344072772404945651.dll
0x00007ffb838a0000 - 0x00007ffb838a8000 	C:\Windows\System32\PSAPI.DLL
0x00007ffb7d330000 - 0x00007ffb7d347000 	C:\Windows\SYSTEM32\dhcpcsvc6.DLL
0x00007ffb7d310000 - 0x00007ffb7d32d000 	C:\Windows\SYSTEM32\dhcpcsvc.DLL

dbghelp: loaded successfully - version: 4.0.5 - missing functions: none
symbol engine: initialized successfully - sym options: 0x614 - pdb path: .;C:\Program Files\Java\jdk-21.0.10\bin;C:\Windows\SYSTEM32;C:\Windows\WinSxS\amd64_microsoft.windows.common-controls_6595b64144ccf1df_6.0.19041.6456_none_60b8a6cb71f64256;C:\Program Files\Java\jdk-21.0.10\bin\server;C:\Users\none\AppData\Roaming\Code\User\globalStorage\redhat.java\1.54.0\config_win\org.eclipse.equinox.launcher\org.eclipse.equinox.launcher.win32.win32.x86_64_1.3.0.v20260203-2149;C:\Users\none\AppData\Local\Temp\jna-3387192

VM Arguments:
jvm_args: --add-modules=ALL-SYSTEM --add-opens=java.base/java.util=ALL-UNNAMED --add-opens=java.base/java.lang=ALL-UNNAMED --add-opens=java.base/sun.nio.fs=ALL-UNNAMED -Declipse.application=org.eclipse.jdt.ls.core.id1 -Dosgi.bundles.defaultStartLevel=4 -Declipse.product=org.eclipse.jdt.ls.core.product -Djava.import.generatesMetadataFilesAtProjectRoot=false -DDetectVMInstallationsJob.disabled=true -Dfile.encoding=utf8 -XX:+UseParallelGC -XX:GCTimeRatio=4 -XX:AdaptiveSizePolicyWeight=90 -Dsun.zip.disableMemoryMapping=true -Xmx2G -Xms100m -Xlog:disable -javaagent:c:\Users\none\.vscode\extensions\redhat.java-1.54.0-win32-x64\lombok\lombok-1.18.39-4050.jar -XX:+HeapDumpOnOutOfMemoryError -XX:HeapDumpPath=c:\Users\none\AppData\Roaming\Code\User\workspaceStorage\ec290f4122ee9dff3e45155ad800a734\redhat.java -Daether.dependencyCollector.impl=bf 
java_command: c:\Users\none\.vscode\extensions\redhat.java-1.54.0-win32-x64\server\plugins\org.eclipse.equinox.launcher_1.7.100.v20251111-0406.jar -configuration c:\Users\none\AppData\Roaming\Code\User\globalStorage\redhat.java\1.54.0\config_win -data c:\Users\none\AppData\Roaming\Code\User\workspaceStorage\ec290f4122ee9dff3e45155ad800a734\redhat.java\jdt_ws --pipe=\\.\pipe\lsp-a87076123e1935836679fa756e764b6d-sock
java_class_path (initial): c:\Users\none\.vscode\extensions\redhat.java-1.54.0-win32-x64\server\plugins\org.eclipse.equinox.launcher_1.7.100.v20251111-0406.jar
Launcher Type: SUN_STANDARD

[Global flags]
    uintx AdaptiveSizePolicyWeight                 = 90                                        {product} {command line}
     intx CICompilerCount                          = 4                                         {product} {ergonomic}
    uintx GCTimeRatio                              = 4                                         {product} {command line}
     bool HeapDumpOnOutOfMemoryError               = true                                   {manageable} {command line}
    ccstr HeapDumpPath                             = c:\Users\none\AppData\Roaming\Code\User\workspaceStorage\ec290f4122ee9dff3e45155ad800a734\redhat.java         {manageable} {command line}
   size_t InitialHeapSize                          = 104857600                                 {product} {command line}
   size_t MaxHeapSize                              = 2147483648                                {product} {command line}
   size_t MaxNewSize                               = 715653120                                 {product} {ergonomic}
   size_t MinHeapDeltaBytes                        = 524288                                    {product} {ergonomic}
   size_t MinHeapSize                              = 104857600                                 {product} {command line}
   size_t NewSize                                  = 34603008                                  {product} {ergonomic}
    uintx NonNMethodCodeHeapSize                   = 5839372                                {pd product} {ergonomic}
    uintx NonProfiledCodeHeapSize                  = 122909434                              {pd product} {ergonomic}
   size_t OldSize                                  = 70254592                                  {product} {ergonomic}
    uintx ProfiledCodeHeapSize                     = 122909434                              {pd product} {ergonomic}
    uintx ReservedCodeCacheSize                    = 251658240                              {pd product} {ergonomic}
     bool SegmentedCodeCache                       = true                                      {product} {ergonomic}
   size_t SoftMaxHeapSize                          = 2147483648                             {manageable} {ergonomic}
     bool UseCompressedOops                        = true                           {product lp64_product} {ergonomic}
     bool UseLargePagesIndividualAllocation        = false                                  {pd product} {ergonomic}
     bool UseParallelGC                            = true                                      {product} {command line}

Logging:
Log output configuration:
 #0: stdout all=off uptime,level,tags foldmultilines=false
 #1: stderr all=off uptime,level,tags foldmultilines=false

Environment Variables:
JAVA_HOME=C:\Program Files\Java\jdk-21.0.10
PATH=C:\Program Files\Common Files\Oracle\Java\javapath;C:\Program Files (x86)\Common Files\Oracle\Java\java8path;C:\Program Files (x86)\Common Files\Oracle\Java\javapath;C:\Windows\system32;C:\Windows;C:\Windows\System32\Wbem;C:\Windows\System32\WindowsPowerShell\v1.0\;C:\Windows\System32\OpenSSH\;C:\Program Files\dotnet\;C:\Program Files (x86)\ZeroTier\One\;C:\Program Files\Cloudflare\Cloudflare WARP\;C:\Program Files\Git\cmd;C:\Users\none\AppData\Local\Microsoft\WindowsApps;C:\Users\none\.dotnet\tools;C:\Users\none\AppData\Local\Programs\Microsoft VS Code\bin;C:\Users\none\AppData\Local\GitHubDesktop\bin
USERNAME=none
OS=Windows_NT
PROCESSOR_IDENTIFIER=AMD64 Family 25 Model 80 Stepping 0, AuthenticAMD
TMP=C:\Users\none\AppData\Local\Temp
TEMP=C:\Users\none\AppData\Local\Temp




Periodic native trim disabled

---------------  S Y S T E M  ---------------

OS:
 Windows 10 , 64 bit Build 19041 (10.0.19041.5915)
OS uptime: 0 days 2:36 hours

CPU: total 12 (initial active 12) (12 cores per cpu, 2 threads per core) family 25 model 80 stepping 0 microcode 0x0, cx8, cmov, fxsr, ht, mmx, 3dnowpref, sse, sse2, sse3, ssse3, sse4a, sse4.1, sse4.2, popcnt, lzcnt, tsc, tscinvbit, avx, avx2, aes, erms, clmul, bmi1, bmi2, adx, sha, fma, vzeroupper, clflush, clflushopt, rdtscp, rdpid, fsrm, f16c, pku, cet_ss
Processor Information for all 12 processors :
  Max Mhz: 2301, Current Mhz: 2301, Mhz Limit: 2301

Memory: 4k page, system-wide physical 15751M (1087M free)
TotalPageFile size 27922M (AvailPageFile size 0M)
current process WorkingSet (physical memory assigned to process): 692M, peak: 750M
current process commit charge ("private bytes"): 650M, peak: 702M

vm_info: Java HotSpot(TM) 64-Bit Server VM (21.0.10+8-LTS-217) for windows-amd64 JRE (21.0.10+8-LTS-217), built on 2025-12-18T14:59:28Z by "mach5run" with MS VC++ 17.13 (VS2022)

END.
